[2025-06-14T16:33:11.108+0000] {local_task_job_runner.py:120} INFO - ::group::Pre task execution logs
[2025-06-14T16:33:11.136+0000] {taskinstance.py:2076} INFO - Dependencies all met for dep_context=non-requeueable deps ti=<TaskInstance: usdpkr_forecasting_modular.merge_data manual__2025-06-14T16:32:59.249882+00:00 [queued]>
[2025-06-14T16:33:11.144+0000] {taskinstance.py:2076} INFO - Dependencies all met for dep_context=requeueable deps ti=<TaskInstance: usdpkr_forecasting_modular.merge_data manual__2025-06-14T16:32:59.249882+00:00 [queued]>
[2025-06-14T16:33:11.145+0000] {taskinstance.py:2306} INFO - Starting attempt 1 of 3
[2025-06-14T16:33:11.159+0000] {taskinstance.py:2330} INFO - Executing <Task(PythonOperator): merge_data> on 2025-06-14 16:32:59.249882+00:00
[2025-06-14T16:33:11.165+0000] {standard_task_runner.py:63} INFO - Started process 705 to run task
[2025-06-14T16:33:11.167+0000] {standard_task_runner.py:90} INFO - Running: ['***', 'tasks', 'run', 'usdpkr_forecasting_modular', 'merge_data', 'manual__2025-06-14T16:32:59.249882+00:00', '--job-id', '283', '--raw', '--subdir', 'DAGS_FOLDER/usdpkr_forecasting_dag.py', '--cfg-path', '/tmp/tmp1wg4mbnc']
[2025-06-14T16:33:11.170+0000] {standard_task_runner.py:91} INFO - Job 283: Subtask merge_data
[2025-06-14T16:33:11.211+0000] {task_command.py:426} INFO - Running <TaskInstance: usdpkr_forecasting_modular.merge_data manual__2025-06-14T16:32:59.249882+00:00 [running]> on host 1ada37a5d2dc
[2025-06-14T16:33:11.286+0000] {taskinstance.py:2648} INFO - Exporting env vars: AIRFLOW_CTX_DAG_OWNER='***' AIRFLOW_CTX_DAG_ID='usdpkr_forecasting_modular' AIRFLOW_CTX_TASK_ID='merge_data' AIRFLOW_CTX_EXECUTION_DATE='2025-06-14T16:32:59.249882+00:00' AIRFLOW_CTX_TRY_NUMBER='1' AIRFLOW_CTX_DAG_RUN_ID='manual__2025-06-14T16:32:59.249882+00:00'
[2025-06-14T16:33:11.287+0000] {taskinstance.py:430} INFO - ::endgroup::
[2025-06-14T16:33:11.376+0000] {python.py:237} INFO - Done. Returned value was:         DATE        OIL  FOREX_RESERVES  ...        KSE100      USDPKR        M2
0    2005-06  56.500000           14.64  ...   7450.120117   59.700001  15339.85
1    2005-07  60.570000           22.29  ...   7178.930176   59.660000  15051.84
2    2005-08  68.940002           10.04  ...   7796.859863   59.639999  15441.65
3    2005-09  66.239998           23.44  ...   8225.660156   59.700001  15579.83
4    2005-10  59.759998           21.32  ...   8247.370117   59.715000  16059.91
..       ...        ...             ...  ...           ...         ...       ...
191  2021-05  66.320000           10.46  ...  47126.289062  154.330002  73288.91
192  2021-06  73.470001           18.78  ...  47356.019531  158.100006  73693.66
193  2021-07  73.949997           21.42  ...  47055.289062  160.928391  77005.62
194  2021-08  68.500000           14.33  ...  47419.738281  165.310272  76650.74
195  2021-09  75.029999           13.39  ...  44899.601562  169.500000  74496.53

[196 rows x 9 columns]
[2025-06-14T16:33:11.392+0000] {taskinstance.py:441} INFO - ::group::Post task execution logs
[2025-06-14T16:33:11.431+0000] {taskinstance.py:1206} INFO - Marking task as SUCCESS. dag_id=usdpkr_forecasting_modular, task_id=merge_data, run_id=manual__2025-06-14T16:32:59.249882+00:00, execution_date=20250614T163259, start_date=20250614T163311, end_date=20250614T163311
[2025-06-14T16:33:11.461+0000] {local_task_job_runner.py:240} INFO - Task exited with return code 0
[2025-06-14T16:33:11.486+0000] {taskinstance.py:3498} INFO - 1 downstream tasks scheduled from follow-on schedule check
[2025-06-14T16:33:11.489+0000] {local_task_job_runner.py:222} INFO - ::endgroup::
