[2025-06-18T15:16:57.058+0000] {local_task_job_runner.py:120} INFO - ::group::Pre task execution logs
[2025-06-18T15:16:57.191+0000] {taskinstance.py:2076} INFO - Dependencies all met for dep_context=non-requeueable deps ti=<TaskInstance: kse100_forecasting.fetch_gold scheduled__2025-05-01T00:00:00+00:00 [queued]>
[2025-06-18T15:16:57.221+0000] {taskinstance.py:2076} INFO - Dependencies all met for dep_context=requeueable deps ti=<TaskInstance: kse100_forecasting.fetch_gold scheduled__2025-05-01T00:00:00+00:00 [queued]>
[2025-06-18T15:16:57.228+0000] {taskinstance.py:2306} INFO - Starting attempt 1 of 6
[2025-06-18T15:16:57.294+0000] {taskinstance.py:2330} INFO - Executing <Task(PythonOperator): fetch_gold> on 2025-05-01 00:00:00+00:00
[2025-06-18T15:16:57.320+0000] {standard_task_runner.py:63} INFO - Started process 558 to run task
[2025-06-18T15:16:57.355+0000] {standard_task_runner.py:90} INFO - Running: ['***', 'tasks', 'run', 'kse100_forecasting', 'fetch_gold', 'scheduled__2025-05-01T00:00:00+00:00', '--job-id', '882', '--raw', '--subdir', 'DAGS_FOLDER/inflation_forecasting_dag.py', '--cfg-path', '/tmp/tmp5rmx4boq']
[2025-06-18T15:16:57.375+0000] {standard_task_runner.py:91} INFO - Job 882: Subtask fetch_gold
[2025-06-18T15:16:57.863+0000] {task_command.py:426} INFO - Running <TaskInstance: kse100_forecasting.fetch_gold scheduled__2025-05-01T00:00:00+00:00 [running]> on host f55656462970
[2025-06-18T15:16:58.281+0000] {taskinstance.py:2648} INFO - Exporting env vars: AIRFLOW_CTX_DAG_OWNER='***' AIRFLOW_CTX_DAG_ID='kse100_forecasting' AIRFLOW_CTX_TASK_ID='fetch_gold' AIRFLOW_CTX_EXECUTION_DATE='2025-05-01T00:00:00+00:00' AIRFLOW_CTX_TRY_NUMBER='1' AIRFLOW_CTX_DAG_RUN_ID='scheduled__2025-05-01T00:00:00+00:00'
[2025-06-18T15:16:58.289+0000] {taskinstance.py:430} INFO - ::endgroup::
[2025-06-18T15:16:58.326+0000] {ingest.py:65} INFO - Fetching GC=F from Yahoo Finance...
[2025-06-18T15:17:02.682+0000] {ingest.py:106} INFO - Saved GC=F data to /opt/***/data/raw/GOLD.csv
[2025-06-18T15:17:02.683+0000] {ingest.py:107} INFO - Date range: 2000-08-31 to 2025-06-30
[2025-06-18T15:17:02.685+0000] {python.py:237} INFO - Done. Returned value was: /opt/***/data/raw/GOLD.csv
[2025-06-18T15:17:02.688+0000] {taskinstance.py:441} INFO - ::group::Post task execution logs
[2025-06-18T15:17:02.725+0000] {taskinstance.py:1206} INFO - Marking task as SUCCESS. dag_id=kse100_forecasting, task_id=fetch_gold, run_id=scheduled__2025-05-01T00:00:00+00:00, execution_date=20250501T000000, start_date=20250618T151657, end_date=20250618T151702
[2025-06-18T15:17:02.800+0000] {local_task_job_runner.py:240} INFO - Task exited with return code 0
[2025-06-18T15:17:02.828+0000] {taskinstance.py:3498} INFO - 0 downstream tasks scheduled from follow-on schedule check
[2025-06-18T15:17:02.831+0000] {local_task_job_runner.py:222} INFO - ::endgroup::
