[2025-06-18T12:46:04.647+0000] {local_task_job_runner.py:120} INFO - ::group::Pre task execution logs
[2025-06-18T12:46:04.676+0000] {taskinstance.py:2076} INFO - Dependencies all met for dep_context=non-requeueable deps ti=<TaskInstance: usdpkr_forecasting_modular.evaluate_stacked manual__2025-06-18T12:45:36.635411+00:00 [queued]>
[2025-06-18T12:46:04.685+0000] {taskinstance.py:2076} INFO - Dependencies all met for dep_context=requeueable deps ti=<TaskInstance: usdpkr_forecasting_modular.evaluate_stacked manual__2025-06-18T12:45:36.635411+00:00 [queued]>
[2025-06-18T12:46:04.685+0000] {taskinstance.py:2306} INFO - Starting attempt 1 of 3
[2025-06-18T12:46:04.698+0000] {taskinstance.py:2330} INFO - Executing <Task(PythonOperator): evaluate_stacked> on 2025-06-18 12:45:36.635411+00:00
[2025-06-18T12:46:04.705+0000] {standard_task_runner.py:63} INFO - Started process 6089 to run task
[2025-06-18T12:46:04.708+0000] {standard_task_runner.py:90} INFO - Running: ['***', 'tasks', 'run', 'usdpkr_forecasting_modular', 'evaluate_stacked', 'manual__2025-06-18T12:45:36.635411+00:00', '--job-id', '688', '--raw', '--subdir', 'DAGS_FOLDER/usdpkr_forecasting_dag.py', '--cfg-path', '/tmp/tmp4cbwnoc2']
[2025-06-18T12:46:04.710+0000] {standard_task_runner.py:91} INFO - Job 688: Subtask evaluate_stacked
[2025-06-18T12:46:04.756+0000] {task_command.py:426} INFO - Running <TaskInstance: usdpkr_forecasting_modular.evaluate_stacked manual__2025-06-18T12:45:36.635411+00:00 [running]> on host 9c4806d77c92
[2025-06-18T12:46:04.863+0000] {taskinstance.py:2648} INFO - Exporting env vars: AIRFLOW_CTX_DAG_OWNER='***' AIRFLOW_CTX_DAG_ID='usdpkr_forecasting_modular' AIRFLOW_CTX_TASK_ID='evaluate_stacked' AIRFLOW_CTX_EXECUTION_DATE='2025-06-18T12:45:36.635411+00:00' AIRFLOW_CTX_TRY_NUMBER='1' AIRFLOW_CTX_DAG_RUN_ID='manual__2025-06-18T12:45:36.635411+00:00'
[2025-06-18T12:46:04.864+0000] {taskinstance.py:430} INFO - ::endgroup::
[2025-06-18T12:46:04.877+0000] {logging_mixin.py:188} INFO - Error in evaluate_stacked: selected_features_path must be a .pkl file, got: /opt/***/data/models/selected_features.csv
[2025-06-18T12:46:04.878+0000] {taskinstance.py:441} INFO - ::group::Post task execution logs
[2025-06-18T12:46:04.878+0000] {taskinstance.py:2905} ERROR - Task failed with exception
Traceback (most recent call last):
  File "/home/airflow/.local/lib/python3.12/site-packages/airflow/models/taskinstance.py", line 465, in _execute_task
    result = _execute_callable(context=context, **execute_callable_kwargs)
             ^^^^^^^^^^^^^^^^^^^^^^^^^^^^^^^^^^^^^^^^^^^^^^^^^^^^^^^^^^^^^
  File "/home/airflow/.local/lib/python3.12/site-packages/airflow/models/taskinstance.py", line 432, in _execute_callable
    return execute_callable(context=context, **execute_callable_kwargs)
           ^^^^^^^^^^^^^^^^^^^^^^^^^^^^^^^^^^^^^^^^^^^^^^^^^^^^^^^^^^^^
  File "/home/airflow/.local/lib/python3.12/site-packages/airflow/models/baseoperator.py", line 400, in wrapper
    return func(self, *args, **kwargs)
           ^^^^^^^^^^^^^^^^^^^^^^^^^^^
  File "/home/airflow/.local/lib/python3.12/site-packages/airflow/operators/python.py", line 235, in execute
    return_value = self.execute_callable()
                   ^^^^^^^^^^^^^^^^^^^^^^^
  File "/home/airflow/.local/lib/python3.12/site-packages/airflow/operators/python.py", line 252, in execute_callable
    return self.python_callable(*self.op_args, **self.op_kwargs)
           ^^^^^^^^^^^^^^^^^^^^^^^^^^^^^^^^^^^^^^^^^^^^^^^^^^^^^
  File "/opt/airflow/dags/inflation_modules/model_steps.py", line 1006, in evaluate_stacked
    raise ValueError(f"selected_features_path must be a .pkl file, got: {selected_features_path}")
ValueError: selected_features_path must be a .pkl file, got: /opt/***/data/models/selected_features.csv
[2025-06-18T12:46:04.892+0000] {taskinstance.py:1206} INFO - Marking task as UP_FOR_RETRY. dag_id=usdpkr_forecasting_modular, task_id=evaluate_stacked, run_id=manual__2025-06-18T12:45:36.635411+00:00, execution_date=20250618T124536, start_date=20250618T124604, end_date=20250618T124604
[2025-06-18T12:46:04.904+0000] {standard_task_runner.py:110} ERROR - Failed to execute job 688 for task evaluate_stacked (selected_features_path must be a .pkl file, got: /opt/***/data/models/selected_features.csv; 6089)
[2025-06-18T12:46:04.921+0000] {local_task_job_runner.py:240} INFO - Task exited with return code 1
[2025-06-18T12:46:04.942+0000] {taskinstance.py:3498} INFO - 0 downstream tasks scheduled from follow-on schedule check
[2025-06-18T12:46:04.945+0000] {local_task_job_runner.py:222} INFO - ::endgroup::
