[2025-05-13T19:49:45.499+0000] {local_task_job_runner.py:120} INFO - ::group::Pre task execution logs
[2025-05-13T19:49:45.549+0000] {taskinstance.py:2076} INFO - Dependencies all met for dep_context=non-requeueable deps ti=<TaskInstance: inflation_forecasting.fetch_ppiaco manual__2025-05-13T19:49:40.116966+00:00 [queued]>
[2025-05-13T19:49:45.566+0000] {taskinstance.py:2076} INFO - Dependencies all met for dep_context=requeueable deps ti=<TaskInstance: inflation_forecasting.fetch_ppiaco manual__2025-05-13T19:49:40.116966+00:00 [queued]>
[2025-05-13T19:49:45.570+0000] {taskinstance.py:2306} INFO - Starting attempt 1 of 1
[2025-05-13T19:49:45.614+0000] {taskinstance.py:2330} INFO - Executing <Task(PythonOperator): fetch_ppiaco> on 2025-05-13 19:49:40.116966+00:00
[2025-05-13T19:49:45.636+0000] {logging_mixin.py:188} WARNING - /home/***/.local/lib/python3.12/site-packages/***/task/task_runner/standard_task_runner.py:61 DeprecationWarning: This process (pid=992) is multi-threaded, use of fork() may lead to deadlocks in the child.
[2025-05-13T19:49:45.638+0000] {standard_task_runner.py:63} INFO - Started process 1036 to run task
[2025-05-13T19:49:45.642+0000] {standard_task_runner.py:90} INFO - Running: ['***', 'tasks', 'run', 'inflation_forecasting', 'fetch_ppiaco', 'manual__2025-05-13T19:49:40.116966+00:00', '--job-id', '135', '--raw', '--subdir', 'DAGS_FOLDER/inflation_forecasting_dag.py', '--cfg-path', '/tmp/tmp4hkb1tud']
[2025-05-13T19:49:45.660+0000] {standard_task_runner.py:91} INFO - Job 135: Subtask fetch_ppiaco
[2025-05-13T19:49:45.696+0000] {logging_mixin.py:188} WARNING - /home/***/.local/lib/python3.12/site-packages/***/settings.py:195 DeprecationWarning: The sql_alchemy_conn option in [core] has been moved to the sql_alchemy_conn option in [database] - the old setting has been used, but please update your config.
[2025-05-13T19:49:45.803+0000] {task_command.py:426} INFO - Running <TaskInstance: inflation_forecasting.fetch_ppiaco manual__2025-05-13T19:49:40.116966+00:00 [running]> on host bab02daaed98
[2025-05-13T19:49:46.201+0000] {taskinstance.py:2648} INFO - Exporting env vars: AIRFLOW_CTX_DAG_OWNER='***' AIRFLOW_CTX_DAG_ID='inflation_forecasting' AIRFLOW_CTX_TASK_ID='fetch_ppiaco' AIRFLOW_CTX_EXECUTION_DATE='2025-05-13T19:49:40.116966+00:00' AIRFLOW_CTX_TRY_NUMBER='1' AIRFLOW_CTX_DAG_RUN_ID='manual__2025-05-13T19:49:40.116966+00:00'
[2025-05-13T19:49:46.203+0000] {taskinstance.py:430} INFO - ::endgroup::
[2025-05-13T19:49:47.943+0000] {logging_mixin.py:188} INFO - PPIACO is already monthly with 1347 rows
[2025-05-13T19:49:47.943+0000] {logging_mixin.py:188} INFO - Date range for PPIACO: 1913-01-01 00:00:00 to 2025-03-01 00:00:00
[2025-05-13T19:49:47.976+0000] {python.py:237} INFO - Done. Returned value was: None
[2025-05-13T19:49:47.977+0000] {taskinstance.py:441} INFO - ::group::Post task execution logs
[2025-05-13T19:49:47.994+0000] {taskinstance.py:1206} INFO - Marking task as SUCCESS. dag_id=inflation_forecasting, task_id=fetch_ppiaco, run_id=manual__2025-05-13T19:49:40.116966+00:00, execution_date=20250513T194940, start_date=20250513T194945, end_date=20250513T194947
[2025-05-13T19:49:48.099+0000] {local_task_job_runner.py:240} INFO - Task exited with return code 0
[2025-05-13T19:49:48.290+0000] {taskinstance.py:3498} INFO - 0 downstream tasks scheduled from follow-on schedule check
[2025-05-13T19:49:48.293+0000] {local_task_job_runner.py:222} INFO - ::endgroup::
