[2025-05-13T19:23:19.029+0000] {local_task_job_runner.py:120} INFO - ::group::Pre task execution logs
[2025-05-13T19:23:19.067+0000] {taskinstance.py:2076} INFO - Dependencies all met for dep_context=non-requeueable deps ti=<TaskInstance: inflation_forecasting.transform_data manual__2025-05-13T19:23:07.280131+00:00 [queued]>
[2025-05-13T19:23:19.080+0000] {taskinstance.py:2076} INFO - Dependencies all met for dep_context=requeueable deps ti=<TaskInstance: inflation_forecasting.transform_data manual__2025-05-13T19:23:07.280131+00:00 [queued]>
[2025-05-13T19:23:19.081+0000] {taskinstance.py:2306} INFO - Starting attempt 1 of 1
[2025-05-13T19:23:19.098+0000] {taskinstance.py:2330} INFO - Executing <Task(PythonOperator): transform_data> on 2025-05-13 19:23:07.280131+00:00
[2025-05-13T19:23:19.112+0000] {logging_mixin.py:188} WARNING - /home/***/.local/lib/python3.12/site-packages/***/task/task_runner/standard_task_runner.py:61 DeprecationWarning: This process (pid=240) is multi-threaded, use of fork() may lead to deadlocks in the child.
[2025-05-13T19:23:19.110+0000] {standard_task_runner.py:90} INFO - Running: ['***', 'tasks', 'run', 'inflation_forecasting', 'transform_data', 'manual__2025-05-13T19:23:07.280131+00:00', '--job-id', '103', '--raw', '--subdir', 'DAGS_FOLDER/inflation_forecasting_dag.py', '--cfg-path', '/tmp/tmp3x7rnubw']
[2025-05-13T19:23:19.114+0000] {standard_task_runner.py:63} INFO - Started process 247 to run task
[2025-05-13T19:23:19.114+0000] {standard_task_runner.py:91} INFO - Job 103: Subtask transform_data
[2025-05-13T19:23:19.134+0000] {logging_mixin.py:188} WARNING - /home/***/.local/lib/python3.12/site-packages/***/settings.py:195 DeprecationWarning: The sql_alchemy_conn option in [core] has been moved to the sql_alchemy_conn option in [database] - the old setting has been used, but please update your config.
[2025-05-13T19:23:19.179+0000] {task_command.py:426} INFO - Running <TaskInstance: inflation_forecasting.transform_data manual__2025-05-13T19:23:07.280131+00:00 [running]> on host bab02daaed98
[2025-05-13T19:23:19.665+0000] {taskinstance.py:2648} INFO - Exporting env vars: AIRFLOW_CTX_DAG_OWNER='***' AIRFLOW_CTX_DAG_ID='inflation_forecasting' AIRFLOW_CTX_TASK_ID='transform_data' AIRFLOW_CTX_EXECUTION_DATE='2025-05-13T19:23:07.280131+00:00' AIRFLOW_CTX_TRY_NUMBER='1' AIRFLOW_CTX_DAG_RUN_ID='manual__2025-05-13T19:23:07.280131+00:00'
[2025-05-13T19:23:19.667+0000] {taskinstance.py:430} INFO - ::endgroup::
[2025-05-13T19:23:19.684+0000] {logging_mixin.py:188} INFO - Loading data...
[2025-05-13T19:23:19.702+0000] {logging_mixin.py:188} INFO - Loaded CPI.csv with 830 rows from 1955-02-01 to 2024-03-01
[2025-05-13T19:23:19.714+0000] {logging_mixin.py:188} INFO - Loaded DCOILWTICO.csv with 473 rows from 1986-01-31 to 2025-05-31
[2025-05-13T19:23:19.721+0000] {logging_mixin.py:188} INFO - Loaded FEDFUNDS.csv with 850 rows from 1954-07-01 to 2025-04-01
[2025-05-13T19:23:19.729+0000] {logging_mixin.py:188} INFO - Loaded M2SL.csv with 795 rows from 1959-01-01 to 2025-03-01
[2025-05-13T19:23:19.736+0000] {logging_mixin.py:188} INFO - Loaded PERMIT.csv with 783 rows from 1960-01-01 to 2025-03-01
[2025-05-13T19:23:19.748+0000] {logging_mixin.py:188} INFO - Loaded PPIACO.csv with 1347 rows from 1913-01-01 to 2025-03-01
[2025-05-13T19:23:19.749+0000] {logging_mixin.py:188} INFO - Preprocessing dataframes...
[2025-05-13T19:23:19.967+0000] {logging_mixin.py:188} INFO - Merging dataframes...
[2025-05-13T19:23:19.981+0000] {logging_mixin.py:188} INFO - Performing time series preprocessing...
[2025-05-13T19:23:20.026+0000] {logging_mixin.py:188} INFO - Saving transformed data...
[2025-05-13T19:23:20.137+0000] {logging_mixin.py:188} INFO - Transformed data saved to /opt/***/data/transformed_data.csv
[2025-05-13T19:23:20.138+0000] {logging_mixin.py:188} INFO - Transformation complete!
[2025-05-13T19:23:20.139+0000] {python.py:237} INFO - Done. Returned value was: None
[2025-05-13T19:23:20.139+0000] {taskinstance.py:441} INFO - ::group::Post task execution logs
[2025-05-13T19:23:20.149+0000] {taskinstance.py:1206} INFO - Marking task as SUCCESS. dag_id=inflation_forecasting, task_id=transform_data, run_id=manual__2025-05-13T19:23:07.280131+00:00, execution_date=20250513T192307, start_date=20250513T192319, end_date=20250513T192320
[2025-05-13T19:23:20.219+0000] {local_task_job_runner.py:240} INFO - Task exited with return code 0
[2025-05-13T19:23:20.434+0000] {taskinstance.py:3498} INFO - 1 downstream tasks scheduled from follow-on schedule check
[2025-05-13T19:23:20.436+0000] {local_task_job_runner.py:222} INFO - ::endgroup::
