[2025-06-14T17:18:55.648+0000] {local_task_job_runner.py:120} INFO - ::group::Pre task execution logs
[2025-06-14T17:18:55.675+0000] {taskinstance.py:2076} INFO - Dependencies all met for dep_context=non-requeueable deps ti=<TaskInstance: usdpkr_forecasting_modular.feature_engineering manual__2025-06-14T17:18:40.192559+00:00 [queued]>
[2025-06-14T17:18:55.684+0000] {taskinstance.py:2076} INFO - Dependencies all met for dep_context=requeueable deps ti=<TaskInstance: usdpkr_forecasting_modular.feature_engineering manual__2025-06-14T17:18:40.192559+00:00 [queued]>
[2025-06-14T17:18:55.685+0000] {taskinstance.py:2306} INFO - Starting attempt 1 of 4
[2025-06-14T17:18:55.700+0000] {taskinstance.py:2330} INFO - Executing <Task(PythonOperator): feature_engineering> on 2025-06-14 17:18:40.192559+00:00
[2025-06-14T17:18:55.706+0000] {standard_task_runner.py:63} INFO - Started process 1363 to run task
[2025-06-14T17:18:55.708+0000] {standard_task_runner.py:90} INFO - Running: ['***', 'tasks', 'run', 'usdpkr_forecasting_modular', 'feature_engineering', 'manual__2025-06-14T17:18:40.192559+00:00', '--job-id', '428', '--raw', '--subdir', 'DAGS_FOLDER/usdpkr_forecasting_dag.py', '--cfg-path', '/tmp/tmpkmcicrb0']
[2025-06-14T17:18:55.711+0000] {standard_task_runner.py:91} INFO - Job 428: Subtask feature_engineering
[2025-06-14T17:18:55.755+0000] {task_command.py:426} INFO - Running <TaskInstance: usdpkr_forecasting_modular.feature_engineering manual__2025-06-14T17:18:40.192559+00:00 [running]> on host 1ada37a5d2dc
[2025-06-14T17:18:55.841+0000] {taskinstance.py:2648} INFO - Exporting env vars: AIRFLOW_CTX_DAG_OWNER='***' AIRFLOW_CTX_DAG_ID='usdpkr_forecasting_modular' AIRFLOW_CTX_TASK_ID='feature_engineering' AIRFLOW_CTX_EXECUTION_DATE='2025-06-14T17:18:40.192559+00:00' AIRFLOW_CTX_TRY_NUMBER='1' AIRFLOW_CTX_DAG_RUN_ID='manual__2025-06-14T17:18:40.192559+00:00'
[2025-06-14T17:18:55.842+0000] {taskinstance.py:430} INFO - ::endgroup::
[2025-06-14T17:18:55.854+0000] {transform.py:277} INFO - Loading DataFrame from path: /opt/***/data/raw/merged_data.csv
[2025-06-14T17:18:55.864+0000] {transform.py:280} INFO - Starting feature engineering. Input DataFrame shape: (0, 9)
[2025-06-14T17:18:55.864+0000] {transform.py:281} INFO - Input DataFrame columns: ['OIL', 'FOREX_RESERVES', 'INFLATION_YOY', 'GOLD', 'INTEREST_RATE', 'KSE100', 'USDPKR', 'DATE', 'M2']
[2025-06-14T17:18:55.865+0000] {transform.py:282} INFO - Input DataFrame dtypes:
OIL               object
FOREX_RESERVES    object
INFLATION_YOY     object
GOLD              object
INTEREST_RATE     object
KSE100            object
USDPKR            object
DATE              object
M2                object
dtype: object
[2025-06-14T17:18:55.866+0000] {transform.py:285} INFO - Converting DATE to datetime
[2025-06-14T17:18:55.869+0000] {transform.py:289} INFO - Creating time-based features
[2025-06-14T17:18:55.871+0000] {transform.py:295} INFO - Setting DATE as index and filtering years > 2004
[2025-06-14T17:18:55.876+0000] {transform.py:298} INFO - DataFrame shape after year filtering: (0, 11)
[2025-06-14T17:18:55.877+0000] {transform.py:301} INFO - Handling missing values and creating NA flags
[2025-06-14T17:18:55.880+0000] {transform.py:310} INFO - Creating cyclical month features
[2025-06-14T17:18:55.882+0000] {transform.py:315} INFO - Creating economic features
[2025-06-14T17:18:55.884+0000] {transform.py:321} INFO - Creating lag features
[2025-06-14T17:18:55.889+0000] {transform.py:331} INFO - Creating rolling statistics
[2025-06-14T17:18:55.892+0000] {transform.py:340} INFO - Resetting index
[2025-06-14T17:18:55.900+0000] {transform.py:347} INFO - Feature engineering complete. Final DataFrame shape: (0, 47)
[2025-06-14T17:18:55.900+0000] {transform.py:348} INFO - Final DataFrame columns: ['DATE', 'OIL', 'FOREX_RESERVES', 'INFLATION_YOY', 'GOLD', 'INTEREST_RATE', 'KSE100', 'USDPKR', 'M2', 'YEAR', 'MONTH', 'QUARTER', 'MONTH_SIN', 'MONTH_COS', 'USDPKR_diff', 'REAL_INTEREST', 'OIL_IN_PKR', 'KSE100_lag1', 'KSE100_lag3', 'KSE100_lag12', 'INFLATION_YOY_lag1', 'INFLATION_YOY_lag3', 'INFLATION_YOY_lag12', 'INTEREST_RATE_lag1', 'INTEREST_RATE_lag3', 'INTEREST_RATE_lag12', 'USDPKR_lag1', 'USDPKR_lag3', 'USDPKR_lag12', 'OIL_lag1', 'OIL_lag3', 'OIL_lag12', 'FOREX_RESERVES_lag1', 'FOREX_RESERVES_lag3', 'FOREX_RESERVES_lag12', 'GOLD_lag1', 'GOLD_lag3', 'GOLD_lag12', 'M2_lag1', 'M2_lag3', 'M2_lag12', 'KSE100_roll_mean3', 'KSE100_roll_std3', 'OIL_roll_mean3', 'OIL_roll_std3', 'GOLD_roll_mean3', 'GOLD_roll_std3']
[2025-06-14T17:18:55.901+0000] {python.py:237} INFO - Done. Returned value was: /opt/***/data/raw/engineered_features.csv
[2025-06-14T17:18:55.902+0000] {taskinstance.py:441} INFO - ::group::Post task execution logs
[2025-06-14T17:18:55.923+0000] {taskinstance.py:1206} INFO - Marking task as SUCCESS. dag_id=usdpkr_forecasting_modular, task_id=feature_engineering, run_id=manual__2025-06-14T17:18:40.192559+00:00, execution_date=20250614T171840, start_date=20250614T171855, end_date=20250614T171855
[2025-06-14T17:18:55.962+0000] {local_task_job_runner.py:240} INFO - Task exited with return code 0
[2025-06-14T17:18:55.987+0000] {taskinstance.py:3498} INFO - 1 downstream tasks scheduled from follow-on schedule check
[2025-06-14T17:18:55.990+0000] {local_task_job_runner.py:222} INFO - ::endgroup::
