[2025-06-18T10:47:07.527+0000] {local_task_job_runner.py:120} INFO - ::group::Pre task execution logs
[2025-06-18T10:47:07.622+0000] {taskinstance.py:2076} INFO - Dependencies all met for dep_context=non-requeueable deps ti=<TaskInstance: usdpkr_forecasting_modular.fetch_inflation manual__2025-06-18T10:47:00.733380+00:00 [queued]>
[2025-06-18T10:47:07.670+0000] {taskinstance.py:2076} INFO - Dependencies all met for dep_context=requeueable deps ti=<TaskInstance: usdpkr_forecasting_modular.fetch_inflation manual__2025-06-18T10:47:00.733380+00:00 [queued]>
[2025-06-18T10:47:07.671+0000] {taskinstance.py:2306} INFO - Starting attempt 1 of 6
[2025-06-18T10:47:07.705+0000] {taskinstance.py:2330} INFO - Executing <Task(PythonOperator): fetch_inflation> on 2025-06-18 10:47:00.733380+00:00
[2025-06-18T10:47:07.712+0000] {standard_task_runner.py:63} INFO - Started process 834 to run task
[2025-06-18T10:47:07.722+0000] {standard_task_runner.py:90} INFO - Running: ['***', 'tasks', 'run', 'usdpkr_forecasting_modular', 'fetch_inflation', 'manual__2025-06-18T10:47:00.733380+00:00', '--job-id', '532', '--raw', '--subdir', 'DAGS_FOLDER/usdpkr_forecasting_dag.py', '--cfg-path', '/tmp/tmpa458zo70']
[2025-06-18T10:47:07.755+0000] {standard_task_runner.py:91} INFO - Job 532: Subtask fetch_inflation
[2025-06-18T10:47:07.957+0000] {task_command.py:426} INFO - Running <TaskInstance: usdpkr_forecasting_modular.fetch_inflation manual__2025-06-18T10:47:00.733380+00:00 [running]> on host 9c4806d77c92
[2025-06-18T10:47:08.220+0000] {taskinstance.py:2648} INFO - Exporting env vars: AIRFLOW_CTX_DAG_OWNER='***' AIRFLOW_CTX_DAG_ID='usdpkr_forecasting_modular' AIRFLOW_CTX_TASK_ID='fetch_inflation' AIRFLOW_CTX_EXECUTION_DATE='2025-06-18T10:47:00.733380+00:00' AIRFLOW_CTX_TRY_NUMBER='1' AIRFLOW_CTX_DAG_RUN_ID='manual__2025-06-18T10:47:00.733380+00:00'
[2025-06-18T10:47:08.222+0000] {taskinstance.py:430} INFO - ::endgroup::
[2025-06-18T10:47:08.260+0000] {ingest.py:130} INFO - Fetching 'INFLATION_YOY' from IMF (ID: PCPI_IX)...
[2025-06-18T10:47:09.627+0000] {ingest.py:171} INFO - Saved INFLATION_YOY data to /opt/***/data/raw/INFLATION.csv
[2025-06-18T10:47:09.628+0000] {ingest.py:172} INFO - Date range: 1957-01-01 to 2025-05-01
[2025-06-18T10:47:09.630+0000] {python.py:237} INFO - Done. Returned value was: /opt/***/data/raw/INFLATION.csv
[2025-06-18T10:47:09.631+0000] {taskinstance.py:441} INFO - ::group::Post task execution logs
[2025-06-18T10:47:09.652+0000] {taskinstance.py:1206} INFO - Marking task as SUCCESS. dag_id=usdpkr_forecasting_modular, task_id=fetch_inflation, run_id=manual__2025-06-18T10:47:00.733380+00:00, execution_date=20250618T104700, start_date=20250618T104707, end_date=20250618T104709
[2025-06-18T10:47:09.714+0000] {local_task_job_runner.py:240} INFO - Task exited with return code 0
[2025-06-18T10:47:09.738+0000] {taskinstance.py:3498} INFO - 0 downstream tasks scheduled from follow-on schedule check
[2025-06-18T10:47:09.740+0000] {local_task_job_runner.py:222} INFO - ::endgroup::
