[2025-06-18T10:49:08.343+0000] {local_task_job_runner.py:120} INFO - ::group::Pre task execution logs
[2025-06-18T10:49:08.372+0000] {taskinstance.py:2076} INFO - Dependencies all met for dep_context=non-requeueable deps ti=<TaskInstance: usdpkr_forecasting_modular.feature_engineering manual__2025-06-18T10:48:53.454672+00:00 [queued]>
[2025-06-18T10:49:08.385+0000] {taskinstance.py:2076} INFO - Dependencies all met for dep_context=requeueable deps ti=<TaskInstance: usdpkr_forecasting_modular.feature_engineering manual__2025-06-18T10:48:53.454672+00:00 [queued]>
[2025-06-18T10:49:08.385+0000] {taskinstance.py:2306} INFO - Starting attempt 1 of 4
[2025-06-18T10:49:08.401+0000] {taskinstance.py:2330} INFO - Executing <Task(PythonOperator): feature_engineering> on 2025-06-18 10:48:53.454672+00:00
[2025-06-18T10:49:08.407+0000] {standard_task_runner.py:63} INFO - Started process 1111 to run task
[2025-06-18T10:49:08.409+0000] {standard_task_runner.py:90} INFO - Running: ['***', 'tasks', 'run', 'usdpkr_forecasting_modular', 'feature_engineering', 'manual__2025-06-18T10:48:53.454672+00:00', '--job-id', '561', '--raw', '--subdir', 'DAGS_FOLDER/usdpkr_forecasting_dag.py', '--cfg-path', '/tmp/tmp7viboi85']
[2025-06-18T10:49:08.412+0000] {standard_task_runner.py:91} INFO - Job 561: Subtask feature_engineering
[2025-06-18T10:49:08.452+0000] {task_command.py:426} INFO - Running <TaskInstance: usdpkr_forecasting_modular.feature_engineering manual__2025-06-18T10:48:53.454672+00:00 [running]> on host 9c4806d77c92
[2025-06-18T10:49:08.535+0000] {taskinstance.py:2648} INFO - Exporting env vars: AIRFLOW_CTX_DAG_OWNER='***' AIRFLOW_CTX_DAG_ID='usdpkr_forecasting_modular' AIRFLOW_CTX_TASK_ID='feature_engineering' AIRFLOW_CTX_EXECUTION_DATE='2025-06-18T10:48:53.454672+00:00' AIRFLOW_CTX_TRY_NUMBER='1' AIRFLOW_CTX_DAG_RUN_ID='manual__2025-06-18T10:48:53.454672+00:00'
[2025-06-18T10:49:08.536+0000] {taskinstance.py:430} INFO - ::endgroup::
[2025-06-18T10:49:08.547+0000] {transform.py:277} INFO - Loading DataFrame from path: /opt/***/data/raw/merged_data.csv
[2025-06-18T10:49:08.555+0000] {transform.py:280} INFO - Starting feature engineering. Input DataFrame shape: (0, 9)
[2025-06-18T10:49:08.556+0000] {transform.py:281} INFO - Input DataFrame columns: ['OIL', 'FOREX_RESERVES', 'INFLATION_YOY', 'GOLD', 'INTEREST_RATE', 'KSE100', 'USDPKR', 'DATE', 'M2']
[2025-06-18T10:49:08.557+0000] {transform.py:282} INFO - Input DataFrame dtypes:
OIL               object
FOREX_RESERVES    object
INFLATION_YOY     object
GOLD              object
INTEREST_RATE     object
KSE100            object
USDPKR            object
DATE              object
M2                object
dtype: object
[2025-06-18T10:49:08.558+0000] {transform.py:285} INFO - Converting DATE to datetime
[2025-06-18T10:49:08.560+0000] {transform.py:289} INFO - Creating time-based features
[2025-06-18T10:49:08.562+0000] {transform.py:295} INFO - Setting DATE as index and filtering years > 2004
[2025-06-18T10:49:08.567+0000] {transform.py:298} INFO - DataFrame shape after year filtering: (0, 11)
[2025-06-18T10:49:08.567+0000] {transform.py:301} INFO - Handling missing values and creating NA flags
[2025-06-18T10:49:08.570+0000] {transform.py:310} INFO - Creating cyclical month features
[2025-06-18T10:49:08.571+0000] {transform.py:315} INFO - Creating economic features
[2025-06-18T10:49:08.572+0000] {transform.py:321} INFO - Creating lag features
[2025-06-18T10:49:08.578+0000] {transform.py:331} INFO - Creating rolling statistics
[2025-06-18T10:49:08.581+0000] {transform.py:340} INFO - Resetting index
[2025-06-18T10:49:08.587+0000] {transform.py:347} INFO - Feature engineering complete. Final DataFrame shape: (0, 47)
[2025-06-18T10:49:08.588+0000] {transform.py:348} INFO - Final DataFrame columns: ['DATE', 'OIL', 'FOREX_RESERVES', 'INFLATION_YOY', 'GOLD', 'INTEREST_RATE', 'KSE100', 'USDPKR', 'M2', 'YEAR', 'MONTH', 'QUARTER', 'MONTH_SIN', 'MONTH_COS', 'USDPKR_diff', 'REAL_INTEREST', 'OIL_IN_PKR', 'KSE100_lag1', 'KSE100_lag3', 'KSE100_lag12', 'INFLATION_YOY_lag1', 'INFLATION_YOY_lag3', 'INFLATION_YOY_lag12', 'INTEREST_RATE_lag1', 'INTEREST_RATE_lag3', 'INTEREST_RATE_lag12', 'USDPKR_lag1', 'USDPKR_lag3', 'USDPKR_lag12', 'OIL_lag1', 'OIL_lag3', 'OIL_lag12', 'FOREX_RESERVES_lag1', 'FOREX_RESERVES_lag3', 'FOREX_RESERVES_lag12', 'GOLD_lag1', 'GOLD_lag3', 'GOLD_lag12', 'M2_lag1', 'M2_lag3', 'M2_lag12', 'KSE100_roll_mean3', 'KSE100_roll_std3', 'OIL_roll_mean3', 'OIL_roll_std3', 'GOLD_roll_mean3', 'GOLD_roll_std3']
[2025-06-18T10:49:08.588+0000] {python.py:237} INFO - Done. Returned value was: /opt/***/data/raw/engineered_features.csv
[2025-06-18T10:49:08.589+0000] {taskinstance.py:441} INFO - ::group::Post task execution logs
[2025-06-18T10:49:08.607+0000] {taskinstance.py:1206} INFO - Marking task as SUCCESS. dag_id=usdpkr_forecasting_modular, task_id=feature_engineering, run_id=manual__2025-06-18T10:48:53.454672+00:00, execution_date=20250618T104853, start_date=20250618T104908, end_date=20250618T104908
[2025-06-18T10:49:08.663+0000] {local_task_job_runner.py:240} INFO - Task exited with return code 0
[2025-06-18T10:49:08.689+0000] {taskinstance.py:3498} INFO - 1 downstream tasks scheduled from follow-on schedule check
[2025-06-18T10:49:08.691+0000] {local_task_job_runner.py:222} INFO - ::endgroup::
