[2025-06-14T15:54:25.995+0000] {local_task_job_runner.py:120} INFO - ::group::Pre task execution logs
[2025-06-14T15:54:26.022+0000] {taskinstance.py:2076} INFO - Dependencies all met for dep_context=non-requeueable deps ti=<TaskInstance: usdpkr_forecasting_modular.fetch_gold manual__2025-06-14T15:42:49.083514+00:00 [queued]>
[2025-06-14T15:54:26.031+0000] {taskinstance.py:2076} INFO - Dependencies all met for dep_context=requeueable deps ti=<TaskInstance: usdpkr_forecasting_modular.fetch_gold manual__2025-06-14T15:42:49.083514+00:00 [queued]>
[2025-06-14T15:54:26.031+0000] {taskinstance.py:2306} INFO - Starting attempt 4 of 6
[2025-06-14T15:54:26.048+0000] {taskinstance.py:2330} INFO - Executing <Task(PythonOperator): fetch_gold> on 2025-06-14 15:42:49.083514+00:00
[2025-06-14T15:54:26.053+0000] {standard_task_runner.py:63} INFO - Started process 269 to run task
[2025-06-14T15:54:26.056+0000] {standard_task_runner.py:90} INFO - Running: ['***', 'tasks', 'run', 'usdpkr_forecasting_modular', 'fetch_gold', 'manual__2025-06-14T15:42:49.083514+00:00', '--job-id', '255', '--raw', '--subdir', 'DAGS_FOLDER/usdpkr_forecasting_dag.py', '--cfg-path', '/tmp/tmpgqbo97ps']
[2025-06-14T15:54:26.059+0000] {standard_task_runner.py:91} INFO - Job 255: Subtask fetch_gold
[2025-06-14T15:54:26.104+0000] {task_command.py:426} INFO - Running <TaskInstance: usdpkr_forecasting_modular.fetch_gold manual__2025-06-14T15:42:49.083514+00:00 [running]> on host 1ada37a5d2dc
[2025-06-14T15:54:26.181+0000] {taskinstance.py:2648} INFO - Exporting env vars: AIRFLOW_CTX_DAG_OWNER='***' AIRFLOW_CTX_DAG_ID='usdpkr_forecasting_modular' AIRFLOW_CTX_TASK_ID='fetch_gold' AIRFLOW_CTX_EXECUTION_DATE='2025-06-14T15:42:49.083514+00:00' AIRFLOW_CTX_TRY_NUMBER='4' AIRFLOW_CTX_DAG_RUN_ID='manual__2025-06-14T15:42:49.083514+00:00'
[2025-06-14T15:54:26.183+0000] {taskinstance.py:430} INFO - ::endgroup::
[2025-06-14T15:54:26.194+0000] {ingest.py:65} INFO - Fetching GC=F from Yahoo Finance...
[2025-06-14T15:54:29.549+0000] {ingest.py:106} INFO - Saved GC=F data to /opt/***/data/raw/GOLD.csv
[2025-06-14T15:54:29.549+0000] {ingest.py:107} INFO - Date range: 2000-08-31 to 2025-06-30
[2025-06-14T15:54:29.550+0000] {python.py:237} INFO - Done. Returned value was: /opt/***/data/raw/GOLD.csv
[2025-06-14T15:54:29.552+0000] {taskinstance.py:441} INFO - ::group::Post task execution logs
[2025-06-14T15:54:29.574+0000] {taskinstance.py:1206} INFO - Marking task as SUCCESS. dag_id=usdpkr_forecasting_modular, task_id=fetch_gold, run_id=manual__2025-06-14T15:42:49.083514+00:00, execution_date=20250614T154249, start_date=20250614T155426, end_date=20250614T155429
[2025-06-14T15:54:29.604+0000] {local_task_job_runner.py:240} INFO - Task exited with return code 0
[2025-06-14T15:54:29.631+0000] {taskinstance.py:3498} INFO - 1 downstream tasks scheduled from follow-on schedule check
[2025-06-14T15:54:29.634+0000] {local_task_job_runner.py:222} INFO - ::endgroup::
