[2025-06-18T16:55:28.881+0000] {local_task_job_runner.py:120} INFO - ::group::Pre task execution logs
[2025-06-18T16:55:28.978+0000] {taskinstance.py:2076} INFO - Dependencies all met for dep_context=non-requeueable deps ti=<TaskInstance: kse100_forecasting.fetch_inflation manual__2025-06-18T16:55:19.331260+00:00 [queued]>
[2025-06-18T16:55:28.995+0000] {taskinstance.py:2076} INFO - Dependencies all met for dep_context=requeueable deps ti=<TaskInstance: kse100_forecasting.fetch_inflation manual__2025-06-18T16:55:19.331260+00:00 [queued]>
[2025-06-18T16:55:28.996+0000] {taskinstance.py:2306} INFO - Starting attempt 1 of 6
[2025-06-18T16:55:29.028+0000] {taskinstance.py:2330} INFO - Executing <Task(PythonOperator): fetch_inflation> on 2025-06-18 16:55:19.331260+00:00
[2025-06-18T16:55:29.049+0000] {standard_task_runner.py:63} INFO - Started process 3328 to run task
[2025-06-18T16:55:29.062+0000] {standard_task_runner.py:90} INFO - Running: ['***', 'tasks', 'run', 'kse100_forecasting', 'fetch_inflation', 'manual__2025-06-18T16:55:19.331260+00:00', '--job-id', '991', '--raw', '--subdir', 'DAGS_FOLDER/kse100_forecasting_dag.py', '--cfg-path', '/tmp/tmpah7dk66g']
[2025-06-18T16:55:29.070+0000] {standard_task_runner.py:91} INFO - Job 991: Subtask fetch_inflation
[2025-06-18T16:55:29.208+0000] {task_command.py:426} INFO - Running <TaskInstance: kse100_forecasting.fetch_inflation manual__2025-06-18T16:55:19.331260+00:00 [running]> on host 57c57e92cb28
[2025-06-18T16:55:29.424+0000] {taskinstance.py:2648} INFO - Exporting env vars: AIRFLOW_CTX_DAG_OWNER='***' AIRFLOW_CTX_DAG_ID='kse100_forecasting' AIRFLOW_CTX_TASK_ID='fetch_inflation' AIRFLOW_CTX_EXECUTION_DATE='2025-06-18T16:55:19.331260+00:00' AIRFLOW_CTX_TRY_NUMBER='1' AIRFLOW_CTX_DAG_RUN_ID='manual__2025-06-18T16:55:19.331260+00:00'
[2025-06-18T16:55:29.427+0000] {taskinstance.py:430} INFO - ::endgroup::
[2025-06-18T16:55:29.448+0000] {ingest.py:130} INFO - Fetching 'INFLATION_YOY' from IMF (ID: PCPI_IX)...
[2025-06-18T16:55:32.052+0000] {ingest.py:171} INFO - Saved INFLATION_YOY data to /opt/***/dataKse/raw/INFLATION.csv
[2025-06-18T16:55:32.053+0000] {ingest.py:172} INFO - Date range: 1957-01-01 to 2025-05-01
[2025-06-18T16:55:32.054+0000] {python.py:237} INFO - Done. Returned value was: /opt/***/dataKse/raw/INFLATION.csv
[2025-06-18T16:55:32.055+0000] {taskinstance.py:441} INFO - ::group::Post task execution logs
[2025-06-18T16:55:32.076+0000] {taskinstance.py:1206} INFO - Marking task as SUCCESS. dag_id=kse100_forecasting, task_id=fetch_inflation, run_id=manual__2025-06-18T16:55:19.331260+00:00, execution_date=20250618T165519, start_date=20250618T165528, end_date=20250618T165532
[2025-06-18T16:55:32.105+0000] {local_task_job_runner.py:240} INFO - Task exited with return code 0
[2025-06-18T16:55:32.129+0000] {taskinstance.py:3498} INFO - 0 downstream tasks scheduled from follow-on schedule check
[2025-06-18T16:55:32.131+0000] {local_task_job_runner.py:222} INFO - ::endgroup::
