[2025-05-10T12:52:00.696+0000] {local_task_job_runner.py:120} INFO - ::group::Pre task execution logs
[2025-05-10T12:52:00.724+0000] {taskinstance.py:2076} INFO - Dependencies all met for dep_context=non-requeueable deps ti=<TaskInstance: example_dag.print_hello scheduled__2025-05-10T12:51:00+00:00 [queued]>
[2025-05-10T12:52:00.732+0000] {taskinstance.py:2076} INFO - Dependencies all met for dep_context=requeueable deps ti=<TaskInstance: example_dag.print_hello scheduled__2025-05-10T12:51:00+00:00 [queued]>
[2025-05-10T12:52:00.732+0000] {taskinstance.py:2306} INFO - Starting attempt 1 of 1
[2025-05-10T12:52:00.744+0000] {taskinstance.py:2330} INFO - Executing <Task(BashOperator): print_hello> on 2025-05-10 12:51:00+00:00
[2025-05-10T12:52:00.752+0000] {logging_mixin.py:188} WARNING - /home/***/.local/lib/python3.12/site-packages/***/task/task_runner/standard_task_runner.py:61 DeprecationWarning: This process (pid=457) is multi-threaded, use of fork() may lead to deadlocks in the child.
[2025-05-10T12:52:00.753+0000] {standard_task_runner.py:63} INFO - Started process 458 to run task
[2025-05-10T12:52:00.752+0000] {standard_task_runner.py:90} INFO - Running: ['***', 'tasks', 'run', 'example_dag', 'print_hello', 'scheduled__2025-05-10T12:51:00+00:00', '--job-id', '12', '--raw', '--subdir', 'DAGS_FOLDER/example_dag.py', '--cfg-path', '/tmp/tmpewasdld4']
[2025-05-10T12:52:00.754+0000] {standard_task_runner.py:91} INFO - Job 12: Subtask print_hello
[2025-05-10T12:52:00.766+0000] {logging_mixin.py:188} WARNING - /home/***/.local/lib/python3.12/site-packages/***/settings.py:195 DeprecationWarning: The sql_alchemy_conn option in [core] has been moved to the sql_alchemy_conn option in [database] - the old setting has been used, but please update your config.
[2025-05-10T12:52:00.795+0000] {task_command.py:426} INFO - Running <TaskInstance: example_dag.print_hello scheduled__2025-05-10T12:51:00+00:00 [running]> on host a7ce346665d8
[2025-05-10T12:52:00.868+0000] {taskinstance.py:2648} INFO - Exporting env vars: AIRFLOW_CTX_DAG_OWNER='***' AIRFLOW_CTX_DAG_ID='example_dag' AIRFLOW_CTX_TASK_ID='print_hello' AIRFLOW_CTX_EXECUTION_DATE='2025-05-10T12:51:00+00:00' AIRFLOW_CTX_TRY_NUMBER='1' AIRFLOW_CTX_DAG_RUN_ID='scheduled__2025-05-10T12:51:00+00:00'
[2025-05-10T12:52:00.869+0000] {taskinstance.py:430} INFO - ::endgroup::
[2025-05-10T12:52:00.882+0000] {subprocess.py:63} INFO - Tmp dir root location: /tmp
[2025-05-10T12:52:00.884+0000] {subprocess.py:75} INFO - Running command: ['/usr/bin/bash', '-c', 'echo "Hello, Airflow!Hello, Airflow!Hello, Airflow!Hello, Airflow!Hello, Airflow!Hello, Airflow!Hello, Airflow!Hello, Airflow!Hello, Airflow!Hello, Airflow!Hello, Airflow!Hello, Airflow!Hello, Airflow!Hello, Airflow!Hello, Airflow!Hello, Airflow!"']
[2025-05-10T12:52:00.890+0000] {subprocess.py:86} INFO - Output:
[2025-05-10T12:52:00.891+0000] {subprocess.py:93} INFO - Hello, Airflow!Hello, Airflow!Hello, Airflow!Hello, Airflow!Hello, Airflow!Hello, Airflow!Hello, Airflow!Hello, Airflow!Hello, Airflow!Hello, Airflow!Hello, Airflow!Hello, Airflow!Hello, Airflow!Hello, Airflow!Hello, Airflow!Hello, Airflow!
[2025-05-10T12:52:00.892+0000] {subprocess.py:97} INFO - Command exited with return code 0
[2025-05-10T12:52:00.893+0000] {taskinstance.py:441} INFO - ::group::Post task execution logs
[2025-05-10T12:52:00.914+0000] {taskinstance.py:1206} INFO - Marking task as SUCCESS. dag_id=example_dag, task_id=print_hello, run_id=scheduled__2025-05-10T12:51:00+00:00, execution_date=20250510T125100, start_date=20250510T125200, end_date=20250510T125200
[2025-05-10T12:52:00.967+0000] {local_task_job_runner.py:240} INFO - Task exited with return code 0
[2025-05-10T12:52:00.982+0000] {taskinstance.py:3498} INFO - 0 downstream tasks scheduled from follow-on schedule check
[2025-05-10T12:52:00.984+0000] {local_task_job_runner.py:222} INFO - ::endgroup::
