[2025-06-18T15:33:26.545+0000] {local_task_job_runner.py:120} INFO - ::group::Pre task execution logs
[2025-06-18T15:33:26.608+0000] {taskinstance.py:2076} INFO - Dependencies all met for dep_context=non-requeueable deps ti=<TaskInstance: kse100_forecasting.fetch_kse100 manual__2025-06-18T15:33:18.394008+00:00 [queued]>
[2025-06-18T15:33:26.638+0000] {taskinstance.py:2076} INFO - Dependencies all met for dep_context=requeueable deps ti=<TaskInstance: kse100_forecasting.fetch_kse100 manual__2025-06-18T15:33:18.394008+00:00 [queued]>
[2025-06-18T15:33:26.645+0000] {taskinstance.py:2306} INFO - Starting attempt 1 of 6
[2025-06-18T15:33:26.715+0000] {taskinstance.py:2330} INFO - Executing <Task(PythonOperator): fetch_kse100> on 2025-06-18 15:33:18.394008+00:00
[2025-06-18T15:33:26.722+0000] {standard_task_runner.py:63} INFO - Started process 2016 to run task
[2025-06-18T15:33:26.725+0000] {standard_task_runner.py:90} INFO - Running: ['***', 'tasks', 'run', 'kse100_forecasting', 'fetch_kse100', 'manual__2025-06-18T15:33:18.394008+00:00', '--job-id', '963', '--raw', '--subdir', 'DAGS_FOLDER/kse100_forecasting_dag.py', '--cfg-path', '/tmp/tmpaog2ucx2']
[2025-06-18T15:33:26.728+0000] {standard_task_runner.py:91} INFO - Job 963: Subtask fetch_kse100
[2025-06-18T15:33:26.809+0000] {task_command.py:426} INFO - Running <TaskInstance: kse100_forecasting.fetch_kse100 manual__2025-06-18T15:33:18.394008+00:00 [running]> on host f55656462970
[2025-06-18T15:33:26.927+0000] {taskinstance.py:2648} INFO - Exporting env vars: AIRFLOW_CTX_DAG_OWNER='***' AIRFLOW_CTX_DAG_ID='kse100_forecasting' AIRFLOW_CTX_TASK_ID='fetch_kse100' AIRFLOW_CTX_EXECUTION_DATE='2025-06-18T15:33:18.394008+00:00' AIRFLOW_CTX_TRY_NUMBER='1' AIRFLOW_CTX_DAG_RUN_ID='manual__2025-06-18T15:33:18.394008+00:00'
[2025-06-18T15:33:26.929+0000] {taskinstance.py:430} INFO - ::endgroup::
[2025-06-18T15:33:26.949+0000] {ingest.py:65} INFO - Fetching ^KSE from Yahoo Finance...
[2025-06-18T15:33:30.131+0000] {ingest.py:106} INFO - Saved ^KSE data to /opt/***/dataKse/raw/KSE100.csv
[2025-06-18T15:33:30.132+0000] {ingest.py:107} INFO - Date range: 1997-07-31 to 2021-09-30
[2025-06-18T15:33:30.132+0000] {python.py:237} INFO - Done. Returned value was: /opt/***/dataKse/raw/KSE100.csv
[2025-06-18T15:33:30.132+0000] {taskinstance.py:441} INFO - ::group::Post task execution logs
[2025-06-18T15:33:30.152+0000] {taskinstance.py:1206} INFO - Marking task as SUCCESS. dag_id=kse100_forecasting, task_id=fetch_kse100, run_id=manual__2025-06-18T15:33:18.394008+00:00, execution_date=20250618T153318, start_date=20250618T153326, end_date=20250618T153330
[2025-06-18T15:33:30.195+0000] {local_task_job_runner.py:240} INFO - Task exited with return code 0
[2025-06-18T15:33:30.235+0000] {taskinstance.py:3498} INFO - 0 downstream tasks scheduled from follow-on schedule check
[2025-06-18T15:33:30.237+0000] {local_task_job_runner.py:222} INFO - ::endgroup::
