[2025-06-14T17:13:42.465+0000] {local_task_job_runner.py:120} INFO - ::group::Pre task execution logs
[2025-06-14T17:13:42.505+0000] {taskinstance.py:2076} INFO - Dependencies all met for dep_context=non-requeueable deps ti=<TaskInstance: usdpkr_forecasting_modular.prepare_data manual__2025-06-14T17:03:50.195906+00:00 [queued]>
[2025-06-14T17:13:42.515+0000] {taskinstance.py:2076} INFO - Dependencies all met for dep_context=requeueable deps ti=<TaskInstance: usdpkr_forecasting_modular.prepare_data manual__2025-06-14T17:03:50.195906+00:00 [queued]>
[2025-06-14T17:13:42.515+0000] {taskinstance.py:2306} INFO - Starting attempt 1 of 4
[2025-06-14T17:13:42.544+0000] {taskinstance.py:2330} INFO - Executing <Task(PythonOperator): prepare_data> on 2025-06-14 17:03:50.195906+00:00
[2025-06-14T17:13:42.551+0000] {standard_task_runner.py:63} INFO - Started process 958 to run task
[2025-06-14T17:13:42.554+0000] {standard_task_runner.py:90} INFO - Running: ['***', 'tasks', 'run', 'usdpkr_forecasting_modular', 'prepare_data', 'manual__2025-06-14T17:03:50.195906+00:00', '--job-id', '403', '--raw', '--subdir', 'DAGS_FOLDER/usdpkr_forecasting_dag.py', '--cfg-path', '/tmp/tmpvdh93g5r']
[2025-06-14T17:13:42.556+0000] {standard_task_runner.py:91} INFO - Job 403: Subtask prepare_data
[2025-06-14T17:13:42.599+0000] {task_command.py:426} INFO - Running <TaskInstance: usdpkr_forecasting_modular.prepare_data manual__2025-06-14T17:03:50.195906+00:00 [running]> on host 1ada37a5d2dc
[2025-06-14T17:13:42.684+0000] {taskinstance.py:2648} INFO - Exporting env vars: AIRFLOW_CTX_DAG_OWNER='***' AIRFLOW_CTX_DAG_ID='usdpkr_forecasting_modular' AIRFLOW_CTX_TASK_ID='prepare_data' AIRFLOW_CTX_EXECUTION_DATE='2025-06-14T17:03:50.195906+00:00' AIRFLOW_CTX_TRY_NUMBER='1' AIRFLOW_CTX_DAG_RUN_ID='manual__2025-06-14T17:03:50.195906+00:00'
[2025-06-14T17:13:42.685+0000] {taskinstance.py:430} INFO - ::endgroup::
[2025-06-14T17:13:42.696+0000] {taskinstance.py:441} INFO - ::group::Post task execution logs
[2025-06-14T17:13:42.697+0000] {taskinstance.py:2905} ERROR - Task failed with exception
Traceback (most recent call last):
  File "/home/airflow/.local/lib/python3.12/site-packages/airflow/models/taskinstance.py", line 465, in _execute_task
    result = _execute_callable(context=context, **execute_callable_kwargs)
             ^^^^^^^^^^^^^^^^^^^^^^^^^^^^^^^^^^^^^^^^^^^^^^^^^^^^^^^^^^^^^
  File "/home/airflow/.local/lib/python3.12/site-packages/airflow/models/taskinstance.py", line 432, in _execute_callable
    return execute_callable(context=context, **execute_callable_kwargs)
           ^^^^^^^^^^^^^^^^^^^^^^^^^^^^^^^^^^^^^^^^^^^^^^^^^^^^^^^^^^^^
  File "/home/airflow/.local/lib/python3.12/site-packages/airflow/models/baseoperator.py", line 400, in wrapper
    return func(self, *args, **kwargs)
           ^^^^^^^^^^^^^^^^^^^^^^^^^^^
  File "/home/airflow/.local/lib/python3.12/site-packages/airflow/operators/python.py", line 235, in execute
    return_value = self.execute_callable()
                   ^^^^^^^^^^^^^^^^^^^^^^^
  File "/home/airflow/.local/lib/python3.12/site-packages/airflow/operators/python.py", line 252, in execute_callable
    return self.python_callable(*self.op_args, **self.op_kwargs)
           ^^^^^^^^^^^^^^^^^^^^^^^^^^^^^^^^^^^^^^^^^^^^^^^^^^^^^
TypeError: prepare_data_for_modeling() missing 1 required positional argument: 'df'
[2025-06-14T17:13:42.705+0000] {taskinstance.py:1206} INFO - Marking task as UP_FOR_RETRY. dag_id=usdpkr_forecasting_modular, task_id=prepare_data, run_id=manual__2025-06-14T17:03:50.195906+00:00, execution_date=20250614T170350, start_date=20250614T171342, end_date=20250614T171342
[2025-06-14T17:13:42.717+0000] {standard_task_runner.py:110} ERROR - Failed to execute job 403 for task prepare_data (prepare_data_for_modeling() missing 1 required positional argument: 'df'; 958)
[2025-06-14T17:13:42.727+0000] {local_task_job_runner.py:240} INFO - Task exited with return code 1
[2025-06-14T17:13:42.749+0000] {taskinstance.py:3498} INFO - 0 downstream tasks scheduled from follow-on schedule check
[2025-06-14T17:13:42.753+0000] {local_task_job_runner.py:222} INFO - ::endgroup::
