[2025-05-10T12:26:12.069+0000] {processor.py:161} INFO - Started process (PID=162) to work on /opt/airflow/dags/example_dag.py
[2025-05-10T12:26:12.070+0000] {processor.py:830} INFO - Processing file /opt/airflow/dags/example_dag.py for tasks to queue
[2025-05-10T12:26:12.072+0000] {logging_mixin.py:188} INFO - [2025-05-10T12:26:12.072+0000] {dagbag.py:545} INFO - Filling up the DagBag from /opt/airflow/dags/example_dag.py
[2025-05-10T12:26:12.109+0000] {processor.py:840} INFO - DAG(s) 'example_dag' retrieved from /opt/airflow/dags/example_dag.py
[2025-05-10T12:26:12.319+0000] {logging_mixin.py:188} INFO - [2025-05-10T12:26:12.318+0000] {override.py:1829} INFO - Created Permission View: can delete on DAG:example_dag
[2025-05-10T12:26:12.332+0000] {logging_mixin.py:188} INFO - [2025-05-10T12:26:12.332+0000] {override.py:1829} INFO - Created Permission View: can read on DAG:example_dag
[2025-05-10T12:26:12.339+0000] {logging_mixin.py:188} INFO - [2025-05-10T12:26:12.339+0000] {override.py:1829} INFO - Created Permission View: can edit on DAG:example_dag
[2025-05-10T12:26:12.340+0000] {logging_mixin.py:188} INFO - [2025-05-10T12:26:12.340+0000] {dag.py:3096} INFO - Sync 1 DAGs
[2025-05-10T12:26:12.350+0000] {logging_mixin.py:188} INFO - [2025-05-10T12:26:12.350+0000] {dag.py:3118} INFO - Creating ORM DAG for example_dag
[2025-05-10T12:26:12.360+0000] {logging_mixin.py:188} INFO - [2025-05-10T12:26:12.360+0000] {dag.py:3954} INFO - Setting next_dagrun for example_dag to 2025-05-09 00:00:00+00:00, run_after=2025-05-10 00:00:00+00:00
[2025-05-10T12:26:12.377+0000] {processor.py:183} INFO - Processing /opt/airflow/dags/example_dag.py took 0.313 seconds
[2025-05-10T12:26:33.501+0000] {processor.py:161} INFO - Started process (PID=167) to work on /opt/airflow/dags/example_dag.py
[2025-05-10T12:26:33.502+0000] {processor.py:830} INFO - Processing file /opt/airflow/dags/example_dag.py for tasks to queue
[2025-05-10T12:26:33.504+0000] {logging_mixin.py:188} INFO - [2025-05-10T12:26:33.504+0000] {dagbag.py:545} INFO - Filling up the DagBag from /opt/airflow/dags/example_dag.py
[2025-05-10T12:26:33.534+0000] {processor.py:840} INFO - DAG(s) 'example_dag' retrieved from /opt/airflow/dags/example_dag.py
[2025-05-10T12:26:33.546+0000] {logging_mixin.py:188} INFO - [2025-05-10T12:26:33.546+0000] {dag.py:3096} INFO - Sync 1 DAGs
[2025-05-10T12:26:33.567+0000] {logging_mixin.py:188} INFO - [2025-05-10T12:26:33.566+0000] {dag.py:3954} INFO - Setting next_dagrun for example_dag to 2025-05-09 00:00:00+00:00, run_after=2025-05-10 00:00:00+00:00
[2025-05-10T12:26:33.589+0000] {processor.py:183} INFO - Processing /opt/airflow/dags/example_dag.py took 0.094 seconds
[2025-05-10T12:27:03.640+0000] {processor.py:161} INFO - Started process (PID=172) to work on /opt/airflow/dags/example_dag.py
[2025-05-10T12:27:03.641+0000] {processor.py:830} INFO - Processing file /opt/airflow/dags/example_dag.py for tasks to queue
[2025-05-10T12:27:03.643+0000] {logging_mixin.py:188} INFO - [2025-05-10T12:27:03.643+0000] {dagbag.py:545} INFO - Filling up the DagBag from /opt/airflow/dags/example_dag.py
[2025-05-10T12:27:03.664+0000] {processor.py:840} INFO - DAG(s) 'example_dag' retrieved from /opt/airflow/dags/example_dag.py
[2025-05-10T12:27:03.688+0000] {logging_mixin.py:188} INFO - [2025-05-10T12:27:03.688+0000] {dag.py:3096} INFO - Sync 1 DAGs
[2025-05-10T12:27:03.708+0000] {logging_mixin.py:188} INFO - [2025-05-10T12:27:03.708+0000] {dag.py:3954} INFO - Setting next_dagrun for example_dag to 2025-05-09 00:00:00+00:00, run_after=2025-05-10 00:00:00+00:00
[2025-05-10T12:27:03.725+0000] {processor.py:183} INFO - Processing /opt/airflow/dags/example_dag.py took 0.090 seconds
[2025-05-10T12:27:33.887+0000] {processor.py:161} INFO - Started process (PID=177) to work on /opt/airflow/dags/example_dag.py
[2025-05-10T12:27:33.888+0000] {processor.py:830} INFO - Processing file /opt/airflow/dags/example_dag.py for tasks to queue
[2025-05-10T12:27:33.890+0000] {logging_mixin.py:188} INFO - [2025-05-10T12:27:33.890+0000] {dagbag.py:545} INFO - Filling up the DagBag from /opt/airflow/dags/example_dag.py
[2025-05-10T12:27:33.910+0000] {processor.py:840} INFO - DAG(s) 'example_dag' retrieved from /opt/airflow/dags/example_dag.py
[2025-05-10T12:27:33.933+0000] {logging_mixin.py:188} INFO - [2025-05-10T12:27:33.933+0000] {dag.py:3096} INFO - Sync 1 DAGs
[2025-05-10T12:27:33.955+0000] {logging_mixin.py:188} INFO - [2025-05-10T12:27:33.955+0000] {dag.py:3954} INFO - Setting next_dagrun for example_dag to 2025-05-09 00:00:00+00:00, run_after=2025-05-10 00:00:00+00:00
[2025-05-10T12:27:33.974+0000] {processor.py:183} INFO - Processing /opt/airflow/dags/example_dag.py took 0.092 seconds
[2025-05-10T12:28:04.041+0000] {processor.py:161} INFO - Started process (PID=185) to work on /opt/airflow/dags/example_dag.py
[2025-05-10T12:28:04.042+0000] {processor.py:830} INFO - Processing file /opt/airflow/dags/example_dag.py for tasks to queue
[2025-05-10T12:28:04.043+0000] {logging_mixin.py:188} INFO - [2025-05-10T12:28:04.043+0000] {dagbag.py:545} INFO - Filling up the DagBag from /opt/airflow/dags/example_dag.py
[2025-05-10T12:28:04.065+0000] {processor.py:840} INFO - DAG(s) 'example_dag' retrieved from /opt/airflow/dags/example_dag.py
[2025-05-10T12:28:04.087+0000] {logging_mixin.py:188} INFO - [2025-05-10T12:28:04.087+0000] {dag.py:3096} INFO - Sync 1 DAGs
[2025-05-10T12:28:04.108+0000] {logging_mixin.py:188} INFO - [2025-05-10T12:28:04.107+0000] {dag.py:3954} INFO - Setting next_dagrun for example_dag to 2025-05-10 00:00:00+00:00, run_after=2025-05-11 00:00:00+00:00
[2025-05-10T12:28:04.125+0000] {processor.py:183} INFO - Processing /opt/airflow/dags/example_dag.py took 0.090 seconds
[2025-05-10T12:28:34.301+0000] {processor.py:161} INFO - Started process (PID=190) to work on /opt/airflow/dags/example_dag.py
[2025-05-10T12:28:34.302+0000] {processor.py:830} INFO - Processing file /opt/airflow/dags/example_dag.py for tasks to queue
[2025-05-10T12:28:34.304+0000] {logging_mixin.py:188} INFO - [2025-05-10T12:28:34.304+0000] {dagbag.py:545} INFO - Filling up the DagBag from /opt/airflow/dags/example_dag.py
[2025-05-10T12:28:34.324+0000] {processor.py:840} INFO - DAG(s) 'example_dag' retrieved from /opt/airflow/dags/example_dag.py
[2025-05-10T12:28:34.346+0000] {logging_mixin.py:188} INFO - [2025-05-10T12:28:34.346+0000] {dag.py:3096} INFO - Sync 1 DAGs
[2025-05-10T12:28:34.368+0000] {logging_mixin.py:188} INFO - [2025-05-10T12:28:34.367+0000] {dag.py:3954} INFO - Setting next_dagrun for example_dag to 2025-05-10 00:00:00+00:00, run_after=2025-05-11 00:00:00+00:00
[2025-05-10T12:28:34.386+0000] {processor.py:183} INFO - Processing /opt/airflow/dags/example_dag.py took 0.090 seconds
[2025-05-10T12:29:04.451+0000] {processor.py:161} INFO - Started process (PID=195) to work on /opt/airflow/dags/example_dag.py
[2025-05-10T12:29:04.453+0000] {processor.py:830} INFO - Processing file /opt/airflow/dags/example_dag.py for tasks to queue
[2025-05-10T12:29:04.454+0000] {logging_mixin.py:188} INFO - [2025-05-10T12:29:04.454+0000] {dagbag.py:545} INFO - Filling up the DagBag from /opt/airflow/dags/example_dag.py
[2025-05-10T12:29:04.477+0000] {processor.py:840} INFO - DAG(s) 'example_dag' retrieved from /opt/airflow/dags/example_dag.py
[2025-05-10T12:29:04.500+0000] {logging_mixin.py:188} INFO - [2025-05-10T12:29:04.500+0000] {dag.py:3096} INFO - Sync 1 DAGs
[2025-05-10T12:29:04.521+0000] {logging_mixin.py:188} INFO - [2025-05-10T12:29:04.521+0000] {dag.py:3954} INFO - Setting next_dagrun for example_dag to 2025-05-10 00:00:00+00:00, run_after=2025-05-11 00:00:00+00:00
[2025-05-10T12:29:04.538+0000] {processor.py:183} INFO - Processing /opt/airflow/dags/example_dag.py took 0.092 seconds
[2025-05-10T12:29:34.704+0000] {processor.py:161} INFO - Started process (PID=200) to work on /opt/airflow/dags/example_dag.py
[2025-05-10T12:29:34.705+0000] {processor.py:830} INFO - Processing file /opt/airflow/dags/example_dag.py for tasks to queue
[2025-05-10T12:29:34.707+0000] {logging_mixin.py:188} INFO - [2025-05-10T12:29:34.707+0000] {dagbag.py:545} INFO - Filling up the DagBag from /opt/airflow/dags/example_dag.py
[2025-05-10T12:29:34.738+0000] {processor.py:840} INFO - DAG(s) 'example_dag' retrieved from /opt/airflow/dags/example_dag.py
[2025-05-10T12:29:34.764+0000] {logging_mixin.py:188} INFO - [2025-05-10T12:29:34.764+0000] {dag.py:3096} INFO - Sync 1 DAGs
[2025-05-10T12:29:34.787+0000] {logging_mixin.py:188} INFO - [2025-05-10T12:29:34.787+0000] {dag.py:3954} INFO - Setting next_dagrun for example_dag to 2025-05-10 00:00:00+00:00, run_after=2025-05-11 00:00:00+00:00
[2025-05-10T12:29:34.811+0000] {processor.py:183} INFO - Processing /opt/airflow/dags/example_dag.py took 0.112 seconds
[2025-05-10T12:30:04.856+0000] {processor.py:161} INFO - Started process (PID=205) to work on /opt/airflow/dags/example_dag.py
[2025-05-10T12:30:04.857+0000] {processor.py:830} INFO - Processing file /opt/airflow/dags/example_dag.py for tasks to queue
[2025-05-10T12:30:04.858+0000] {logging_mixin.py:188} INFO - [2025-05-10T12:30:04.858+0000] {dagbag.py:545} INFO - Filling up the DagBag from /opt/airflow/dags/example_dag.py
[2025-05-10T12:30:04.881+0000] {processor.py:840} INFO - DAG(s) 'example_dag' retrieved from /opt/airflow/dags/example_dag.py
[2025-05-10T12:30:04.906+0000] {logging_mixin.py:188} INFO - [2025-05-10T12:30:04.906+0000] {dag.py:3096} INFO - Sync 1 DAGs
[2025-05-10T12:30:04.931+0000] {logging_mixin.py:188} INFO - [2025-05-10T12:30:04.931+0000] {dag.py:3954} INFO - Setting next_dagrun for example_dag to 2025-05-10 00:00:00+00:00, run_after=2025-05-11 00:00:00+00:00
[2025-05-10T12:30:04.950+0000] {processor.py:183} INFO - Processing /opt/airflow/dags/example_dag.py took 0.100 seconds
[2025-05-10T12:30:35.110+0000] {processor.py:161} INFO - Started process (PID=210) to work on /opt/airflow/dags/example_dag.py
[2025-05-10T12:30:35.111+0000] {processor.py:830} INFO - Processing file /opt/airflow/dags/example_dag.py for tasks to queue
[2025-05-10T12:30:35.113+0000] {logging_mixin.py:188} INFO - [2025-05-10T12:30:35.113+0000] {dagbag.py:545} INFO - Filling up the DagBag from /opt/airflow/dags/example_dag.py
[2025-05-10T12:30:35.132+0000] {processor.py:840} INFO - DAG(s) 'example_dag' retrieved from /opt/airflow/dags/example_dag.py
[2025-05-10T12:30:35.155+0000] {logging_mixin.py:188} INFO - [2025-05-10T12:30:35.155+0000] {dag.py:3096} INFO - Sync 1 DAGs
[2025-05-10T12:30:35.179+0000] {logging_mixin.py:188} INFO - [2025-05-10T12:30:35.179+0000] {dag.py:3954} INFO - Setting next_dagrun for example_dag to 2025-05-10 00:00:00+00:00, run_after=2025-05-11 00:00:00+00:00
[2025-05-10T12:30:35.198+0000] {processor.py:183} INFO - Processing /opt/airflow/dags/example_dag.py took 0.094 seconds
[2025-05-10T12:31:05.313+0000] {processor.py:161} INFO - Started process (PID=215) to work on /opt/airflow/dags/example_dag.py
[2025-05-10T12:31:05.314+0000] {processor.py:830} INFO - Processing file /opt/airflow/dags/example_dag.py for tasks to queue
[2025-05-10T12:31:05.316+0000] {logging_mixin.py:188} INFO - [2025-05-10T12:31:05.316+0000] {dagbag.py:545} INFO - Filling up the DagBag from /opt/airflow/dags/example_dag.py
[2025-05-10T12:31:05.339+0000] {processor.py:840} INFO - DAG(s) 'example_dag' retrieved from /opt/airflow/dags/example_dag.py
[2025-05-10T12:31:05.361+0000] {logging_mixin.py:188} INFO - [2025-05-10T12:31:05.361+0000] {dag.py:3096} INFO - Sync 1 DAGs
[2025-05-10T12:31:05.382+0000] {logging_mixin.py:188} INFO - [2025-05-10T12:31:05.381+0000] {dag.py:3954} INFO - Setting next_dagrun for example_dag to 2025-05-10 00:00:00+00:00, run_after=2025-05-11 00:00:00+00:00
[2025-05-10T12:31:05.400+0000] {processor.py:183} INFO - Processing /opt/airflow/dags/example_dag.py took 0.091 seconds
[2025-05-10T12:31:35.560+0000] {processor.py:161} INFO - Started process (PID=220) to work on /opt/airflow/dags/example_dag.py
[2025-05-10T12:31:35.561+0000] {processor.py:830} INFO - Processing file /opt/airflow/dags/example_dag.py for tasks to queue
[2025-05-10T12:31:35.562+0000] {logging_mixin.py:188} INFO - [2025-05-10T12:31:35.562+0000] {dagbag.py:545} INFO - Filling up the DagBag from /opt/airflow/dags/example_dag.py
[2025-05-10T12:31:35.584+0000] {processor.py:840} INFO - DAG(s) 'example_dag' retrieved from /opt/airflow/dags/example_dag.py
[2025-05-10T12:31:35.607+0000] {logging_mixin.py:188} INFO - [2025-05-10T12:31:35.606+0000] {dag.py:3096} INFO - Sync 1 DAGs
[2025-05-10T12:31:35.627+0000] {logging_mixin.py:188} INFO - [2025-05-10T12:31:35.627+0000] {dag.py:3954} INFO - Setting next_dagrun for example_dag to 2025-05-10 00:00:00+00:00, run_after=2025-05-11 00:00:00+00:00
[2025-05-10T12:31:35.645+0000] {processor.py:183} INFO - Processing /opt/airflow/dags/example_dag.py took 0.090 seconds
[2025-05-10T12:32:05.703+0000] {processor.py:161} INFO - Started process (PID=225) to work on /opt/airflow/dags/example_dag.py
[2025-05-10T12:32:05.704+0000] {processor.py:830} INFO - Processing file /opt/airflow/dags/example_dag.py for tasks to queue
[2025-05-10T12:32:05.706+0000] {logging_mixin.py:188} INFO - [2025-05-10T12:32:05.706+0000] {dagbag.py:545} INFO - Filling up the DagBag from /opt/airflow/dags/example_dag.py
[2025-05-10T12:32:05.724+0000] {processor.py:840} INFO - DAG(s) 'example_dag' retrieved from /opt/airflow/dags/example_dag.py
[2025-05-10T12:32:05.747+0000] {logging_mixin.py:188} INFO - [2025-05-10T12:32:05.747+0000] {dag.py:3096} INFO - Sync 1 DAGs
[2025-05-10T12:32:05.772+0000] {logging_mixin.py:188} INFO - [2025-05-10T12:32:05.772+0000] {dag.py:3954} INFO - Setting next_dagrun for example_dag to 2025-05-10 00:00:00+00:00, run_after=2025-05-11 00:00:00+00:00
[2025-05-10T12:32:05.790+0000] {processor.py:183} INFO - Processing /opt/airflow/dags/example_dag.py took 0.092 seconds
[2025-05-10T12:32:35.854+0000] {processor.py:161} INFO - Started process (PID=230) to work on /opt/airflow/dags/example_dag.py
[2025-05-10T12:32:35.855+0000] {processor.py:830} INFO - Processing file /opt/airflow/dags/example_dag.py for tasks to queue
[2025-05-10T12:32:35.857+0000] {logging_mixin.py:188} INFO - [2025-05-10T12:32:35.857+0000] {dagbag.py:545} INFO - Filling up the DagBag from /opt/airflow/dags/example_dag.py
[2025-05-10T12:32:35.878+0000] {processor.py:840} INFO - DAG(s) 'example_dag' retrieved from /opt/airflow/dags/example_dag.py
[2025-05-10T12:32:35.901+0000] {logging_mixin.py:188} INFO - [2025-05-10T12:32:35.901+0000] {dag.py:3096} INFO - Sync 1 DAGs
[2025-05-10T12:32:35.923+0000] {logging_mixin.py:188} INFO - [2025-05-10T12:32:35.923+0000] {dag.py:3954} INFO - Setting next_dagrun for example_dag to 2025-05-10 00:00:00+00:00, run_after=2025-05-11 00:00:00+00:00
[2025-05-10T12:32:35.942+0000] {processor.py:183} INFO - Processing /opt/airflow/dags/example_dag.py took 0.095 seconds
[2025-05-10T12:33:06.075+0000] {processor.py:161} INFO - Started process (PID=235) to work on /opt/airflow/dags/example_dag.py
[2025-05-10T12:33:06.076+0000] {processor.py:830} INFO - Processing file /opt/airflow/dags/example_dag.py for tasks to queue
[2025-05-10T12:33:06.078+0000] {logging_mixin.py:188} INFO - [2025-05-10T12:33:06.077+0000] {dagbag.py:545} INFO - Filling up the DagBag from /opt/airflow/dags/example_dag.py
[2025-05-10T12:33:06.097+0000] {processor.py:840} INFO - DAG(s) 'example_dag' retrieved from /opt/airflow/dags/example_dag.py
[2025-05-10T12:33:06.119+0000] {logging_mixin.py:188} INFO - [2025-05-10T12:33:06.119+0000] {dag.py:3096} INFO - Sync 1 DAGs
[2025-05-10T12:33:06.140+0000] {logging_mixin.py:188} INFO - [2025-05-10T12:33:06.139+0000] {dag.py:3954} INFO - Setting next_dagrun for example_dag to 2025-05-10 00:00:00+00:00, run_after=2025-05-11 00:00:00+00:00
[2025-05-10T12:33:06.163+0000] {processor.py:183} INFO - Processing /opt/airflow/dags/example_dag.py took 0.093 seconds
[2025-05-10T12:33:36.226+0000] {processor.py:161} INFO - Started process (PID=240) to work on /opt/airflow/dags/example_dag.py
[2025-05-10T12:33:36.227+0000] {processor.py:830} INFO - Processing file /opt/airflow/dags/example_dag.py for tasks to queue
[2025-05-10T12:33:36.229+0000] {logging_mixin.py:188} INFO - [2025-05-10T12:33:36.228+0000] {dagbag.py:545} INFO - Filling up the DagBag from /opt/airflow/dags/example_dag.py
[2025-05-10T12:33:36.246+0000] {processor.py:840} INFO - DAG(s) 'example_dag' retrieved from /opt/airflow/dags/example_dag.py
[2025-05-10T12:33:36.272+0000] {logging_mixin.py:188} INFO - [2025-05-10T12:33:36.272+0000] {dag.py:3096} INFO - Sync 1 DAGs
[2025-05-10T12:33:36.298+0000] {logging_mixin.py:188} INFO - [2025-05-10T12:33:36.297+0000] {dag.py:3954} INFO - Setting next_dagrun for example_dag to 2025-05-10 00:00:00+00:00, run_after=2025-05-11 00:00:00+00:00
[2025-05-10T12:33:36.317+0000] {processor.py:183} INFO - Processing /opt/airflow/dags/example_dag.py took 0.097 seconds
[2025-05-10T12:34:06.497+0000] {processor.py:161} INFO - Started process (PID=245) to work on /opt/airflow/dags/example_dag.py
[2025-05-10T12:34:06.498+0000] {processor.py:830} INFO - Processing file /opt/airflow/dags/example_dag.py for tasks to queue
[2025-05-10T12:34:06.500+0000] {logging_mixin.py:188} INFO - [2025-05-10T12:34:06.500+0000] {dagbag.py:545} INFO - Filling up the DagBag from /opt/airflow/dags/example_dag.py
[2025-05-10T12:34:06.520+0000] {processor.py:840} INFO - DAG(s) 'example_dag' retrieved from /opt/airflow/dags/example_dag.py
[2025-05-10T12:34:06.542+0000] {logging_mixin.py:188} INFO - [2025-05-10T12:34:06.542+0000] {dag.py:3096} INFO - Sync 1 DAGs
[2025-05-10T12:34:06.563+0000] {logging_mixin.py:188} INFO - [2025-05-10T12:34:06.563+0000] {dag.py:3954} INFO - Setting next_dagrun for example_dag to 2025-05-10 00:00:00+00:00, run_after=2025-05-11 00:00:00+00:00
[2025-05-10T12:34:06.581+0000] {processor.py:183} INFO - Processing /opt/airflow/dags/example_dag.py took 0.089 seconds
[2025-05-10T12:34:36.648+0000] {processor.py:161} INFO - Started process (PID=250) to work on /opt/airflow/dags/example_dag.py
[2025-05-10T12:34:36.649+0000] {processor.py:830} INFO - Processing file /opt/airflow/dags/example_dag.py for tasks to queue
[2025-05-10T12:34:36.651+0000] {logging_mixin.py:188} INFO - [2025-05-10T12:34:36.651+0000] {dagbag.py:545} INFO - Filling up the DagBag from /opt/airflow/dags/example_dag.py
[2025-05-10T12:34:36.672+0000] {processor.py:840} INFO - DAG(s) 'example_dag' retrieved from /opt/airflow/dags/example_dag.py
[2025-05-10T12:34:36.694+0000] {logging_mixin.py:188} INFO - [2025-05-10T12:34:36.694+0000] {dag.py:3096} INFO - Sync 1 DAGs
[2025-05-10T12:34:36.714+0000] {logging_mixin.py:188} INFO - [2025-05-10T12:34:36.714+0000] {dag.py:3954} INFO - Setting next_dagrun for example_dag to 2025-05-10 00:00:00+00:00, run_after=2025-05-11 00:00:00+00:00
[2025-05-10T12:34:36.732+0000] {processor.py:183} INFO - Processing /opt/airflow/dags/example_dag.py took 0.089 seconds
[2025-05-10T12:35:06.867+0000] {processor.py:161} INFO - Started process (PID=255) to work on /opt/airflow/dags/example_dag.py
[2025-05-10T12:35:06.868+0000] {processor.py:830} INFO - Processing file /opt/airflow/dags/example_dag.py for tasks to queue
[2025-05-10T12:35:06.870+0000] {logging_mixin.py:188} INFO - [2025-05-10T12:35:06.870+0000] {dagbag.py:545} INFO - Filling up the DagBag from /opt/airflow/dags/example_dag.py
[2025-05-10T12:35:06.891+0000] {processor.py:840} INFO - DAG(s) 'example_dag' retrieved from /opt/airflow/dags/example_dag.py
[2025-05-10T12:35:06.913+0000] {logging_mixin.py:188} INFO - [2025-05-10T12:35:06.913+0000] {dag.py:3096} INFO - Sync 1 DAGs
[2025-05-10T12:35:06.938+0000] {logging_mixin.py:188} INFO - [2025-05-10T12:35:06.938+0000] {dag.py:3954} INFO - Setting next_dagrun for example_dag to 2025-05-10 00:00:00+00:00, run_after=2025-05-11 00:00:00+00:00
[2025-05-10T12:35:06.958+0000] {processor.py:183} INFO - Processing /opt/airflow/dags/example_dag.py took 0.096 seconds
[2025-05-10T12:35:37.017+0000] {processor.py:161} INFO - Started process (PID=260) to work on /opt/airflow/dags/example_dag.py
[2025-05-10T12:35:37.018+0000] {processor.py:830} INFO - Processing file /opt/airflow/dags/example_dag.py for tasks to queue
[2025-05-10T12:35:37.021+0000] {logging_mixin.py:188} INFO - [2025-05-10T12:35:37.020+0000] {dagbag.py:545} INFO - Filling up the DagBag from /opt/airflow/dags/example_dag.py
[2025-05-10T12:35:37.042+0000] {processor.py:840} INFO - DAG(s) 'example_dag' retrieved from /opt/airflow/dags/example_dag.py
[2025-05-10T12:35:37.067+0000] {logging_mixin.py:188} INFO - [2025-05-10T12:35:37.066+0000] {dag.py:3096} INFO - Sync 1 DAGs
[2025-05-10T12:35:37.088+0000] {logging_mixin.py:188} INFO - [2025-05-10T12:35:37.087+0000] {dag.py:3954} INFO - Setting next_dagrun for example_dag to 2025-05-10 00:00:00+00:00, run_after=2025-05-11 00:00:00+00:00
[2025-05-10T12:35:37.105+0000] {processor.py:183} INFO - Processing /opt/airflow/dags/example_dag.py took 0.093 seconds
[2025-05-10T12:36:07.251+0000] {processor.py:161} INFO - Started process (PID=265) to work on /opt/airflow/dags/example_dag.py
[2025-05-10T12:36:07.252+0000] {processor.py:830} INFO - Processing file /opt/airflow/dags/example_dag.py for tasks to queue
[2025-05-10T12:36:07.254+0000] {logging_mixin.py:188} INFO - [2025-05-10T12:36:07.254+0000] {dagbag.py:545} INFO - Filling up the DagBag from /opt/airflow/dags/example_dag.py
[2025-05-10T12:36:07.274+0000] {processor.py:840} INFO - DAG(s) 'example_dag' retrieved from /opt/airflow/dags/example_dag.py
[2025-05-10T12:36:07.298+0000] {logging_mixin.py:188} INFO - [2025-05-10T12:36:07.297+0000] {dag.py:3096} INFO - Sync 1 DAGs
[2025-05-10T12:36:07.319+0000] {logging_mixin.py:188} INFO - [2025-05-10T12:36:07.318+0000] {dag.py:3954} INFO - Setting next_dagrun for example_dag to 2025-05-10 00:00:00+00:00, run_after=2025-05-11 00:00:00+00:00
[2025-05-10T12:36:07.335+0000] {processor.py:183} INFO - Processing /opt/airflow/dags/example_dag.py took 0.089 seconds
[2025-05-10T12:36:37.431+0000] {processor.py:161} INFO - Started process (PID=270) to work on /opt/airflow/dags/example_dag.py
[2025-05-10T12:36:37.432+0000] {processor.py:830} INFO - Processing file /opt/airflow/dags/example_dag.py for tasks to queue
[2025-05-10T12:36:37.434+0000] {logging_mixin.py:188} INFO - [2025-05-10T12:36:37.434+0000] {dagbag.py:545} INFO - Filling up the DagBag from /opt/airflow/dags/example_dag.py
[2025-05-10T12:36:37.455+0000] {processor.py:840} INFO - DAG(s) 'example_dag' retrieved from /opt/airflow/dags/example_dag.py
[2025-05-10T12:36:37.478+0000] {logging_mixin.py:188} INFO - [2025-05-10T12:36:37.477+0000] {dag.py:3096} INFO - Sync 1 DAGs
[2025-05-10T12:36:37.499+0000] {logging_mixin.py:188} INFO - [2025-05-10T12:36:37.499+0000] {dag.py:3954} INFO - Setting next_dagrun for example_dag to 2025-05-10 00:00:00+00:00, run_after=2025-05-11 00:00:00+00:00
[2025-05-10T12:36:37.519+0000] {processor.py:183} INFO - Processing /opt/airflow/dags/example_dag.py took 0.093 seconds
[2025-05-10T12:37:07.621+0000] {processor.py:161} INFO - Started process (PID=275) to work on /opt/airflow/dags/example_dag.py
[2025-05-10T12:37:07.622+0000] {processor.py:830} INFO - Processing file /opt/airflow/dags/example_dag.py for tasks to queue
[2025-05-10T12:37:07.623+0000] {logging_mixin.py:188} INFO - [2025-05-10T12:37:07.623+0000] {dagbag.py:545} INFO - Filling up the DagBag from /opt/airflow/dags/example_dag.py
[2025-05-10T12:37:07.643+0000] {processor.py:840} INFO - DAG(s) 'example_dag' retrieved from /opt/airflow/dags/example_dag.py
[2025-05-10T12:37:07.665+0000] {logging_mixin.py:188} INFO - [2025-05-10T12:37:07.665+0000] {dag.py:3096} INFO - Sync 1 DAGs
[2025-05-10T12:37:07.686+0000] {logging_mixin.py:188} INFO - [2025-05-10T12:37:07.686+0000] {dag.py:3954} INFO - Setting next_dagrun for example_dag to 2025-05-10 00:00:00+00:00, run_after=2025-05-11 00:00:00+00:00
[2025-05-10T12:37:07.704+0000] {processor.py:183} INFO - Processing /opt/airflow/dags/example_dag.py took 0.088 seconds
[2025-05-10T12:37:37.800+0000] {processor.py:161} INFO - Started process (PID=280) to work on /opt/airflow/dags/example_dag.py
[2025-05-10T12:37:37.801+0000] {processor.py:830} INFO - Processing file /opt/airflow/dags/example_dag.py for tasks to queue
[2025-05-10T12:37:37.803+0000] {logging_mixin.py:188} INFO - [2025-05-10T12:37:37.803+0000] {dagbag.py:545} INFO - Filling up the DagBag from /opt/airflow/dags/example_dag.py
[2025-05-10T12:37:37.825+0000] {processor.py:840} INFO - DAG(s) 'example_dag' retrieved from /opt/airflow/dags/example_dag.py
[2025-05-10T12:37:37.848+0000] {logging_mixin.py:188} INFO - [2025-05-10T12:37:37.847+0000] {dag.py:3096} INFO - Sync 1 DAGs
[2025-05-10T12:37:37.871+0000] {logging_mixin.py:188} INFO - [2025-05-10T12:37:37.870+0000] {dag.py:3954} INFO - Setting next_dagrun for example_dag to 2025-05-10 00:00:00+00:00, run_after=2025-05-11 00:00:00+00:00
[2025-05-10T12:37:37.888+0000] {processor.py:183} INFO - Processing /opt/airflow/dags/example_dag.py took 0.093 seconds
[2025-05-10T12:38:07.987+0000] {processor.py:161} INFO - Started process (PID=285) to work on /opt/airflow/dags/example_dag.py
[2025-05-10T12:38:07.990+0000] {processor.py:830} INFO - Processing file /opt/airflow/dags/example_dag.py for tasks to queue
[2025-05-10T12:38:07.992+0000] {logging_mixin.py:188} INFO - [2025-05-10T12:38:07.992+0000] {dagbag.py:545} INFO - Filling up the DagBag from /opt/airflow/dags/example_dag.py
[2025-05-10T12:38:08.021+0000] {processor.py:840} INFO - DAG(s) 'example_dag' retrieved from /opt/airflow/dags/example_dag.py
[2025-05-10T12:38:08.059+0000] {logging_mixin.py:188} INFO - [2025-05-10T12:38:08.059+0000] {dag.py:3096} INFO - Sync 1 DAGs
[2025-05-10T12:38:08.086+0000] {logging_mixin.py:188} INFO - [2025-05-10T12:38:08.085+0000] {dag.py:3954} INFO - Setting next_dagrun for example_dag to 2025-05-10 00:00:00+00:00, run_after=2025-05-11 00:00:00+00:00
[2025-05-10T12:38:08.109+0000] {processor.py:183} INFO - Processing /opt/airflow/dags/example_dag.py took 0.129 seconds
[2025-05-10T12:38:38.173+0000] {processor.py:161} INFO - Started process (PID=290) to work on /opt/airflow/dags/example_dag.py
[2025-05-10T12:38:38.174+0000] {processor.py:830} INFO - Processing file /opt/airflow/dags/example_dag.py for tasks to queue
[2025-05-10T12:38:38.175+0000] {logging_mixin.py:188} INFO - [2025-05-10T12:38:38.175+0000] {dagbag.py:545} INFO - Filling up the DagBag from /opt/airflow/dags/example_dag.py
[2025-05-10T12:38:38.195+0000] {processor.py:840} INFO - DAG(s) 'example_dag' retrieved from /opt/airflow/dags/example_dag.py
[2025-05-10T12:38:38.218+0000] {logging_mixin.py:188} INFO - [2025-05-10T12:38:38.218+0000] {dag.py:3096} INFO - Sync 1 DAGs
[2025-05-10T12:38:38.242+0000] {logging_mixin.py:188} INFO - [2025-05-10T12:38:38.241+0000] {dag.py:3954} INFO - Setting next_dagrun for example_dag to 2025-05-10 00:00:00+00:00, run_after=2025-05-11 00:00:00+00:00
[2025-05-10T12:38:38.260+0000] {processor.py:183} INFO - Processing /opt/airflow/dags/example_dag.py took 0.093 seconds
[2025-05-10T12:39:08.396+0000] {processor.py:161} INFO - Started process (PID=295) to work on /opt/airflow/dags/example_dag.py
[2025-05-10T12:39:08.397+0000] {processor.py:830} INFO - Processing file /opt/airflow/dags/example_dag.py for tasks to queue
[2025-05-10T12:39:08.399+0000] {logging_mixin.py:188} INFO - [2025-05-10T12:39:08.399+0000] {dagbag.py:545} INFO - Filling up the DagBag from /opt/airflow/dags/example_dag.py
[2025-05-10T12:39:08.420+0000] {processor.py:840} INFO - DAG(s) 'example_dag' retrieved from /opt/airflow/dags/example_dag.py
[2025-05-10T12:39:08.447+0000] {logging_mixin.py:188} INFO - [2025-05-10T12:39:08.447+0000] {dag.py:3096} INFO - Sync 1 DAGs
[2025-05-10T12:39:08.472+0000] {logging_mixin.py:188} INFO - [2025-05-10T12:39:08.472+0000] {dag.py:3954} INFO - Setting next_dagrun for example_dag to 2025-05-10 00:00:00+00:00, run_after=2025-05-11 00:00:00+00:00
[2025-05-10T12:39:08.494+0000] {processor.py:183} INFO - Processing /opt/airflow/dags/example_dag.py took 0.103 seconds
[2025-05-10T12:39:38.549+0000] {processor.py:161} INFO - Started process (PID=300) to work on /opt/airflow/dags/example_dag.py
[2025-05-10T12:39:38.550+0000] {processor.py:830} INFO - Processing file /opt/airflow/dags/example_dag.py for tasks to queue
[2025-05-10T12:39:38.552+0000] {logging_mixin.py:188} INFO - [2025-05-10T12:39:38.551+0000] {dagbag.py:545} INFO - Filling up the DagBag from /opt/airflow/dags/example_dag.py
[2025-05-10T12:39:38.572+0000] {processor.py:840} INFO - DAG(s) 'example_dag' retrieved from /opt/airflow/dags/example_dag.py
[2025-05-10T12:39:38.596+0000] {logging_mixin.py:188} INFO - [2025-05-10T12:39:38.596+0000] {dag.py:3096} INFO - Sync 1 DAGs
[2025-05-10T12:39:38.618+0000] {logging_mixin.py:188} INFO - [2025-05-10T12:39:38.617+0000] {dag.py:3954} INFO - Setting next_dagrun for example_dag to 2025-05-10 00:00:00+00:00, run_after=2025-05-11 00:00:00+00:00
[2025-05-10T12:39:38.635+0000] {processor.py:183} INFO - Processing /opt/airflow/dags/example_dag.py took 0.092 seconds
[2025-05-10T12:40:08.780+0000] {processor.py:161} INFO - Started process (PID=305) to work on /opt/airflow/dags/example_dag.py
[2025-05-10T12:40:08.780+0000] {processor.py:830} INFO - Processing file /opt/airflow/dags/example_dag.py for tasks to queue
[2025-05-10T12:40:08.782+0000] {logging_mixin.py:188} INFO - [2025-05-10T12:40:08.782+0000] {dagbag.py:545} INFO - Filling up the DagBag from /opt/airflow/dags/example_dag.py
[2025-05-10T12:40:08.801+0000] {processor.py:840} INFO - DAG(s) 'example_dag' retrieved from /opt/airflow/dags/example_dag.py
[2025-05-10T12:40:08.823+0000] {logging_mixin.py:188} INFO - [2025-05-10T12:40:08.823+0000] {dag.py:3096} INFO - Sync 1 DAGs
[2025-05-10T12:40:08.843+0000] {logging_mixin.py:188} INFO - [2025-05-10T12:40:08.843+0000] {dag.py:3954} INFO - Setting next_dagrun for example_dag to 2025-05-10 00:00:00+00:00, run_after=2025-05-11 00:00:00+00:00
[2025-05-10T12:40:08.861+0000] {processor.py:183} INFO - Processing /opt/airflow/dags/example_dag.py took 0.086 seconds
[2025-05-10T12:40:38.928+0000] {processor.py:161} INFO - Started process (PID=310) to work on /opt/airflow/dags/example_dag.py
[2025-05-10T12:40:38.929+0000] {processor.py:830} INFO - Processing file /opt/airflow/dags/example_dag.py for tasks to queue
[2025-05-10T12:40:38.931+0000] {logging_mixin.py:188} INFO - [2025-05-10T12:40:38.930+0000] {dagbag.py:545} INFO - Filling up the DagBag from /opt/airflow/dags/example_dag.py
[2025-05-10T12:40:38.951+0000] {processor.py:840} INFO - DAG(s) 'example_dag' retrieved from /opt/airflow/dags/example_dag.py
[2025-05-10T12:40:38.976+0000] {logging_mixin.py:188} INFO - [2025-05-10T12:40:38.976+0000] {dag.py:3096} INFO - Sync 1 DAGs
[2025-05-10T12:40:38.998+0000] {logging_mixin.py:188} INFO - [2025-05-10T12:40:38.997+0000] {dag.py:3954} INFO - Setting next_dagrun for example_dag to 2025-05-10 00:00:00+00:00, run_after=2025-05-11 00:00:00+00:00
[2025-05-10T12:40:39.015+0000] {processor.py:183} INFO - Processing /opt/airflow/dags/example_dag.py took 0.093 seconds
[2025-05-10T12:41:09.190+0000] {processor.py:161} INFO - Started process (PID=315) to work on /opt/airflow/dags/example_dag.py
[2025-05-10T12:41:09.192+0000] {processor.py:830} INFO - Processing file /opt/airflow/dags/example_dag.py for tasks to queue
[2025-05-10T12:41:09.194+0000] {logging_mixin.py:188} INFO - [2025-05-10T12:41:09.193+0000] {dagbag.py:545} INFO - Filling up the DagBag from /opt/airflow/dags/example_dag.py
[2025-05-10T12:41:09.214+0000] {processor.py:840} INFO - DAG(s) 'example_dag' retrieved from /opt/airflow/dags/example_dag.py
[2025-05-10T12:41:09.239+0000] {logging_mixin.py:188} INFO - [2025-05-10T12:41:09.239+0000] {dag.py:3096} INFO - Sync 1 DAGs
[2025-05-10T12:41:09.263+0000] {logging_mixin.py:188} INFO - [2025-05-10T12:41:09.262+0000] {dag.py:3954} INFO - Setting next_dagrun for example_dag to 2025-05-10 00:00:00+00:00, run_after=2025-05-11 00:00:00+00:00
[2025-05-10T12:41:09.283+0000] {processor.py:183} INFO - Processing /opt/airflow/dags/example_dag.py took 0.099 seconds
[2025-05-10T12:41:39.342+0000] {processor.py:161} INFO - Started process (PID=320) to work on /opt/airflow/dags/example_dag.py
[2025-05-10T12:41:39.343+0000] {processor.py:830} INFO - Processing file /opt/airflow/dags/example_dag.py for tasks to queue
[2025-05-10T12:41:39.346+0000] {logging_mixin.py:188} INFO - [2025-05-10T12:41:39.345+0000] {dagbag.py:545} INFO - Filling up the DagBag from /opt/airflow/dags/example_dag.py
[2025-05-10T12:41:39.369+0000] {processor.py:840} INFO - DAG(s) 'example_dag' retrieved from /opt/airflow/dags/example_dag.py
[2025-05-10T12:41:39.393+0000] {logging_mixin.py:188} INFO - [2025-05-10T12:41:39.393+0000] {dag.py:3096} INFO - Sync 1 DAGs
[2025-05-10T12:41:39.416+0000] {logging_mixin.py:188} INFO - [2025-05-10T12:41:39.415+0000] {dag.py:3954} INFO - Setting next_dagrun for example_dag to 2025-05-10 00:00:00+00:00, run_after=2025-05-11 00:00:00+00:00
[2025-05-10T12:41:39.440+0000] {processor.py:183} INFO - Processing /opt/airflow/dags/example_dag.py took 0.104 seconds
[2025-05-10T12:42:09.614+0000] {processor.py:161} INFO - Started process (PID=325) to work on /opt/airflow/dags/example_dag.py
[2025-05-10T12:42:09.614+0000] {processor.py:830} INFO - Processing file /opt/airflow/dags/example_dag.py for tasks to queue
[2025-05-10T12:42:09.616+0000] {logging_mixin.py:188} INFO - [2025-05-10T12:42:09.616+0000] {dagbag.py:545} INFO - Filling up the DagBag from /opt/airflow/dags/example_dag.py
[2025-05-10T12:42:09.636+0000] {processor.py:840} INFO - DAG(s) 'example_dag' retrieved from /opt/airflow/dags/example_dag.py
[2025-05-10T12:42:09.658+0000] {logging_mixin.py:188} INFO - [2025-05-10T12:42:09.658+0000] {dag.py:3096} INFO - Sync 1 DAGs
[2025-05-10T12:42:09.680+0000] {logging_mixin.py:188} INFO - [2025-05-10T12:42:09.680+0000] {dag.py:3954} INFO - Setting next_dagrun for example_dag to 2025-05-10 00:00:00+00:00, run_after=2025-05-11 00:00:00+00:00
[2025-05-10T12:42:09.699+0000] {processor.py:183} INFO - Processing /opt/airflow/dags/example_dag.py took 0.090 seconds
[2025-05-10T12:42:39.764+0000] {processor.py:161} INFO - Started process (PID=330) to work on /opt/airflow/dags/example_dag.py
[2025-05-10T12:42:39.765+0000] {processor.py:830} INFO - Processing file /opt/airflow/dags/example_dag.py for tasks to queue
[2025-05-10T12:42:39.766+0000] {logging_mixin.py:188} INFO - [2025-05-10T12:42:39.766+0000] {dagbag.py:545} INFO - Filling up the DagBag from /opt/airflow/dags/example_dag.py
[2025-05-10T12:42:39.788+0000] {processor.py:840} INFO - DAG(s) 'example_dag' retrieved from /opt/airflow/dags/example_dag.py
[2025-05-10T12:42:39.811+0000] {logging_mixin.py:188} INFO - [2025-05-10T12:42:39.811+0000] {dag.py:3096} INFO - Sync 1 DAGs
[2025-05-10T12:42:39.835+0000] {logging_mixin.py:188} INFO - [2025-05-10T12:42:39.835+0000] {dag.py:3954} INFO - Setting next_dagrun for example_dag to 2025-05-10 00:00:00+00:00, run_after=2025-05-11 00:00:00+00:00
[2025-05-10T12:42:39.858+0000] {processor.py:183} INFO - Processing /opt/airflow/dags/example_dag.py took 0.100 seconds
[2025-05-10T12:43:09.993+0000] {processor.py:161} INFO - Started process (PID=335) to work on /opt/airflow/dags/example_dag.py
[2025-05-10T12:43:09.994+0000] {processor.py:830} INFO - Processing file /opt/airflow/dags/example_dag.py for tasks to queue
[2025-05-10T12:43:09.996+0000] {logging_mixin.py:188} INFO - [2025-05-10T12:43:09.995+0000] {dagbag.py:545} INFO - Filling up the DagBag from /opt/airflow/dags/example_dag.py
[2025-05-10T12:43:10.025+0000] {processor.py:840} INFO - DAG(s) 'example_dag' retrieved from /opt/airflow/dags/example_dag.py
[2025-05-10T12:43:10.058+0000] {logging_mixin.py:188} INFO - [2025-05-10T12:43:10.058+0000] {dag.py:3096} INFO - Sync 1 DAGs
[2025-05-10T12:43:10.078+0000] {logging_mixin.py:188} INFO - [2025-05-10T12:43:10.078+0000] {dag.py:3954} INFO - Setting next_dagrun for example_dag to 2025-05-10 00:00:00+00:00, run_after=2025-05-11 00:00:00+00:00
[2025-05-10T12:43:10.096+0000] {processor.py:183} INFO - Processing /opt/airflow/dags/example_dag.py took 0.108 seconds
[2025-05-10T12:43:26.202+0000] {processor.py:161} INFO - Started process (PID=340) to work on /opt/airflow/dags/example_dag.py
[2025-05-10T12:43:26.203+0000] {processor.py:830} INFO - Processing file /opt/airflow/dags/example_dag.py for tasks to queue
[2025-05-10T12:43:26.205+0000] {logging_mixin.py:188} INFO - [2025-05-10T12:43:26.205+0000] {dagbag.py:545} INFO - Filling up the DagBag from /opt/airflow/dags/example_dag.py
[2025-05-10T12:43:26.237+0000] {processor.py:840} INFO - DAG(s) 'example_dag' retrieved from /opt/airflow/dags/example_dag.py
[2025-05-10T12:43:26.385+0000] {logging_mixin.py:188} INFO - [2025-05-10T12:43:26.385+0000] {dag.py:3096} INFO - Sync 1 DAGs
[2025-05-10T12:43:26.405+0000] {logging_mixin.py:188} INFO - [2025-05-10T12:43:26.405+0000] {dag.py:3954} INFO - Setting next_dagrun for example_dag to 2025-05-10 00:00:00+00:00, run_after=2025-05-11 00:00:00+00:00
[2025-05-10T12:43:26.427+0000] {processor.py:183} INFO - Processing /opt/airflow/dags/example_dag.py took 0.231 seconds
[2025-05-10T12:43:56.590+0000] {processor.py:161} INFO - Started process (PID=345) to work on /opt/airflow/dags/example_dag.py
[2025-05-10T12:43:56.591+0000] {processor.py:830} INFO - Processing file /opt/airflow/dags/example_dag.py for tasks to queue
[2025-05-10T12:43:56.592+0000] {logging_mixin.py:188} INFO - [2025-05-10T12:43:56.592+0000] {dagbag.py:545} INFO - Filling up the DagBag from /opt/airflow/dags/example_dag.py
[2025-05-10T12:43:56.611+0000] {processor.py:840} INFO - DAG(s) 'example_dag' retrieved from /opt/airflow/dags/example_dag.py
[2025-05-10T12:43:56.634+0000] {logging_mixin.py:188} INFO - [2025-05-10T12:43:56.634+0000] {dag.py:3096} INFO - Sync 1 DAGs
[2025-05-10T12:43:56.655+0000] {logging_mixin.py:188} INFO - [2025-05-10T12:43:56.655+0000] {dag.py:3954} INFO - Setting next_dagrun for example_dag to 2025-05-10 00:00:00+00:00, run_after=2025-05-11 00:00:00+00:00
[2025-05-10T12:43:56.674+0000] {processor.py:183} INFO - Processing /opt/airflow/dags/example_dag.py took 0.089 seconds
[2025-05-10T12:44:26.738+0000] {processor.py:161} INFO - Started process (PID=350) to work on /opt/airflow/dags/example_dag.py
[2025-05-10T12:44:26.739+0000] {processor.py:830} INFO - Processing file /opt/airflow/dags/example_dag.py for tasks to queue
[2025-05-10T12:44:26.741+0000] {logging_mixin.py:188} INFO - [2025-05-10T12:44:26.741+0000] {dagbag.py:545} INFO - Filling up the DagBag from /opt/airflow/dags/example_dag.py
[2025-05-10T12:44:26.761+0000] {processor.py:840} INFO - DAG(s) 'example_dag' retrieved from /opt/airflow/dags/example_dag.py
[2025-05-10T12:44:26.784+0000] {logging_mixin.py:188} INFO - [2025-05-10T12:44:26.783+0000] {dag.py:3096} INFO - Sync 1 DAGs
[2025-05-10T12:44:26.804+0000] {logging_mixin.py:188} INFO - [2025-05-10T12:44:26.803+0000] {dag.py:3954} INFO - Setting next_dagrun for example_dag to 2025-05-10 00:00:00+00:00, run_after=2025-05-11 00:00:00+00:00
[2025-05-10T12:44:26.822+0000] {processor.py:183} INFO - Processing /opt/airflow/dags/example_dag.py took 0.089 seconds
[2025-05-10T12:44:41.932+0000] {processor.py:161} INFO - Started process (PID=355) to work on /opt/airflow/dags/example_dag.py
[2025-05-10T12:44:41.933+0000] {processor.py:830} INFO - Processing file /opt/airflow/dags/example_dag.py for tasks to queue
[2025-05-10T12:44:41.935+0000] {logging_mixin.py:188} INFO - [2025-05-10T12:44:41.934+0000] {dagbag.py:545} INFO - Filling up the DagBag from /opt/airflow/dags/example_dag.py
[2025-05-10T12:44:41.985+0000] {processor.py:840} INFO - DAG(s) 'example_dag' retrieved from /opt/airflow/dags/example_dag.py
[2025-05-10T12:44:42.098+0000] {logging_mixin.py:188} INFO - [2025-05-10T12:44:42.098+0000] {dag.py:3096} INFO - Sync 1 DAGs
[2025-05-10T12:44:42.123+0000] {logging_mixin.py:188} INFO - [2025-05-10T12:44:42.122+0000] {dag.py:3954} INFO - Setting next_dagrun for example_dag to 2025-05-10 12:43:00+00:00, run_after=2025-05-10 12:44:00+00:00
[2025-05-10T12:44:42.149+0000] {processor.py:183} INFO - Processing /opt/airflow/dags/example_dag.py took 0.223 seconds
[2025-05-10T12:45:01.064+0000] {processor.py:161} INFO - Started process (PID=366) to work on /opt/airflow/dags/example_dag.py
[2025-05-10T12:45:01.065+0000] {processor.py:830} INFO - Processing file /opt/airflow/dags/example_dag.py for tasks to queue
[2025-05-10T12:45:01.068+0000] {logging_mixin.py:188} INFO - [2025-05-10T12:45:01.068+0000] {dagbag.py:545} INFO - Filling up the DagBag from /opt/airflow/dags/example_dag.py
[2025-05-10T12:45:01.098+0000] {processor.py:840} INFO - DAG(s) 'example_dag' retrieved from /opt/airflow/dags/example_dag.py
[2025-05-10T12:45:01.112+0000] {logging_mixin.py:188} INFO - [2025-05-10T12:45:01.112+0000] {dag.py:3096} INFO - Sync 1 DAGs
[2025-05-10T12:45:01.150+0000] {logging_mixin.py:188} INFO - [2025-05-10T12:45:01.150+0000] {dag.py:3954} INFO - Setting next_dagrun for example_dag to 2025-05-10 12:45:00+00:00, run_after=2025-05-10 12:46:00+00:00
[2025-05-10T12:45:01.182+0000] {processor.py:183} INFO - Processing /opt/airflow/dags/example_dag.py took 0.124 seconds
[2025-05-10T12:45:31.332+0000] {processor.py:161} INFO - Started process (PID=371) to work on /opt/airflow/dags/example_dag.py
[2025-05-10T12:45:31.333+0000] {processor.py:830} INFO - Processing file /opt/airflow/dags/example_dag.py for tasks to queue
[2025-05-10T12:45:31.335+0000] {logging_mixin.py:188} INFO - [2025-05-10T12:45:31.334+0000] {dagbag.py:545} INFO - Filling up the DagBag from /opt/airflow/dags/example_dag.py
[2025-05-10T12:45:31.356+0000] {processor.py:840} INFO - DAG(s) 'example_dag' retrieved from /opt/airflow/dags/example_dag.py
[2025-05-10T12:45:31.455+0000] {logging_mixin.py:188} INFO - [2025-05-10T12:45:31.454+0000] {dag.py:3096} INFO - Sync 1 DAGs
[2025-05-10T12:45:31.476+0000] {logging_mixin.py:188} INFO - [2025-05-10T12:45:31.476+0000] {dag.py:3954} INFO - Setting next_dagrun for example_dag to 2025-05-10 12:45:00+00:00, run_after=2025-05-10 12:46:00+00:00
[2025-05-10T12:45:31.496+0000] {processor.py:183} INFO - Processing /opt/airflow/dags/example_dag.py took 0.170 seconds
[2025-05-10T12:46:01.652+0000] {processor.py:161} INFO - Started process (PID=379) to work on /opt/airflow/dags/example_dag.py
[2025-05-10T12:46:01.653+0000] {processor.py:830} INFO - Processing file /opt/airflow/dags/example_dag.py for tasks to queue
[2025-05-10T12:46:01.655+0000] {logging_mixin.py:188} INFO - [2025-05-10T12:46:01.654+0000] {dagbag.py:545} INFO - Filling up the DagBag from /opt/airflow/dags/example_dag.py
[2025-05-10T12:46:01.672+0000] {processor.py:840} INFO - DAG(s) 'example_dag' retrieved from /opt/airflow/dags/example_dag.py
[2025-05-10T12:46:01.701+0000] {logging_mixin.py:188} INFO - [2025-05-10T12:46:01.701+0000] {dag.py:3096} INFO - Sync 1 DAGs
[2025-05-10T12:46:01.726+0000] {logging_mixin.py:188} INFO - [2025-05-10T12:46:01.726+0000] {dag.py:3954} INFO - Setting next_dagrun for example_dag to 2025-05-10 12:46:00+00:00, run_after=2025-05-10 12:47:00+00:00
[2025-05-10T12:46:01.744+0000] {processor.py:183} INFO - Processing /opt/airflow/dags/example_dag.py took 0.098 seconds
[2025-05-10T12:46:31.831+0000] {processor.py:161} INFO - Started process (PID=384) to work on /opt/airflow/dags/example_dag.py
[2025-05-10T12:46:31.832+0000] {processor.py:830} INFO - Processing file /opt/airflow/dags/example_dag.py for tasks to queue
[2025-05-10T12:46:31.834+0000] {logging_mixin.py:188} INFO - [2025-05-10T12:46:31.833+0000] {dagbag.py:545} INFO - Filling up the DagBag from /opt/airflow/dags/example_dag.py
[2025-05-10T12:46:31.855+0000] {processor.py:840} INFO - DAG(s) 'example_dag' retrieved from /opt/airflow/dags/example_dag.py
[2025-05-10T12:46:31.880+0000] {logging_mixin.py:188} INFO - [2025-05-10T12:46:31.880+0000] {dag.py:3096} INFO - Sync 1 DAGs
[2025-05-10T12:46:31.904+0000] {logging_mixin.py:188} INFO - [2025-05-10T12:46:31.903+0000] {dag.py:3954} INFO - Setting next_dagrun for example_dag to 2025-05-10 12:46:00+00:00, run_after=2025-05-10 12:47:00+00:00
[2025-05-10T12:46:31.924+0000] {processor.py:183} INFO - Processing /opt/airflow/dags/example_dag.py took 0.099 seconds
[2025-05-10T12:47:02.037+0000] {processor.py:161} INFO - Started process (PID=392) to work on /opt/airflow/dags/example_dag.py
[2025-05-10T12:47:02.037+0000] {processor.py:830} INFO - Processing file /opt/airflow/dags/example_dag.py for tasks to queue
[2025-05-10T12:47:02.039+0000] {logging_mixin.py:188} INFO - [2025-05-10T12:47:02.039+0000] {dagbag.py:545} INFO - Filling up the DagBag from /opt/airflow/dags/example_dag.py
[2025-05-10T12:47:02.060+0000] {processor.py:840} INFO - DAG(s) 'example_dag' retrieved from /opt/airflow/dags/example_dag.py
[2025-05-10T12:47:02.082+0000] {logging_mixin.py:188} INFO - [2025-05-10T12:47:02.082+0000] {dag.py:3096} INFO - Sync 1 DAGs
[2025-05-10T12:47:02.102+0000] {logging_mixin.py:188} INFO - [2025-05-10T12:47:02.102+0000] {dag.py:3954} INFO - Setting next_dagrun for example_dag to 2025-05-10 12:47:00+00:00, run_after=2025-05-10 12:48:00+00:00
[2025-05-10T12:47:02.120+0000] {processor.py:183} INFO - Processing /opt/airflow/dags/example_dag.py took 0.089 seconds
[2025-05-10T12:47:32.213+0000] {processor.py:161} INFO - Started process (PID=397) to work on /opt/airflow/dags/example_dag.py
[2025-05-10T12:47:32.214+0000] {processor.py:830} INFO - Processing file /opt/airflow/dags/example_dag.py for tasks to queue
[2025-05-10T12:47:32.216+0000] {logging_mixin.py:188} INFO - [2025-05-10T12:47:32.215+0000] {dagbag.py:545} INFO - Filling up the DagBag from /opt/airflow/dags/example_dag.py
[2025-05-10T12:47:32.237+0000] {processor.py:840} INFO - DAG(s) 'example_dag' retrieved from /opt/airflow/dags/example_dag.py
[2025-05-10T12:47:32.259+0000] {logging_mixin.py:188} INFO - [2025-05-10T12:47:32.259+0000] {dag.py:3096} INFO - Sync 1 DAGs
[2025-05-10T12:47:32.279+0000] {logging_mixin.py:188} INFO - [2025-05-10T12:47:32.279+0000] {dag.py:3954} INFO - Setting next_dagrun for example_dag to 2025-05-10 12:47:00+00:00, run_after=2025-05-10 12:48:00+00:00
[2025-05-10T12:47:32.298+0000] {processor.py:183} INFO - Processing /opt/airflow/dags/example_dag.py took 0.090 seconds
[2025-05-10T12:48:02.402+0000] {processor.py:161} INFO - Started process (PID=405) to work on /opt/airflow/dags/example_dag.py
[2025-05-10T12:48:02.403+0000] {processor.py:830} INFO - Processing file /opt/airflow/dags/example_dag.py for tasks to queue
[2025-05-10T12:48:02.405+0000] {logging_mixin.py:188} INFO - [2025-05-10T12:48:02.405+0000] {dagbag.py:545} INFO - Filling up the DagBag from /opt/airflow/dags/example_dag.py
[2025-05-10T12:48:02.427+0000] {processor.py:840} INFO - DAG(s) 'example_dag' retrieved from /opt/airflow/dags/example_dag.py
[2025-05-10T12:48:02.449+0000] {logging_mixin.py:188} INFO - [2025-05-10T12:48:02.449+0000] {dag.py:3096} INFO - Sync 1 DAGs
[2025-05-10T12:48:02.471+0000] {logging_mixin.py:188} INFO - [2025-05-10T12:48:02.471+0000] {dag.py:3954} INFO - Setting next_dagrun for example_dag to 2025-05-10 12:48:00+00:00, run_after=2025-05-10 12:49:00+00:00
[2025-05-10T12:48:02.489+0000] {processor.py:183} INFO - Processing /opt/airflow/dags/example_dag.py took 0.092 seconds
[2025-05-10T12:48:32.620+0000] {processor.py:161} INFO - Started process (PID=413) to work on /opt/airflow/dags/example_dag.py
[2025-05-10T12:48:32.621+0000] {processor.py:830} INFO - Processing file /opt/airflow/dags/example_dag.py for tasks to queue
[2025-05-10T12:48:32.624+0000] {logging_mixin.py:188} INFO - [2025-05-10T12:48:32.624+0000] {dagbag.py:545} INFO - Filling up the DagBag from /opt/airflow/dags/example_dag.py
[2025-05-10T12:48:32.649+0000] {processor.py:840} INFO - DAG(s) 'example_dag' retrieved from /opt/airflow/dags/example_dag.py
[2025-05-10T12:48:32.679+0000] {logging_mixin.py:188} INFO - [2025-05-10T12:48:32.679+0000] {dag.py:3096} INFO - Sync 1 DAGs
[2025-05-10T12:48:32.705+0000] {logging_mixin.py:188} INFO - [2025-05-10T12:48:32.705+0000] {dag.py:3954} INFO - Setting next_dagrun for example_dag to 2025-05-10 12:48:00+00:00, run_after=2025-05-10 12:49:00+00:00
[2025-05-10T12:48:32.723+0000] {processor.py:183} INFO - Processing /opt/airflow/dags/example_dag.py took 0.111 seconds
[2025-05-10T12:49:02.785+0000] {processor.py:161} INFO - Started process (PID=421) to work on /opt/airflow/dags/example_dag.py
[2025-05-10T12:49:02.786+0000] {processor.py:830} INFO - Processing file /opt/airflow/dags/example_dag.py for tasks to queue
[2025-05-10T12:49:02.788+0000] {logging_mixin.py:188} INFO - [2025-05-10T12:49:02.788+0000] {dagbag.py:545} INFO - Filling up the DagBag from /opt/airflow/dags/example_dag.py
[2025-05-10T12:49:02.808+0000] {processor.py:840} INFO - DAG(s) 'example_dag' retrieved from /opt/airflow/dags/example_dag.py
[2025-05-10T12:49:02.831+0000] {logging_mixin.py:188} INFO - [2025-05-10T12:49:02.830+0000] {dag.py:3096} INFO - Sync 1 DAGs
[2025-05-10T12:49:02.851+0000] {logging_mixin.py:188} INFO - [2025-05-10T12:49:02.851+0000] {dag.py:3954} INFO - Setting next_dagrun for example_dag to 2025-05-10 12:49:00+00:00, run_after=2025-05-10 12:50:00+00:00
[2025-05-10T12:49:02.879+0000] {processor.py:183} INFO - Processing /opt/airflow/dags/example_dag.py took 0.099 seconds
[2025-05-10T12:49:33.032+0000] {processor.py:161} INFO - Started process (PID=426) to work on /opt/airflow/dags/example_dag.py
[2025-05-10T12:49:33.033+0000] {processor.py:830} INFO - Processing file /opt/airflow/dags/example_dag.py for tasks to queue
[2025-05-10T12:49:33.036+0000] {logging_mixin.py:188} INFO - [2025-05-10T12:49:33.035+0000] {dagbag.py:545} INFO - Filling up the DagBag from /opt/airflow/dags/example_dag.py
[2025-05-10T12:49:33.058+0000] {processor.py:840} INFO - DAG(s) 'example_dag' retrieved from /opt/airflow/dags/example_dag.py
[2025-05-10T12:49:33.082+0000] {logging_mixin.py:188} INFO - [2025-05-10T12:49:33.082+0000] {dag.py:3096} INFO - Sync 1 DAGs
[2025-05-10T12:49:33.107+0000] {logging_mixin.py:188} INFO - [2025-05-10T12:49:33.107+0000] {dag.py:3954} INFO - Setting next_dagrun for example_dag to 2025-05-10 12:49:00+00:00, run_after=2025-05-10 12:50:00+00:00
[2025-05-10T12:49:33.133+0000] {processor.py:183} INFO - Processing /opt/airflow/dags/example_dag.py took 0.106 seconds
[2025-05-10T12:50:03.182+0000] {processor.py:161} INFO - Started process (PID=434) to work on /opt/airflow/dags/example_dag.py
[2025-05-10T12:50:03.183+0000] {processor.py:830} INFO - Processing file /opt/airflow/dags/example_dag.py for tasks to queue
[2025-05-10T12:50:03.185+0000] {logging_mixin.py:188} INFO - [2025-05-10T12:50:03.184+0000] {dagbag.py:545} INFO - Filling up the DagBag from /opt/airflow/dags/example_dag.py
[2025-05-10T12:50:03.204+0000] {processor.py:840} INFO - DAG(s) 'example_dag' retrieved from /opt/airflow/dags/example_dag.py
[2025-05-10T12:50:03.227+0000] {logging_mixin.py:188} INFO - [2025-05-10T12:50:03.227+0000] {dag.py:3096} INFO - Sync 1 DAGs
[2025-05-10T12:50:03.251+0000] {logging_mixin.py:188} INFO - [2025-05-10T12:50:03.251+0000] {dag.py:3954} INFO - Setting next_dagrun for example_dag to 2025-05-10 12:50:00+00:00, run_after=2025-05-10 12:51:00+00:00
[2025-05-10T12:50:03.272+0000] {processor.py:183} INFO - Processing /opt/airflow/dags/example_dag.py took 0.095 seconds
[2025-05-10T12:50:33.432+0000] {processor.py:161} INFO - Started process (PID=439) to work on /opt/airflow/dags/example_dag.py
[2025-05-10T12:50:33.433+0000] {processor.py:830} INFO - Processing file /opt/airflow/dags/example_dag.py for tasks to queue
[2025-05-10T12:50:33.435+0000] {logging_mixin.py:188} INFO - [2025-05-10T12:50:33.435+0000] {dagbag.py:545} INFO - Filling up the DagBag from /opt/airflow/dags/example_dag.py
[2025-05-10T12:50:33.456+0000] {processor.py:840} INFO - DAG(s) 'example_dag' retrieved from /opt/airflow/dags/example_dag.py
[2025-05-10T12:50:33.478+0000] {logging_mixin.py:188} INFO - [2025-05-10T12:50:33.477+0000] {dag.py:3096} INFO - Sync 1 DAGs
[2025-05-10T12:50:33.498+0000] {logging_mixin.py:188} INFO - [2025-05-10T12:50:33.498+0000] {dag.py:3954} INFO - Setting next_dagrun for example_dag to 2025-05-10 12:50:00+00:00, run_after=2025-05-10 12:51:00+00:00
[2025-05-10T12:50:33.517+0000] {processor.py:183} INFO - Processing /opt/airflow/dags/example_dag.py took 0.089 seconds
[2025-05-10T12:51:03.580+0000] {processor.py:161} INFO - Started process (PID=447) to work on /opt/airflow/dags/example_dag.py
[2025-05-10T12:51:03.581+0000] {processor.py:830} INFO - Processing file /opt/airflow/dags/example_dag.py for tasks to queue
[2025-05-10T12:51:03.583+0000] {logging_mixin.py:188} INFO - [2025-05-10T12:51:03.583+0000] {dagbag.py:545} INFO - Filling up the DagBag from /opt/airflow/dags/example_dag.py
[2025-05-10T12:51:03.604+0000] {processor.py:840} INFO - DAG(s) 'example_dag' retrieved from /opt/airflow/dags/example_dag.py
[2025-05-10T12:51:03.626+0000] {logging_mixin.py:188} INFO - [2025-05-10T12:51:03.626+0000] {dag.py:3096} INFO - Sync 1 DAGs
[2025-05-10T12:51:03.647+0000] {logging_mixin.py:188} INFO - [2025-05-10T12:51:03.647+0000] {dag.py:3954} INFO - Setting next_dagrun for example_dag to 2025-05-10 12:51:00+00:00, run_after=2025-05-10 12:52:00+00:00
[2025-05-10T12:51:03.664+0000] {processor.py:183} INFO - Processing /opt/airflow/dags/example_dag.py took 0.089 seconds
[2025-05-10T12:51:33.809+0000] {processor.py:161} INFO - Started process (PID=452) to work on /opt/airflow/dags/example_dag.py
[2025-05-10T12:51:33.810+0000] {processor.py:830} INFO - Processing file /opt/airflow/dags/example_dag.py for tasks to queue
[2025-05-10T12:51:33.812+0000] {logging_mixin.py:188} INFO - [2025-05-10T12:51:33.811+0000] {dagbag.py:545} INFO - Filling up the DagBag from /opt/airflow/dags/example_dag.py
[2025-05-10T12:51:33.832+0000] {processor.py:840} INFO - DAG(s) 'example_dag' retrieved from /opt/airflow/dags/example_dag.py
[2025-05-10T12:51:33.854+0000] {logging_mixin.py:188} INFO - [2025-05-10T12:51:33.854+0000] {dag.py:3096} INFO - Sync 1 DAGs
[2025-05-10T12:51:33.875+0000] {logging_mixin.py:188} INFO - [2025-05-10T12:51:33.875+0000] {dag.py:3954} INFO - Setting next_dagrun for example_dag to 2025-05-10 12:51:00+00:00, run_after=2025-05-10 12:52:00+00:00
[2025-05-10T12:51:33.893+0000] {processor.py:183} INFO - Processing /opt/airflow/dags/example_dag.py took 0.089 seconds
[2025-05-10T12:52:03.971+0000] {processor.py:161} INFO - Started process (PID=460) to work on /opt/airflow/dags/example_dag.py
[2025-05-10T12:52:03.972+0000] {processor.py:830} INFO - Processing file /opt/airflow/dags/example_dag.py for tasks to queue
[2025-05-10T12:52:03.973+0000] {logging_mixin.py:188} INFO - [2025-05-10T12:52:03.973+0000] {dagbag.py:545} INFO - Filling up the DagBag from /opt/airflow/dags/example_dag.py
[2025-05-10T12:52:03.993+0000] {processor.py:840} INFO - DAG(s) 'example_dag' retrieved from /opt/airflow/dags/example_dag.py
[2025-05-10T12:52:04.015+0000] {logging_mixin.py:188} INFO - [2025-05-10T12:52:04.015+0000] {dag.py:3096} INFO - Sync 1 DAGs
[2025-05-10T12:52:04.036+0000] {logging_mixin.py:188} INFO - [2025-05-10T12:52:04.035+0000] {dag.py:3954} INFO - Setting next_dagrun for example_dag to 2025-05-10 12:52:00+00:00, run_after=2025-05-10 12:53:00+00:00
[2025-05-10T12:52:04.053+0000] {processor.py:183} INFO - Processing /opt/airflow/dags/example_dag.py took 0.088 seconds
[2025-05-10T12:52:34.180+0000] {processor.py:161} INFO - Started process (PID=465) to work on /opt/airflow/dags/example_dag.py
[2025-05-10T12:52:34.181+0000] {processor.py:830} INFO - Processing file /opt/airflow/dags/example_dag.py for tasks to queue
[2025-05-10T12:52:34.182+0000] {logging_mixin.py:188} INFO - [2025-05-10T12:52:34.182+0000] {dagbag.py:545} INFO - Filling up the DagBag from /opt/airflow/dags/example_dag.py
[2025-05-10T12:52:34.205+0000] {processor.py:840} INFO - DAG(s) 'example_dag' retrieved from /opt/airflow/dags/example_dag.py
[2025-05-10T12:52:34.231+0000] {logging_mixin.py:188} INFO - [2025-05-10T12:52:34.231+0000] {dag.py:3096} INFO - Sync 1 DAGs
[2025-05-10T12:52:34.254+0000] {logging_mixin.py:188} INFO - [2025-05-10T12:52:34.254+0000] {dag.py:3954} INFO - Setting next_dagrun for example_dag to 2025-05-10 12:52:00+00:00, run_after=2025-05-10 12:53:00+00:00
[2025-05-10T12:52:34.275+0000] {processor.py:183} INFO - Processing /opt/airflow/dags/example_dag.py took 0.101 seconds
[2025-05-10T12:53:04.349+0000] {processor.py:161} INFO - Started process (PID=473) to work on /opt/airflow/dags/example_dag.py
[2025-05-10T12:53:04.350+0000] {processor.py:830} INFO - Processing file /opt/airflow/dags/example_dag.py for tasks to queue
[2025-05-10T12:53:04.352+0000] {logging_mixin.py:188} INFO - [2025-05-10T12:53:04.352+0000] {dagbag.py:545} INFO - Filling up the DagBag from /opt/airflow/dags/example_dag.py
[2025-05-10T12:53:04.372+0000] {processor.py:840} INFO - DAG(s) 'example_dag' retrieved from /opt/airflow/dags/example_dag.py
[2025-05-10T12:53:04.395+0000] {logging_mixin.py:188} INFO - [2025-05-10T12:53:04.395+0000] {dag.py:3096} INFO - Sync 1 DAGs
[2025-05-10T12:53:04.416+0000] {logging_mixin.py:188} INFO - [2025-05-10T12:53:04.415+0000] {dag.py:3954} INFO - Setting next_dagrun for example_dag to 2025-05-10 12:53:00+00:00, run_after=2025-05-10 12:54:00+00:00
[2025-05-10T12:53:04.434+0000] {processor.py:183} INFO - Processing /opt/airflow/dags/example_dag.py took 0.090 seconds
[2025-05-10T12:53:34.576+0000] {processor.py:161} INFO - Started process (PID=478) to work on /opt/airflow/dags/example_dag.py
[2025-05-10T12:53:34.577+0000] {processor.py:830} INFO - Processing file /opt/airflow/dags/example_dag.py for tasks to queue
[2025-05-10T12:53:34.578+0000] {logging_mixin.py:188} INFO - [2025-05-10T12:53:34.578+0000] {dagbag.py:545} INFO - Filling up the DagBag from /opt/airflow/dags/example_dag.py
[2025-05-10T12:53:34.597+0000] {processor.py:840} INFO - DAG(s) 'example_dag' retrieved from /opt/airflow/dags/example_dag.py
[2025-05-10T12:53:34.619+0000] {logging_mixin.py:188} INFO - [2025-05-10T12:53:34.619+0000] {dag.py:3096} INFO - Sync 1 DAGs
[2025-05-10T12:53:34.639+0000] {logging_mixin.py:188} INFO - [2025-05-10T12:53:34.639+0000] {dag.py:3954} INFO - Setting next_dagrun for example_dag to 2025-05-10 12:53:00+00:00, run_after=2025-05-10 12:54:00+00:00
[2025-05-10T12:53:34.656+0000] {processor.py:183} INFO - Processing /opt/airflow/dags/example_dag.py took 0.086 seconds
[2025-05-10T12:54:04.731+0000] {processor.py:161} INFO - Started process (PID=486) to work on /opt/airflow/dags/example_dag.py
[2025-05-10T12:54:04.732+0000] {processor.py:830} INFO - Processing file /opt/airflow/dags/example_dag.py for tasks to queue
[2025-05-10T12:54:04.734+0000] {logging_mixin.py:188} INFO - [2025-05-10T12:54:04.734+0000] {dagbag.py:545} INFO - Filling up the DagBag from /opt/airflow/dags/example_dag.py
[2025-05-10T12:54:04.756+0000] {processor.py:840} INFO - DAG(s) 'example_dag' retrieved from /opt/airflow/dags/example_dag.py
[2025-05-10T12:54:04.783+0000] {logging_mixin.py:188} INFO - [2025-05-10T12:54:04.782+0000] {dag.py:3096} INFO - Sync 1 DAGs
[2025-05-10T12:54:04.809+0000] {logging_mixin.py:188} INFO - [2025-05-10T12:54:04.808+0000] {dag.py:3954} INFO - Setting next_dagrun for example_dag to 2025-05-10 12:54:00+00:00, run_after=2025-05-10 12:55:00+00:00
[2025-05-10T12:54:04.830+0000] {processor.py:183} INFO - Processing /opt/airflow/dags/example_dag.py took 0.106 seconds
[2025-05-10T12:54:34.941+0000] {processor.py:161} INFO - Started process (PID=491) to work on /opt/airflow/dags/example_dag.py
[2025-05-10T12:54:34.942+0000] {processor.py:830} INFO - Processing file /opt/airflow/dags/example_dag.py for tasks to queue
[2025-05-10T12:54:34.944+0000] {logging_mixin.py:188} INFO - [2025-05-10T12:54:34.944+0000] {dagbag.py:545} INFO - Filling up the DagBag from /opt/airflow/dags/example_dag.py
[2025-05-10T12:54:34.967+0000] {processor.py:840} INFO - DAG(s) 'example_dag' retrieved from /opt/airflow/dags/example_dag.py
[2025-05-10T12:54:34.991+0000] {logging_mixin.py:188} INFO - [2025-05-10T12:54:34.991+0000] {dag.py:3096} INFO - Sync 1 DAGs
[2025-05-10T12:54:35.015+0000] {logging_mixin.py:188} INFO - [2025-05-10T12:54:35.014+0000] {dag.py:3954} INFO - Setting next_dagrun for example_dag to 2025-05-10 12:54:00+00:00, run_after=2025-05-10 12:55:00+00:00
[2025-05-10T12:54:35.033+0000] {processor.py:183} INFO - Processing /opt/airflow/dags/example_dag.py took 0.098 seconds
[2025-05-10T12:55:05.112+0000] {processor.py:161} INFO - Started process (PID=499) to work on /opt/airflow/dags/example_dag.py
[2025-05-10T12:55:05.113+0000] {processor.py:830} INFO - Processing file /opt/airflow/dags/example_dag.py for tasks to queue
[2025-05-10T12:55:05.115+0000] {logging_mixin.py:188} INFO - [2025-05-10T12:55:05.115+0000] {dagbag.py:545} INFO - Filling up the DagBag from /opt/airflow/dags/example_dag.py
[2025-05-10T12:55:05.136+0000] {processor.py:840} INFO - DAG(s) 'example_dag' retrieved from /opt/airflow/dags/example_dag.py
[2025-05-10T12:55:05.161+0000] {logging_mixin.py:188} INFO - [2025-05-10T12:55:05.160+0000] {dag.py:3096} INFO - Sync 1 DAGs
[2025-05-10T12:55:05.182+0000] {logging_mixin.py:188} INFO - [2025-05-10T12:55:05.182+0000] {dag.py:3954} INFO - Setting next_dagrun for example_dag to 2025-05-10 12:55:00+00:00, run_after=2025-05-10 12:56:00+00:00
[2025-05-10T12:55:05.201+0000] {processor.py:183} INFO - Processing /opt/airflow/dags/example_dag.py took 0.094 seconds
[2025-05-10T12:55:35.322+0000] {processor.py:161} INFO - Started process (PID=504) to work on /opt/airflow/dags/example_dag.py
[2025-05-10T12:55:35.323+0000] {processor.py:830} INFO - Processing file /opt/airflow/dags/example_dag.py for tasks to queue
[2025-05-10T12:55:35.325+0000] {logging_mixin.py:188} INFO - [2025-05-10T12:55:35.324+0000] {dagbag.py:545} INFO - Filling up the DagBag from /opt/airflow/dags/example_dag.py
[2025-05-10T12:55:35.344+0000] {processor.py:840} INFO - DAG(s) 'example_dag' retrieved from /opt/airflow/dags/example_dag.py
[2025-05-10T12:55:35.367+0000] {logging_mixin.py:188} INFO - [2025-05-10T12:55:35.367+0000] {dag.py:3096} INFO - Sync 1 DAGs
[2025-05-10T12:55:35.388+0000] {logging_mixin.py:188} INFO - [2025-05-10T12:55:35.388+0000] {dag.py:3954} INFO - Setting next_dagrun for example_dag to 2025-05-10 12:55:00+00:00, run_after=2025-05-10 12:56:00+00:00
[2025-05-10T12:55:35.405+0000] {processor.py:183} INFO - Processing /opt/airflow/dags/example_dag.py took 0.088 seconds
[2025-05-10T12:56:05.503+0000] {processor.py:161} INFO - Started process (PID=512) to work on /opt/airflow/dags/example_dag.py
[2025-05-10T12:56:05.504+0000] {processor.py:830} INFO - Processing file /opt/airflow/dags/example_dag.py for tasks to queue
[2025-05-10T12:56:05.507+0000] {logging_mixin.py:188} INFO - [2025-05-10T12:56:05.507+0000] {dagbag.py:545} INFO - Filling up the DagBag from /opt/airflow/dags/example_dag.py
[2025-05-10T12:56:05.528+0000] {processor.py:840} INFO - DAG(s) 'example_dag' retrieved from /opt/airflow/dags/example_dag.py
[2025-05-10T12:56:05.552+0000] {logging_mixin.py:188} INFO - [2025-05-10T12:56:05.552+0000] {dag.py:3096} INFO - Sync 1 DAGs
[2025-05-10T12:56:05.576+0000] {logging_mixin.py:188} INFO - [2025-05-10T12:56:05.576+0000] {dag.py:3954} INFO - Setting next_dagrun for example_dag to 2025-05-10 12:56:00+00:00, run_after=2025-05-10 12:57:00+00:00
[2025-05-10T12:56:05.594+0000] {processor.py:183} INFO - Processing /opt/airflow/dags/example_dag.py took 0.098 seconds
[2025-05-10T12:56:35.726+0000] {processor.py:161} INFO - Started process (PID=517) to work on /opt/airflow/dags/example_dag.py
[2025-05-10T12:56:35.727+0000] {processor.py:830} INFO - Processing file /opt/airflow/dags/example_dag.py for tasks to queue
[2025-05-10T12:56:35.729+0000] {logging_mixin.py:188} INFO - [2025-05-10T12:56:35.729+0000] {dagbag.py:545} INFO - Filling up the DagBag from /opt/airflow/dags/example_dag.py
[2025-05-10T12:56:35.753+0000] {processor.py:840} INFO - DAG(s) 'example_dag' retrieved from /opt/airflow/dags/example_dag.py
[2025-05-10T12:56:35.779+0000] {logging_mixin.py:188} INFO - [2025-05-10T12:56:35.778+0000] {dag.py:3096} INFO - Sync 1 DAGs
[2025-05-10T12:56:35.803+0000] {logging_mixin.py:188} INFO - [2025-05-10T12:56:35.803+0000] {dag.py:3954} INFO - Setting next_dagrun for example_dag to 2025-05-10 12:56:00+00:00, run_after=2025-05-10 12:57:00+00:00
[2025-05-10T12:56:35.826+0000] {processor.py:183} INFO - Processing /opt/airflow/dags/example_dag.py took 0.105 seconds
[2025-05-10T12:57:05.890+0000] {processor.py:161} INFO - Started process (PID=525) to work on /opt/airflow/dags/example_dag.py
[2025-05-10T12:57:05.892+0000] {processor.py:830} INFO - Processing file /opt/airflow/dags/example_dag.py for tasks to queue
[2025-05-10T12:57:05.894+0000] {logging_mixin.py:188} INFO - [2025-05-10T12:57:05.893+0000] {dagbag.py:545} INFO - Filling up the DagBag from /opt/airflow/dags/example_dag.py
[2025-05-10T12:57:05.914+0000] {processor.py:840} INFO - DAG(s) 'example_dag' retrieved from /opt/airflow/dags/example_dag.py
[2025-05-10T12:57:05.942+0000] {logging_mixin.py:188} INFO - [2025-05-10T12:57:05.941+0000] {dag.py:3096} INFO - Sync 1 DAGs
[2025-05-10T12:57:05.967+0000] {logging_mixin.py:188} INFO - [2025-05-10T12:57:05.967+0000] {dag.py:3954} INFO - Setting next_dagrun for example_dag to 2025-05-10 12:57:00+00:00, run_after=2025-05-10 12:58:00+00:00
[2025-05-10T12:57:05.988+0000] {processor.py:183} INFO - Processing /opt/airflow/dags/example_dag.py took 0.104 seconds
[2025-05-10T12:57:36.125+0000] {processor.py:161} INFO - Started process (PID=530) to work on /opt/airflow/dags/example_dag.py
[2025-05-10T12:57:36.126+0000] {processor.py:830} INFO - Processing file /opt/airflow/dags/example_dag.py for tasks to queue
[2025-05-10T12:57:36.127+0000] {logging_mixin.py:188} INFO - [2025-05-10T12:57:36.127+0000] {dagbag.py:545} INFO - Filling up the DagBag from /opt/airflow/dags/example_dag.py
[2025-05-10T12:57:36.145+0000] {processor.py:840} INFO - DAG(s) 'example_dag' retrieved from /opt/airflow/dags/example_dag.py
[2025-05-10T12:57:36.168+0000] {logging_mixin.py:188} INFO - [2025-05-10T12:57:36.168+0000] {dag.py:3096} INFO - Sync 1 DAGs
[2025-05-10T12:57:36.191+0000] {logging_mixin.py:188} INFO - [2025-05-10T12:57:36.190+0000] {dag.py:3954} INFO - Setting next_dagrun for example_dag to 2025-05-10 12:57:00+00:00, run_after=2025-05-10 12:58:00+00:00
[2025-05-10T12:57:36.209+0000] {processor.py:183} INFO - Processing /opt/airflow/dags/example_dag.py took 0.089 seconds
[2025-05-10T12:58:06.277+0000] {processor.py:161} INFO - Started process (PID=538) to work on /opt/airflow/dags/example_dag.py
[2025-05-10T12:58:06.278+0000] {processor.py:830} INFO - Processing file /opt/airflow/dags/example_dag.py for tasks to queue
[2025-05-10T12:58:06.280+0000] {logging_mixin.py:188} INFO - [2025-05-10T12:58:06.280+0000] {dagbag.py:545} INFO - Filling up the DagBag from /opt/airflow/dags/example_dag.py
[2025-05-10T12:58:06.300+0000] {processor.py:840} INFO - DAG(s) 'example_dag' retrieved from /opt/airflow/dags/example_dag.py
[2025-05-10T12:58:06.323+0000] {logging_mixin.py:188} INFO - [2025-05-10T12:58:06.323+0000] {dag.py:3096} INFO - Sync 1 DAGs
[2025-05-10T12:58:06.345+0000] {logging_mixin.py:188} INFO - [2025-05-10T12:58:06.345+0000] {dag.py:3954} INFO - Setting next_dagrun for example_dag to 2025-05-10 12:58:00+00:00, run_after=2025-05-10 12:59:00+00:00
[2025-05-10T12:58:06.365+0000] {processor.py:183} INFO - Processing /opt/airflow/dags/example_dag.py took 0.093 seconds
[2025-05-10T12:58:36.492+0000] {processor.py:161} INFO - Started process (PID=543) to work on /opt/airflow/dags/example_dag.py
[2025-05-10T12:58:36.493+0000] {processor.py:830} INFO - Processing file /opt/airflow/dags/example_dag.py for tasks to queue
[2025-05-10T12:58:36.495+0000] {logging_mixin.py:188} INFO - [2025-05-10T12:58:36.494+0000] {dagbag.py:545} INFO - Filling up the DagBag from /opt/airflow/dags/example_dag.py
[2025-05-10T12:58:36.514+0000] {processor.py:840} INFO - DAG(s) 'example_dag' retrieved from /opt/airflow/dags/example_dag.py
[2025-05-10T12:58:36.537+0000] {logging_mixin.py:188} INFO - [2025-05-10T12:58:36.537+0000] {dag.py:3096} INFO - Sync 1 DAGs
[2025-05-10T12:58:36.559+0000] {logging_mixin.py:188} INFO - [2025-05-10T12:58:36.559+0000] {dag.py:3954} INFO - Setting next_dagrun for example_dag to 2025-05-10 12:58:00+00:00, run_after=2025-05-10 12:59:00+00:00
[2025-05-10T12:58:36.579+0000] {processor.py:183} INFO - Processing /opt/airflow/dags/example_dag.py took 0.093 seconds
[2025-05-10T12:59:06.648+0000] {processor.py:161} INFO - Started process (PID=551) to work on /opt/airflow/dags/example_dag.py
[2025-05-10T12:59:06.649+0000] {processor.py:830} INFO - Processing file /opt/airflow/dags/example_dag.py for tasks to queue
[2025-05-10T12:59:06.651+0000] {logging_mixin.py:188} INFO - [2025-05-10T12:59:06.651+0000] {dagbag.py:545} INFO - Filling up the DagBag from /opt/airflow/dags/example_dag.py
[2025-05-10T12:59:06.670+0000] {processor.py:840} INFO - DAG(s) 'example_dag' retrieved from /opt/airflow/dags/example_dag.py
[2025-05-10T12:59:06.694+0000] {logging_mixin.py:188} INFO - [2025-05-10T12:59:06.694+0000] {dag.py:3096} INFO - Sync 1 DAGs
[2025-05-10T12:59:06.717+0000] {logging_mixin.py:188} INFO - [2025-05-10T12:59:06.717+0000] {dag.py:3954} INFO - Setting next_dagrun for example_dag to 2025-05-10 12:59:00+00:00, run_after=2025-05-10 13:00:00+00:00
[2025-05-10T12:59:06.736+0000] {processor.py:183} INFO - Processing /opt/airflow/dags/example_dag.py took 0.094 seconds
[2025-05-10T12:59:36.868+0000] {processor.py:161} INFO - Started process (PID=556) to work on /opt/airflow/dags/example_dag.py
[2025-05-10T12:59:36.869+0000] {processor.py:830} INFO - Processing file /opt/airflow/dags/example_dag.py for tasks to queue
[2025-05-10T12:59:36.871+0000] {logging_mixin.py:188} INFO - [2025-05-10T12:59:36.870+0000] {dagbag.py:545} INFO - Filling up the DagBag from /opt/airflow/dags/example_dag.py
[2025-05-10T12:59:36.891+0000] {processor.py:840} INFO - DAG(s) 'example_dag' retrieved from /opt/airflow/dags/example_dag.py
[2025-05-10T12:59:36.914+0000] {logging_mixin.py:188} INFO - [2025-05-10T12:59:36.913+0000] {dag.py:3096} INFO - Sync 1 DAGs
[2025-05-10T12:59:36.935+0000] {logging_mixin.py:188} INFO - [2025-05-10T12:59:36.935+0000] {dag.py:3954} INFO - Setting next_dagrun for example_dag to 2025-05-10 12:59:00+00:00, run_after=2025-05-10 13:00:00+00:00
[2025-05-10T12:59:36.953+0000] {processor.py:183} INFO - Processing /opt/airflow/dags/example_dag.py took 0.091 seconds
[2025-05-10T13:00:07.074+0000] {processor.py:161} INFO - Started process (PID=564) to work on /opt/airflow/dags/example_dag.py
[2025-05-10T13:00:07.076+0000] {processor.py:830} INFO - Processing file /opt/airflow/dags/example_dag.py for tasks to queue
[2025-05-10T13:00:07.077+0000] {logging_mixin.py:188} INFO - [2025-05-10T13:00:07.077+0000] {dagbag.py:545} INFO - Filling up the DagBag from /opt/airflow/dags/example_dag.py
[2025-05-10T13:00:07.097+0000] {processor.py:840} INFO - DAG(s) 'example_dag' retrieved from /opt/airflow/dags/example_dag.py
[2025-05-10T13:00:07.123+0000] {logging_mixin.py:188} INFO - [2025-05-10T13:00:07.123+0000] {dag.py:3096} INFO - Sync 1 DAGs
[2025-05-10T13:00:07.147+0000] {logging_mixin.py:188} INFO - [2025-05-10T13:00:07.147+0000] {dag.py:3954} INFO - Setting next_dagrun for example_dag to 2025-05-10 13:00:00+00:00, run_after=2025-05-10 13:01:00+00:00
[2025-05-10T13:00:07.166+0000] {processor.py:183} INFO - Processing /opt/airflow/dags/example_dag.py took 0.097 seconds
[2025-05-10T13:00:37.297+0000] {processor.py:161} INFO - Started process (PID=569) to work on /opt/airflow/dags/example_dag.py
[2025-05-10T13:00:37.298+0000] {processor.py:830} INFO - Processing file /opt/airflow/dags/example_dag.py for tasks to queue
[2025-05-10T13:00:37.300+0000] {logging_mixin.py:188} INFO - [2025-05-10T13:00:37.300+0000] {dagbag.py:545} INFO - Filling up the DagBag from /opt/airflow/dags/example_dag.py
[2025-05-10T13:00:37.320+0000] {processor.py:840} INFO - DAG(s) 'example_dag' retrieved from /opt/airflow/dags/example_dag.py
[2025-05-10T13:00:37.344+0000] {logging_mixin.py:188} INFO - [2025-05-10T13:00:37.344+0000] {dag.py:3096} INFO - Sync 1 DAGs
[2025-05-10T13:00:37.367+0000] {logging_mixin.py:188} INFO - [2025-05-10T13:00:37.367+0000] {dag.py:3954} INFO - Setting next_dagrun for example_dag to 2025-05-10 13:00:00+00:00, run_after=2025-05-10 13:01:00+00:00
[2025-05-10T13:00:37.386+0000] {processor.py:183} INFO - Processing /opt/airflow/dags/example_dag.py took 0.095 seconds
[2025-05-10T13:01:07.449+0000] {processor.py:161} INFO - Started process (PID=577) to work on /opt/airflow/dags/example_dag.py
[2025-05-10T13:01:07.450+0000] {processor.py:830} INFO - Processing file /opt/airflow/dags/example_dag.py for tasks to queue
[2025-05-10T13:01:07.452+0000] {logging_mixin.py:188} INFO - [2025-05-10T13:01:07.451+0000] {dagbag.py:545} INFO - Filling up the DagBag from /opt/airflow/dags/example_dag.py
[2025-05-10T13:01:07.473+0000] {processor.py:840} INFO - DAG(s) 'example_dag' retrieved from /opt/airflow/dags/example_dag.py
[2025-05-10T13:01:07.497+0000] {logging_mixin.py:188} INFO - [2025-05-10T13:01:07.496+0000] {dag.py:3096} INFO - Sync 1 DAGs
[2025-05-10T13:01:07.518+0000] {logging_mixin.py:188} INFO - [2025-05-10T13:01:07.518+0000] {dag.py:3954} INFO - Setting next_dagrun for example_dag to 2025-05-10 13:01:00+00:00, run_after=2025-05-10 13:02:00+00:00
[2025-05-10T13:01:07.536+0000] {processor.py:183} INFO - Processing /opt/airflow/dags/example_dag.py took 0.093 seconds
[2025-05-10T13:01:37.705+0000] {processor.py:161} INFO - Started process (PID=582) to work on /opt/airflow/dags/example_dag.py
[2025-05-10T13:01:37.706+0000] {processor.py:830} INFO - Processing file /opt/airflow/dags/example_dag.py for tasks to queue
[2025-05-10T13:01:37.707+0000] {logging_mixin.py:188} INFO - [2025-05-10T13:01:37.707+0000] {dagbag.py:545} INFO - Filling up the DagBag from /opt/airflow/dags/example_dag.py
[2025-05-10T13:01:37.728+0000] {processor.py:840} INFO - DAG(s) 'example_dag' retrieved from /opt/airflow/dags/example_dag.py
[2025-05-10T13:01:37.751+0000] {logging_mixin.py:188} INFO - [2025-05-10T13:01:37.751+0000] {dag.py:3096} INFO - Sync 1 DAGs
[2025-05-10T13:01:37.772+0000] {logging_mixin.py:188} INFO - [2025-05-10T13:01:37.772+0000] {dag.py:3954} INFO - Setting next_dagrun for example_dag to 2025-05-10 13:01:00+00:00, run_after=2025-05-10 13:02:00+00:00
[2025-05-10T13:01:37.790+0000] {processor.py:183} INFO - Processing /opt/airflow/dags/example_dag.py took 0.091 seconds
[2025-05-10T13:02:07.864+0000] {processor.py:161} INFO - Started process (PID=590) to work on /opt/airflow/dags/example_dag.py
[2025-05-10T13:02:07.865+0000] {processor.py:830} INFO - Processing file /opt/airflow/dags/example_dag.py for tasks to queue
[2025-05-10T13:02:07.867+0000] {logging_mixin.py:188} INFO - [2025-05-10T13:02:07.867+0000] {dagbag.py:545} INFO - Filling up the DagBag from /opt/airflow/dags/example_dag.py
[2025-05-10T13:02:07.886+0000] {processor.py:840} INFO - DAG(s) 'example_dag' retrieved from /opt/airflow/dags/example_dag.py
[2025-05-10T13:02:07.910+0000] {logging_mixin.py:188} INFO - [2025-05-10T13:02:07.910+0000] {dag.py:3096} INFO - Sync 1 DAGs
[2025-05-10T13:02:07.932+0000] {logging_mixin.py:188} INFO - [2025-05-10T13:02:07.931+0000] {dag.py:3954} INFO - Setting next_dagrun for example_dag to 2025-05-10 13:02:00+00:00, run_after=2025-05-10 13:03:00+00:00
[2025-05-10T13:02:07.950+0000] {processor.py:183} INFO - Processing /opt/airflow/dags/example_dag.py took 0.091 seconds
[2025-05-10T13:02:38.090+0000] {processor.py:161} INFO - Started process (PID=595) to work on /opt/airflow/dags/example_dag.py
[2025-05-10T13:02:38.091+0000] {processor.py:830} INFO - Processing file /opt/airflow/dags/example_dag.py for tasks to queue
[2025-05-10T13:02:38.093+0000] {logging_mixin.py:188} INFO - [2025-05-10T13:02:38.093+0000] {dagbag.py:545} INFO - Filling up the DagBag from /opt/airflow/dags/example_dag.py
[2025-05-10T13:02:38.114+0000] {processor.py:840} INFO - DAG(s) 'example_dag' retrieved from /opt/airflow/dags/example_dag.py
[2025-05-10T13:02:38.137+0000] {logging_mixin.py:188} INFO - [2025-05-10T13:02:38.137+0000] {dag.py:3096} INFO - Sync 1 DAGs
[2025-05-10T13:02:38.158+0000] {logging_mixin.py:188} INFO - [2025-05-10T13:02:38.158+0000] {dag.py:3954} INFO - Setting next_dagrun for example_dag to 2025-05-10 13:02:00+00:00, run_after=2025-05-10 13:03:00+00:00
[2025-05-10T13:02:38.178+0000] {processor.py:183} INFO - Processing /opt/airflow/dags/example_dag.py took 0.093 seconds
[2025-05-10T13:03:08.243+0000] {processor.py:161} INFO - Started process (PID=603) to work on /opt/airflow/dags/example_dag.py
[2025-05-10T13:03:08.244+0000] {processor.py:830} INFO - Processing file /opt/airflow/dags/example_dag.py for tasks to queue
[2025-05-10T13:03:08.245+0000] {logging_mixin.py:188} INFO - [2025-05-10T13:03:08.245+0000] {dagbag.py:545} INFO - Filling up the DagBag from /opt/airflow/dags/example_dag.py
[2025-05-10T13:03:08.265+0000] {processor.py:840} INFO - DAG(s) 'example_dag' retrieved from /opt/airflow/dags/example_dag.py
[2025-05-10T13:03:08.288+0000] {logging_mixin.py:188} INFO - [2025-05-10T13:03:08.288+0000] {dag.py:3096} INFO - Sync 1 DAGs
[2025-05-10T13:03:08.312+0000] {logging_mixin.py:188} INFO - [2025-05-10T13:03:08.312+0000] {dag.py:3954} INFO - Setting next_dagrun for example_dag to 2025-05-10 13:03:00+00:00, run_after=2025-05-10 13:04:00+00:00
[2025-05-10T13:03:08.331+0000] {processor.py:183} INFO - Processing /opt/airflow/dags/example_dag.py took 0.094 seconds
[2025-05-10T13:03:38.471+0000] {processor.py:161} INFO - Started process (PID=608) to work on /opt/airflow/dags/example_dag.py
[2025-05-10T13:03:38.472+0000] {processor.py:830} INFO - Processing file /opt/airflow/dags/example_dag.py for tasks to queue
[2025-05-10T13:03:38.474+0000] {logging_mixin.py:188} INFO - [2025-05-10T13:03:38.474+0000] {dagbag.py:545} INFO - Filling up the DagBag from /opt/airflow/dags/example_dag.py
[2025-05-10T13:03:38.499+0000] {processor.py:840} INFO - DAG(s) 'example_dag' retrieved from /opt/airflow/dags/example_dag.py
[2025-05-10T13:03:38.524+0000] {logging_mixin.py:188} INFO - [2025-05-10T13:03:38.523+0000] {dag.py:3096} INFO - Sync 1 DAGs
[2025-05-10T13:03:38.548+0000] {logging_mixin.py:188} INFO - [2025-05-10T13:03:38.548+0000] {dag.py:3954} INFO - Setting next_dagrun for example_dag to 2025-05-10 13:03:00+00:00, run_after=2025-05-10 13:04:00+00:00
[2025-05-10T13:03:38.570+0000] {processor.py:183} INFO - Processing /opt/airflow/dags/example_dag.py took 0.105 seconds
[2025-05-10T13:04:08.645+0000] {processor.py:161} INFO - Started process (PID=616) to work on /opt/airflow/dags/example_dag.py
[2025-05-10T13:04:08.646+0000] {processor.py:830} INFO - Processing file /opt/airflow/dags/example_dag.py for tasks to queue
[2025-05-10T13:04:08.648+0000] {logging_mixin.py:188} INFO - [2025-05-10T13:04:08.648+0000] {dagbag.py:545} INFO - Filling up the DagBag from /opt/airflow/dags/example_dag.py
[2025-05-10T13:04:08.668+0000] {processor.py:840} INFO - DAG(s) 'example_dag' retrieved from /opt/airflow/dags/example_dag.py
[2025-05-10T13:04:08.691+0000] {logging_mixin.py:188} INFO - [2025-05-10T13:04:08.690+0000] {dag.py:3096} INFO - Sync 1 DAGs
[2025-05-10T13:04:08.712+0000] {logging_mixin.py:188} INFO - [2025-05-10T13:04:08.712+0000] {dag.py:3954} INFO - Setting next_dagrun for example_dag to 2025-05-10 13:04:00+00:00, run_after=2025-05-10 13:05:00+00:00
[2025-05-10T13:04:08.731+0000] {processor.py:183} INFO - Processing /opt/airflow/dags/example_dag.py took 0.092 seconds
[2025-05-10T13:04:38.875+0000] {processor.py:161} INFO - Started process (PID=621) to work on /opt/airflow/dags/example_dag.py
[2025-05-10T13:04:38.876+0000] {processor.py:830} INFO - Processing file /opt/airflow/dags/example_dag.py for tasks to queue
[2025-05-10T13:04:38.878+0000] {logging_mixin.py:188} INFO - [2025-05-10T13:04:38.878+0000] {dagbag.py:545} INFO - Filling up the DagBag from /opt/airflow/dags/example_dag.py
[2025-05-10T13:04:38.898+0000] {processor.py:840} INFO - DAG(s) 'example_dag' retrieved from /opt/airflow/dags/example_dag.py
[2025-05-10T13:04:38.921+0000] {logging_mixin.py:188} INFO - [2025-05-10T13:04:38.920+0000] {dag.py:3096} INFO - Sync 1 DAGs
[2025-05-10T13:04:38.942+0000] {logging_mixin.py:188} INFO - [2025-05-10T13:04:38.942+0000] {dag.py:3954} INFO - Setting next_dagrun for example_dag to 2025-05-10 13:04:00+00:00, run_after=2025-05-10 13:05:00+00:00
[2025-05-10T13:04:38.961+0000] {processor.py:183} INFO - Processing /opt/airflow/dags/example_dag.py took 0.091 seconds
[2025-05-10T13:05:09.025+0000] {processor.py:161} INFO - Started process (PID=629) to work on /opt/airflow/dags/example_dag.py
[2025-05-10T13:05:09.026+0000] {processor.py:830} INFO - Processing file /opt/airflow/dags/example_dag.py for tasks to queue
[2025-05-10T13:05:09.028+0000] {logging_mixin.py:188} INFO - [2025-05-10T13:05:09.027+0000] {dagbag.py:545} INFO - Filling up the DagBag from /opt/airflow/dags/example_dag.py
[2025-05-10T13:05:09.047+0000] {processor.py:840} INFO - DAG(s) 'example_dag' retrieved from /opt/airflow/dags/example_dag.py
[2025-05-10T13:05:09.071+0000] {logging_mixin.py:188} INFO - [2025-05-10T13:05:09.070+0000] {dag.py:3096} INFO - Sync 1 DAGs
[2025-05-10T13:05:09.093+0000] {logging_mixin.py:188} INFO - [2025-05-10T13:05:09.093+0000] {dag.py:3954} INFO - Setting next_dagrun for example_dag to 2025-05-10 13:05:00+00:00, run_after=2025-05-10 13:06:00+00:00
[2025-05-10T13:05:09.111+0000] {processor.py:183} INFO - Processing /opt/airflow/dags/example_dag.py took 0.092 seconds
[2025-05-10T13:05:39.248+0000] {processor.py:161} INFO - Started process (PID=634) to work on /opt/airflow/dags/example_dag.py
[2025-05-10T13:05:39.249+0000] {processor.py:830} INFO - Processing file /opt/airflow/dags/example_dag.py for tasks to queue
[2025-05-10T13:05:39.251+0000] {logging_mixin.py:188} INFO - [2025-05-10T13:05:39.251+0000] {dagbag.py:545} INFO - Filling up the DagBag from /opt/airflow/dags/example_dag.py
[2025-05-10T13:05:39.271+0000] {processor.py:840} INFO - DAG(s) 'example_dag' retrieved from /opt/airflow/dags/example_dag.py
[2025-05-10T13:05:39.294+0000] {logging_mixin.py:188} INFO - [2025-05-10T13:05:39.294+0000] {dag.py:3096} INFO - Sync 1 DAGs
[2025-05-10T13:05:39.316+0000] {logging_mixin.py:188} INFO - [2025-05-10T13:05:39.316+0000] {dag.py:3954} INFO - Setting next_dagrun for example_dag to 2025-05-10 13:05:00+00:00, run_after=2025-05-10 13:06:00+00:00
[2025-05-10T13:05:39.336+0000] {processor.py:183} INFO - Processing /opt/airflow/dags/example_dag.py took 0.094 seconds
[2025-05-10T13:06:09.414+0000] {processor.py:161} INFO - Started process (PID=642) to work on /opt/airflow/dags/example_dag.py
[2025-05-10T13:06:09.415+0000] {processor.py:830} INFO - Processing file /opt/airflow/dags/example_dag.py for tasks to queue
[2025-05-10T13:06:09.417+0000] {logging_mixin.py:188} INFO - [2025-05-10T13:06:09.417+0000] {dagbag.py:545} INFO - Filling up the DagBag from /opt/airflow/dags/example_dag.py
[2025-05-10T13:06:09.438+0000] {processor.py:840} INFO - DAG(s) 'example_dag' retrieved from /opt/airflow/dags/example_dag.py
[2025-05-10T13:06:09.461+0000] {logging_mixin.py:188} INFO - [2025-05-10T13:06:09.461+0000] {dag.py:3096} INFO - Sync 1 DAGs
[2025-05-10T13:06:09.483+0000] {logging_mixin.py:188} INFO - [2025-05-10T13:06:09.483+0000] {dag.py:3954} INFO - Setting next_dagrun for example_dag to 2025-05-10 13:06:00+00:00, run_after=2025-05-10 13:07:00+00:00
[2025-05-10T13:06:09.500+0000] {processor.py:183} INFO - Processing /opt/airflow/dags/example_dag.py took 0.092 seconds
[2025-05-10T13:06:39.648+0000] {processor.py:161} INFO - Started process (PID=647) to work on /opt/airflow/dags/example_dag.py
[2025-05-10T13:06:39.649+0000] {processor.py:830} INFO - Processing file /opt/airflow/dags/example_dag.py for tasks to queue
[2025-05-10T13:06:39.651+0000] {logging_mixin.py:188} INFO - [2025-05-10T13:06:39.651+0000] {dagbag.py:545} INFO - Filling up the DagBag from /opt/airflow/dags/example_dag.py
[2025-05-10T13:06:39.672+0000] {processor.py:840} INFO - DAG(s) 'example_dag' retrieved from /opt/airflow/dags/example_dag.py
[2025-05-10T13:06:39.695+0000] {logging_mixin.py:188} INFO - [2025-05-10T13:06:39.695+0000] {dag.py:3096} INFO - Sync 1 DAGs
[2025-05-10T13:06:39.717+0000] {logging_mixin.py:188} INFO - [2025-05-10T13:06:39.717+0000] {dag.py:3954} INFO - Setting next_dagrun for example_dag to 2025-05-10 13:06:00+00:00, run_after=2025-05-10 13:07:00+00:00
[2025-05-10T13:06:39.744+0000] {processor.py:183} INFO - Processing /opt/airflow/dags/example_dag.py took 0.101 seconds
