[2025-06-14T16:33:04.576+0000] {local_task_job_runner.py:120} INFO - ::group::Pre task execution logs
[2025-06-14T16:33:04.609+0000] {taskinstance.py:2076} INFO - Dependencies all met for dep_context=non-requeueable deps ti=<TaskInstance: usdpkr_forecasting_modular.fetch_oil manual__2025-06-14T16:32:59.249882+00:00 [queued]>
[2025-06-14T16:33:04.618+0000] {taskinstance.py:2076} INFO - Dependencies all met for dep_context=requeueable deps ti=<TaskInstance: usdpkr_forecasting_modular.fetch_oil manual__2025-06-14T16:32:59.249882+00:00 [queued]>
[2025-06-14T16:33:04.619+0000] {taskinstance.py:2306} INFO - Starting attempt 1 of 6
[2025-06-14T16:33:04.639+0000] {taskinstance.py:2330} INFO - Executing <Task(PythonOperator): fetch_oil> on 2025-06-14 16:32:59.249882+00:00
[2025-06-14T16:33:04.646+0000] {standard_task_runner.py:63} INFO - Started process 673 to run task
[2025-06-14T16:33:04.652+0000] {standard_task_runner.py:90} INFO - Running: ['***', 'tasks', 'run', 'usdpkr_forecasting_modular', 'fetch_oil', 'manual__2025-06-14T16:32:59.249882+00:00', '--job-id', '276', '--raw', '--subdir', 'DAGS_FOLDER/usdpkr_forecasting_dag.py', '--cfg-path', '/tmp/tmpq6to_vs0']
[2025-06-14T16:33:04.656+0000] {standard_task_runner.py:91} INFO - Job 276: Subtask fetch_oil
[2025-06-14T16:33:04.728+0000] {task_command.py:426} INFO - Running <TaskInstance: usdpkr_forecasting_modular.fetch_oil manual__2025-06-14T16:32:59.249882+00:00 [running]> on host 1ada37a5d2dc
[2025-06-14T16:33:04.855+0000] {taskinstance.py:2648} INFO - Exporting env vars: AIRFLOW_CTX_DAG_OWNER='***' AIRFLOW_CTX_DAG_ID='usdpkr_forecasting_modular' AIRFLOW_CTX_TASK_ID='fetch_oil' AIRFLOW_CTX_EXECUTION_DATE='2025-06-14T16:32:59.249882+00:00' AIRFLOW_CTX_TRY_NUMBER='1' AIRFLOW_CTX_DAG_RUN_ID='manual__2025-06-14T16:32:59.249882+00:00'
[2025-06-14T16:33:04.857+0000] {taskinstance.py:430} INFO - ::endgroup::
[2025-06-14T16:33:04.877+0000] {ingest.py:65} INFO - Fetching CL=F from Yahoo Finance...
[2025-06-14T16:33:08.101+0000] {ingest.py:106} INFO - Saved CL=F data to /opt/***/data/raw/OIL.csv
[2025-06-14T16:33:08.101+0000] {ingest.py:107} INFO - Date range: 2000-08-31 to 2025-06-30
[2025-06-14T16:33:08.102+0000] {python.py:237} INFO - Done. Returned value was: /opt/***/data/raw/OIL.csv
[2025-06-14T16:33:08.102+0000] {taskinstance.py:441} INFO - ::group::Post task execution logs
[2025-06-14T16:33:08.126+0000] {taskinstance.py:1206} INFO - Marking task as SUCCESS. dag_id=usdpkr_forecasting_modular, task_id=fetch_oil, run_id=manual__2025-06-14T16:32:59.249882+00:00, execution_date=20250614T163259, start_date=20250614T163304, end_date=20250614T163308
[2025-06-14T16:33:08.172+0000] {local_task_job_runner.py:240} INFO - Task exited with return code 0
[2025-06-14T16:33:08.201+0000] {taskinstance.py:3498} INFO - 0 downstream tasks scheduled from follow-on schedule check
[2025-06-14T16:33:08.203+0000] {local_task_job_runner.py:222} INFO - ::endgroup::
