[2025-06-19T09:09:56.994+0000] {local_task_job_runner.py:120} INFO - ::group::Pre task execution logs
[2025-06-19T09:09:57.027+0000] {taskinstance.py:2076} INFO - Dependencies all met for dep_context=non-requeueable deps ti=<TaskInstance: kse100_forecasting.fetch_forex_reserves manual__2025-06-19T09:09:50.730380+00:00 [queued]>
[2025-06-19T09:09:57.036+0000] {taskinstance.py:2076} INFO - Dependencies all met for dep_context=requeueable deps ti=<TaskInstance: kse100_forecasting.fetch_forex_reserves manual__2025-06-19T09:09:50.730380+00:00 [queued]>
[2025-06-19T09:09:57.036+0000] {taskinstance.py:2306} INFO - Starting attempt 1 of 3
[2025-06-19T09:09:57.053+0000] {taskinstance.py:2330} INFO - Executing <Task(PythonOperator): fetch_forex_reserves> on 2025-06-19 09:09:50.730380+00:00
[2025-06-19T09:09:57.070+0000] {standard_task_runner.py:63} INFO - Started process 830 to run task
[2025-06-19T09:09:57.083+0000] {standard_task_runner.py:90} INFO - Running: ['***', 'tasks', 'run', 'kse100_forecasting', 'fetch_forex_reserves', 'manual__2025-06-19T09:09:50.730380+00:00', '--job-id', '1114', '--raw', '--subdir', 'DAGS_FOLDER/kse100_forecasting_dag.py', '--cfg-path', '/tmp/tmpe8fum18n']
[2025-06-19T09:09:57.087+0000] {standard_task_runner.py:91} INFO - Job 1114: Subtask fetch_forex_reserves
[2025-06-19T09:09:57.152+0000] {task_command.py:426} INFO - Running <TaskInstance: kse100_forecasting.fetch_forex_reserves manual__2025-06-19T09:09:50.730380+00:00 [running]> on host fb048d2dbcb2
[2025-06-19T09:09:57.265+0000] {taskinstance.py:2648} INFO - Exporting env vars: AIRFLOW_CTX_DAG_OWNER='***' AIRFLOW_CTX_DAG_ID='kse100_forecasting' AIRFLOW_CTX_TASK_ID='fetch_forex_reserves' AIRFLOW_CTX_EXECUTION_DATE='2025-06-19T09:09:50.730380+00:00' AIRFLOW_CTX_TRY_NUMBER='1' AIRFLOW_CTX_DAG_RUN_ID='manual__2025-06-19T09:09:50.730380+00:00'
[2025-06-19T09:09:57.267+0000] {taskinstance.py:430} INFO - ::endgroup::
[2025-06-19T09:09:57.291+0000] {ingest.py:193} INFO - Generating placeholder data for SBP series: FOREX_RESERVES...
[2025-06-19T09:09:57.336+0000] {ingest.py:214} INFO - Saved placeholder FOREX_RESERVES data to /opt/***/dataKse/raw/FOREX_RESERVES.csv
[2025-06-19T09:09:57.350+0000] {ingest.py:215} INFO - Date range: 2005-06-30 to 2025-05-31
[2025-06-19T09:09:57.356+0000] {python.py:237} INFO - Done. Returned value was: /opt/***/dataKse/raw/FOREX_RESERVES.csv
[2025-06-19T09:09:57.363+0000] {taskinstance.py:441} INFO - ::group::Post task execution logs
[2025-06-19T09:09:57.421+0000] {taskinstance.py:1206} INFO - Marking task as SUCCESS. dag_id=kse100_forecasting, task_id=fetch_forex_reserves, run_id=manual__2025-06-19T09:09:50.730380+00:00, execution_date=20250619T090950, start_date=20250619T090957, end_date=20250619T090957
[2025-06-19T09:09:57.463+0000] {local_task_job_runner.py:240} INFO - Task exited with return code 0
[2025-06-19T09:09:57.492+0000] {taskinstance.py:3498} INFO - 0 downstream tasks scheduled from follow-on schedule check
[2025-06-19T09:09:57.496+0000] {local_task_job_runner.py:222} INFO - ::endgroup::
