[2025-05-13T20:01:37.885+0000] {local_task_job_runner.py:120} INFO - ::group::Pre task execution logs
[2025-05-13T20:01:37.915+0000] {taskinstance.py:2076} INFO - Dependencies all met for dep_context=non-requeueable deps ti=<TaskInstance: inflation_forecasting.evaluate_svr manual__2025-05-13T20:00:58.979443+00:00 [queued]>
[2025-05-13T20:01:37.925+0000] {taskinstance.py:2076} INFO - Dependencies all met for dep_context=requeueable deps ti=<TaskInstance: inflation_forecasting.evaluate_svr manual__2025-05-13T20:00:58.979443+00:00 [queued]>
[2025-05-13T20:01:37.926+0000] {taskinstance.py:2306} INFO - Starting attempt 1 of 1
[2025-05-13T20:01:37.938+0000] {taskinstance.py:2330} INFO - Executing <Task(PythonOperator): evaluate_svr> on 2025-05-13 20:00:58.979443+00:00
[2025-05-13T20:01:37.950+0000] {logging_mixin.py:188} WARNING - /home/***/.local/lib/python3.12/site-packages/***/task/task_runner/standard_task_runner.py:61 DeprecationWarning: This process (pid=1556) is multi-threaded, use of fork() may lead to deadlocks in the child.
[2025-05-13T20:01:37.953+0000] {standard_task_runner.py:63} INFO - Started process 1577 to run task
[2025-05-13T20:01:37.951+0000] {standard_task_runner.py:90} INFO - Running: ['***', 'tasks', 'run', 'inflation_forecasting', 'evaluate_svr', 'manual__2025-05-13T20:00:58.979443+00:00', '--job-id', '167', '--raw', '--subdir', 'DAGS_FOLDER/inflation_forecasting_dag.py', '--cfg-path', '/tmp/tmplhf4f48e']
[2025-05-13T20:01:37.954+0000] {standard_task_runner.py:91} INFO - Job 167: Subtask evaluate_svr
[2025-05-13T20:01:37.973+0000] {logging_mixin.py:188} WARNING - /home/***/.local/lib/python3.12/site-packages/***/settings.py:195 DeprecationWarning: The sql_alchemy_conn option in [core] has been moved to the sql_alchemy_conn option in [database] - the old setting has been used, but please update your config.
[2025-05-13T20:01:38.017+0000] {task_command.py:426} INFO - Running <TaskInstance: inflation_forecasting.evaluate_svr manual__2025-05-13T20:00:58.979443+00:00 [running]> on host bab02daaed98
[2025-05-13T20:01:38.398+0000] {taskinstance.py:2648} INFO - Exporting env vars: AIRFLOW_CTX_DAG_OWNER='***' AIRFLOW_CTX_DAG_ID='inflation_forecasting' AIRFLOW_CTX_TASK_ID='evaluate_svr' AIRFLOW_CTX_EXECUTION_DATE='2025-05-13T20:00:58.979443+00:00' AIRFLOW_CTX_TRY_NUMBER='1' AIRFLOW_CTX_DAG_RUN_ID='manual__2025-05-13T20:00:58.979443+00:00'
[2025-05-13T20:01:38.400+0000] {taskinstance.py:430} INFO - ::endgroup::
[2025-05-13T20:01:38.416+0000] {logging_mixin.py:188} INFO - Loading SVR model from /opt/***/data/model_output/SVR.pkl
[2025-05-13T20:01:38.416+0000] {logging_mixin.py:188} INFO - Loading selected features from /opt/***/data/model_output/selected_features.pkl
[2025-05-13T20:01:38.417+0000] {logging_mixin.py:188} INFO - Loading train/test data from /opt/***/data/model_output/train_test_data.pkl
[2025-05-13T20:01:38.452+0000] {logging_mixin.py:188} INFO - SVR - RMSE: 0.2223, MAE: 0.1765, R²: 0.5955
[2025-05-13T20:01:38.460+0000] {logging_mixin.py:188} INFO - SVR metrics saved to /opt/***/data/model_output/svr_metrics.pkl
[2025-05-13T20:01:38.461+0000] {python.py:237} INFO - Done. Returned value was: /opt/***/data/model_output/svr_metrics.pkl
[2025-05-13T20:01:38.462+0000] {taskinstance.py:441} INFO - ::group::Post task execution logs
[2025-05-13T20:01:38.525+0000] {taskinstance.py:1206} INFO - Marking task as SUCCESS. dag_id=inflation_forecasting, task_id=evaluate_svr, run_id=manual__2025-05-13T20:00:58.979443+00:00, execution_date=20250513T200058, start_date=20250513T200137, end_date=20250513T200138
[2025-05-13T20:01:38.570+0000] {local_task_job_runner.py:240} INFO - Task exited with return code 0
[2025-05-13T20:01:38.598+0000] {taskinstance.py:3498} INFO - 0 downstream tasks scheduled from follow-on schedule check
[2025-05-13T20:01:38.609+0000] {local_task_job_runner.py:222} INFO - ::endgroup::
