[2025-06-18T13:35:40.911+0000] {local_task_job_runner.py:120} INFO - ::group::Pre task execution logs
[2025-06-18T13:35:40.954+0000] {taskinstance.py:2076} INFO - Dependencies all met for dep_context=non-requeueable deps ti=<TaskInstance: usdpkr_forecasting_modular.fetch_forex_reserves manual__2025-06-18T13:35:35.483358+00:00 [queued]>
[2025-06-18T13:35:40.963+0000] {taskinstance.py:2076} INFO - Dependencies all met for dep_context=requeueable deps ti=<TaskInstance: usdpkr_forecasting_modular.fetch_forex_reserves manual__2025-06-18T13:35:35.483358+00:00 [queued]>
[2025-06-18T13:35:40.973+0000] {taskinstance.py:2306} INFO - Starting attempt 1 of 3
[2025-06-18T13:35:41.024+0000] {taskinstance.py:2330} INFO - Executing <Task(PythonOperator): fetch_forex_reserves> on 2025-06-18 13:35:35.483358+00:00
[2025-06-18T13:35:41.033+0000] {standard_task_runner.py:63} INFO - Started process 8362 to run task
[2025-06-18T13:35:41.045+0000] {standard_task_runner.py:90} INFO - Running: ['***', 'tasks', 'run', 'usdpkr_forecasting_modular', 'fetch_forex_reserves', 'manual__2025-06-18T13:35:35.483358+00:00', '--job-id', '756', '--raw', '--subdir', 'DAGS_FOLDER/usdpkr_forecasting_dag.py', '--cfg-path', '/tmp/tmphn6dnuuh']
[2025-06-18T13:35:41.060+0000] {standard_task_runner.py:91} INFO - Job 756: Subtask fetch_forex_reserves
[2025-06-18T13:35:41.155+0000] {task_command.py:426} INFO - Running <TaskInstance: usdpkr_forecasting_modular.fetch_forex_reserves manual__2025-06-18T13:35:35.483358+00:00 [running]> on host 9c4806d77c92
[2025-06-18T13:35:41.288+0000] {taskinstance.py:2648} INFO - Exporting env vars: AIRFLOW_CTX_DAG_OWNER='***' AIRFLOW_CTX_DAG_ID='usdpkr_forecasting_modular' AIRFLOW_CTX_TASK_ID='fetch_forex_reserves' AIRFLOW_CTX_EXECUTION_DATE='2025-06-18T13:35:35.483358+00:00' AIRFLOW_CTX_TRY_NUMBER='1' AIRFLOW_CTX_DAG_RUN_ID='manual__2025-06-18T13:35:35.483358+00:00'
[2025-06-18T13:35:41.290+0000] {taskinstance.py:430} INFO - ::endgroup::
[2025-06-18T13:35:41.304+0000] {ingest.py:193} INFO - Generating placeholder data for SBP series: FOREX_RESERVES...
[2025-06-18T13:35:41.333+0000] {ingest.py:214} INFO - Saved placeholder FOREX_RESERVES data to /opt/***/data/raw/FOREX_RESERVES.csv
[2025-06-18T13:35:41.334+0000] {ingest.py:215} INFO - Date range: 2005-06-30 to 2025-05-31
[2025-06-18T13:35:41.335+0000] {python.py:237} INFO - Done. Returned value was: /opt/***/data/raw/FOREX_RESERVES.csv
[2025-06-18T13:35:41.335+0000] {taskinstance.py:441} INFO - ::group::Post task execution logs
[2025-06-18T13:35:41.388+0000] {taskinstance.py:1206} INFO - Marking task as SUCCESS. dag_id=usdpkr_forecasting_modular, task_id=fetch_forex_reserves, run_id=manual__2025-06-18T13:35:35.483358+00:00, execution_date=20250618T133535, start_date=20250618T133540, end_date=20250618T133541
[2025-06-18T13:35:41.464+0000] {local_task_job_runner.py:240} INFO - Task exited with return code 0
[2025-06-18T13:35:41.505+0000] {taskinstance.py:3498} INFO - 0 downstream tasks scheduled from follow-on schedule check
[2025-06-18T13:35:41.516+0000] {local_task_job_runner.py:222} INFO - ::endgroup::
