[2025-06-14T16:55:30.285+0000] {local_task_job_runner.py:120} INFO - ::group::Pre task execution logs
[2025-06-14T16:55:30.320+0000] {taskinstance.py:2076} INFO - Dependencies all met for dep_context=non-requeueable deps ti=<TaskInstance: usdpkr_forecasting_modular.merge_data manual__2025-06-14T16:55:18.385585+00:00 [queued]>
[2025-06-14T16:55:30.330+0000] {taskinstance.py:2076} INFO - Dependencies all met for dep_context=requeueable deps ti=<TaskInstance: usdpkr_forecasting_modular.merge_data manual__2025-06-14T16:55:18.385585+00:00 [queued]>
[2025-06-14T16:55:30.330+0000] {taskinstance.py:2306} INFO - Starting attempt 1 of 3
[2025-06-14T16:55:30.347+0000] {taskinstance.py:2330} INFO - Executing <Task(PythonOperator): merge_data> on 2025-06-14 16:55:18.385585+00:00
[2025-06-14T16:55:30.357+0000] {standard_task_runner.py:90} INFO - Running: ['***', 'tasks', 'run', 'usdpkr_forecasting_modular', 'merge_data', 'manual__2025-06-14T16:55:18.385585+00:00', '--job-id', '330', '--raw', '--subdir', 'DAGS_FOLDER/usdpkr_forecasting_dag.py', '--cfg-path', '/tmp/tmpfisp86gq']
[2025-06-14T16:55:30.360+0000] {standard_task_runner.py:91} INFO - Job 330: Subtask merge_data
[2025-06-14T16:55:30.354+0000] {standard_task_runner.py:63} INFO - Started process 343 to run task
[2025-06-14T16:55:30.406+0000] {task_command.py:426} INFO - Running <TaskInstance: usdpkr_forecasting_modular.merge_data manual__2025-06-14T16:55:18.385585+00:00 [running]> on host 1ada37a5d2dc
[2025-06-14T16:55:30.518+0000] {taskinstance.py:2648} INFO - Exporting env vars: AIRFLOW_CTX_DAG_OWNER='***' AIRFLOW_CTX_DAG_ID='usdpkr_forecasting_modular' AIRFLOW_CTX_TASK_ID='merge_data' AIRFLOW_CTX_EXECUTION_DATE='2025-06-14T16:55:18.385585+00:00' AIRFLOW_CTX_TRY_NUMBER='1' AIRFLOW_CTX_DAG_RUN_ID='manual__2025-06-14T16:55:18.385585+00:00'
[2025-06-14T16:55:30.526+0000] {taskinstance.py:430} INFO - ::endgroup::
[2025-06-14T16:55:30.603+0000] {python.py:237} INFO - Done. Returned value was:         DATE        OIL  FOREX_RESERVES  ...        KSE100      USDPKR        M2
0    2005-06  56.500000            8.42  ...   7450.120117   59.700001  14619.15
1    2005-07  60.570000           22.67  ...   7178.930176   59.660000  15095.55
2    2005-08  68.940002           15.52  ...   7796.859863   59.639999  14906.28
3    2005-09  66.239998           10.02  ...   8225.660156   59.700001  15339.77
4    2005-10  59.759998           15.23  ...   8247.370117   59.715000  15776.69
..       ...        ...             ...  ...           ...         ...       ...
191  2021-05  66.320000           15.16  ...  47126.289062  154.330002  73503.18
192  2021-06  73.470001           18.06  ...  47356.019531  158.100006  72936.04
193  2021-07  73.949997            9.89  ...  47055.289062  160.928391  72515.19
194  2021-08  68.500000           17.88  ...  47419.738281  165.310272  75702.70
195  2021-09  75.029999           15.30  ...  44899.601562  169.500000  75838.71

[196 rows x 9 columns]
[2025-06-14T16:55:30.618+0000] {taskinstance.py:441} INFO - ::group::Post task execution logs
[2025-06-14T16:55:30.657+0000] {taskinstance.py:1206} INFO - Marking task as SUCCESS. dag_id=usdpkr_forecasting_modular, task_id=merge_data, run_id=manual__2025-06-14T16:55:18.385585+00:00, execution_date=20250614T165518, start_date=20250614T165530, end_date=20250614T165530
[2025-06-14T16:55:30.696+0000] {local_task_job_runner.py:240} INFO - Task exited with return code 0
[2025-06-14T16:55:30.724+0000] {taskinstance.py:3498} INFO - 1 downstream tasks scheduled from follow-on schedule check
[2025-06-14T16:55:30.726+0000] {local_task_job_runner.py:222} INFO - ::endgroup::
