[2025-06-18T15:22:17.090+0000] {local_task_job_runner.py:120} INFO - ::group::Pre task execution logs
[2025-06-18T15:22:17.122+0000] {taskinstance.py:2076} INFO - Dependencies all met for dep_context=non-requeueable deps ti=<TaskInstance: kse100_forecasting.fetch_interest_rate manual__2025-06-18T15:22:10.757413+00:00 [queued]>
[2025-06-18T15:22:17.136+0000] {taskinstance.py:2076} INFO - Dependencies all met for dep_context=requeueable deps ti=<TaskInstance: kse100_forecasting.fetch_interest_rate manual__2025-06-18T15:22:10.757413+00:00 [queued]>
[2025-06-18T15:22:17.137+0000] {taskinstance.py:2306} INFO - Starting attempt 1 of 3
[2025-06-18T15:22:17.154+0000] {taskinstance.py:2330} INFO - Executing <Task(PythonOperator): fetch_interest_rate> on 2025-06-18 15:22:10.757413+00:00
[2025-06-18T15:22:17.164+0000] {standard_task_runner.py:63} INFO - Started process 959 to run task
[2025-06-18T15:22:17.171+0000] {standard_task_runner.py:90} INFO - Running: ['***', 'tasks', 'run', 'kse100_forecasting', 'fetch_interest_rate', 'manual__2025-06-18T15:22:10.757413+00:00', '--job-id', '906', '--raw', '--subdir', 'DAGS_FOLDER/kse100_forecasting_dag.py', '--cfg-path', '/tmp/tmprvjyjjqv']
[2025-06-18T15:22:17.173+0000] {standard_task_runner.py:91} INFO - Job 906: Subtask fetch_interest_rate
[2025-06-18T15:22:17.224+0000] {task_command.py:426} INFO - Running <TaskInstance: kse100_forecasting.fetch_interest_rate manual__2025-06-18T15:22:10.757413+00:00 [running]> on host f55656462970
[2025-06-18T15:22:17.329+0000] {taskinstance.py:2648} INFO - Exporting env vars: AIRFLOW_CTX_DAG_OWNER='***' AIRFLOW_CTX_DAG_ID='kse100_forecasting' AIRFLOW_CTX_TASK_ID='fetch_interest_rate' AIRFLOW_CTX_EXECUTION_DATE='2025-06-18T15:22:10.757413+00:00' AIRFLOW_CTX_TRY_NUMBER='1' AIRFLOW_CTX_DAG_RUN_ID='manual__2025-06-18T15:22:10.757413+00:00'
[2025-06-18T15:22:17.331+0000] {taskinstance.py:430} INFO - ::endgroup::
[2025-06-18T15:22:17.345+0000] {ingest.py:193} INFO - Generating placeholder data for SBP series: INTEREST_RATE...
[2025-06-18T15:22:17.360+0000] {ingest.py:214} INFO - Saved placeholder INTEREST_RATE data to /opt/***/dataKse/raw/INTEREST_RATE.csv
[2025-06-18T15:22:17.360+0000] {ingest.py:215} INFO - Date range: 2005-06-30 to 2025-05-31
[2025-06-18T15:22:17.361+0000] {python.py:237} INFO - Done. Returned value was: /opt/***/dataKse/raw/INTEREST_RATE.csv
[2025-06-18T15:22:17.361+0000] {taskinstance.py:441} INFO - ::group::Post task execution logs
[2025-06-18T15:22:17.381+0000] {taskinstance.py:1206} INFO - Marking task as SUCCESS. dag_id=kse100_forecasting, task_id=fetch_interest_rate, run_id=manual__2025-06-18T15:22:10.757413+00:00, execution_date=20250618T152210, start_date=20250618T152217, end_date=20250618T152217
[2025-06-18T15:22:17.426+0000] {local_task_job_runner.py:240} INFO - Task exited with return code 0
[2025-06-18T15:22:17.452+0000] {taskinstance.py:3498} INFO - 0 downstream tasks scheduled from follow-on schedule check
[2025-06-18T15:22:17.454+0000] {local_task_job_runner.py:222} INFO - ::endgroup::
