[2025-06-18T15:16:56.740+0000] {local_task_job_runner.py:120} INFO - ::group::Pre task execution logs
[2025-06-18T15:16:56.882+0000] {taskinstance.py:2076} INFO - Dependencies all met for dep_context=non-requeueable deps ti=<TaskInstance: kse100_forecasting.fetch_interest_rate manual__2025-06-18T15:16:41.773738+00:00 [queued]>
[2025-06-18T15:16:56.921+0000] {taskinstance.py:2076} INFO - Dependencies all met for dep_context=requeueable deps ti=<TaskInstance: kse100_forecasting.fetch_interest_rate manual__2025-06-18T15:16:41.773738+00:00 [queued]>
[2025-06-18T15:16:56.942+0000] {taskinstance.py:2306} INFO - Starting attempt 1 of 3
[2025-06-18T15:16:57.017+0000] {taskinstance.py:2330} INFO - Executing <Task(PythonOperator): fetch_interest_rate> on 2025-06-18 15:16:41.773738+00:00
[2025-06-18T15:16:57.035+0000] {standard_task_runner.py:63} INFO - Started process 556 to run task
[2025-06-18T15:16:57.063+0000] {standard_task_runner.py:90} INFO - Running: ['***', 'tasks', 'run', 'kse100_forecasting', 'fetch_interest_rate', 'manual__2025-06-18T15:16:41.773738+00:00', '--job-id', '879', '--raw', '--subdir', 'DAGS_FOLDER/inflation_forecasting_dag.py', '--cfg-path', '/tmp/tmp1gb73rk0']
[2025-06-18T15:16:57.083+0000] {standard_task_runner.py:91} INFO - Job 879: Subtask fetch_interest_rate
[2025-06-18T15:16:57.276+0000] {task_command.py:426} INFO - Running <TaskInstance: kse100_forecasting.fetch_interest_rate manual__2025-06-18T15:16:41.773738+00:00 [running]> on host f55656462970
[2025-06-18T15:16:58.089+0000] {taskinstance.py:2648} INFO - Exporting env vars: AIRFLOW_CTX_DAG_OWNER='***' AIRFLOW_CTX_DAG_ID='kse100_forecasting' AIRFLOW_CTX_TASK_ID='fetch_interest_rate' AIRFLOW_CTX_EXECUTION_DATE='2025-06-18T15:16:41.773738+00:00' AIRFLOW_CTX_TRY_NUMBER='1' AIRFLOW_CTX_DAG_RUN_ID='manual__2025-06-18T15:16:41.773738+00:00'
[2025-06-18T15:16:58.110+0000] {taskinstance.py:430} INFO - ::endgroup::
[2025-06-18T15:16:58.199+0000] {ingest.py:193} INFO - Generating placeholder data for SBP series: INTEREST_RATE...
[2025-06-18T15:16:58.311+0000] {ingest.py:214} INFO - Saved placeholder INTEREST_RATE data to /opt/***/data/raw/INTEREST_RATE.csv
[2025-06-18T15:16:58.311+0000] {ingest.py:215} INFO - Date range: 2005-06-30 to 2025-05-31
[2025-06-18T15:16:58.312+0000] {python.py:237} INFO - Done. Returned value was: /opt/***/data/raw/INTEREST_RATE.csv
[2025-06-18T15:16:58.312+0000] {taskinstance.py:441} INFO - ::group::Post task execution logs
[2025-06-18T15:16:58.381+0000] {taskinstance.py:1206} INFO - Marking task as SUCCESS. dag_id=kse100_forecasting, task_id=fetch_interest_rate, run_id=manual__2025-06-18T15:16:41.773738+00:00, execution_date=20250618T151641, start_date=20250618T151656, end_date=20250618T151658
[2025-06-18T15:16:58.428+0000] {local_task_job_runner.py:240} INFO - Task exited with return code 0
[2025-06-18T15:16:58.477+0000] {taskinstance.py:3498} INFO - 0 downstream tasks scheduled from follow-on schedule check
[2025-06-18T15:16:58.482+0000] {local_task_job_runner.py:222} INFO - ::endgroup::
