[2025-05-13T19:36:56.409+0000] {local_task_job_runner.py:120} INFO - ::group::Pre task execution logs
[2025-05-13T19:36:56.455+0000] {taskinstance.py:2076} INFO - Dependencies all met for dep_context=non-requeueable deps ti=<TaskInstance: inflation_forecasting.fetch_fedfunds manual__2025-05-13T19:36:50.482892+00:00 [queued]>
[2025-05-13T19:36:56.465+0000] {taskinstance.py:2076} INFO - Dependencies all met for dep_context=requeueable deps ti=<TaskInstance: inflation_forecasting.fetch_fedfunds manual__2025-05-13T19:36:50.482892+00:00 [queued]>
[2025-05-13T19:36:56.466+0000] {taskinstance.py:2306} INFO - Starting attempt 1 of 1
[2025-05-13T19:36:56.497+0000] {taskinstance.py:2330} INFO - Executing <Task(PythonOperator): fetch_fedfunds> on 2025-05-13 19:36:50.482892+00:00
[2025-05-13T19:36:56.510+0000] {logging_mixin.py:188} WARNING - /home/***/.local/lib/python3.12/site-packages/***/task/task_runner/standard_task_runner.py:61 DeprecationWarning: This process (pid=643) is multi-threaded, use of fork() may lead to deadlocks in the child.
[2025-05-13T19:36:56.511+0000] {standard_task_runner.py:63} INFO - Started process 685 to run task
[2025-05-13T19:36:56.519+0000] {standard_task_runner.py:90} INFO - Running: ['***', 'tasks', 'run', 'inflation_forecasting', 'fetch_fedfunds', 'manual__2025-05-13T19:36:50.482892+00:00', '--job-id', '119', '--raw', '--subdir', 'DAGS_FOLDER/inflation_forecasting_dag.py', '--cfg-path', '/tmp/tmpwq2nrm_6']
[2025-05-13T19:36:56.521+0000] {standard_task_runner.py:91} INFO - Job 119: Subtask fetch_fedfunds
[2025-05-13T19:36:56.538+0000] {logging_mixin.py:188} WARNING - /home/***/.local/lib/python3.12/site-packages/***/settings.py:195 DeprecationWarning: The sql_alchemy_conn option in [core] has been moved to the sql_alchemy_conn option in [database] - the old setting has been used, but please update your config.
[2025-05-13T19:36:56.594+0000] {task_command.py:426} INFO - Running <TaskInstance: inflation_forecasting.fetch_fedfunds manual__2025-05-13T19:36:50.482892+00:00 [running]> on host bab02daaed98
[2025-05-13T19:36:57.141+0000] {taskinstance.py:2648} INFO - Exporting env vars: AIRFLOW_CTX_DAG_OWNER='***' AIRFLOW_CTX_DAG_ID='inflation_forecasting' AIRFLOW_CTX_TASK_ID='fetch_fedfunds' AIRFLOW_CTX_EXECUTION_DATE='2025-05-13T19:36:50.482892+00:00' AIRFLOW_CTX_TRY_NUMBER='1' AIRFLOW_CTX_DAG_RUN_ID='manual__2025-05-13T19:36:50.482892+00:00'
[2025-05-13T19:36:57.144+0000] {taskinstance.py:430} INFO - ::endgroup::
[2025-05-13T19:36:57.950+0000] {logging_mixin.py:188} INFO - FEDFUNDS is already monthly with 850 rows
[2025-05-13T19:36:57.951+0000] {logging_mixin.py:188} INFO - Date range for FEDFUNDS: 1954-07-01 00:00:00 to 2025-04-01 00:00:00
[2025-05-13T19:36:57.962+0000] {python.py:237} INFO - Done. Returned value was: None
[2025-05-13T19:36:57.962+0000] {taskinstance.py:441} INFO - ::group::Post task execution logs
[2025-05-13T19:36:57.988+0000] {taskinstance.py:1206} INFO - Marking task as SUCCESS. dag_id=inflation_forecasting, task_id=fetch_fedfunds, run_id=manual__2025-05-13T19:36:50.482892+00:00, execution_date=20250513T193650, start_date=20250513T193656, end_date=20250513T193657
[2025-05-13T19:36:58.041+0000] {local_task_job_runner.py:240} INFO - Task exited with return code 0
[2025-05-13T19:36:58.357+0000] {taskinstance.py:3498} INFO - 0 downstream tasks scheduled from follow-on schedule check
[2025-05-13T19:36:58.362+0000] {local_task_job_runner.py:222} INFO - ::endgroup::
