[2025-06-14T16:34:30.355+0000] {local_task_job_runner.py:120} INFO - ::group::Pre task execution logs
[2025-06-14T16:34:30.383+0000] {taskinstance.py:2076} INFO - Dependencies all met for dep_context=non-requeueable deps ti=<TaskInstance: usdpkr_forecasting_modular.feature_engineering manual__2025-06-14T16:34:11.679132+00:00 [queued]>
[2025-06-14T16:34:30.392+0000] {taskinstance.py:2076} INFO - Dependencies all met for dep_context=requeueable deps ti=<TaskInstance: usdpkr_forecasting_modular.feature_engineering manual__2025-06-14T16:34:11.679132+00:00 [queued]>
[2025-06-14T16:34:30.393+0000] {taskinstance.py:2306} INFO - Starting attempt 1 of 3
[2025-06-14T16:34:30.409+0000] {taskinstance.py:2330} INFO - Executing <Task(PythonOperator): feature_engineering> on 2025-06-14 16:34:11.679132+00:00
[2025-06-14T16:34:30.416+0000] {standard_task_runner.py:63} INFO - Started process 317 to run task
[2025-06-14T16:34:30.418+0000] {standard_task_runner.py:90} INFO - Running: ['***', 'tasks', 'run', 'usdpkr_forecasting_modular', 'feature_engineering', 'manual__2025-06-14T16:34:11.679132+00:00', '--job-id', '298', '--raw', '--subdir', 'DAGS_FOLDER/usdpkr_forecasting_dag.py', '--cfg-path', '/tmp/tmp7cemqnwb']
[2025-06-14T16:34:30.421+0000] {standard_task_runner.py:91} INFO - Job 298: Subtask feature_engineering
[2025-06-14T16:34:30.465+0000] {task_command.py:426} INFO - Running <TaskInstance: usdpkr_forecasting_modular.feature_engineering manual__2025-06-14T16:34:11.679132+00:00 [running]> on host 1ada37a5d2dc
[2025-06-14T16:34:30.602+0000] {taskinstance.py:2648} INFO - Exporting env vars: AIRFLOW_CTX_DAG_OWNER='***' AIRFLOW_CTX_DAG_ID='usdpkr_forecasting_modular' AIRFLOW_CTX_TASK_ID='feature_engineering' AIRFLOW_CTX_EXECUTION_DATE='2025-06-14T16:34:11.679132+00:00' AIRFLOW_CTX_TRY_NUMBER='1' AIRFLOW_CTX_DAG_RUN_ID='manual__2025-06-14T16:34:11.679132+00:00'
[2025-06-14T16:34:30.603+0000] {taskinstance.py:430} INFO - ::endgroup::
[2025-06-14T16:34:30.617+0000] {transform.py:303} ERROR - Error in engineer_features: string indices must be integers, not 'str'
[2025-06-14T16:34:30.617+0000] {taskinstance.py:441} INFO - ::group::Post task execution logs
[2025-06-14T16:34:30.618+0000] {taskinstance.py:2905} ERROR - Task failed with exception
Traceback (most recent call last):
  File "/home/airflow/.local/lib/python3.12/site-packages/airflow/models/taskinstance.py", line 465, in _execute_task
    result = _execute_callable(context=context, **execute_callable_kwargs)
             ^^^^^^^^^^^^^^^^^^^^^^^^^^^^^^^^^^^^^^^^^^^^^^^^^^^^^^^^^^^^^
  File "/home/airflow/.local/lib/python3.12/site-packages/airflow/models/taskinstance.py", line 432, in _execute_callable
    return execute_callable(context=context, **execute_callable_kwargs)
           ^^^^^^^^^^^^^^^^^^^^^^^^^^^^^^^^^^^^^^^^^^^^^^^^^^^^^^^^^^^^
  File "/home/airflow/.local/lib/python3.12/site-packages/airflow/models/baseoperator.py", line 400, in wrapper
    return func(self, *args, **kwargs)
           ^^^^^^^^^^^^^^^^^^^^^^^^^^^
  File "/home/airflow/.local/lib/python3.12/site-packages/airflow/operators/python.py", line 235, in execute
    return_value = self.execute_callable()
                   ^^^^^^^^^^^^^^^^^^^^^^^
  File "/home/airflow/.local/lib/python3.12/site-packages/airflow/operators/python.py", line 252, in execute_callable
    return self.python_callable(*self.op_args, **self.op_kwargs)
           ^^^^^^^^^^^^^^^^^^^^^^^^^^^^^^^^^^^^^^^^^^^^^^^^^^^^^
  File "/opt/airflow/dags/inflation_modules/transform.py", line 272, in engineer_features
    if isinstance(df['DATE'], pd.Period):
                  ~~^^^^^^^^
TypeError: string indices must be integers, not 'str'
[2025-06-14T16:34:30.631+0000] {taskinstance.py:1206} INFO - Marking task as UP_FOR_RETRY. dag_id=usdpkr_forecasting_modular, task_id=feature_engineering, run_id=manual__2025-06-14T16:34:11.679132+00:00, execution_date=20250614T163411, start_date=20250614T163430, end_date=20250614T163430
[2025-06-14T16:34:30.641+0000] {standard_task_runner.py:110} ERROR - Failed to execute job 298 for task feature_engineering (string indices must be integers, not 'str'; 317)
[2025-06-14T16:34:30.672+0000] {local_task_job_runner.py:240} INFO - Task exited with return code 1
[2025-06-14T16:34:30.695+0000] {taskinstance.py:3498} INFO - 0 downstream tasks scheduled from follow-on schedule check
[2025-06-14T16:34:30.697+0000] {local_task_job_runner.py:222} INFO - ::endgroup::
