[2025-06-14T17:31:57.686+0000] {local_task_job_runner.py:120} INFO - ::group::Pre task execution logs
[2025-06-14T17:31:57.745+0000] {taskinstance.py:2076} INFO - Dependencies all met for dep_context=non-requeueable deps ti=<TaskInstance: usdpkr_forecasting_modular.fetch_inflation manual__2025-06-14T17:31:51.405170+00:00 [queued]>
[2025-06-14T17:31:57.758+0000] {taskinstance.py:2076} INFO - Dependencies all met for dep_context=requeueable deps ti=<TaskInstance: usdpkr_forecasting_modular.fetch_inflation manual__2025-06-14T17:31:51.405170+00:00 [queued]>
[2025-06-14T17:31:57.759+0000] {taskinstance.py:2306} INFO - Starting attempt 1 of 6
[2025-06-14T17:31:57.791+0000] {taskinstance.py:2330} INFO - Executing <Task(PythonOperator): fetch_inflation> on 2025-06-14 17:31:51.405170+00:00
[2025-06-14T17:31:57.798+0000] {standard_task_runner.py:63} INFO - Started process 649 to run task
[2025-06-14T17:31:57.809+0000] {standard_task_runner.py:90} INFO - Running: ['***', 'tasks', 'run', 'usdpkr_forecasting_modular', 'fetch_inflation', 'manual__2025-06-14T17:31:51.405170+00:00', '--job-id', '484', '--raw', '--subdir', 'DAGS_FOLDER/usdpkr_forecasting_dag.py', '--cfg-path', '/tmp/tmpypl8s2s2']
[2025-06-14T17:31:57.815+0000] {standard_task_runner.py:91} INFO - Job 484: Subtask fetch_inflation
[2025-06-14T17:31:57.906+0000] {task_command.py:426} INFO - Running <TaskInstance: usdpkr_forecasting_modular.fetch_inflation manual__2025-06-14T17:31:51.405170+00:00 [running]> on host 1ada37a5d2dc
[2025-06-14T17:31:58.045+0000] {taskinstance.py:2648} INFO - Exporting env vars: AIRFLOW_CTX_DAG_OWNER='***' AIRFLOW_CTX_DAG_ID='usdpkr_forecasting_modular' AIRFLOW_CTX_TASK_ID='fetch_inflation' AIRFLOW_CTX_EXECUTION_DATE='2025-06-14T17:31:51.405170+00:00' AIRFLOW_CTX_TRY_NUMBER='1' AIRFLOW_CTX_DAG_RUN_ID='manual__2025-06-14T17:31:51.405170+00:00'
[2025-06-14T17:31:58.048+0000] {taskinstance.py:430} INFO - ::endgroup::
[2025-06-14T17:31:58.081+0000] {ingest.py:130} INFO - Fetching 'INFLATION_YOY' from IMF (ID: PCPI_IX)...
[2025-06-14T17:31:59.116+0000] {ingest.py:171} INFO - Saved INFLATION_YOY data to /opt/***/data/raw/INFLATION.csv
[2025-06-14T17:31:59.117+0000] {ingest.py:172} INFO - Date range: 1957-01-01 to 2025-05-01
[2025-06-14T17:31:59.118+0000] {python.py:237} INFO - Done. Returned value was: /opt/***/data/raw/INFLATION.csv
[2025-06-14T17:31:59.119+0000] {taskinstance.py:441} INFO - ::group::Post task execution logs
[2025-06-14T17:31:59.141+0000] {taskinstance.py:1206} INFO - Marking task as SUCCESS. dag_id=usdpkr_forecasting_modular, task_id=fetch_inflation, run_id=manual__2025-06-14T17:31:51.405170+00:00, execution_date=20250614T173151, start_date=20250614T173157, end_date=20250614T173159
[2025-06-14T17:31:59.195+0000] {local_task_job_runner.py:240} INFO - Task exited with return code 0
[2025-06-14T17:31:59.221+0000] {taskinstance.py:3498} INFO - 0 downstream tasks scheduled from follow-on schedule check
[2025-06-14T17:31:59.224+0000] {local_task_job_runner.py:222} INFO - ::endgroup::
