[2025-05-13T20:01:04.993+0000] {local_task_job_runner.py:120} INFO - ::group::Pre task execution logs
[2025-05-13T20:01:05.051+0000] {taskinstance.py:2076} INFO - Dependencies all met for dep_context=non-requeueable deps ti=<TaskInstance: inflation_forecasting.fetch_m2 manual__2025-05-13T20:00:58.979443+00:00 [queued]>
[2025-05-13T20:01:05.095+0000] {taskinstance.py:2076} INFO - Dependencies all met for dep_context=requeueable deps ti=<TaskInstance: inflation_forecasting.fetch_m2 manual__2025-05-13T20:00:58.979443+00:00 [queued]>
[2025-05-13T20:01:05.107+0000] {taskinstance.py:2306} INFO - Starting attempt 1 of 1
[2025-05-13T20:01:05.147+0000] {taskinstance.py:2330} INFO - Executing <Task(PythonOperator): fetch_m2> on 2025-05-13 20:00:58.979443+00:00
[2025-05-13T20:01:05.162+0000] {logging_mixin.py:188} WARNING - /home/***/.local/lib/python3.12/site-packages/***/task/task_runner/standard_task_runner.py:61 DeprecationWarning: This process (pid=1398) is multi-threaded, use of fork() may lead to deadlocks in the child.
[2025-05-13T20:01:05.171+0000] {standard_task_runner.py:63} INFO - Started process 1440 to run task
[2025-05-13T20:01:05.172+0000] {standard_task_runner.py:90} INFO - Running: ['***', 'tasks', 'run', 'inflation_forecasting', 'fetch_m2', 'manual__2025-05-13T20:00:58.979443+00:00', '--job-id', '152', '--raw', '--subdir', 'DAGS_FOLDER/inflation_forecasting_dag.py', '--cfg-path', '/tmp/tmpv01fb78u']
[2025-05-13T20:01:05.189+0000] {standard_task_runner.py:91} INFO - Job 152: Subtask fetch_m2
[2025-05-13T20:01:05.237+0000] {logging_mixin.py:188} WARNING - /home/***/.local/lib/python3.12/site-packages/***/settings.py:195 DeprecationWarning: The sql_alchemy_conn option in [core] has been moved to the sql_alchemy_conn option in [database] - the old setting has been used, but please update your config.
[2025-05-13T20:01:05.383+0000] {task_command.py:426} INFO - Running <TaskInstance: inflation_forecasting.fetch_m2 manual__2025-05-13T20:00:58.979443+00:00 [running]> on host bab02daaed98
[2025-05-13T20:01:06.678+0000] {taskinstance.py:2648} INFO - Exporting env vars: AIRFLOW_CTX_DAG_OWNER='***' AIRFLOW_CTX_DAG_ID='inflation_forecasting' AIRFLOW_CTX_TASK_ID='fetch_m2' AIRFLOW_CTX_EXECUTION_DATE='2025-05-13T20:00:58.979443+00:00' AIRFLOW_CTX_TRY_NUMBER='1' AIRFLOW_CTX_DAG_RUN_ID='manual__2025-05-13T20:00:58.979443+00:00'
[2025-05-13T20:01:06.680+0000] {taskinstance.py:430} INFO - ::endgroup::
[2025-05-13T20:01:08.031+0000] {logging_mixin.py:188} INFO - M2SL is already monthly with 795 rows
[2025-05-13T20:01:08.032+0000] {logging_mixin.py:188} INFO - Date range for M2SL: 1959-01-01 00:00:00 to 2025-03-01 00:00:00
[2025-05-13T20:01:08.039+0000] {python.py:237} INFO - Done. Returned value was: None
[2025-05-13T20:01:08.040+0000] {taskinstance.py:441} INFO - ::group::Post task execution logs
[2025-05-13T20:01:08.051+0000] {taskinstance.py:1206} INFO - Marking task as SUCCESS. dag_id=inflation_forecasting, task_id=fetch_m2, run_id=manual__2025-05-13T20:00:58.979443+00:00, execution_date=20250513T200058, start_date=20250513T200105, end_date=20250513T200108
[2025-05-13T20:01:08.090+0000] {local_task_job_runner.py:240} INFO - Task exited with return code 0
[2025-05-13T20:01:08.100+0000] {local_task_job_runner.py:222} INFO - ::endgroup::
