[2025-06-14T16:30:10.862+0000] {local_task_job_runner.py:120} INFO - ::group::Pre task execution logs
[2025-06-14T16:30:10.984+0000] {taskinstance.py:2076} INFO - Dependencies all met for dep_context=non-requeueable deps ti=<TaskInstance: usdpkr_forecasting_modular.fetch_inflation manual__2025-06-14T16:30:03.482172+00:00 [queued]>
[2025-06-14T16:30:11.017+0000] {taskinstance.py:2076} INFO - Dependencies all met for dep_context=requeueable deps ti=<TaskInstance: usdpkr_forecasting_modular.fetch_inflation manual__2025-06-14T16:30:03.482172+00:00 [queued]>
[2025-06-14T16:30:11.018+0000] {taskinstance.py:2306} INFO - Starting attempt 1 of 6
[2025-06-14T16:30:11.095+0000] {taskinstance.py:2330} INFO - Executing <Task(PythonOperator): fetch_inflation> on 2025-06-14 16:30:03.482172+00:00
[2025-06-14T16:30:11.123+0000] {standard_task_runner.py:63} INFO - Started process 472 to run task
[2025-06-14T16:30:11.180+0000] {standard_task_runner.py:90} INFO - Running: ['***', 'tasks', 'run', 'usdpkr_forecasting_modular', 'fetch_inflation', 'manual__2025-06-14T16:30:03.482172+00:00', '--job-id', '265', '--raw', '--subdir', 'DAGS_FOLDER/usdpkr_forecasting_dag.py', '--cfg-path', '/tmp/tmp_ifhqhg7']
[2025-06-14T16:30:11.206+0000] {standard_task_runner.py:91} INFO - Job 265: Subtask fetch_inflation
[2025-06-14T16:30:11.680+0000] {task_command.py:426} INFO - Running <TaskInstance: usdpkr_forecasting_modular.fetch_inflation manual__2025-06-14T16:30:03.482172+00:00 [running]> on host 1ada37a5d2dc
[2025-06-14T16:30:12.115+0000] {taskinstance.py:2648} INFO - Exporting env vars: AIRFLOW_CTX_DAG_OWNER='***' AIRFLOW_CTX_DAG_ID='usdpkr_forecasting_modular' AIRFLOW_CTX_TASK_ID='fetch_inflation' AIRFLOW_CTX_EXECUTION_DATE='2025-06-14T16:30:03.482172+00:00' AIRFLOW_CTX_TRY_NUMBER='1' AIRFLOW_CTX_DAG_RUN_ID='manual__2025-06-14T16:30:03.482172+00:00'
[2025-06-14T16:30:12.118+0000] {taskinstance.py:430} INFO - ::endgroup::
[2025-06-14T16:30:12.138+0000] {ingest.py:130} INFO - Fetching 'INFLATION_YOY' from IMF (ID: PCPI_IX)...
[2025-06-14T16:30:13.166+0000] {ingest.py:171} INFO - Saved INFLATION_YOY data to /opt/***/data/raw/INFLATION.csv
[2025-06-14T16:30:13.167+0000] {ingest.py:172} INFO - Date range: 1957-01-01 to 2025-05-01
[2025-06-14T16:30:13.169+0000] {python.py:237} INFO - Done. Returned value was: /opt/***/data/raw/INFLATION.csv
[2025-06-14T16:30:13.173+0000] {taskinstance.py:441} INFO - ::group::Post task execution logs
[2025-06-14T16:30:13.197+0000] {taskinstance.py:1206} INFO - Marking task as SUCCESS. dag_id=usdpkr_forecasting_modular, task_id=fetch_inflation, run_id=manual__2025-06-14T16:30:03.482172+00:00, execution_date=20250614T163003, start_date=20250614T163010, end_date=20250614T163013
[2025-06-14T16:30:13.254+0000] {local_task_job_runner.py:240} INFO - Task exited with return code 0
[2025-06-14T16:30:13.279+0000] {taskinstance.py:3498} INFO - 0 downstream tasks scheduled from follow-on schedule check
[2025-06-14T16:30:13.281+0000] {local_task_job_runner.py:222} INFO - ::endgroup::
