[2025-06-14T17:03:57.786+0000] {local_task_job_runner.py:120} INFO - ::group::Pre task execution logs
[2025-06-14T17:03:57.858+0000] {taskinstance.py:2076} INFO - Dependencies all met for dep_context=non-requeueable deps ti=<TaskInstance: usdpkr_forecasting_modular.fetch_gold manual__2025-06-14T17:03:50.195906+00:00 [queued]>
[2025-06-14T17:03:57.894+0000] {taskinstance.py:2076} INFO - Dependencies all met for dep_context=requeueable deps ti=<TaskInstance: usdpkr_forecasting_modular.fetch_gold manual__2025-06-14T17:03:50.195906+00:00 [queued]>
[2025-06-14T17:03:57.898+0000] {taskinstance.py:2306} INFO - Starting attempt 1 of 6
[2025-06-14T17:03:57.922+0000] {taskinstance.py:2330} INFO - Executing <Task(PythonOperator): fetch_gold> on 2025-06-14 17:03:50.195906+00:00
[2025-06-14T17:03:57.932+0000] {standard_task_runner.py:63} INFO - Started process 340 to run task
[2025-06-14T17:03:57.953+0000] {standard_task_runner.py:90} INFO - Running: ['***', 'tasks', 'run', 'usdpkr_forecasting_modular', 'fetch_gold', 'manual__2025-06-14T17:03:50.195906+00:00', '--job-id', '364', '--raw', '--subdir', 'DAGS_FOLDER/usdpkr_forecasting_dag.py', '--cfg-path', '/tmp/tmprn_325ga']
[2025-06-14T17:03:57.993+0000] {standard_task_runner.py:91} INFO - Job 364: Subtask fetch_gold
[2025-06-14T17:03:58.289+0000] {task_command.py:426} INFO - Running <TaskInstance: usdpkr_forecasting_modular.fetch_gold manual__2025-06-14T17:03:50.195906+00:00 [running]> on host 1ada37a5d2dc
[2025-06-14T17:03:58.587+0000] {taskinstance.py:2648} INFO - Exporting env vars: AIRFLOW_CTX_DAG_OWNER='***' AIRFLOW_CTX_DAG_ID='usdpkr_forecasting_modular' AIRFLOW_CTX_TASK_ID='fetch_gold' AIRFLOW_CTX_EXECUTION_DATE='2025-06-14T17:03:50.195906+00:00' AIRFLOW_CTX_TRY_NUMBER='1' AIRFLOW_CTX_DAG_RUN_ID='manual__2025-06-14T17:03:50.195906+00:00'
[2025-06-14T17:03:58.592+0000] {taskinstance.py:430} INFO - ::endgroup::
[2025-06-14T17:03:58.633+0000] {ingest.py:65} INFO - Fetching GC=F from Yahoo Finance...
[2025-06-14T17:04:01.610+0000] {ingest.py:106} INFO - Saved GC=F data to /opt/***/data/raw/GOLD.csv
[2025-06-14T17:04:01.611+0000] {ingest.py:107} INFO - Date range: 2000-08-31 to 2025-06-30
[2025-06-14T17:04:01.612+0000] {python.py:237} INFO - Done. Returned value was: /opt/***/data/raw/GOLD.csv
[2025-06-14T17:04:01.612+0000] {taskinstance.py:441} INFO - ::group::Post task execution logs
[2025-06-14T17:04:01.634+0000] {taskinstance.py:1206} INFO - Marking task as SUCCESS. dag_id=usdpkr_forecasting_modular, task_id=fetch_gold, run_id=manual__2025-06-14T17:03:50.195906+00:00, execution_date=20250614T170350, start_date=20250614T170357, end_date=20250614T170401
[2025-06-14T17:04:01.662+0000] {local_task_job_runner.py:240} INFO - Task exited with return code 0
[2025-06-14T17:04:01.687+0000] {taskinstance.py:3498} INFO - 0 downstream tasks scheduled from follow-on schedule check
[2025-06-14T17:04:01.689+0000] {local_task_job_runner.py:222} INFO - ::endgroup::
