[2025-06-19T08:45:22.935+0000] {local_task_job_runner.py:120} INFO - ::group::Pre task execution logs
[2025-06-19T08:45:22.970+0000] {taskinstance.py:2076} INFO - Dependencies all met for dep_context=non-requeueable deps ti=<TaskInstance: usdpkr_forecasting.fetch_oil manual__2025-06-19T08:45:16.886897+00:00 [queued]>
[2025-06-19T08:45:22.979+0000] {taskinstance.py:2076} INFO - Dependencies all met for dep_context=requeueable deps ti=<TaskInstance: usdpkr_forecasting.fetch_oil manual__2025-06-19T08:45:16.886897+00:00 [queued]>
[2025-06-19T08:45:22.985+0000] {taskinstance.py:2306} INFO - Starting attempt 1 of 6
[2025-06-19T08:45:23.023+0000] {taskinstance.py:2330} INFO - Executing <Task(PythonOperator): fetch_oil> on 2025-06-19 08:45:16.886897+00:00
[2025-06-19T08:45:23.029+0000] {standard_task_runner.py:63} INFO - Started process 690 to run task
[2025-06-19T08:45:23.042+0000] {standard_task_runner.py:90} INFO - Running: ['***', 'tasks', 'run', 'usdpkr_forecasting', 'fetch_oil', 'manual__2025-06-19T08:45:16.886897+00:00', '--job-id', '1061', '--raw', '--subdir', 'DAGS_FOLDER/usdpkr_forecasting_dag.py', '--cfg-path', '/tmp/tmptjb6uh5_']
[2025-06-19T08:45:23.048+0000] {standard_task_runner.py:91} INFO - Job 1061: Subtask fetch_oil
[2025-06-19T08:45:23.183+0000] {task_command.py:426} INFO - Running <TaskInstance: usdpkr_forecasting.fetch_oil manual__2025-06-19T08:45:16.886897+00:00 [running]> on host 57c57e92cb28
[2025-06-19T08:45:23.405+0000] {taskinstance.py:2648} INFO - Exporting env vars: AIRFLOW_CTX_DAG_OWNER='***' AIRFLOW_CTX_DAG_ID='usdpkr_forecasting' AIRFLOW_CTX_TASK_ID='fetch_oil' AIRFLOW_CTX_EXECUTION_DATE='2025-06-19T08:45:16.886897+00:00' AIRFLOW_CTX_TRY_NUMBER='1' AIRFLOW_CTX_DAG_RUN_ID='manual__2025-06-19T08:45:16.886897+00:00'
[2025-06-19T08:45:23.406+0000] {taskinstance.py:430} INFO - ::endgroup::
[2025-06-19T08:45:23.426+0000] {ingest.py:65} INFO - Fetching CL=F from Yahoo Finance...
[2025-06-19T08:45:26.418+0000] {ingest.py:106} INFO - Saved CL=F data to /opt/***/data/raw/OIL.csv
[2025-06-19T08:45:26.419+0000] {ingest.py:107} INFO - Date range: 2000-08-31 to 2025-06-30
[2025-06-19T08:45:26.419+0000] {python.py:237} INFO - Done. Returned value was: /opt/***/data/raw/OIL.csv
[2025-06-19T08:45:26.420+0000] {taskinstance.py:441} INFO - ::group::Post task execution logs
[2025-06-19T08:45:26.437+0000] {taskinstance.py:1206} INFO - Marking task as SUCCESS. dag_id=usdpkr_forecasting, task_id=fetch_oil, run_id=manual__2025-06-19T08:45:16.886897+00:00, execution_date=20250619T084516, start_date=20250619T084522, end_date=20250619T084526
[2025-06-19T08:45:26.474+0000] {local_task_job_runner.py:240} INFO - Task exited with return code 0
[2025-06-19T08:45:26.498+0000] {taskinstance.py:3498} INFO - 0 downstream tasks scheduled from follow-on schedule check
[2025-06-19T08:45:26.500+0000] {local_task_job_runner.py:222} INFO - ::endgroup::
