[2025-05-13T20:01:04.873+0000] {local_task_job_runner.py:120} INFO - ::group::Pre task execution logs
[2025-05-13T20:01:04.918+0000] {taskinstance.py:2076} INFO - Dependencies all met for dep_context=non-requeueable deps ti=<TaskInstance: inflation_forecasting.fetch_ppiaco manual__2025-05-13T20:00:58.979443+00:00 [queued]>
[2025-05-13T20:01:04.948+0000] {taskinstance.py:2076} INFO - Dependencies all met for dep_context=requeueable deps ti=<TaskInstance: inflation_forecasting.fetch_ppiaco manual__2025-05-13T20:00:58.979443+00:00 [queued]>
[2025-05-13T20:01:04.951+0000] {taskinstance.py:2306} INFO - Starting attempt 1 of 1
[2025-05-13T20:01:05.006+0000] {taskinstance.py:2330} INFO - Executing <Task(PythonOperator): fetch_ppiaco> on 2025-05-13 20:00:58.979443+00:00
[2025-05-13T20:01:05.041+0000] {logging_mixin.py:188} WARNING - /home/***/.local/lib/python3.12/site-packages/***/task/task_runner/standard_task_runner.py:61 DeprecationWarning: This process (pid=1399) is multi-threaded, use of fork() may lead to deadlocks in the child.
[2025-05-13T20:01:05.052+0000] {standard_task_runner.py:63} INFO - Started process 1438 to run task
[2025-05-13T20:01:05.054+0000] {standard_task_runner.py:90} INFO - Running: ['***', 'tasks', 'run', 'inflation_forecasting', 'fetch_ppiaco', 'manual__2025-05-13T20:00:58.979443+00:00', '--job-id', '150', '--raw', '--subdir', 'DAGS_FOLDER/inflation_forecasting_dag.py', '--cfg-path', '/tmp/tmpjh46rsd3']
[2025-05-13T20:01:05.073+0000] {standard_task_runner.py:91} INFO - Job 150: Subtask fetch_ppiaco
[2025-05-13T20:01:05.132+0000] {logging_mixin.py:188} WARNING - /home/***/.local/lib/python3.12/site-packages/***/settings.py:195 DeprecationWarning: The sql_alchemy_conn option in [core] has been moved to the sql_alchemy_conn option in [database] - the old setting has been used, but please update your config.
[2025-05-13T20:01:05.251+0000] {task_command.py:426} INFO - Running <TaskInstance: inflation_forecasting.fetch_ppiaco manual__2025-05-13T20:00:58.979443+00:00 [running]> on host bab02daaed98
[2025-05-13T20:01:06.262+0000] {taskinstance.py:2648} INFO - Exporting env vars: AIRFLOW_CTX_DAG_OWNER='***' AIRFLOW_CTX_DAG_ID='inflation_forecasting' AIRFLOW_CTX_TASK_ID='fetch_ppiaco' AIRFLOW_CTX_EXECUTION_DATE='2025-05-13T20:00:58.979443+00:00' AIRFLOW_CTX_TRY_NUMBER='1' AIRFLOW_CTX_DAG_RUN_ID='manual__2025-05-13T20:00:58.979443+00:00'
[2025-05-13T20:01:06.269+0000] {taskinstance.py:430} INFO - ::endgroup::
[2025-05-13T20:01:08.398+0000] {logging_mixin.py:188} INFO - PPIACO is already monthly with 1347 rows
[2025-05-13T20:01:08.399+0000] {logging_mixin.py:188} INFO - Date range for PPIACO: 1913-01-01 00:00:00 to 2025-03-01 00:00:00
[2025-05-13T20:01:08.409+0000] {python.py:237} INFO - Done. Returned value was: None
[2025-05-13T20:01:08.410+0000] {taskinstance.py:441} INFO - ::group::Post task execution logs
[2025-05-13T20:01:08.420+0000] {taskinstance.py:1206} INFO - Marking task as SUCCESS. dag_id=inflation_forecasting, task_id=fetch_ppiaco, run_id=manual__2025-05-13T20:00:58.979443+00:00, execution_date=20250513T200058, start_date=20250513T200104, end_date=20250513T200108
[2025-05-13T20:01:08.458+0000] {local_task_job_runner.py:240} INFO - Task exited with return code 0
[2025-05-13T20:01:08.637+0000] {taskinstance.py:3498} INFO - 1 downstream tasks scheduled from follow-on schedule check
[2025-05-13T20:01:08.640+0000] {local_task_job_runner.py:222} INFO - ::endgroup::
