[2025-05-13T20:01:37.885+0000] {local_task_job_runner.py:120} INFO - ::group::Pre task execution logs
[2025-05-13T20:01:37.915+0000] {taskinstance.py:2076} INFO - Dependencies all met for dep_context=non-requeueable deps ti=<TaskInstance: inflation_forecasting.evaluate_mlr manual__2025-05-13T20:00:58.979443+00:00 [queued]>
[2025-05-13T20:01:37.925+0000] {taskinstance.py:2076} INFO - Dependencies all met for dep_context=requeueable deps ti=<TaskInstance: inflation_forecasting.evaluate_mlr manual__2025-05-13T20:00:58.979443+00:00 [queued]>
[2025-05-13T20:01:37.926+0000] {taskinstance.py:2306} INFO - Starting attempt 1 of 1
[2025-05-13T20:01:37.941+0000] {taskinstance.py:2330} INFO - Executing <Task(PythonOperator): evaluate_mlr> on 2025-05-13 20:00:58.979443+00:00
[2025-05-13T20:01:37.952+0000] {logging_mixin.py:188} WARNING - /home/***/.local/lib/python3.12/site-packages/***/task/task_runner/standard_task_runner.py:61 DeprecationWarning: This process (pid=1555) is multi-threaded, use of fork() may lead to deadlocks in the child.
[2025-05-13T20:01:37.954+0000] {standard_task_runner.py:63} INFO - Started process 1578 to run task
[2025-05-13T20:01:37.952+0000] {standard_task_runner.py:90} INFO - Running: ['***', 'tasks', 'run', 'inflation_forecasting', 'evaluate_mlr', 'manual__2025-05-13T20:00:58.979443+00:00', '--job-id', '166', '--raw', '--subdir', 'DAGS_FOLDER/inflation_forecasting_dag.py', '--cfg-path', '/tmp/tmpqap7070t']
[2025-05-13T20:01:37.958+0000] {standard_task_runner.py:91} INFO - Job 166: Subtask evaluate_mlr
[2025-05-13T20:01:37.981+0000] {logging_mixin.py:188} WARNING - /home/***/.local/lib/python3.12/site-packages/***/settings.py:195 DeprecationWarning: The sql_alchemy_conn option in [core] has been moved to the sql_alchemy_conn option in [database] - the old setting has been used, but please update your config.
[2025-05-13T20:01:38.018+0000] {task_command.py:426} INFO - Running <TaskInstance: inflation_forecasting.evaluate_mlr manual__2025-05-13T20:00:58.979443+00:00 [running]> on host bab02daaed98
[2025-05-13T20:01:38.402+0000] {taskinstance.py:2648} INFO - Exporting env vars: AIRFLOW_CTX_DAG_OWNER='***' AIRFLOW_CTX_DAG_ID='inflation_forecasting' AIRFLOW_CTX_TASK_ID='evaluate_mlr' AIRFLOW_CTX_EXECUTION_DATE='2025-05-13T20:00:58.979443+00:00' AIRFLOW_CTX_TRY_NUMBER='1' AIRFLOW_CTX_DAG_RUN_ID='manual__2025-05-13T20:00:58.979443+00:00'
[2025-05-13T20:01:38.404+0000] {taskinstance.py:430} INFO - ::endgroup::
[2025-05-13T20:01:38.418+0000] {logging_mixin.py:188} INFO - Loading MLR model from /opt/***/data/model_output/MLR.pkl
[2025-05-13T20:01:38.419+0000] {logging_mixin.py:188} INFO - Loading selected features from /opt/***/data/model_output/selected_features.pkl
[2025-05-13T20:01:38.420+0000] {logging_mixin.py:188} INFO - Loading train/test data from /opt/***/data/model_output/train_test_data.pkl
[2025-05-13T20:01:38.456+0000] {logging_mixin.py:188} INFO - MLR - RMSE: 0.2109, MAE: 0.1677, R²: 0.6361
[2025-05-13T20:01:38.465+0000] {logging_mixin.py:188} INFO - MLR metrics saved to /opt/***/data/model_output/mlr_metrics.pkl
[2025-05-13T20:01:38.467+0000] {python.py:237} INFO - Done. Returned value was: /opt/***/data/model_output/mlr_metrics.pkl
[2025-05-13T20:01:38.479+0000] {taskinstance.py:441} INFO - ::group::Post task execution logs
[2025-05-13T20:01:38.526+0000] {taskinstance.py:1206} INFO - Marking task as SUCCESS. dag_id=inflation_forecasting, task_id=evaluate_mlr, run_id=manual__2025-05-13T20:00:58.979443+00:00, execution_date=20250513T200058, start_date=20250513T200137, end_date=20250513T200138
[2025-05-13T20:01:38.572+0000] {local_task_job_runner.py:240} INFO - Task exited with return code 0
[2025-05-13T20:01:38.583+0000] {local_task_job_runner.py:222} INFO - ::endgroup::
