[2025-06-19T10:53:25.434+0000] {local_task_job_runner.py:120} INFO - ::group::Pre task execution logs
[2025-06-19T10:53:25.475+0000] {taskinstance.py:2076} INFO - Dependencies all met for dep_context=non-requeueable deps ti=<TaskInstance: kse100_forecasting.fetch_inflation manual__2025-06-19T10:53:18.578736+00:00 [queued]>
[2025-06-19T10:53:25.490+0000] {taskinstance.py:2076} INFO - Dependencies all met for dep_context=requeueable deps ti=<TaskInstance: kse100_forecasting.fetch_inflation manual__2025-06-19T10:53:18.578736+00:00 [queued]>
[2025-06-19T10:53:25.492+0000] {taskinstance.py:2306} INFO - Starting attempt 1 of 6
[2025-06-19T10:53:25.511+0000] {taskinstance.py:2330} INFO - Executing <Task(PythonOperator): fetch_inflation> on 2025-06-19 10:53:18.578736+00:00
[2025-06-19T10:53:25.524+0000] {standard_task_runner.py:63} INFO - Started process 5891 to run task
[2025-06-19T10:53:25.527+0000] {standard_task_runner.py:90} INFO - Running: ['***', 'tasks', 'run', 'kse100_forecasting', 'fetch_inflation', 'manual__2025-06-19T10:53:18.578736+00:00', '--job-id', '1188', '--raw', '--subdir', 'DAGS_FOLDER/kse100_forecasting_dag.py', '--cfg-path', '/tmp/tmp8luqndqw']
[2025-06-19T10:53:25.532+0000] {standard_task_runner.py:91} INFO - Job 1188: Subtask fetch_inflation
[2025-06-19T10:53:25.606+0000] {task_command.py:426} INFO - Running <TaskInstance: kse100_forecasting.fetch_inflation manual__2025-06-19T10:53:18.578736+00:00 [running]> on host fb048d2dbcb2
[2025-06-19T10:53:25.726+0000] {taskinstance.py:2648} INFO - Exporting env vars: AIRFLOW_CTX_DAG_OWNER='***' AIRFLOW_CTX_DAG_ID='kse100_forecasting' AIRFLOW_CTX_TASK_ID='fetch_inflation' AIRFLOW_CTX_EXECUTION_DATE='2025-06-19T10:53:18.578736+00:00' AIRFLOW_CTX_TRY_NUMBER='1' AIRFLOW_CTX_DAG_RUN_ID='manual__2025-06-19T10:53:18.578736+00:00'
[2025-06-19T10:53:25.727+0000] {taskinstance.py:430} INFO - ::endgroup::
[2025-06-19T10:53:25.740+0000] {ingest.py:130} INFO - Fetching 'INFLATION_YOY' from IMF (ID: PCPI_IX)...
[2025-06-19T10:53:26.870+0000] {ingest.py:171} INFO - Saved INFLATION_YOY data to /opt/***/data/raw/INFLATION.csv
[2025-06-19T10:53:26.871+0000] {ingest.py:172} INFO - Date range: 1957-01-01 to 2025-05-01
[2025-06-19T10:53:26.872+0000] {python.py:237} INFO - Done. Returned value was: /opt/***/data/raw/INFLATION.csv
[2025-06-19T10:53:26.872+0000] {taskinstance.py:441} INFO - ::group::Post task execution logs
[2025-06-19T10:53:26.897+0000] {taskinstance.py:1206} INFO - Marking task as SUCCESS. dag_id=kse100_forecasting, task_id=fetch_inflation, run_id=manual__2025-06-19T10:53:18.578736+00:00, execution_date=20250619T105318, start_date=20250619T105325, end_date=20250619T105326
[2025-06-19T10:53:26.951+0000] {local_task_job_runner.py:240} INFO - Task exited with return code 0
[2025-06-19T10:53:26.975+0000] {taskinstance.py:3498} INFO - 0 downstream tasks scheduled from follow-on schedule check
[2025-06-19T10:53:26.977+0000] {local_task_job_runner.py:222} INFO - ::endgroup::
