[2025-06-18T17:15:27.022+0000] {local_task_job_runner.py:120} INFO - ::group::Pre task execution logs
[2025-06-18T17:15:27.108+0000] {taskinstance.py:2076} INFO - Dependencies all met for dep_context=non-requeueable deps ti=<TaskInstance: usdpkr_forecasting.fetch_m2 manual__2025-06-18T17:15:18.237055+00:00 [queued]>
[2025-06-18T17:15:27.121+0000] {taskinstance.py:2076} INFO - Dependencies all met for dep_context=requeueable deps ti=<TaskInstance: usdpkr_forecasting.fetch_m2 manual__2025-06-18T17:15:18.237055+00:00 [queued]>
[2025-06-18T17:15:27.123+0000] {taskinstance.py:2306} INFO - Starting attempt 1 of 3
[2025-06-18T17:15:27.176+0000] {taskinstance.py:2330} INFO - Executing <Task(PythonOperator): fetch_m2> on 2025-06-18 17:15:18.237055+00:00
[2025-06-18T17:15:27.193+0000] {standard_task_runner.py:63} INFO - Started process 4347 to run task
[2025-06-18T17:15:27.196+0000] {standard_task_runner.py:90} INFO - Running: ['***', 'tasks', 'run', 'usdpkr_forecasting', 'fetch_m2', 'manual__2025-06-18T17:15:18.237055+00:00', '--job-id', '1012', '--raw', '--subdir', 'DAGS_FOLDER/usdpkr_forecasting_dag.py', '--cfg-path', '/tmp/tmp3x1mxnu_']
[2025-06-18T17:15:27.224+0000] {standard_task_runner.py:91} INFO - Job 1012: Subtask fetch_m2
[2025-06-18T17:15:27.368+0000] {task_command.py:426} INFO - Running <TaskInstance: usdpkr_forecasting.fetch_m2 manual__2025-06-18T17:15:18.237055+00:00 [running]> on host 57c57e92cb28
[2025-06-18T17:15:27.712+0000] {taskinstance.py:2648} INFO - Exporting env vars: AIRFLOW_CTX_DAG_OWNER='***' AIRFLOW_CTX_DAG_ID='usdpkr_forecasting' AIRFLOW_CTX_TASK_ID='fetch_m2' AIRFLOW_CTX_EXECUTION_DATE='2025-06-18T17:15:18.237055+00:00' AIRFLOW_CTX_TRY_NUMBER='1' AIRFLOW_CTX_DAG_RUN_ID='manual__2025-06-18T17:15:18.237055+00:00'
[2025-06-18T17:15:27.727+0000] {taskinstance.py:430} INFO - ::endgroup::
[2025-06-18T17:15:27.745+0000] {ingest.py:193} INFO - Generating placeholder data for SBP series: M2...
[2025-06-18T17:15:27.838+0000] {ingest.py:214} INFO - Saved placeholder M2 data to /opt/***/data/raw/M2.csv
[2025-06-18T17:15:27.840+0000] {ingest.py:215} INFO - Date range: 2005-06-30 to 2025-05-31
[2025-06-18T17:15:27.840+0000] {python.py:237} INFO - Done. Returned value was: /opt/***/data/raw/M2.csv
[2025-06-18T17:15:27.841+0000] {taskinstance.py:441} INFO - ::group::Post task execution logs
[2025-06-18T17:15:27.903+0000] {taskinstance.py:1206} INFO - Marking task as SUCCESS. dag_id=usdpkr_forecasting, task_id=fetch_m2, run_id=manual__2025-06-18T17:15:18.237055+00:00, execution_date=20250618T171518, start_date=20250618T171527, end_date=20250618T171527
[2025-06-18T17:15:27.957+0000] {local_task_job_runner.py:240} INFO - Task exited with return code 0
[2025-06-18T17:15:27.991+0000] {taskinstance.py:3498} INFO - 0 downstream tasks scheduled from follow-on schedule check
[2025-06-18T17:15:27.997+0000] {local_task_job_runner.py:222} INFO - ::endgroup::
