[2025-06-18T17:31:55.501+0000] {local_task_job_runner.py:120} INFO - ::group::Pre task execution logs
[2025-06-18T17:31:55.532+0000] {taskinstance.py:2076} INFO - Dependencies all met for dep_context=non-requeueable deps ti=<TaskInstance: usdpkr_forecasting.fetch_kse100 manual__2025-06-18T17:15:18.237055+00:00 [queued]>
[2025-06-18T17:31:55.542+0000] {taskinstance.py:2076} INFO - Dependencies all met for dep_context=requeueable deps ti=<TaskInstance: usdpkr_forecasting.fetch_kse100 manual__2025-06-18T17:15:18.237055+00:00 [queued]>
[2025-06-18T17:31:55.543+0000] {taskinstance.py:2306} INFO - Starting attempt 5 of 6
[2025-06-18T17:31:55.560+0000] {taskinstance.py:2330} INFO - Executing <Task(PythonOperator): fetch_kse100> on 2025-06-18 17:15:18.237055+00:00
[2025-06-18T17:31:55.567+0000] {standard_task_runner.py:63} INFO - Started process 5087 to run task
[2025-06-18T17:31:55.570+0000] {standard_task_runner.py:90} INFO - Running: ['***', 'tasks', 'run', 'usdpkr_forecasting', 'fetch_kse100', 'manual__2025-06-18T17:15:18.237055+00:00', '--job-id', '1022', '--raw', '--subdir', 'DAGS_FOLDER/usdpkr_forecasting_dag.py', '--cfg-path', '/tmp/tmpvdcmm7mi']
[2025-06-18T17:31:55.573+0000] {standard_task_runner.py:91} INFO - Job 1022: Subtask fetch_kse100
[2025-06-18T17:31:55.619+0000] {task_command.py:426} INFO - Running <TaskInstance: usdpkr_forecasting.fetch_kse100 manual__2025-06-18T17:15:18.237055+00:00 [running]> on host 57c57e92cb28
[2025-06-18T17:31:55.719+0000] {taskinstance.py:2648} INFO - Exporting env vars: AIRFLOW_CTX_DAG_OWNER='***' AIRFLOW_CTX_DAG_ID='usdpkr_forecasting' AIRFLOW_CTX_TASK_ID='fetch_kse100' AIRFLOW_CTX_EXECUTION_DATE='2025-06-18T17:15:18.237055+00:00' AIRFLOW_CTX_TRY_NUMBER='5' AIRFLOW_CTX_DAG_RUN_ID='manual__2025-06-18T17:15:18.237055+00:00'
[2025-06-18T17:31:55.721+0000] {taskinstance.py:430} INFO - ::endgroup::
[2025-06-18T17:31:55.733+0000] {ingest.py:65} INFO - Fetching ^KSE from Yahoo Finance...
[2025-06-18T17:31:58.859+0000] {ingest.py:106} INFO - Saved ^KSE data to /opt/***/data/raw/KSE100.csv
[2025-06-18T17:31:58.861+0000] {ingest.py:107} INFO - Date range: 1997-07-31 to 2021-09-30
[2025-06-18T17:31:58.862+0000] {python.py:237} INFO - Done. Returned value was: /opt/***/data/raw/KSE100.csv
[2025-06-18T17:31:58.862+0000] {taskinstance.py:441} INFO - ::group::Post task execution logs
[2025-06-18T17:31:58.889+0000] {taskinstance.py:1206} INFO - Marking task as SUCCESS. dag_id=usdpkr_forecasting, task_id=fetch_kse100, run_id=manual__2025-06-18T17:15:18.237055+00:00, execution_date=20250618T171518, start_date=20250618T173155, end_date=20250618T173158
[2025-06-18T17:31:58.916+0000] {local_task_job_runner.py:240} INFO - Task exited with return code 0
[2025-06-18T17:31:58.945+0000] {taskinstance.py:3498} INFO - 1 downstream tasks scheduled from follow-on schedule check
[2025-06-18T17:31:58.947+0000] {local_task_job_runner.py:222} INFO - ::endgroup::
