[2025-06-19T10:40:17.700+0000] {local_task_job_runner.py:120} INFO - ::group::Pre task execution logs
[2025-06-19T10:40:17.796+0000] {taskinstance.py:2076} INFO - Dependencies all met for dep_context=non-requeueable deps ti=<TaskInstance: kse100_forecasting.fetch_forex_reserves manual__2025-06-19T10:40:08.644278+00:00 [queued]>
[2025-06-19T10:40:17.819+0000] {taskinstance.py:2076} INFO - Dependencies all met for dep_context=requeueable deps ti=<TaskInstance: kse100_forecasting.fetch_forex_reserves manual__2025-06-19T10:40:08.644278+00:00 [queued]>
[2025-06-19T10:40:17.854+0000] {taskinstance.py:2306} INFO - Starting attempt 1 of 3
[2025-06-19T10:40:17.900+0000] {taskinstance.py:2330} INFO - Executing <Task(PythonOperator): fetch_forex_reserves> on 2025-06-19 10:40:08.644278+00:00
[2025-06-19T10:40:17.911+0000] {standard_task_runner.py:63} INFO - Started process 5195 to run task
[2025-06-19T10:40:17.915+0000] {standard_task_runner.py:90} INFO - Running: ['***', 'tasks', 'run', 'kse100_forecasting', 'fetch_forex_reserves', 'manual__2025-06-19T10:40:08.644278+00:00', '--job-id', '1174', '--raw', '--subdir', 'DAGS_FOLDER/kse100_forecasting_dag.py', '--cfg-path', '/tmp/tmp7p00mg6z']
[2025-06-19T10:40:17.919+0000] {standard_task_runner.py:91} INFO - Job 1174: Subtask fetch_forex_reserves
[2025-06-19T10:40:18.027+0000] {task_command.py:426} INFO - Running <TaskInstance: kse100_forecasting.fetch_forex_reserves manual__2025-06-19T10:40:08.644278+00:00 [running]> on host fb048d2dbcb2
[2025-06-19T10:40:18.222+0000] {taskinstance.py:2648} INFO - Exporting env vars: AIRFLOW_CTX_DAG_OWNER='***' AIRFLOW_CTX_DAG_ID='kse100_forecasting' AIRFLOW_CTX_TASK_ID='fetch_forex_reserves' AIRFLOW_CTX_EXECUTION_DATE='2025-06-19T10:40:08.644278+00:00' AIRFLOW_CTX_TRY_NUMBER='1' AIRFLOW_CTX_DAG_RUN_ID='manual__2025-06-19T10:40:08.644278+00:00'
[2025-06-19T10:40:18.231+0000] {taskinstance.py:430} INFO - ::endgroup::
[2025-06-19T10:40:18.244+0000] {ingest.py:193} INFO - Generating placeholder data for SBP series: FOREX_RESERVES...
[2025-06-19T10:40:18.259+0000] {ingest.py:214} INFO - Saved placeholder FOREX_RESERVES data to /opt/***/dataKse/raw/FOREX_RESERVES.csv
[2025-06-19T10:40:18.260+0000] {ingest.py:215} INFO - Date range: 2005-06-30 to 2025-05-31
[2025-06-19T10:40:18.261+0000] {python.py:237} INFO - Done. Returned value was: /opt/***/dataKse/raw/FOREX_RESERVES.csv
[2025-06-19T10:40:18.261+0000] {taskinstance.py:441} INFO - ::group::Post task execution logs
[2025-06-19T10:40:18.281+0000] {taskinstance.py:1206} INFO - Marking task as SUCCESS. dag_id=kse100_forecasting, task_id=fetch_forex_reserves, run_id=manual__2025-06-19T10:40:08.644278+00:00, execution_date=20250619T104008, start_date=20250619T104017, end_date=20250619T104018
[2025-06-19T10:40:18.307+0000] {local_task_job_runner.py:240} INFO - Task exited with return code 0
[2025-06-19T10:40:18.333+0000] {taskinstance.py:3498} INFO - 0 downstream tasks scheduled from follow-on schedule check
[2025-06-19T10:40:18.336+0000] {local_task_job_runner.py:222} INFO - ::endgroup::
