[2025-05-13T19:50:11.591+0000] {local_task_job_runner.py:120} INFO - ::group::Pre task execution logs
[2025-05-13T19:50:11.639+0000] {taskinstance.py:2076} INFO - Dependencies all met for dep_context=non-requeueable deps ti=<TaskInstance: inflation_forecasting.train_svr manual__2025-05-13T19:49:40.116966+00:00 [queued]>
[2025-05-13T19:50:11.651+0000] {taskinstance.py:2076} INFO - Dependencies all met for dep_context=requeueable deps ti=<TaskInstance: inflation_forecasting.train_svr manual__2025-05-13T19:49:40.116966+00:00 [queued]>
[2025-05-13T19:50:11.652+0000] {taskinstance.py:2306} INFO - Starting attempt 1 of 1
[2025-05-13T19:50:11.672+0000] {taskinstance.py:2330} INFO - Executing <Task(PythonOperator): train_svr> on 2025-05-13 19:49:40.116966+00:00
[2025-05-13T19:50:11.687+0000] {logging_mixin.py:188} WARNING - /home/***/.local/lib/python3.12/site-packages/***/task/task_runner/standard_task_runner.py:61 DeprecationWarning: This process (pid=1102) is multi-threaded, use of fork() may lead to deadlocks in the child.
[2025-05-13T19:50:11.689+0000] {standard_task_runner.py:63} INFO - Started process 1123 to run task
[2025-05-13T19:50:11.691+0000] {standard_task_runner.py:90} INFO - Running: ['***', 'tasks', 'run', 'inflation_forecasting', 'train_svr', 'manual__2025-05-13T19:49:40.116966+00:00', '--job-id', '142', '--raw', '--subdir', 'DAGS_FOLDER/inflation_forecasting_dag.py', '--cfg-path', '/tmp/tmpv2zwkn66']
[2025-05-13T19:50:11.693+0000] {standard_task_runner.py:91} INFO - Job 142: Subtask train_svr
[2025-05-13T19:50:11.711+0000] {logging_mixin.py:188} WARNING - /home/***/.local/lib/python3.12/site-packages/***/settings.py:195 DeprecationWarning: The sql_alchemy_conn option in [core] has been moved to the sql_alchemy_conn option in [database] - the old setting has been used, but please update your config.
[2025-05-13T19:50:11.770+0000] {task_command.py:426} INFO - Running <TaskInstance: inflation_forecasting.train_svr manual__2025-05-13T19:49:40.116966+00:00 [running]> on host bab02daaed98
[2025-05-13T19:50:12.252+0000] {taskinstance.py:2648} INFO - Exporting env vars: AIRFLOW_CTX_DAG_OWNER='***' AIRFLOW_CTX_DAG_ID='inflation_forecasting' AIRFLOW_CTX_TASK_ID='train_svr' AIRFLOW_CTX_EXECUTION_DATE='2025-05-13T19:49:40.116966+00:00' AIRFLOW_CTX_TRY_NUMBER='1' AIRFLOW_CTX_DAG_RUN_ID='manual__2025-05-13T19:49:40.116966+00:00'
[2025-05-13T19:50:12.253+0000] {taskinstance.py:430} INFO - ::endgroup::
[2025-05-13T19:50:12.265+0000] {logging_mixin.py:188} INFO - Loading selected features from /opt/***/data/model_output/selected_features.pkl
[2025-05-13T19:50:12.265+0000] {logging_mixin.py:188} INFO - Loading train/test data from /opt/***/data/model_output/train_test_data.pkl
[2025-05-13T19:50:12.297+0000] {logging_mixin.py:188} WARNING - /home/***/.local/lib/python3.12/site-packages/joblib/parallel.py:1378 UserWarning: Loky-backed parallel loops cannot be called in a multiprocessing, setting n_jobs=1
[2025-05-13T19:51:22.926+0000] {logging_mixin.py:188} INFO - Best SVR parameters: {'C': 0.1, 'epsilon': 0.01}
[2025-05-13T19:51:22.936+0000] {logging_mixin.py:188} INFO - SVR model saved to /opt/***/data/model_output/SVR.pkl
[2025-05-13T19:51:22.937+0000] {python.py:237} INFO - Done. Returned value was: /opt/***/data/model_output/SVR.pkl
[2025-05-13T19:51:22.937+0000] {taskinstance.py:441} INFO - ::group::Post task execution logs
[2025-05-13T19:51:22.960+0000] {taskinstance.py:1206} INFO - Marking task as SUCCESS. dag_id=inflation_forecasting, task_id=train_svr, run_id=manual__2025-05-13T19:49:40.116966+00:00, execution_date=20250513T194940, start_date=20250513T195011, end_date=20250513T195122
[2025-05-13T19:51:22.987+0000] {local_task_job_runner.py:240} INFO - Task exited with return code 0
[2025-05-13T19:51:23.147+0000] {taskinstance.py:3498} INFO - 1 downstream tasks scheduled from follow-on schedule check
[2025-05-13T19:51:23.148+0000] {local_task_job_runner.py:222} INFO - ::endgroup::
