[2025-06-18T15:25:11.105+0000] {local_task_job_runner.py:120} INFO - ::group::Pre task execution logs
[2025-06-18T15:25:11.161+0000] {taskinstance.py:2076} INFO - Dependencies all met for dep_context=non-requeueable deps ti=<TaskInstance: usdpkr_forecasting.fetch_interest_rate manual__2025-06-18T15:24:59.707973+00:00 [queued]>
[2025-06-18T15:25:11.174+0000] {taskinstance.py:2076} INFO - Dependencies all met for dep_context=requeueable deps ti=<TaskInstance: usdpkr_forecasting.fetch_interest_rate manual__2025-06-18T15:24:59.707973+00:00 [queued]>
[2025-06-18T15:25:11.174+0000] {taskinstance.py:2306} INFO - Starting attempt 1 of 3
[2025-06-18T15:25:11.219+0000] {taskinstance.py:2330} INFO - Executing <Task(PythonOperator): fetch_interest_rate> on 2025-06-18 15:24:59.707973+00:00
[2025-06-18T15:25:11.232+0000] {standard_task_runner.py:63} INFO - Started process 1303 to run task
[2025-06-18T15:25:11.240+0000] {standard_task_runner.py:90} INFO - Running: ['***', 'tasks', 'run', 'usdpkr_forecasting', 'fetch_interest_rate', 'manual__2025-06-18T15:24:59.707973+00:00', '--job-id', '927', '--raw', '--subdir', 'DAGS_FOLDER/usdpkr_forecasting_dag.py', '--cfg-path', '/tmp/tmpfis_6p4s']
[2025-06-18T15:25:11.244+0000] {standard_task_runner.py:91} INFO - Job 927: Subtask fetch_interest_rate
[2025-06-18T15:25:11.427+0000] {task_command.py:426} INFO - Running <TaskInstance: usdpkr_forecasting.fetch_interest_rate manual__2025-06-18T15:24:59.707973+00:00 [running]> on host f55656462970
[2025-06-18T15:25:11.609+0000] {taskinstance.py:2648} INFO - Exporting env vars: AIRFLOW_CTX_DAG_OWNER='***' AIRFLOW_CTX_DAG_ID='usdpkr_forecasting' AIRFLOW_CTX_TASK_ID='fetch_interest_rate' AIRFLOW_CTX_EXECUTION_DATE='2025-06-18T15:24:59.707973+00:00' AIRFLOW_CTX_TRY_NUMBER='1' AIRFLOW_CTX_DAG_RUN_ID='manual__2025-06-18T15:24:59.707973+00:00'
[2025-06-18T15:25:11.612+0000] {taskinstance.py:430} INFO - ::endgroup::
[2025-06-18T15:25:11.629+0000] {ingest.py:193} INFO - Generating placeholder data for SBP series: INTEREST_RATE...
[2025-06-18T15:25:11.704+0000] {ingest.py:214} INFO - Saved placeholder INTEREST_RATE data to /opt/***/data/raw/INTEREST_RATE.csv
[2025-06-18T15:25:11.705+0000] {ingest.py:215} INFO - Date range: 2005-06-30 to 2025-05-31
[2025-06-18T15:25:11.706+0000] {python.py:237} INFO - Done. Returned value was: /opt/***/data/raw/INTEREST_RATE.csv
[2025-06-18T15:25:11.707+0000] {taskinstance.py:441} INFO - ::group::Post task execution logs
[2025-06-18T15:25:11.774+0000] {taskinstance.py:1206} INFO - Marking task as SUCCESS. dag_id=usdpkr_forecasting, task_id=fetch_interest_rate, run_id=manual__2025-06-18T15:24:59.707973+00:00, execution_date=20250618T152459, start_date=20250618T152511, end_date=20250618T152511
[2025-06-18T15:25:11.850+0000] {local_task_job_runner.py:240} INFO - Task exited with return code 0
[2025-06-18T15:25:11.902+0000] {taskinstance.py:3498} INFO - 0 downstream tasks scheduled from follow-on schedule check
[2025-06-18T15:25:11.911+0000] {local_task_job_runner.py:222} INFO - ::endgroup::
