[2025-06-18T13:46:16.142+0000] {local_task_job_runner.py:120} INFO - ::group::Pre task execution logs
[2025-06-18T13:46:16.167+0000] {taskinstance.py:2076} INFO - Dependencies all met for dep_context=non-requeueable deps ti=<TaskInstance: usdpkr_forecasting_modular.train_lasso manual__2025-06-18T13:35:35.483358+00:00 [queued]>
[2025-06-18T13:46:16.174+0000] {taskinstance.py:2076} INFO - Dependencies all met for dep_context=requeueable deps ti=<TaskInstance: usdpkr_forecasting_modular.train_lasso manual__2025-06-18T13:35:35.483358+00:00 [queued]>
[2025-06-18T13:46:16.175+0000] {taskinstance.py:2306} INFO - Starting attempt 3 of 3
[2025-06-18T13:46:16.189+0000] {taskinstance.py:2330} INFO - Executing <Task(PythonOperator): train_lasso> on 2025-06-18 13:35:35.483358+00:00
[2025-06-18T13:46:16.194+0000] {standard_task_runner.py:63} INFO - Started process 9125 to run task
[2025-06-18T13:46:16.197+0000] {standard_task_runner.py:90} INFO - Running: ['***', 'tasks', 'run', 'usdpkr_forecasting_modular', 'train_lasso', 'manual__2025-06-18T13:35:35.483358+00:00', '--job-id', '806', '--raw', '--subdir', 'DAGS_FOLDER/usdpkr_forecasting_dag.py', '--cfg-path', '/tmp/tmp2iemyny0']
[2025-06-18T13:46:16.199+0000] {standard_task_runner.py:91} INFO - Job 806: Subtask train_lasso
[2025-06-18T13:46:16.237+0000] {task_command.py:426} INFO - Running <TaskInstance: usdpkr_forecasting_modular.train_lasso manual__2025-06-18T13:35:35.483358+00:00 [running]> on host 9c4806d77c92
[2025-06-18T13:46:16.341+0000] {taskinstance.py:2648} INFO - Exporting env vars: AIRFLOW_CTX_DAG_OWNER='***' AIRFLOW_CTX_DAG_ID='usdpkr_forecasting_modular' AIRFLOW_CTX_TASK_ID='train_lasso' AIRFLOW_CTX_EXECUTION_DATE='2025-06-18T13:35:35.483358+00:00' AIRFLOW_CTX_TRY_NUMBER='3' AIRFLOW_CTX_DAG_RUN_ID='manual__2025-06-18T13:35:35.483358+00:00'
[2025-06-18T13:46:16.343+0000] {taskinstance.py:430} INFO - ::endgroup::
[2025-06-18T13:46:16.356+0000] {model_steps.py:831} ERROR - Error in train_lasso_model: invalid load key, 'f'.
[2025-06-18T13:46:16.356+0000] {taskinstance.py:441} INFO - ::group::Post task execution logs
[2025-06-18T13:46:16.357+0000] {taskinstance.py:2905} ERROR - Task failed with exception
Traceback (most recent call last):
  File "/home/airflow/.local/lib/python3.12/site-packages/airflow/models/taskinstance.py", line 465, in _execute_task
    result = _execute_callable(context=context, **execute_callable_kwargs)
             ^^^^^^^^^^^^^^^^^^^^^^^^^^^^^^^^^^^^^^^^^^^^^^^^^^^^^^^^^^^^^
  File "/home/airflow/.local/lib/python3.12/site-packages/airflow/models/taskinstance.py", line 432, in _execute_callable
    return execute_callable(context=context, **execute_callable_kwargs)
           ^^^^^^^^^^^^^^^^^^^^^^^^^^^^^^^^^^^^^^^^^^^^^^^^^^^^^^^^^^^^
  File "/home/airflow/.local/lib/python3.12/site-packages/airflow/models/baseoperator.py", line 400, in wrapper
    return func(self, *args, **kwargs)
           ^^^^^^^^^^^^^^^^^^^^^^^^^^^
  File "/home/airflow/.local/lib/python3.12/site-packages/airflow/operators/python.py", line 235, in execute
    return_value = self.execute_callable()
                   ^^^^^^^^^^^^^^^^^^^^^^^
  File "/home/airflow/.local/lib/python3.12/site-packages/airflow/operators/python.py", line 252, in execute_callable
    return self.python_callable(*self.op_args, **self.op_kwargs)
           ^^^^^^^^^^^^^^^^^^^^^^^^^^^^^^^^^^^^^^^^^^^^^^^^^^^^^
  File "/opt/airflow/dags/inflation_modules/model_steps.py", line 798, in train_lasso_model
    selected_data = pickle.load(f)
                    ^^^^^^^^^^^^^^
_pickle.UnpicklingError: invalid load key, 'f'.
[2025-06-18T13:46:16.370+0000] {taskinstance.py:1206} INFO - Marking task as FAILED. dag_id=usdpkr_forecasting_modular, task_id=train_lasso, run_id=manual__2025-06-18T13:35:35.483358+00:00, execution_date=20250618T133535, start_date=20250618T134616, end_date=20250618T134616
[2025-06-18T13:46:16.380+0000] {standard_task_runner.py:110} ERROR - Failed to execute job 806 for task train_lasso (invalid load key, 'f'.; 9125)
[2025-06-18T13:46:16.410+0000] {local_task_job_runner.py:240} INFO - Task exited with return code 1
[2025-06-18T13:46:16.424+0000] {taskinstance.py:3498} INFO - 0 downstream tasks scheduled from follow-on schedule check
[2025-06-18T13:46:16.426+0000] {local_task_job_runner.py:222} INFO - ::endgroup::
