[2025-06-18T15:22:17.027+0000] {local_task_job_runner.py:120} INFO - ::group::Pre task execution logs
[2025-06-18T15:22:17.060+0000] {taskinstance.py:2076} INFO - Dependencies all met for dep_context=non-requeueable deps ti=<TaskInstance: kse100_forecasting.fetch_gold manual__2025-06-18T15:22:10.757413+00:00 [queued]>
[2025-06-18T15:22:17.068+0000] {taskinstance.py:2076} INFO - Dependencies all met for dep_context=requeueable deps ti=<TaskInstance: kse100_forecasting.fetch_gold manual__2025-06-18T15:22:10.757413+00:00 [queued]>
[2025-06-18T15:22:17.069+0000] {taskinstance.py:2306} INFO - Starting attempt 1 of 6
[2025-06-18T15:22:17.084+0000] {taskinstance.py:2330} INFO - Executing <Task(PythonOperator): fetch_gold> on 2025-06-18 15:22:10.757413+00:00
[2025-06-18T15:22:17.096+0000] {standard_task_runner.py:63} INFO - Started process 956 to run task
[2025-06-18T15:22:17.103+0000] {standard_task_runner.py:90} INFO - Running: ['***', 'tasks', 'run', 'kse100_forecasting', 'fetch_gold', 'manual__2025-06-18T15:22:10.757413+00:00', '--job-id', '904', '--raw', '--subdir', 'DAGS_FOLDER/kse100_forecasting_dag.py', '--cfg-path', '/tmp/tmpzs1so989']
[2025-06-18T15:22:17.113+0000] {standard_task_runner.py:91} INFO - Job 904: Subtask fetch_gold
[2025-06-18T15:22:17.161+0000] {task_command.py:426} INFO - Running <TaskInstance: kse100_forecasting.fetch_gold manual__2025-06-18T15:22:10.757413+00:00 [running]> on host f55656462970
[2025-06-18T15:22:17.247+0000] {taskinstance.py:2648} INFO - Exporting env vars: AIRFLOW_CTX_DAG_OWNER='***' AIRFLOW_CTX_DAG_ID='kse100_forecasting' AIRFLOW_CTX_TASK_ID='fetch_gold' AIRFLOW_CTX_EXECUTION_DATE='2025-06-18T15:22:10.757413+00:00' AIRFLOW_CTX_TRY_NUMBER='1' AIRFLOW_CTX_DAG_RUN_ID='manual__2025-06-18T15:22:10.757413+00:00'
[2025-06-18T15:22:17.248+0000] {taskinstance.py:430} INFO - ::endgroup::
[2025-06-18T15:22:17.259+0000] {ingest.py:65} INFO - Fetching GC=F from Yahoo Finance...
[2025-06-18T15:22:20.167+0000] {ingest.py:106} INFO - Saved GC=F data to /opt/***/dataKse/raw/GOLD.csv
[2025-06-18T15:22:20.168+0000] {ingest.py:107} INFO - Date range: 2000-08-31 to 2025-06-30
[2025-06-18T15:22:20.169+0000] {python.py:237} INFO - Done. Returned value was: /opt/***/dataKse/raw/GOLD.csv
[2025-06-18T15:22:20.169+0000] {taskinstance.py:441} INFO - ::group::Post task execution logs
[2025-06-18T15:22:20.190+0000] {taskinstance.py:1206} INFO - Marking task as SUCCESS. dag_id=kse100_forecasting, task_id=fetch_gold, run_id=manual__2025-06-18T15:22:10.757413+00:00, execution_date=20250618T152210, start_date=20250618T152217, end_date=20250618T152220
[2025-06-18T15:22:20.250+0000] {local_task_job_runner.py:240} INFO - Task exited with return code 0
[2025-06-18T15:22:20.287+0000] {taskinstance.py:3498} INFO - 0 downstream tasks scheduled from follow-on schedule check
[2025-06-18T15:22:20.290+0000] {local_task_job_runner.py:222} INFO - ::endgroup::
