[2025-05-13T20:01:21.306+0000] {local_task_job_runner.py:120} INFO - ::group::Pre task execution logs
[2025-05-13T20:01:21.339+0000] {taskinstance.py:2076} INFO - Dependencies all met for dep_context=non-requeueable deps ti=<TaskInstance: inflation_forecasting.select_features manual__2025-05-13T20:00:58.979443+00:00 [queued]>
[2025-05-13T20:01:21.350+0000] {taskinstance.py:2076} INFO - Dependencies all met for dep_context=requeueable deps ti=<TaskInstance: inflation_forecasting.select_features manual__2025-05-13T20:00:58.979443+00:00 [queued]>
[2025-05-13T20:01:21.350+0000] {taskinstance.py:2306} INFO - Starting attempt 1 of 1
[2025-05-13T20:01:21.371+0000] {taskinstance.py:2330} INFO - Executing <Task(PythonOperator): select_features> on 2025-05-13 20:00:58.979443+00:00
[2025-05-13T20:01:21.382+0000] {logging_mixin.py:188} WARNING - /home/***/.local/lib/python3.12/site-packages/***/task/task_runner/standard_task_runner.py:61 DeprecationWarning: This process (pid=1487) is multi-threaded, use of fork() may lead to deadlocks in the child.
[2025-05-13T20:01:21.384+0000] {standard_task_runner.py:63} INFO - Started process 1494 to run task
[2025-05-13T20:01:21.382+0000] {standard_task_runner.py:90} INFO - Running: ['***', 'tasks', 'run', 'inflation_forecasting', 'select_features', 'manual__2025-05-13T20:00:58.979443+00:00', '--job-id', '160', '--raw', '--subdir', 'DAGS_FOLDER/inflation_forecasting_dag.py', '--cfg-path', '/tmp/tmprgbq2djh']
[2025-05-13T20:01:21.384+0000] {standard_task_runner.py:91} INFO - Job 160: Subtask select_features
[2025-05-13T20:01:21.399+0000] {logging_mixin.py:188} WARNING - /home/***/.local/lib/python3.12/site-packages/***/settings.py:195 DeprecationWarning: The sql_alchemy_conn option in [core] has been moved to the sql_alchemy_conn option in [database] - the old setting has been used, but please update your config.
[2025-05-13T20:01:21.434+0000] {task_command.py:426} INFO - Running <TaskInstance: inflation_forecasting.select_features manual__2025-05-13T20:00:58.979443+00:00 [running]> on host bab02daaed98
[2025-05-13T20:01:21.705+0000] {taskinstance.py:2648} INFO - Exporting env vars: AIRFLOW_CTX_DAG_OWNER='***' AIRFLOW_CTX_DAG_ID='inflation_forecasting' AIRFLOW_CTX_TASK_ID='select_features' AIRFLOW_CTX_EXECUTION_DATE='2025-05-13T20:00:58.979443+00:00' AIRFLOW_CTX_TRY_NUMBER='1' AIRFLOW_CTX_DAG_RUN_ID='manual__2025-05-13T20:00:58.979443+00:00'
[2025-05-13T20:01:21.706+0000] {taskinstance.py:430} INFO - ::endgroup::
[2025-05-13T20:01:21.719+0000] {logging_mixin.py:188} INFO - Loading data from /opt/***/data/model_output/train_test_data.pkl
[2025-05-13T20:01:21.730+0000] {logging_mixin.py:188} INFO - Fitting LassoCV model (this may take a moment)...
[2025-05-13T20:01:21.736+0000] {logging_mixin.py:188} WARNING - /home/***/.local/lib/python3.12/site-packages/sklearn/linear_model/_coordinate_descent.py:1735 UserWarning: Loky-backed parallel loops cannot be called in a multiprocessing, setting n_jobs=1
[2025-05-13T20:01:21.903+0000] {logging_mixin.py:188} WARNING - /home/***/.local/lib/python3.12/site-packages/sklearn/linear_model/_coordinate_descent.py:681 ConvergenceWarning: Objective did not converge. You might want to increase the number of iterations. Duality gap: 0.0, tolerance: 0.0
[2025-05-13T20:01:21.953+0000] {logging_mixin.py:188} WARNING - /home/***/.local/lib/python3.12/site-packages/sklearn/linear_model/_coordinate_descent.py:681 ConvergenceWarning: Objective did not converge. You might want to increase the number of iterations. Duality gap: 0.0, tolerance: 0.0
[2025-05-13T20:01:21.996+0000] {logging_mixin.py:188} WARNING - /home/***/.local/lib/python3.12/site-packages/sklearn/linear_model/_coordinate_descent.py:681 ConvergenceWarning: Objective did not converge. You might want to increase the number of iterations. Duality gap: 0.0, tolerance: 0.0
[2025-05-13T20:01:22.038+0000] {logging_mixin.py:188} WARNING - /home/***/.local/lib/python3.12/site-packages/sklearn/linear_model/_coordinate_descent.py:681 ConvergenceWarning: Objective did not converge. You might want to increase the number of iterations. Duality gap: 0.0, tolerance: 0.0
[2025-05-13T20:01:22.079+0000] {logging_mixin.py:188} WARNING - /home/***/.local/lib/python3.12/site-packages/sklearn/linear_model/_coordinate_descent.py:681 ConvergenceWarning: Objective did not converge. You might want to increase the number of iterations. Duality gap: 0.0, tolerance: 0.0
[2025-05-13T20:01:22.121+0000] {logging_mixin.py:188} WARNING - /home/***/.local/lib/python3.12/site-packages/sklearn/linear_model/_coordinate_descent.py:681 ConvergenceWarning: Objective did not converge. You might want to increase the number of iterations. Duality gap: 0.0, tolerance: 0.0
[2025-05-13T20:01:22.163+0000] {logging_mixin.py:188} WARNING - /home/***/.local/lib/python3.12/site-packages/sklearn/linear_model/_coordinate_descent.py:681 ConvergenceWarning: Objective did not converge. You might want to increase the number of iterations. Duality gap: 0.0, tolerance: 0.0
[2025-05-13T20:01:22.188+0000] {logging_mixin.py:188} WARNING - /home/***/.local/lib/python3.12/site-packages/sklearn/linear_model/_coordinate_descent.py:681 ConvergenceWarning: Objective did not converge. You might want to increase the number of iterations. Duality gap: 0.7629007315259839, tolerance: 0.053096418869450566
[2025-05-13T20:01:22.205+0000] {logging_mixin.py:188} WARNING - /home/***/.local/lib/python3.12/site-packages/sklearn/linear_model/_coordinate_descent.py:681 ConvergenceWarning: Objective did not converge. You might want to increase the number of iterations. Duality gap: 0.0, tolerance: 0.0
[2025-05-13T20:01:22.246+0000] {logging_mixin.py:188} WARNING - /home/***/.local/lib/python3.12/site-packages/sklearn/linear_model/_coordinate_descent.py:681 ConvergenceWarning: Objective did not converge. You might want to increase the number of iterations. Duality gap: 0.0, tolerance: 0.0
[2025-05-13T20:01:22.290+0000] {logging_mixin.py:188} WARNING - /home/***/.local/lib/python3.12/site-packages/sklearn/linear_model/_coordinate_descent.py:681 ConvergenceWarning: Objective did not converge. You might want to increase the number of iterations. Duality gap: 0.0, tolerance: 0.0
[2025-05-13T20:01:22.333+0000] {logging_mixin.py:188} WARNING - /home/***/.local/lib/python3.12/site-packages/sklearn/linear_model/_coordinate_descent.py:681 ConvergenceWarning: Objective did not converge. You might want to increase the number of iterations. Duality gap: 0.0, tolerance: 0.0
[2025-05-13T20:01:22.361+0000] {logging_mixin.py:188} WARNING - /home/***/.local/lib/python3.12/site-packages/sklearn/linear_model/_coordinate_descent.py:681 ConvergenceWarning: Objective did not converge. You might want to increase the number of iterations. Duality gap: 1.4366743467067105, tolerance: 0.053096418869450566
[2025-05-13T20:01:22.374+0000] {logging_mixin.py:188} WARNING - /home/***/.local/lib/python3.12/site-packages/sklearn/linear_model/_coordinate_descent.py:681 ConvergenceWarning: Objective did not converge. You might want to increase the number of iterations. Duality gap: 0.0, tolerance: 0.0
[2025-05-13T20:01:22.416+0000] {logging_mixin.py:188} WARNING - /home/***/.local/lib/python3.12/site-packages/sklearn/linear_model/_coordinate_descent.py:681 ConvergenceWarning: Objective did not converge. You might want to increase the number of iterations. Duality gap: 0.0, tolerance: 0.0
[2025-05-13T20:01:22.462+0000] {logging_mixin.py:188} WARNING - /home/***/.local/lib/python3.12/site-packages/sklearn/linear_model/_coordinate_descent.py:681 ConvergenceWarning: Objective did not converge. You might want to increase the number of iterations. Duality gap: 0.0, tolerance: 0.0
[2025-05-13T20:01:22.503+0000] {logging_mixin.py:188} WARNING - /home/***/.local/lib/python3.12/site-packages/sklearn/linear_model/_coordinate_descent.py:681 ConvergenceWarning: Objective did not converge. You might want to increase the number of iterations. Duality gap: 0.0, tolerance: 0.0
[2025-05-13T20:01:22.544+0000] {logging_mixin.py:188} WARNING - /home/***/.local/lib/python3.12/site-packages/sklearn/linear_model/_coordinate_descent.py:681 ConvergenceWarning: Objective did not converge. You might want to increase the number of iterations. Duality gap: 1.57919210880413, tolerance: 0.053096418869450566
[2025-05-13T20:01:22.548+0000] {logging_mixin.py:188} WARNING - /home/***/.local/lib/python3.12/site-packages/sklearn/linear_model/_coordinate_descent.py:681 ConvergenceWarning: Objective did not converge. You might want to increase the number of iterations. Duality gap: 0.0, tolerance: 0.0
[2025-05-13T20:01:22.590+0000] {logging_mixin.py:188} WARNING - /home/***/.local/lib/python3.12/site-packages/sklearn/linear_model/_coordinate_descent.py:681 ConvergenceWarning: Objective did not converge. You might want to increase the number of iterations. Duality gap: 0.0, tolerance: 0.0
[2025-05-13T20:01:22.632+0000] {logging_mixin.py:188} WARNING - /home/***/.local/lib/python3.12/site-packages/sklearn/linear_model/_coordinate_descent.py:681 ConvergenceWarning: Objective did not converge. You might want to increase the number of iterations. Duality gap: 0.0, tolerance: 0.0
[2025-05-13T20:01:22.675+0000] {logging_mixin.py:188} WARNING - /home/***/.local/lib/python3.12/site-packages/sklearn/linear_model/_coordinate_descent.py:681 ConvergenceWarning: Objective did not converge. You might want to increase the number of iterations. Duality gap: 0.0, tolerance: 0.0
[2025-05-13T20:01:22.722+0000] {logging_mixin.py:188} WARNING - /home/***/.local/lib/python3.12/site-packages/sklearn/linear_model/_coordinate_descent.py:681 ConvergenceWarning: Objective did not converge. You might want to increase the number of iterations. Duality gap: 0.0, tolerance: 0.0
[2025-05-13T20:01:22.788+0000] {logging_mixin.py:188} WARNING - /home/***/.local/lib/python3.12/site-packages/sklearn/linear_model/_coordinate_descent.py:681 ConvergenceWarning: Objective did not converge. You might want to increase the number of iterations. Duality gap: 1.9505281221600002, tolerance: 0.053096418869450566
[2025-05-13T20:01:23.032+0000] {logging_mixin.py:188} WARNING - /home/***/.local/lib/python3.12/site-packages/sklearn/linear_model/_coordinate_descent.py:681 ConvergenceWarning: Objective did not converge. You might want to increase the number of iterations. Duality gap: 2.1258365371214096, tolerance: 0.053096418869450566
[2025-05-13T20:01:23.261+0000] {logging_mixin.py:188} WARNING - /home/***/.local/lib/python3.12/site-packages/sklearn/linear_model/_coordinate_descent.py:681 ConvergenceWarning: Objective did not converge. You might want to increase the number of iterations. Duality gap: 2.256068455111801, tolerance: 0.053096418869450566
[2025-05-13T20:01:27.461+0000] {logging_mixin.py:188} WARNING - /home/***/.local/lib/python3.12/site-packages/sklearn/linear_model/_coordinate_descent.py:695 ConvergenceWarning: Objective did not converge. You might want to increase the number of iterations, check the scale of the features or consider increasing regularisation. Duality gap: 6.257e+00, tolerance: 7.355e-02
[2025-05-13T20:01:27.462+0000] {logging_mixin.py:188} INFO - Best alpha: 0.000616
[2025-05-13T20:01:27.466+0000] {logging_mixin.py:188} INFO - Selected 49 features out of 65
[2025-05-13T20:01:27.479+0000] {logging_mixin.py:188} INFO - Selected features saved to /opt/***/data/model_output/selected_features.pkl
[2025-05-13T20:01:27.480+0000] {python.py:237} INFO - Done. Returned value was: /opt/***/data/model_output/selected_features.pkl
[2025-05-13T20:01:27.480+0000] {taskinstance.py:441} INFO - ::group::Post task execution logs
[2025-05-13T20:01:27.500+0000] {taskinstance.py:1206} INFO - Marking task as SUCCESS. dag_id=inflation_forecasting, task_id=select_features, run_id=manual__2025-05-13T20:00:58.979443+00:00, execution_date=20250513T200058, start_date=20250513T200121, end_date=20250513T200127
[2025-05-13T20:01:27.543+0000] {local_task_job_runner.py:240} INFO - Task exited with return code 0
[2025-05-13T20:01:27.730+0000] {taskinstance.py:3498} INFO - 1 downstream tasks scheduled from follow-on schedule check
[2025-05-13T20:01:27.732+0000] {local_task_job_runner.py:222} INFO - ::endgroup::
