[2025-05-13T19:36:56.710+0000] {local_task_job_runner.py:120} INFO - ::group::Pre task execution logs
[2025-05-13T19:36:56.767+0000] {taskinstance.py:2076} INFO - Dependencies all met for dep_context=non-requeueable deps ti=<TaskInstance: inflation_forecasting.fetch_crude_oil manual__2025-05-13T19:36:50.482892+00:00 [queued]>
[2025-05-13T19:36:56.800+0000] {taskinstance.py:2076} INFO - Dependencies all met for dep_context=requeueable deps ti=<TaskInstance: inflation_forecasting.fetch_crude_oil manual__2025-05-13T19:36:50.482892+00:00 [queued]>
[2025-05-13T19:36:56.802+0000] {taskinstance.py:2306} INFO - Starting attempt 1 of 1
[2025-05-13T19:36:56.839+0000] {taskinstance.py:2330} INFO - Executing <Task(PythonOperator): fetch_crude_oil> on 2025-05-13 19:36:50.482892+00:00
[2025-05-13T19:36:56.879+0000] {logging_mixin.py:188} WARNING - /home/***/.local/lib/python3.12/site-packages/***/task/task_runner/standard_task_runner.py:61 DeprecationWarning: This process (pid=646) is multi-threaded, use of fork() may lead to deadlocks in the child.
[2025-05-13T19:36:56.886+0000] {standard_task_runner.py:63} INFO - Started process 689 to run task
[2025-05-13T19:36:56.884+0000] {standard_task_runner.py:90} INFO - Running: ['***', 'tasks', 'run', 'inflation_forecasting', 'fetch_crude_oil', 'manual__2025-05-13T19:36:50.482892+00:00', '--job-id', '123', '--raw', '--subdir', 'DAGS_FOLDER/inflation_forecasting_dag.py', '--cfg-path', '/tmp/tmpyr1qv0yb']
[2025-05-13T19:36:56.898+0000] {standard_task_runner.py:91} INFO - Job 123: Subtask fetch_crude_oil
[2025-05-13T19:36:56.940+0000] {logging_mixin.py:188} WARNING - /home/***/.local/lib/python3.12/site-packages/***/settings.py:195 DeprecationWarning: The sql_alchemy_conn option in [core] has been moved to the sql_alchemy_conn option in [database] - the old setting has been used, but please update your config.
[2025-05-13T19:36:57.006+0000] {task_command.py:426} INFO - Running <TaskInstance: inflation_forecasting.fetch_crude_oil manual__2025-05-13T19:36:50.482892+00:00 [running]> on host bab02daaed98
[2025-05-13T19:36:57.604+0000] {taskinstance.py:2648} INFO - Exporting env vars: AIRFLOW_CTX_DAG_OWNER='***' AIRFLOW_CTX_DAG_ID='inflation_forecasting' AIRFLOW_CTX_TASK_ID='fetch_crude_oil' AIRFLOW_CTX_EXECUTION_DATE='2025-05-13T19:36:50.482892+00:00' AIRFLOW_CTX_TRY_NUMBER='1' AIRFLOW_CTX_DAG_RUN_ID='manual__2025-05-13T19:36:50.482892+00:00'
[2025-05-13T19:36:57.605+0000] {taskinstance.py:430} INFO - ::endgroup::
[2025-05-13T19:36:58.430+0000] {logging_mixin.py:188} INFO - Resampled DCOILWTICO from 10263 rows to 473 monthly rows
[2025-05-13T19:36:58.440+0000] {logging_mixin.py:188} INFO - Ensuring oil data (DCOILWTICO) is in monthly format
[2025-05-13T19:36:58.468+0000] {logging_mixin.py:188} INFO - Forced monthly resampling for oil data: 473 rows
[2025-05-13T19:36:58.471+0000] {logging_mixin.py:188} INFO - Date range for DCOILWTICO: 1986-01-31 00:00:00 to 2025-05-31 00:00:00
[2025-05-13T19:36:58.501+0000] {python.py:237} INFO - Done. Returned value was: None
[2025-05-13T19:36:58.504+0000] {taskinstance.py:441} INFO - ::group::Post task execution logs
[2025-05-13T19:36:58.516+0000] {taskinstance.py:1206} INFO - Marking task as SUCCESS. dag_id=inflation_forecasting, task_id=fetch_crude_oil, run_id=manual__2025-05-13T19:36:50.482892+00:00, execution_date=20250513T193650, start_date=20250513T193656, end_date=20250513T193658
[2025-05-13T19:36:58.643+0000] {local_task_job_runner.py:240} INFO - Task exited with return code 0
[2025-05-13T19:36:58.670+0000] {local_task_job_runner.py:222} INFO - ::endgroup::
