[2025-06-18T16:55:28.709+0000] {local_task_job_runner.py:120} INFO - ::group::Pre task execution logs
[2025-06-18T16:55:28.806+0000] {taskinstance.py:2076} INFO - Dependencies all met for dep_context=non-requeueable deps ti=<TaskInstance: kse100_forecasting.fetch_oil manual__2025-06-18T16:55:19.331260+00:00 [queued]>
[2025-06-18T16:55:28.858+0000] {taskinstance.py:2076} INFO - Dependencies all met for dep_context=requeueable deps ti=<TaskInstance: kse100_forecasting.fetch_oil manual__2025-06-18T16:55:19.331260+00:00 [queued]>
[2025-06-18T16:55:28.861+0000] {taskinstance.py:2306} INFO - Starting attempt 1 of 6
[2025-06-18T16:55:28.911+0000] {taskinstance.py:2330} INFO - Executing <Task(PythonOperator): fetch_oil> on 2025-06-18 16:55:19.331260+00:00
[2025-06-18T16:55:28.976+0000] {standard_task_runner.py:63} INFO - Started process 3327 to run task
[2025-06-18T16:55:28.987+0000] {standard_task_runner.py:90} INFO - Running: ['***', 'tasks', 'run', 'kse100_forecasting', 'fetch_oil', 'manual__2025-06-18T16:55:19.331260+00:00', '--job-id', '990', '--raw', '--subdir', 'DAGS_FOLDER/kse100_forecasting_dag.py', '--cfg-path', '/tmp/tmpknr0ko9y']
[2025-06-18T16:55:29.009+0000] {standard_task_runner.py:91} INFO - Job 990: Subtask fetch_oil
[2025-06-18T16:55:29.127+0000] {task_command.py:426} INFO - Running <TaskInstance: kse100_forecasting.fetch_oil manual__2025-06-18T16:55:19.331260+00:00 [running]> on host 57c57e92cb28
[2025-06-18T16:55:29.350+0000] {taskinstance.py:2648} INFO - Exporting env vars: AIRFLOW_CTX_DAG_OWNER='***' AIRFLOW_CTX_DAG_ID='kse100_forecasting' AIRFLOW_CTX_TASK_ID='fetch_oil' AIRFLOW_CTX_EXECUTION_DATE='2025-06-18T16:55:19.331260+00:00' AIRFLOW_CTX_TRY_NUMBER='1' AIRFLOW_CTX_DAG_RUN_ID='manual__2025-06-18T16:55:19.331260+00:00'
[2025-06-18T16:55:29.356+0000] {taskinstance.py:430} INFO - ::endgroup::
[2025-06-18T16:55:29.383+0000] {ingest.py:65} INFO - Fetching CL=F from Yahoo Finance...
[2025-06-18T16:55:33.630+0000] {ingest.py:106} INFO - Saved CL=F data to /opt/***/dataKse/raw/OIL.csv
[2025-06-18T16:55:33.631+0000] {ingest.py:107} INFO - Date range: 2000-08-31 to 2025-06-30
[2025-06-18T16:55:33.631+0000] {python.py:237} INFO - Done. Returned value was: /opt/***/dataKse/raw/OIL.csv
[2025-06-18T16:55:33.632+0000] {taskinstance.py:441} INFO - ::group::Post task execution logs
[2025-06-18T16:55:33.653+0000] {taskinstance.py:1206} INFO - Marking task as SUCCESS. dag_id=kse100_forecasting, task_id=fetch_oil, run_id=manual__2025-06-18T16:55:19.331260+00:00, execution_date=20250618T165519, start_date=20250618T165528, end_date=20250618T165533
[2025-06-18T16:55:33.693+0000] {local_task_job_runner.py:240} INFO - Task exited with return code 0
[2025-06-18T16:55:33.717+0000] {taskinstance.py:3498} INFO - 0 downstream tasks scheduled from follow-on schedule check
[2025-06-18T16:55:33.719+0000] {local_task_job_runner.py:222} INFO - ::endgroup::
