[2025-06-19T09:09:56.839+0000] {local_task_job_runner.py:120} INFO - ::group::Pre task execution logs
[2025-06-19T09:09:56.888+0000] {taskinstance.py:2076} INFO - Dependencies all met for dep_context=non-requeueable deps ti=<TaskInstance: kse100_forecasting.fetch_interest_rate manual__2025-06-19T09:09:50.730380+00:00 [queued]>
[2025-06-19T09:09:56.897+0000] {taskinstance.py:2076} INFO - Dependencies all met for dep_context=requeueable deps ti=<TaskInstance: kse100_forecasting.fetch_interest_rate manual__2025-06-19T09:09:50.730380+00:00 [queued]>
[2025-06-19T09:09:56.898+0000] {taskinstance.py:2306} INFO - Starting attempt 1 of 3
[2025-06-19T09:09:56.941+0000] {taskinstance.py:2330} INFO - Executing <Task(PythonOperator): fetch_interest_rate> on 2025-06-19 09:09:50.730380+00:00
[2025-06-19T09:09:56.951+0000] {standard_task_runner.py:63} INFO - Started process 828 to run task
[2025-06-19T09:09:56.955+0000] {standard_task_runner.py:90} INFO - Running: ['***', 'tasks', 'run', 'kse100_forecasting', 'fetch_interest_rate', 'manual__2025-06-19T09:09:50.730380+00:00', '--job-id', '1112', '--raw', '--subdir', 'DAGS_FOLDER/kse100_forecasting_dag.py', '--cfg-path', '/tmp/tmpm94dmyrt']
[2025-06-19T09:09:56.957+0000] {standard_task_runner.py:91} INFO - Job 1112: Subtask fetch_interest_rate
[2025-06-19T09:09:57.035+0000] {task_command.py:426} INFO - Running <TaskInstance: kse100_forecasting.fetch_interest_rate manual__2025-06-19T09:09:50.730380+00:00 [running]> on host fb048d2dbcb2
[2025-06-19T09:09:57.176+0000] {taskinstance.py:2648} INFO - Exporting env vars: AIRFLOW_CTX_DAG_OWNER='***' AIRFLOW_CTX_DAG_ID='kse100_forecasting' AIRFLOW_CTX_TASK_ID='fetch_interest_rate' AIRFLOW_CTX_EXECUTION_DATE='2025-06-19T09:09:50.730380+00:00' AIRFLOW_CTX_TRY_NUMBER='1' AIRFLOW_CTX_DAG_RUN_ID='manual__2025-06-19T09:09:50.730380+00:00'
[2025-06-19T09:09:57.179+0000] {taskinstance.py:430} INFO - ::endgroup::
[2025-06-19T09:09:57.192+0000] {ingest.py:193} INFO - Generating placeholder data for SBP series: INTEREST_RATE...
[2025-06-19T09:09:57.211+0000] {ingest.py:214} INFO - Saved placeholder INTEREST_RATE data to /opt/***/dataKse/raw/INTEREST_RATE.csv
[2025-06-19T09:09:57.212+0000] {ingest.py:215} INFO - Date range: 2005-06-30 to 2025-05-31
[2025-06-19T09:09:57.214+0000] {python.py:237} INFO - Done. Returned value was: /opt/***/dataKse/raw/INTEREST_RATE.csv
[2025-06-19T09:09:57.214+0000] {taskinstance.py:441} INFO - ::group::Post task execution logs
[2025-06-19T09:09:57.237+0000] {taskinstance.py:1206} INFO - Marking task as SUCCESS. dag_id=kse100_forecasting, task_id=fetch_interest_rate, run_id=manual__2025-06-19T09:09:50.730380+00:00, execution_date=20250619T090950, start_date=20250619T090956, end_date=20250619T090957
[2025-06-19T09:09:57.259+0000] {local_task_job_runner.py:240} INFO - Task exited with return code 0
[2025-06-19T09:09:57.307+0000] {taskinstance.py:3498} INFO - 0 downstream tasks scheduled from follow-on schedule check
[2025-06-19T09:09:57.322+0000] {local_task_job_runner.py:222} INFO - ::endgroup::
