[2025-06-18T16:55:29.144+0000] {local_task_job_runner.py:120} INFO - ::group::Pre task execution logs
[2025-06-18T16:55:29.218+0000] {taskinstance.py:2076} INFO - Dependencies all met for dep_context=non-requeueable deps ti=<TaskInstance: kse100_forecasting.fetch_m2 manual__2025-06-18T16:55:19.331260+00:00 [queued]>
[2025-06-18T16:55:29.235+0000] {taskinstance.py:2076} INFO - Dependencies all met for dep_context=requeueable deps ti=<TaskInstance: kse100_forecasting.fetch_m2 manual__2025-06-18T16:55:19.331260+00:00 [queued]>
[2025-06-18T16:55:29.237+0000] {taskinstance.py:2306} INFO - Starting attempt 1 of 3
[2025-06-18T16:55:29.260+0000] {taskinstance.py:2330} INFO - Executing <Task(PythonOperator): fetch_m2> on 2025-06-18 16:55:19.331260+00:00
[2025-06-18T16:55:29.330+0000] {standard_task_runner.py:63} INFO - Started process 3331 to run task
[2025-06-18T16:55:29.347+0000] {standard_task_runner.py:90} INFO - Running: ['***', 'tasks', 'run', 'kse100_forecasting', 'fetch_m2', 'manual__2025-06-18T16:55:19.331260+00:00', '--job-id', '994', '--raw', '--subdir', 'DAGS_FOLDER/kse100_forecasting_dag.py', '--cfg-path', '/tmp/tmpkc0uhyuz']
[2025-06-18T16:55:29.351+0000] {standard_task_runner.py:91} INFO - Job 994: Subtask fetch_m2
[2025-06-18T16:55:29.476+0000] {task_command.py:426} INFO - Running <TaskInstance: kse100_forecasting.fetch_m2 manual__2025-06-18T16:55:19.331260+00:00 [running]> on host 57c57e92cb28
[2025-06-18T16:55:29.673+0000] {taskinstance.py:2648} INFO - Exporting env vars: AIRFLOW_CTX_DAG_OWNER='***' AIRFLOW_CTX_DAG_ID='kse100_forecasting' AIRFLOW_CTX_TASK_ID='fetch_m2' AIRFLOW_CTX_EXECUTION_DATE='2025-06-18T16:55:19.331260+00:00' AIRFLOW_CTX_TRY_NUMBER='1' AIRFLOW_CTX_DAG_RUN_ID='manual__2025-06-18T16:55:19.331260+00:00'
[2025-06-18T16:55:29.676+0000] {taskinstance.py:430} INFO - ::endgroup::
[2025-06-18T16:55:29.697+0000] {ingest.py:193} INFO - Generating placeholder data for SBP series: M2...
[2025-06-18T16:55:29.751+0000] {ingest.py:214} INFO - Saved placeholder M2 data to /opt/***/dataKse/raw/M2.csv
[2025-06-18T16:55:29.763+0000] {ingest.py:215} INFO - Date range: 2005-06-30 to 2025-05-31
[2025-06-18T16:55:29.764+0000] {python.py:237} INFO - Done. Returned value was: /opt/***/dataKse/raw/M2.csv
[2025-06-18T16:55:29.764+0000] {taskinstance.py:441} INFO - ::group::Post task execution logs
[2025-06-18T16:55:29.832+0000] {taskinstance.py:1206} INFO - Marking task as SUCCESS. dag_id=kse100_forecasting, task_id=fetch_m2, run_id=manual__2025-06-18T16:55:19.331260+00:00, execution_date=20250618T165519, start_date=20250618T165529, end_date=20250618T165529
[2025-06-18T16:55:29.872+0000] {local_task_job_runner.py:240} INFO - Task exited with return code 0
[2025-06-18T16:55:29.920+0000] {taskinstance.py:3498} INFO - 0 downstream tasks scheduled from follow-on schedule check
[2025-06-18T16:55:29.924+0000] {local_task_job_runner.py:222} INFO - ::endgroup::
