[2025-05-13T20:01:37.871+0000] {local_task_job_runner.py:120} INFO - ::group::Pre task execution logs
[2025-05-13T20:01:37.902+0000] {taskinstance.py:2076} INFO - Dependencies all met for dep_context=non-requeueable deps ti=<TaskInstance: inflation_forecasting.evaluate_random_forest manual__2025-05-13T20:00:58.979443+00:00 [queued]>
[2025-05-13T20:01:37.914+0000] {taskinstance.py:2076} INFO - Dependencies all met for dep_context=requeueable deps ti=<TaskInstance: inflation_forecasting.evaluate_random_forest manual__2025-05-13T20:00:58.979443+00:00 [queued]>
[2025-05-13T20:01:37.915+0000] {taskinstance.py:2306} INFO - Starting attempt 1 of 1
[2025-05-13T20:01:37.930+0000] {taskinstance.py:2330} INFO - Executing <Task(PythonOperator): evaluate_random_forest> on 2025-05-13 20:00:58.979443+00:00
[2025-05-13T20:01:37.940+0000] {logging_mixin.py:188} WARNING - /home/***/.local/lib/python3.12/site-packages/***/task/task_runner/standard_task_runner.py:61 DeprecationWarning: This process (pid=1557) is multi-threaded, use of fork() may lead to deadlocks in the child.
[2025-05-13T20:01:37.942+0000] {standard_task_runner.py:63} INFO - Started process 1576 to run task
[2025-05-13T20:01:37.940+0000] {standard_task_runner.py:90} INFO - Running: ['***', 'tasks', 'run', 'inflation_forecasting', 'evaluate_random_forest', 'manual__2025-05-13T20:00:58.979443+00:00', '--job-id', '165', '--raw', '--subdir', 'DAGS_FOLDER/inflation_forecasting_dag.py', '--cfg-path', '/tmp/tmpwa95vxy6']
[2025-05-13T20:01:37.944+0000] {standard_task_runner.py:91} INFO - Job 165: Subtask evaluate_random_forest
[2025-05-13T20:01:37.981+0000] {logging_mixin.py:188} WARNING - /home/***/.local/lib/python3.12/site-packages/***/settings.py:195 DeprecationWarning: The sql_alchemy_conn option in [core] has been moved to the sql_alchemy_conn option in [database] - the old setting has been used, but please update your config.
[2025-05-13T20:01:38.021+0000] {task_command.py:426} INFO - Running <TaskInstance: inflation_forecasting.evaluate_random_forest manual__2025-05-13T20:00:58.979443+00:00 [running]> on host bab02daaed98
[2025-05-13T20:01:38.412+0000] {taskinstance.py:2648} INFO - Exporting env vars: AIRFLOW_CTX_DAG_OWNER='***' AIRFLOW_CTX_DAG_ID='inflation_forecasting' AIRFLOW_CTX_TASK_ID='evaluate_random_forest' AIRFLOW_CTX_EXECUTION_DATE='2025-05-13T20:00:58.979443+00:00' AIRFLOW_CTX_TRY_NUMBER='1' AIRFLOW_CTX_DAG_RUN_ID='manual__2025-05-13T20:00:58.979443+00:00'
[2025-05-13T20:01:38.413+0000] {taskinstance.py:430} INFO - ::endgroup::
[2025-05-13T20:01:38.428+0000] {logging_mixin.py:188} INFO - Loading Random Forest model from /opt/***/data/model_output/RandomForest.pkl
[2025-05-13T20:01:38.429+0000] {logging_mixin.py:188} INFO - Loading selected features from /opt/***/data/model_output/selected_features.pkl
[2025-05-13T20:01:38.430+0000] {logging_mixin.py:188} INFO - Loading train/test data from /opt/***/data/model_output/train_test_data.pkl
[2025-05-13T20:01:38.506+0000] {logging_mixin.py:188} WARNING - /home/***/.local/lib/python3.12/site-packages/sklearn/ensemble/_base.py:168 UserWarning: Loky-backed parallel loops cannot be called in a multiprocessing, setting n_jobs=1
[2025-05-13T20:01:38.521+0000] {logging_mixin.py:188} INFO - RandomForest - RMSE: 0.2355, MAE: 0.1876, R²: 0.5460
[2025-05-13T20:01:38.555+0000] {logging_mixin.py:188} INFO - Random Forest metrics saved to /opt/***/data/model_output/rf_metrics.pkl
[2025-05-13T20:01:38.557+0000] {python.py:237} INFO - Done. Returned value was: /opt/***/data/model_output/rf_metrics.pkl
[2025-05-13T20:01:38.557+0000] {taskinstance.py:441} INFO - ::group::Post task execution logs
[2025-05-13T20:01:38.578+0000] {taskinstance.py:1206} INFO - Marking task as SUCCESS. dag_id=inflation_forecasting, task_id=evaluate_random_forest, run_id=manual__2025-05-13T20:00:58.979443+00:00, execution_date=20250513T200058, start_date=20250513T200137, end_date=20250513T200138
[2025-05-13T20:01:38.639+0000] {local_task_job_runner.py:240} INFO - Task exited with return code 0
[2025-05-13T20:01:38.662+0000] {taskinstance.py:3498} INFO - 1 downstream tasks scheduled from follow-on schedule check
[2025-05-13T20:01:38.664+0000] {local_task_job_runner.py:222} INFO - ::endgroup::
