[2025-06-18T13:35:41.361+0000] {local_task_job_runner.py:120} INFO - ::group::Pre task execution logs
[2025-06-18T13:35:41.409+0000] {taskinstance.py:2076} INFO - Dependencies all met for dep_context=non-requeueable deps ti=<TaskInstance: usdpkr_forecasting_modular.fetch_usdpkr manual__2025-06-18T13:35:35.483358+00:00 [queued]>
[2025-06-18T13:35:41.426+0000] {taskinstance.py:2076} INFO - Dependencies all met for dep_context=requeueable deps ti=<TaskInstance: usdpkr_forecasting_modular.fetch_usdpkr manual__2025-06-18T13:35:35.483358+00:00 [queued]>
[2025-06-18T13:35:41.428+0000] {taskinstance.py:2306} INFO - Starting attempt 1 of 6
[2025-06-18T13:35:41.461+0000] {taskinstance.py:2330} INFO - Executing <Task(PythonOperator): fetch_usdpkr> on 2025-06-18 13:35:35.483358+00:00
[2025-06-18T13:35:41.478+0000] {standard_task_runner.py:90} INFO - Running: ['***', 'tasks', 'run', 'usdpkr_forecasting_modular', 'fetch_usdpkr', 'manual__2025-06-18T13:35:35.483358+00:00', '--job-id', '759', '--raw', '--subdir', 'DAGS_FOLDER/usdpkr_forecasting_dag.py', '--cfg-path', '/tmp/tmpm6xae1t4']
[2025-06-18T13:35:41.482+0000] {standard_task_runner.py:91} INFO - Job 759: Subtask fetch_usdpkr
[2025-06-18T13:35:41.474+0000] {standard_task_runner.py:63} INFO - Started process 8367 to run task
[2025-06-18T13:35:41.611+0000] {task_command.py:426} INFO - Running <TaskInstance: usdpkr_forecasting_modular.fetch_usdpkr manual__2025-06-18T13:35:35.483358+00:00 [running]> on host 9c4806d77c92
[2025-06-18T13:35:41.748+0000] {taskinstance.py:2648} INFO - Exporting env vars: AIRFLOW_CTX_DAG_OWNER='***' AIRFLOW_CTX_DAG_ID='usdpkr_forecasting_modular' AIRFLOW_CTX_TASK_ID='fetch_usdpkr' AIRFLOW_CTX_EXECUTION_DATE='2025-06-18T13:35:35.483358+00:00' AIRFLOW_CTX_TRY_NUMBER='1' AIRFLOW_CTX_DAG_RUN_ID='manual__2025-06-18T13:35:35.483358+00:00'
[2025-06-18T13:35:41.750+0000] {taskinstance.py:430} INFO - ::endgroup::
[2025-06-18T13:35:41.765+0000] {ingest.py:65} INFO - Fetching PKR=X from Yahoo Finance...
[2025-06-18T13:35:44.677+0000] {ingest.py:106} INFO - Saved PKR=X data to /opt/***/data/raw/USDPKR.csv
[2025-06-18T13:35:44.677+0000] {ingest.py:107} INFO - Date range: 2002-04-30 to 2025-06-30
[2025-06-18T13:35:44.678+0000] {python.py:237} INFO - Done. Returned value was: /opt/***/data/raw/USDPKR.csv
[2025-06-18T13:35:44.678+0000] {taskinstance.py:441} INFO - ::group::Post task execution logs
[2025-06-18T13:35:44.702+0000] {taskinstance.py:1206} INFO - Marking task as SUCCESS. dag_id=usdpkr_forecasting_modular, task_id=fetch_usdpkr, run_id=manual__2025-06-18T13:35:35.483358+00:00, execution_date=20250618T133535, start_date=20250618T133541, end_date=20250618T133544
[2025-06-18T13:35:44.746+0000] {local_task_job_runner.py:240} INFO - Task exited with return code 0
[2025-06-18T13:35:44.772+0000] {taskinstance.py:3498} INFO - 0 downstream tasks scheduled from follow-on schedule check
[2025-06-18T13:35:44.774+0000] {local_task_job_runner.py:222} INFO - ::endgroup::
