[2025-06-18T13:39:51.786+0000] {local_task_job_runner.py:120} INFO - ::group::Pre task execution logs
[2025-06-18T13:39:51.814+0000] {taskinstance.py:2076} INFO - Dependencies all met for dep_context=non-requeueable deps ti=<TaskInstance: usdpkr_forecasting_modular.feature_engineering manual__2025-06-18T13:39:35.778617+00:00 [queued]>
[2025-06-18T13:39:51.823+0000] {taskinstance.py:2076} INFO - Dependencies all met for dep_context=requeueable deps ti=<TaskInstance: usdpkr_forecasting_modular.feature_engineering manual__2025-06-18T13:39:35.778617+00:00 [queued]>
[2025-06-18T13:39:51.823+0000] {taskinstance.py:2306} INFO - Starting attempt 1 of 4
[2025-06-18T13:39:51.838+0000] {taskinstance.py:2330} INFO - Executing <Task(PythonOperator): feature_engineering> on 2025-06-18 13:39:35.778617+00:00
[2025-06-18T13:39:51.844+0000] {standard_task_runner.py:63} INFO - Started process 8714 to run task
[2025-06-18T13:39:51.846+0000] {standard_task_runner.py:90} INFO - Running: ['***', 'tasks', 'run', 'usdpkr_forecasting_modular', 'feature_engineering', 'manual__2025-06-18T13:39:35.778617+00:00', '--job-id', '783', '--raw', '--subdir', 'DAGS_FOLDER/usdpkr_forecasting_dag.py', '--cfg-path', '/tmp/tmpaw0mamls']
[2025-06-18T13:39:51.849+0000] {standard_task_runner.py:91} INFO - Job 783: Subtask feature_engineering
[2025-06-18T13:39:51.892+0000] {task_command.py:426} INFO - Running <TaskInstance: usdpkr_forecasting_modular.feature_engineering manual__2025-06-18T13:39:35.778617+00:00 [running]> on host 9c4806d77c92
[2025-06-18T13:39:51.976+0000] {taskinstance.py:2648} INFO - Exporting env vars: AIRFLOW_CTX_DAG_OWNER='***' AIRFLOW_CTX_DAG_ID='usdpkr_forecasting_modular' AIRFLOW_CTX_TASK_ID='feature_engineering' AIRFLOW_CTX_EXECUTION_DATE='2025-06-18T13:39:35.778617+00:00' AIRFLOW_CTX_TRY_NUMBER='1' AIRFLOW_CTX_DAG_RUN_ID='manual__2025-06-18T13:39:35.778617+00:00'
[2025-06-18T13:39:51.978+0000] {taskinstance.py:430} INFO - ::endgroup::
[2025-06-18T13:39:51.989+0000] {transform.py:271} INFO - Loading DataFrame from path: /opt/***/data/raw/merged_data.csv
[2025-06-18T13:39:52.010+0000] {transform.py:274} INFO - Starting feature engineering. Input DataFrame shape: (246, 17)
[2025-06-18T13:39:52.010+0000] {transform.py:275} INFO - Input DataFrame columns: ['DATE', 'GOLD', 'FOREX_RESERVES', 'INFLATION_YOY', 'OIL', 'INTEREST_RATE', 'KSE100', 'USDPKR', 'M2', 'YEAR', 'MONTH', 'QUARTER', 'FOREX_RESERVES_naflag', 'INFLATION_YOY_naflag', 'INTEREST_RATE_naflag', 'KSE100_naflag', 'M2_naflag']
[2025-06-18T13:39:52.012+0000] {transform.py:276} INFO - Input DataFrame dtypes:
DATE                      object
GOLD                     float64
FOREX_RESERVES           float64
INFLATION_YOY            float64
OIL                      float64
INTEREST_RATE            float64
KSE100                   float64
USDPKR                   float64
M2                       float64
YEAR                       int64
MONTH                      int64
QUARTER                    int64
FOREX_RESERVES_naflag       bool
INFLATION_YOY_naflag        bool
INTEREST_RATE_naflag        bool
KSE100_naflag               bool
M2_naflag                   bool
dtype: object
[2025-06-18T13:39:52.012+0000] {transform.py:279} INFO - Converting DATE to datetime
[2025-06-18T13:39:52.016+0000] {transform.py:283} INFO - Creating time-based features
[2025-06-18T13:39:52.018+0000] {transform.py:289} INFO - Setting DATE as index and filtering years > 2004
[2025-06-18T13:39:52.023+0000] {transform.py:292} INFO - DataFrame shape after year filtering: (246, 16)
[2025-06-18T13:39:52.024+0000] {transform.py:295} INFO - Handling missing values and creating NA flags
[2025-06-18T13:39:52.026+0000] {transform.py:304} INFO - Creating cyclical month features
[2025-06-18T13:39:52.029+0000] {transform.py:309} INFO - Creating economic features
[2025-06-18T13:39:52.030+0000] {transform.py:315} INFO - Creating lag features
[2025-06-18T13:39:52.038+0000] {transform.py:325} INFO - Creating rolling statistics
[2025-06-18T13:39:52.043+0000] {transform.py:334} INFO - Resetting index
[2025-06-18T13:39:52.067+0000] {transform.py:344} INFO - Feature engineering complete. Final DataFrame shape: (234, 52)
[2025-06-18T13:39:52.068+0000] {transform.py:345} INFO - Final DataFrame columns: ['DATE', 'GOLD', 'FOREX_RESERVES', 'INFLATION_YOY', 'OIL', 'INTEREST_RATE', 'KSE100', 'USDPKR', 'M2', 'YEAR', 'MONTH', 'QUARTER', 'FOREX_RESERVES_naflag', 'INFLATION_YOY_naflag', 'INTEREST_RATE_naflag', 'KSE100_naflag', 'M2_naflag', 'MONTH_SIN', 'MONTH_COS', 'USDPKR_diff', 'REAL_INTEREST', 'OIL_IN_PKR', 'KSE100_lag1', 'KSE100_lag3', 'KSE100_lag12', 'INFLATION_YOY_lag1', 'INFLATION_YOY_lag3', 'INFLATION_YOY_lag12', 'INTEREST_RATE_lag1', 'INTEREST_RATE_lag3', 'INTEREST_RATE_lag12', 'USDPKR_lag1', 'USDPKR_lag3', 'USDPKR_lag12', 'OIL_lag1', 'OIL_lag3', 'OIL_lag12', 'FOREX_RESERVES_lag1', 'FOREX_RESERVES_lag3', 'FOREX_RESERVES_lag12', 'GOLD_lag1', 'GOLD_lag3', 'GOLD_lag12', 'M2_lag1', 'M2_lag3', 'M2_lag12', 'KSE100_roll_mean3', 'KSE100_roll_std3', 'OIL_roll_mean3', 'OIL_roll_std3', 'GOLD_roll_mean3', 'GOLD_roll_std3']
[2025-06-18T13:39:52.069+0000] {python.py:237} INFO - Done. Returned value was: /opt/***/data/raw/engineered_features.csv
[2025-06-18T13:39:52.069+0000] {taskinstance.py:441} INFO - ::group::Post task execution logs
[2025-06-18T13:39:52.088+0000] {taskinstance.py:1206} INFO - Marking task as SUCCESS. dag_id=usdpkr_forecasting_modular, task_id=feature_engineering, run_id=manual__2025-06-18T13:39:35.778617+00:00, execution_date=20250618T133935, start_date=20250618T133951, end_date=20250618T133952
[2025-06-18T13:39:52.140+0000] {local_task_job_runner.py:240} INFO - Task exited with return code 0
[2025-06-18T13:39:52.164+0000] {taskinstance.py:3498} INFO - 1 downstream tasks scheduled from follow-on schedule check
[2025-06-18T13:39:52.166+0000] {local_task_job_runner.py:222} INFO - ::endgroup::
