[2025-06-18T13:27:47.420+0000] {local_task_job_runner.py:120} INFO - ::group::Pre task execution logs
[2025-06-18T13:27:47.451+0000] {taskinstance.py:2076} INFO - Dependencies all met for dep_context=non-requeueable deps ti=<TaskInstance: usdpkr_forecasting_modular.train_stacked manual__2025-06-18T13:27:27.318368+00:00 [queued]>
[2025-06-18T13:27:47.461+0000] {taskinstance.py:2076} INFO - Dependencies all met for dep_context=requeueable deps ti=<TaskInstance: usdpkr_forecasting_modular.train_stacked manual__2025-06-18T13:27:27.318368+00:00 [queued]>
[2025-06-18T13:27:47.462+0000] {taskinstance.py:2306} INFO - Starting attempt 1 of 3
[2025-06-18T13:27:47.473+0000] {taskinstance.py:2330} INFO - Executing <Task(PythonOperator): train_stacked> on 2025-06-18 13:27:27.318368+00:00
[2025-06-18T13:27:47.479+0000] {standard_task_runner.py:63} INFO - Started process 7981 to run task
[2025-06-18T13:27:47.482+0000] {standard_task_runner.py:90} INFO - Running: ['***', 'tasks', 'run', 'usdpkr_forecasting_modular', 'train_stacked', 'manual__2025-06-18T13:27:27.318368+00:00', '--job-id', '746', '--raw', '--subdir', 'DAGS_FOLDER/usdpkr_forecasting_dag.py', '--cfg-path', '/tmp/tmpdr6d1txf']
[2025-06-18T13:27:47.485+0000] {standard_task_runner.py:91} INFO - Job 746: Subtask train_stacked
[2025-06-18T13:27:47.529+0000] {task_command.py:426} INFO - Running <TaskInstance: usdpkr_forecasting_modular.train_stacked manual__2025-06-18T13:27:27.318368+00:00 [running]> on host 9c4806d77c92
[2025-06-18T13:27:47.623+0000] {taskinstance.py:2648} INFO - Exporting env vars: AIRFLOW_CTX_DAG_OWNER='***' AIRFLOW_CTX_DAG_ID='usdpkr_forecasting_modular' AIRFLOW_CTX_TASK_ID='train_stacked' AIRFLOW_CTX_EXECUTION_DATE='2025-06-18T13:27:27.318368+00:00' AIRFLOW_CTX_TRY_NUMBER='1' AIRFLOW_CTX_DAG_RUN_ID='manual__2025-06-18T13:27:27.318368+00:00'
[2025-06-18T13:27:47.624+0000] {taskinstance.py:430} INFO - ::endgroup::
[2025-06-18T13:27:47.636+0000] {taskinstance.py:441} INFO - ::group::Post task execution logs
[2025-06-18T13:27:47.637+0000] {taskinstance.py:2905} ERROR - Task failed with exception
Traceback (most recent call last):
  File "/home/airflow/.local/lib/python3.12/site-packages/airflow/models/taskinstance.py", line 465, in _execute_task
    result = _execute_callable(context=context, **execute_callable_kwargs)
             ^^^^^^^^^^^^^^^^^^^^^^^^^^^^^^^^^^^^^^^^^^^^^^^^^^^^^^^^^^^^^
  File "/home/airflow/.local/lib/python3.12/site-packages/airflow/models/taskinstance.py", line 432, in _execute_callable
    return execute_callable(context=context, **execute_callable_kwargs)
           ^^^^^^^^^^^^^^^^^^^^^^^^^^^^^^^^^^^^^^^^^^^^^^^^^^^^^^^^^^^^
  File "/home/airflow/.local/lib/python3.12/site-packages/airflow/models/baseoperator.py", line 400, in wrapper
    return func(self, *args, **kwargs)
           ^^^^^^^^^^^^^^^^^^^^^^^^^^^
  File "/home/airflow/.local/lib/python3.12/site-packages/airflow/operators/python.py", line 235, in execute
    return_value = self.execute_callable()
                   ^^^^^^^^^^^^^^^^^^^^^^^
  File "/home/airflow/.local/lib/python3.12/site-packages/airflow/operators/python.py", line 252, in execute_callable
    return self.python_callable(*self.op_args, **self.op_kwargs)
           ^^^^^^^^^^^^^^^^^^^^^^^^^^^^^^^^^^^^^^^^^^^^^^^^^^^^^
TypeError: train_stacked_model() missing 2 required positional arguments: 'selected_features_path' and 'train_test_data_path'
[2025-06-18T13:27:47.644+0000] {taskinstance.py:1206} INFO - Marking task as UP_FOR_RETRY. dag_id=usdpkr_forecasting_modular, task_id=train_stacked, run_id=manual__2025-06-18T13:27:27.318368+00:00, execution_date=20250618T132727, start_date=20250618T132747, end_date=20250618T132747
[2025-06-18T13:27:47.655+0000] {standard_task_runner.py:110} ERROR - Failed to execute job 746 for task train_stacked (train_stacked_model() missing 2 required positional arguments: 'selected_features_path' and 'train_test_data_path'; 7981)
[2025-06-18T13:27:47.694+0000] {local_task_job_runner.py:240} INFO - Task exited with return code 1
[2025-06-18T13:27:47.716+0000] {taskinstance.py:3498} INFO - 0 downstream tasks scheduled from follow-on schedule check
[2025-06-18T13:27:47.718+0000] {local_task_job_runner.py:222} INFO - ::endgroup::
