[2025-05-13T11:14:11.993+0000] {local_task_job_runner.py:120} INFO - ::group::Pre task execution logs
[2025-05-13T11:14:12.028+0000] {taskinstance.py:2076} INFO - Dependencies all met for dep_context=non-requeueable deps ti=<TaskInstance: inflation_forecasting.fetch_ppiaco manual__2025-05-13T11:14:08.207204+00:00 [queued]>
[2025-05-13T11:14:12.038+0000] {taskinstance.py:2076} INFO - Dependencies all met for dep_context=requeueable deps ti=<TaskInstance: inflation_forecasting.fetch_ppiaco manual__2025-05-13T11:14:08.207204+00:00 [queued]>
[2025-05-13T11:14:12.038+0000] {taskinstance.py:2306} INFO - Starting attempt 1 of 1
[2025-05-13T11:14:12.063+0000] {taskinstance.py:2330} INFO - Executing <Task(PythonOperator): fetch_ppiaco> on 2025-05-13 11:14:08.207204+00:00
[2025-05-13T11:14:12.073+0000] {logging_mixin.py:188} WARNING - /home/***/.local/lib/python3.12/site-packages/***/task/task_runner/standard_task_runner.py:61 DeprecationWarning: This process (pid=799) is multi-threaded, use of fork() may lead to deadlocks in the child.
[2025-05-13T11:14:12.074+0000] {standard_task_runner.py:63} INFO - Started process 809 to run task
[2025-05-13T11:14:12.082+0000] {standard_task_runner.py:90} INFO - Running: ['***', 'tasks', 'run', 'inflation_forecasting', 'fetch_ppiaco', 'manual__2025-05-13T11:14:08.207204+00:00', '--job-id', '73', '--raw', '--subdir', 'DAGS_FOLDER/inflation_forecasting_dag.py', '--cfg-path', '/tmp/tmpfsp7mdrz']
[2025-05-13T11:14:12.086+0000] {standard_task_runner.py:91} INFO - Job 73: Subtask fetch_ppiaco
[2025-05-13T11:14:12.113+0000] {logging_mixin.py:188} WARNING - /home/***/.local/lib/python3.12/site-packages/***/settings.py:195 DeprecationWarning: The sql_alchemy_conn option in [core] has been moved to the sql_alchemy_conn option in [database] - the old setting has been used, but please update your config.
[2025-05-13T11:14:12.182+0000] {task_command.py:426} INFO - Running <TaskInstance: inflation_forecasting.fetch_ppiaco manual__2025-05-13T11:14:08.207204+00:00 [running]> on host 8a3d4df41882
[2025-05-13T11:14:12.303+0000] {taskinstance.py:2648} INFO - Exporting env vars: AIRFLOW_CTX_DAG_OWNER='***' AIRFLOW_CTX_DAG_ID='inflation_forecasting' AIRFLOW_CTX_TASK_ID='fetch_ppiaco' AIRFLOW_CTX_EXECUTION_DATE='2025-05-13T11:14:08.207204+00:00' AIRFLOW_CTX_TRY_NUMBER='1' AIRFLOW_CTX_DAG_RUN_ID='manual__2025-05-13T11:14:08.207204+00:00'
[2025-05-13T11:14:12.304+0000] {taskinstance.py:430} INFO - ::endgroup::
[2025-05-13T11:14:13.753+0000] {logging_mixin.py:188} INFO - PPIACO is already monthly with 1347 rows
[2025-05-13T11:14:13.754+0000] {logging_mixin.py:188} INFO - Date range for PPIACO: 1913-01-01 00:00:00 to 2025-03-01 00:00:00
[2025-05-13T11:14:13.765+0000] {python.py:237} INFO - Done. Returned value was: None
[2025-05-13T11:14:13.766+0000] {taskinstance.py:441} INFO - ::group::Post task execution logs
[2025-05-13T11:14:13.775+0000] {taskinstance.py:1206} INFO - Marking task as SUCCESS. dag_id=inflation_forecasting, task_id=fetch_ppiaco, run_id=manual__2025-05-13T11:14:08.207204+00:00, execution_date=20250513T111408, start_date=20250513T111412, end_date=20250513T111413
[2025-05-13T11:14:13.822+0000] {local_task_job_runner.py:240} INFO - Task exited with return code 0
[2025-05-13T11:14:13.840+0000] {local_task_job_runner.py:222} INFO - ::endgroup::
