[2025-06-18T10:55:09.546+0000] {local_task_job_runner.py:120} INFO - ::group::Pre task execution logs
[2025-06-18T10:55:09.680+0000] {taskinstance.py:2076} INFO - Dependencies all met for dep_context=non-requeueable deps ti=<TaskInstance: usdpkr_forecasting_modular.fetch_oil manual__2025-06-18T10:55:02.444501+00:00 [queued]>
[2025-06-18T10:55:09.713+0000] {taskinstance.py:2076} INFO - Dependencies all met for dep_context=requeueable deps ti=<TaskInstance: usdpkr_forecasting_modular.fetch_oil manual__2025-06-18T10:55:02.444501+00:00 [queued]>
[2025-06-18T10:55:09.736+0000] {taskinstance.py:2306} INFO - Starting attempt 1 of 6
[2025-06-18T10:55:09.810+0000] {taskinstance.py:2330} INFO - Executing <Task(PythonOperator): fetch_oil> on 2025-06-18 10:55:02.444501+00:00
[2025-06-18T10:55:09.843+0000] {standard_task_runner.py:63} INFO - Started process 1457 to run task
[2025-06-18T10:55:09.854+0000] {standard_task_runner.py:90} INFO - Running: ['***', 'tasks', 'run', 'usdpkr_forecasting_modular', 'fetch_oil', 'manual__2025-06-18T10:55:02.444501+00:00', '--job-id', '576', '--raw', '--subdir', 'DAGS_FOLDER/usdpkr_forecasting_dag.py', '--cfg-path', '/tmp/tmp3nwrnzeh']
[2025-06-18T10:55:09.885+0000] {standard_task_runner.py:91} INFO - Job 576: Subtask fetch_oil
[2025-06-18T10:55:10.091+0000] {task_command.py:426} INFO - Running <TaskInstance: usdpkr_forecasting_modular.fetch_oil manual__2025-06-18T10:55:02.444501+00:00 [running]> on host 9c4806d77c92
[2025-06-18T10:55:10.303+0000] {taskinstance.py:2648} INFO - Exporting env vars: AIRFLOW_CTX_DAG_OWNER='***' AIRFLOW_CTX_DAG_ID='usdpkr_forecasting_modular' AIRFLOW_CTX_TASK_ID='fetch_oil' AIRFLOW_CTX_EXECUTION_DATE='2025-06-18T10:55:02.444501+00:00' AIRFLOW_CTX_TRY_NUMBER='1' AIRFLOW_CTX_DAG_RUN_ID='manual__2025-06-18T10:55:02.444501+00:00'
[2025-06-18T10:55:10.310+0000] {taskinstance.py:430} INFO - ::endgroup::
[2025-06-18T10:55:10.335+0000] {ingest.py:65} INFO - Fetching CL=F from Yahoo Finance...
[2025-06-18T10:55:13.641+0000] {ingest.py:106} INFO - Saved CL=F data to /opt/***/data/raw/OIL.csv
[2025-06-18T10:55:13.644+0000] {ingest.py:107} INFO - Date range: 2000-08-31 to 2025-06-30
[2025-06-18T10:55:13.667+0000] {python.py:237} INFO - Done. Returned value was: /opt/***/data/raw/OIL.csv
[2025-06-18T10:55:13.714+0000] {taskinstance.py:441} INFO - ::group::Post task execution logs
[2025-06-18T10:55:13.784+0000] {taskinstance.py:1206} INFO - Marking task as SUCCESS. dag_id=usdpkr_forecasting_modular, task_id=fetch_oil, run_id=manual__2025-06-18T10:55:02.444501+00:00, execution_date=20250618T105502, start_date=20250618T105509, end_date=20250618T105513
[2025-06-18T10:55:13.857+0000] {local_task_job_runner.py:240} INFO - Task exited with return code 0
[2025-06-18T10:55:13.888+0000] {taskinstance.py:3498} INFO - 0 downstream tasks scheduled from follow-on schedule check
[2025-06-18T10:55:13.890+0000] {local_task_job_runner.py:222} INFO - ::endgroup::
