[2025-05-13T11:58:11.041+0000] {local_task_job_runner.py:120} INFO - ::group::Pre task execution logs
[2025-05-13T11:58:11.070+0000] {taskinstance.py:2076} INFO - Dependencies all met for dep_context=non-requeueable deps ti=<TaskInstance: inflation_forecasting.fetch_permit manual__2025-05-13T11:58:07.470004+00:00 [queued]>
[2025-05-13T11:58:11.077+0000] {taskinstance.py:2076} INFO - Dependencies all met for dep_context=requeueable deps ti=<TaskInstance: inflation_forecasting.fetch_permit manual__2025-05-13T11:58:07.470004+00:00 [queued]>
[2025-05-13T11:58:11.077+0000] {taskinstance.py:2306} INFO - Starting attempt 1 of 1
[2025-05-13T11:58:11.095+0000] {taskinstance.py:2330} INFO - Executing <Task(PythonOperator): fetch_permit> on 2025-05-13 11:58:07.470004+00:00
[2025-05-13T11:58:11.105+0000] {logging_mixin.py:188} WARNING - /home/***/.local/lib/python3.12/site-packages/***/task/task_runner/standard_task_runner.py:61 DeprecationWarning: This process (pid=292) is multi-threaded, use of fork() may lead to deadlocks in the child.
[2025-05-13T11:58:11.107+0000] {standard_task_runner.py:63} INFO - Started process 299 to run task
[2025-05-13T11:58:11.105+0000] {standard_task_runner.py:90} INFO - Running: ['***', 'tasks', 'run', 'inflation_forecasting', 'fetch_permit', 'manual__2025-05-13T11:58:07.470004+00:00', '--job-id', '88', '--raw', '--subdir', 'DAGS_FOLDER/inflation_forecasting_dag.py', '--cfg-path', '/tmp/tmpp3ig3v8k']
[2025-05-13T11:58:11.107+0000] {standard_task_runner.py:91} INFO - Job 88: Subtask fetch_permit
[2025-05-13T11:58:11.140+0000] {logging_mixin.py:188} WARNING - /home/***/.local/lib/python3.12/site-packages/***/settings.py:195 DeprecationWarning: The sql_alchemy_conn option in [core] has been moved to the sql_alchemy_conn option in [database] - the old setting has been used, but please update your config.
[2025-05-13T11:58:11.194+0000] {task_command.py:426} INFO - Running <TaskInstance: inflation_forecasting.fetch_permit manual__2025-05-13T11:58:07.470004+00:00 [running]> on host 8a3d4df41882
[2025-05-13T11:58:11.357+0000] {taskinstance.py:2648} INFO - Exporting env vars: AIRFLOW_CTX_DAG_OWNER='***' AIRFLOW_CTX_DAG_ID='inflation_forecasting' AIRFLOW_CTX_TASK_ID='fetch_permit' AIRFLOW_CTX_EXECUTION_DATE='2025-05-13T11:58:07.470004+00:00' AIRFLOW_CTX_TRY_NUMBER='1' AIRFLOW_CTX_DAG_RUN_ID='manual__2025-05-13T11:58:07.470004+00:00'
[2025-05-13T11:58:11.358+0000] {taskinstance.py:430} INFO - ::endgroup::
[2025-05-13T11:58:12.594+0000] {logging_mixin.py:188} INFO - PERMIT is already monthly with 783 rows
[2025-05-13T11:58:12.595+0000] {logging_mixin.py:188} INFO - Date range for PERMIT: 1960-01-01 00:00:00 to 2025-03-01 00:00:00
[2025-05-13T11:58:12.600+0000] {python.py:237} INFO - Done. Returned value was: None
[2025-05-13T11:58:12.601+0000] {taskinstance.py:441} INFO - ::group::Post task execution logs
[2025-05-13T11:58:12.609+0000] {taskinstance.py:1206} INFO - Marking task as SUCCESS. dag_id=inflation_forecasting, task_id=fetch_permit, run_id=manual__2025-05-13T11:58:07.470004+00:00, execution_date=20250513T115807, start_date=20250513T115811, end_date=20250513T115812
[2025-05-13T11:58:12.652+0000] {local_task_job_runner.py:240} INFO - Task exited with return code 0
[2025-05-13T11:58:12.674+0000] {taskinstance.py:3498} INFO - 0 downstream tasks scheduled from follow-on schedule check
[2025-05-13T11:58:12.679+0000] {local_task_job_runner.py:222} INFO - ::endgroup::
