[2025-06-14T17:12:39.413+0000] {local_task_job_runner.py:120} INFO - ::group::Pre task execution logs
[2025-06-14T17:12:39.480+0000] {taskinstance.py:2076} INFO - Dependencies all met for dep_context=non-requeueable deps ti=<TaskInstance: usdpkr_forecasting_modular.fetch_inflation manual__2025-06-14T17:12:31.428409+00:00 [queued]>
[2025-06-14T17:12:39.490+0000] {taskinstance.py:2076} INFO - Dependencies all met for dep_context=requeueable deps ti=<TaskInstance: usdpkr_forecasting_modular.fetch_inflation manual__2025-06-14T17:12:31.428409+00:00 [queued]>
[2025-06-14T17:12:39.490+0000] {taskinstance.py:2306} INFO - Starting attempt 1 of 6
[2025-06-14T17:12:39.512+0000] {taskinstance.py:2330} INFO - Executing <Task(PythonOperator): fetch_inflation> on 2025-06-14 17:12:31.428409+00:00
[2025-06-14T17:12:39.520+0000] {standard_task_runner.py:63} INFO - Started process 853 to run task
[2025-06-14T17:12:39.528+0000] {standard_task_runner.py:90} INFO - Running: ['***', 'tasks', 'run', 'usdpkr_forecasting_modular', 'fetch_inflation', 'manual__2025-06-14T17:12:31.428409+00:00', '--job-id', '392', '--raw', '--subdir', 'DAGS_FOLDER/usdpkr_forecasting_dag.py', '--cfg-path', '/tmp/tmp4a4mjt00']
[2025-06-14T17:12:39.532+0000] {standard_task_runner.py:91} INFO - Job 392: Subtask fetch_inflation
[2025-06-14T17:12:39.619+0000] {task_command.py:426} INFO - Running <TaskInstance: usdpkr_forecasting_modular.fetch_inflation manual__2025-06-14T17:12:31.428409+00:00 [running]> on host 1ada37a5d2dc
[2025-06-14T17:12:39.766+0000] {taskinstance.py:2648} INFO - Exporting env vars: AIRFLOW_CTX_DAG_OWNER='***' AIRFLOW_CTX_DAG_ID='usdpkr_forecasting_modular' AIRFLOW_CTX_TASK_ID='fetch_inflation' AIRFLOW_CTX_EXECUTION_DATE='2025-06-14T17:12:31.428409+00:00' AIRFLOW_CTX_TRY_NUMBER='1' AIRFLOW_CTX_DAG_RUN_ID='manual__2025-06-14T17:12:31.428409+00:00'
[2025-06-14T17:12:39.770+0000] {taskinstance.py:430} INFO - ::endgroup::
[2025-06-14T17:12:39.791+0000] {ingest.py:130} INFO - Fetching 'INFLATION_YOY' from IMF (ID: PCPI_IX)...
[2025-06-14T17:12:40.732+0000] {ingest.py:171} INFO - Saved INFLATION_YOY data to /opt/***/data/raw/INFLATION.csv
[2025-06-14T17:12:40.733+0000] {ingest.py:172} INFO - Date range: 1957-01-01 to 2025-05-01
[2025-06-14T17:12:40.734+0000] {python.py:237} INFO - Done. Returned value was: /opt/***/data/raw/INFLATION.csv
[2025-06-14T17:12:40.736+0000] {taskinstance.py:441} INFO - ::group::Post task execution logs
[2025-06-14T17:12:40.757+0000] {taskinstance.py:1206} INFO - Marking task as SUCCESS. dag_id=usdpkr_forecasting_modular, task_id=fetch_inflation, run_id=manual__2025-06-14T17:12:31.428409+00:00, execution_date=20250614T171231, start_date=20250614T171239, end_date=20250614T171240
[2025-06-14T17:12:40.784+0000] {local_task_job_runner.py:240} INFO - Task exited with return code 0
[2025-06-14T17:12:40.809+0000] {taskinstance.py:3498} INFO - 0 downstream tasks scheduled from follow-on schedule check
[2025-06-14T17:12:40.812+0000] {local_task_job_runner.py:222} INFO - ::endgroup::
