[2025-06-18T15:33:26.501+0000] {local_task_job_runner.py:120} INFO - ::group::Pre task execution logs
[2025-06-18T15:33:26.584+0000] {taskinstance.py:2076} INFO - Dependencies all met for dep_context=non-requeueable deps ti=<TaskInstance: kse100_forecasting.fetch_inflation manual__2025-06-18T15:33:18.394008+00:00 [queued]>
[2025-06-18T15:33:26.609+0000] {taskinstance.py:2076} INFO - Dependencies all met for dep_context=requeueable deps ti=<TaskInstance: kse100_forecasting.fetch_inflation manual__2025-06-18T15:33:18.394008+00:00 [queued]>
[2025-06-18T15:33:26.629+0000] {taskinstance.py:2306} INFO - Starting attempt 1 of 6
[2025-06-18T15:33:26.675+0000] {taskinstance.py:2330} INFO - Executing <Task(PythonOperator): fetch_inflation> on 2025-06-18 15:33:18.394008+00:00
[2025-06-18T15:33:26.697+0000] {standard_task_runner.py:63} INFO - Started process 2014 to run task
[2025-06-18T15:33:26.698+0000] {standard_task_runner.py:90} INFO - Running: ['***', 'tasks', 'run', 'kse100_forecasting', 'fetch_inflation', 'manual__2025-06-18T15:33:18.394008+00:00', '--job-id', '962', '--raw', '--subdir', 'DAGS_FOLDER/kse100_forecasting_dag.py', '--cfg-path', '/tmp/tmp276s23v8']
[2025-06-18T15:33:26.701+0000] {standard_task_runner.py:91} INFO - Job 962: Subtask fetch_inflation
[2025-06-18T15:33:26.777+0000] {task_command.py:426} INFO - Running <TaskInstance: kse100_forecasting.fetch_inflation manual__2025-06-18T15:33:18.394008+00:00 [running]> on host f55656462970
[2025-06-18T15:33:26.892+0000] {taskinstance.py:2648} INFO - Exporting env vars: AIRFLOW_CTX_DAG_OWNER='***' AIRFLOW_CTX_DAG_ID='kse100_forecasting' AIRFLOW_CTX_TASK_ID='fetch_inflation' AIRFLOW_CTX_EXECUTION_DATE='2025-06-18T15:33:18.394008+00:00' AIRFLOW_CTX_TRY_NUMBER='1' AIRFLOW_CTX_DAG_RUN_ID='manual__2025-06-18T15:33:18.394008+00:00'
[2025-06-18T15:33:26.893+0000] {taskinstance.py:430} INFO - ::endgroup::
[2025-06-18T15:33:26.908+0000] {ingest.py:130} INFO - Fetching 'INFLATION_YOY' from IMF (ID: PCPI_IX)...
[2025-06-18T15:33:27.747+0000] {ingest.py:171} INFO - Saved INFLATION_YOY data to /opt/***/dataKse/raw/INFLATION.csv
[2025-06-18T15:33:27.748+0000] {ingest.py:172} INFO - Date range: 1957-01-01 to 2025-05-01
[2025-06-18T15:33:27.749+0000] {python.py:237} INFO - Done. Returned value was: /opt/***/dataKse/raw/INFLATION.csv
[2025-06-18T15:33:27.749+0000] {taskinstance.py:441} INFO - ::group::Post task execution logs
[2025-06-18T15:33:27.770+0000] {taskinstance.py:1206} INFO - Marking task as SUCCESS. dag_id=kse100_forecasting, task_id=fetch_inflation, run_id=manual__2025-06-18T15:33:18.394008+00:00, execution_date=20250618T153318, start_date=20250618T153326, end_date=20250618T153327
[2025-06-18T15:33:27.800+0000] {local_task_job_runner.py:240} INFO - Task exited with return code 0
[2025-06-18T15:33:27.823+0000] {taskinstance.py:3498} INFO - 0 downstream tasks scheduled from follow-on schedule check
[2025-06-18T15:33:27.825+0000] {local_task_job_runner.py:222} INFO - ::endgroup::
