[2025-06-19T10:40:17.342+0000] {local_task_job_runner.py:120} INFO - ::group::Pre task execution logs
[2025-06-19T10:40:17.415+0000] {taskinstance.py:2076} INFO - Dependencies all met for dep_context=non-requeueable deps ti=<TaskInstance: kse100_forecasting.fetch_gold manual__2025-06-19T10:40:08.644278+00:00 [queued]>
[2025-06-19T10:40:17.440+0000] {taskinstance.py:2076} INFO - Dependencies all met for dep_context=requeueable deps ti=<TaskInstance: kse100_forecasting.fetch_gold manual__2025-06-19T10:40:08.644278+00:00 [queued]>
[2025-06-19T10:40:17.445+0000] {taskinstance.py:2306} INFO - Starting attempt 1 of 6
[2025-06-19T10:40:17.479+0000] {taskinstance.py:2330} INFO - Executing <Task(PythonOperator): fetch_gold> on 2025-06-19 10:40:08.644278+00:00
[2025-06-19T10:40:17.505+0000] {standard_task_runner.py:63} INFO - Started process 5189 to run task
[2025-06-19T10:40:17.515+0000] {standard_task_runner.py:90} INFO - Running: ['***', 'tasks', 'run', 'kse100_forecasting', 'fetch_gold', 'manual__2025-06-19T10:40:08.644278+00:00', '--job-id', '1172', '--raw', '--subdir', 'DAGS_FOLDER/kse100_forecasting_dag.py', '--cfg-path', '/tmp/tmpexixdrpr']
[2025-06-19T10:40:17.524+0000] {standard_task_runner.py:91} INFO - Job 1172: Subtask fetch_gold
[2025-06-19T10:40:17.782+0000] {task_command.py:426} INFO - Running <TaskInstance: kse100_forecasting.fetch_gold manual__2025-06-19T10:40:08.644278+00:00 [running]> on host fb048d2dbcb2
[2025-06-19T10:40:18.033+0000] {taskinstance.py:2648} INFO - Exporting env vars: AIRFLOW_CTX_DAG_OWNER='***' AIRFLOW_CTX_DAG_ID='kse100_forecasting' AIRFLOW_CTX_TASK_ID='fetch_gold' AIRFLOW_CTX_EXECUTION_DATE='2025-06-19T10:40:08.644278+00:00' AIRFLOW_CTX_TRY_NUMBER='1' AIRFLOW_CTX_DAG_RUN_ID='manual__2025-06-19T10:40:08.644278+00:00'
[2025-06-19T10:40:18.034+0000] {taskinstance.py:430} INFO - ::endgroup::
[2025-06-19T10:40:18.052+0000] {ingest.py:65} INFO - Fetching GC=F from Yahoo Finance...
[2025-06-19T10:40:20.967+0000] {ingest.py:106} INFO - Saved GC=F data to /opt/***/dataKse/raw/GOLD.csv
[2025-06-19T10:40:20.968+0000] {ingest.py:107} INFO - Date range: 2000-08-31 to 2025-06-30
[2025-06-19T10:40:20.969+0000] {python.py:237} INFO - Done. Returned value was: /opt/***/dataKse/raw/GOLD.csv
[2025-06-19T10:40:20.970+0000] {taskinstance.py:441} INFO - ::group::Post task execution logs
[2025-06-19T10:40:20.992+0000] {taskinstance.py:1206} INFO - Marking task as SUCCESS. dag_id=kse100_forecasting, task_id=fetch_gold, run_id=manual__2025-06-19T10:40:08.644278+00:00, execution_date=20250619T104008, start_date=20250619T104017, end_date=20250619T104020
[2025-06-19T10:40:21.035+0000] {local_task_job_runner.py:240} INFO - Task exited with return code 0
[2025-06-19T10:40:21.062+0000] {taskinstance.py:3498} INFO - 1 downstream tasks scheduled from follow-on schedule check
[2025-06-19T10:40:21.064+0000] {local_task_job_runner.py:222} INFO - ::endgroup::
