[2025-05-13T19:23:14.513+0000] {local_task_job_runner.py:120} INFO - ::group::Pre task execution logs
[2025-05-13T19:23:14.553+0000] {taskinstance.py:2076} INFO - Dependencies all met for dep_context=non-requeueable deps ti=<TaskInstance: inflation_forecasting.fetch_crude_oil manual__2025-05-13T19:23:07.280131+00:00 [queued]>
[2025-05-13T19:23:14.566+0000] {taskinstance.py:2076} INFO - Dependencies all met for dep_context=requeueable deps ti=<TaskInstance: inflation_forecasting.fetch_crude_oil manual__2025-05-13T19:23:07.280131+00:00 [queued]>
[2025-05-13T19:23:14.566+0000] {taskinstance.py:2306} INFO - Starting attempt 1 of 1
[2025-05-13T19:23:14.601+0000] {taskinstance.py:2330} INFO - Executing <Task(PythonOperator): fetch_crude_oil> on 2025-05-13 19:23:07.280131+00:00
[2025-05-13T19:23:14.621+0000] {logging_mixin.py:188} WARNING - /home/***/.local/lib/python3.12/site-packages/***/task/task_runner/standard_task_runner.py:61 DeprecationWarning: This process (pid=196) is multi-threaded, use of fork() may lead to deadlocks in the child.
[2025-05-13T19:23:14.625+0000] {standard_task_runner.py:63} INFO - Started process 239 to run task
[2025-05-13T19:23:14.623+0000] {standard_task_runner.py:90} INFO - Running: ['***', 'tasks', 'run', 'inflation_forecasting', 'fetch_crude_oil', 'manual__2025-05-13T19:23:07.280131+00:00', '--job-id', '102', '--raw', '--subdir', 'DAGS_FOLDER/inflation_forecasting_dag.py', '--cfg-path', '/tmp/tmp0s1bilki']
[2025-05-13T19:23:14.628+0000] {standard_task_runner.py:91} INFO - Job 102: Subtask fetch_crude_oil
[2025-05-13T19:23:14.679+0000] {logging_mixin.py:188} WARNING - /home/***/.local/lib/python3.12/site-packages/***/settings.py:195 DeprecationWarning: The sql_alchemy_conn option in [core] has been moved to the sql_alchemy_conn option in [database] - the old setting has been used, but please update your config.
[2025-05-13T19:23:14.744+0000] {task_command.py:426} INFO - Running <TaskInstance: inflation_forecasting.fetch_crude_oil manual__2025-05-13T19:23:07.280131+00:00 [running]> on host bab02daaed98
[2025-05-13T19:23:15.409+0000] {taskinstance.py:2648} INFO - Exporting env vars: AIRFLOW_CTX_DAG_OWNER='***' AIRFLOW_CTX_DAG_ID='inflation_forecasting' AIRFLOW_CTX_TASK_ID='fetch_crude_oil' AIRFLOW_CTX_EXECUTION_DATE='2025-05-13T19:23:07.280131+00:00' AIRFLOW_CTX_TRY_NUMBER='1' AIRFLOW_CTX_DAG_RUN_ID='manual__2025-05-13T19:23:07.280131+00:00'
[2025-05-13T19:23:15.424+0000] {taskinstance.py:430} INFO - ::endgroup::
[2025-05-13T19:23:16.516+0000] {logging_mixin.py:188} INFO - Resampled DCOILWTICO from 10263 rows to 473 monthly rows
[2025-05-13T19:23:16.517+0000] {logging_mixin.py:188} INFO - Ensuring oil data (DCOILWTICO) is in monthly format
[2025-05-13T19:23:16.533+0000] {logging_mixin.py:188} INFO - Forced monthly resampling for oil data: 473 rows
[2025-05-13T19:23:16.534+0000] {logging_mixin.py:188} INFO - Date range for DCOILWTICO: 1986-01-31 00:00:00 to 2025-05-31 00:00:00
[2025-05-13T19:23:16.545+0000] {python.py:237} INFO - Done. Returned value was: None
[2025-05-13T19:23:16.549+0000] {taskinstance.py:441} INFO - ::group::Post task execution logs
[2025-05-13T19:23:16.564+0000] {taskinstance.py:1206} INFO - Marking task as SUCCESS. dag_id=inflation_forecasting, task_id=fetch_crude_oil, run_id=manual__2025-05-13T19:23:07.280131+00:00, execution_date=20250513T192307, start_date=20250513T192314, end_date=20250513T192316
[2025-05-13T19:23:16.625+0000] {local_task_job_runner.py:240} INFO - Task exited with return code 0
[2025-05-13T19:23:16.634+0000] {local_task_job_runner.py:222} INFO - ::endgroup::
