[2025-06-14T16:50:15.939+0000] {local_task_job_runner.py:120} INFO - ::group::Pre task execution logs
[2025-06-14T16:50:16.001+0000] {taskinstance.py:2076} INFO - Dependencies all met for dep_context=non-requeueable deps ti=<TaskInstance: usdpkr_forecasting_modular.fetch_forex_reserves manual__2025-06-14T16:50:08.444846+00:00 [queued]>
[2025-06-14T16:50:16.036+0000] {taskinstance.py:2076} INFO - Dependencies all met for dep_context=requeueable deps ti=<TaskInstance: usdpkr_forecasting_modular.fetch_forex_reserves manual__2025-06-14T16:50:08.444846+00:00 [queued]>
[2025-06-14T16:50:16.039+0000] {taskinstance.py:2306} INFO - Starting attempt 1 of 3
[2025-06-14T16:50:16.077+0000] {taskinstance.py:2330} INFO - Executing <Task(PythonOperator): fetch_forex_reserves> on 2025-06-14 16:50:08.444846+00:00
[2025-06-14T16:50:16.087+0000] {standard_task_runner.py:63} INFO - Started process 312 to run task
[2025-06-14T16:50:16.091+0000] {standard_task_runner.py:90} INFO - Running: ['***', 'tasks', 'run', 'usdpkr_forecasting_modular', 'fetch_forex_reserves', 'manual__2025-06-14T16:50:08.444846+00:00', '--job-id', '309', '--raw', '--subdir', 'DAGS_FOLDER/usdpkr_forecasting_dag.py', '--cfg-path', '/tmp/tmpz2jlw20_']
[2025-06-14T16:50:16.097+0000] {standard_task_runner.py:91} INFO - Job 309: Subtask fetch_forex_reserves
[2025-06-14T16:50:16.231+0000] {task_command.py:426} INFO - Running <TaskInstance: usdpkr_forecasting_modular.fetch_forex_reserves manual__2025-06-14T16:50:08.444846+00:00 [running]> on host 1ada37a5d2dc
[2025-06-14T16:50:16.380+0000] {taskinstance.py:2648} INFO - Exporting env vars: AIRFLOW_CTX_DAG_OWNER='***' AIRFLOW_CTX_DAG_ID='usdpkr_forecasting_modular' AIRFLOW_CTX_TASK_ID='fetch_forex_reserves' AIRFLOW_CTX_EXECUTION_DATE='2025-06-14T16:50:08.444846+00:00' AIRFLOW_CTX_TRY_NUMBER='1' AIRFLOW_CTX_DAG_RUN_ID='manual__2025-06-14T16:50:08.444846+00:00'
[2025-06-14T16:50:16.382+0000] {taskinstance.py:430} INFO - ::endgroup::
[2025-06-14T16:50:16.407+0000] {ingest.py:193} INFO - Generating placeholder data for SBP series: FOREX_RESERVES...
[2025-06-14T16:50:16.441+0000] {ingest.py:214} INFO - Saved placeholder FOREX_RESERVES data to /opt/***/data/raw/FOREX_RESERVES.csv
[2025-06-14T16:50:16.442+0000] {ingest.py:215} INFO - Date range: 2005-06-30 to 2025-05-31
[2025-06-14T16:50:16.443+0000] {python.py:237} INFO - Done. Returned value was: /opt/***/data/raw/FOREX_RESERVES.csv
[2025-06-14T16:50:16.444+0000] {taskinstance.py:441} INFO - ::group::Post task execution logs
[2025-06-14T16:50:16.485+0000] {taskinstance.py:1206} INFO - Marking task as SUCCESS. dag_id=usdpkr_forecasting_modular, task_id=fetch_forex_reserves, run_id=manual__2025-06-14T16:50:08.444846+00:00, execution_date=20250614T165008, start_date=20250614T165016, end_date=20250614T165016
[2025-06-14T16:50:16.537+0000] {local_task_job_runner.py:240} INFO - Task exited with return code 0
[2025-06-14T16:50:16.568+0000] {taskinstance.py:3498} INFO - 0 downstream tasks scheduled from follow-on schedule check
[2025-06-14T16:50:16.571+0000] {local_task_job_runner.py:222} INFO - ::endgroup::
