[2025-06-19T09:42:28.410+0000] {local_task_job_runner.py:120} INFO - ::group::Pre task execution logs
[2025-06-19T09:42:28.517+0000] {taskinstance.py:2076} INFO - Dependencies all met for dep_context=non-requeueable deps ti=<TaskInstance: usdpkr_forecasting.fetch_kse100 manual__2025-06-19T09:42:18.218266+00:00 [queued]>
[2025-06-19T09:42:28.539+0000] {taskinstance.py:2076} INFO - Dependencies all met for dep_context=requeueable deps ti=<TaskInstance: usdpkr_forecasting.fetch_kse100 manual__2025-06-19T09:42:18.218266+00:00 [queued]>
[2025-06-19T09:42:28.573+0000] {taskinstance.py:2306} INFO - Starting attempt 1 of 6
[2025-06-19T09:42:28.635+0000] {taskinstance.py:2330} INFO - Executing <Task(PythonOperator): fetch_kse100> on 2025-06-19 09:42:18.218266+00:00
[2025-06-19T09:42:28.653+0000] {standard_task_runner.py:63} INFO - Started process 2476 to run task
[2025-06-19T09:42:28.657+0000] {standard_task_runner.py:90} INFO - Running: ['***', 'tasks', 'run', 'usdpkr_forecasting', 'fetch_kse100', 'manual__2025-06-19T09:42:18.218266+00:00', '--job-id', '1142', '--raw', '--subdir', 'DAGS_FOLDER/usdpkr_forecasting_dag.py', '--cfg-path', '/tmp/tmp_9u2kyfv']
[2025-06-19T09:42:28.705+0000] {standard_task_runner.py:91} INFO - Job 1142: Subtask fetch_kse100
[2025-06-19T09:42:28.856+0000] {task_command.py:426} INFO - Running <TaskInstance: usdpkr_forecasting.fetch_kse100 manual__2025-06-19T09:42:18.218266+00:00 [running]> on host fb048d2dbcb2
[2025-06-19T09:42:29.045+0000] {taskinstance.py:2648} INFO - Exporting env vars: AIRFLOW_CTX_DAG_OWNER='***' AIRFLOW_CTX_DAG_ID='usdpkr_forecasting' AIRFLOW_CTX_TASK_ID='fetch_kse100' AIRFLOW_CTX_EXECUTION_DATE='2025-06-19T09:42:18.218266+00:00' AIRFLOW_CTX_TRY_NUMBER='1' AIRFLOW_CTX_DAG_RUN_ID='manual__2025-06-19T09:42:18.218266+00:00'
[2025-06-19T09:42:29.046+0000] {taskinstance.py:430} INFO - ::endgroup::
[2025-06-19T09:42:29.065+0000] {ingest.py:65} INFO - Fetching ^KSE from Yahoo Finance...
[2025-06-19T09:42:32.001+0000] {ingest.py:106} INFO - Saved ^KSE data to /opt/***/data/raw/KSE100.csv
[2025-06-19T09:42:32.002+0000] {ingest.py:107} INFO - Date range: 1997-07-31 to 2021-09-30
[2025-06-19T09:42:32.002+0000] {python.py:237} INFO - Done. Returned value was: /opt/***/data/raw/KSE100.csv
[2025-06-19T09:42:32.003+0000] {taskinstance.py:441} INFO - ::group::Post task execution logs
[2025-06-19T09:42:32.026+0000] {taskinstance.py:1206} INFO - Marking task as SUCCESS. dag_id=usdpkr_forecasting, task_id=fetch_kse100, run_id=manual__2025-06-19T09:42:18.218266+00:00, execution_date=20250619T094218, start_date=20250619T094228, end_date=20250619T094232
[2025-06-19T09:42:32.054+0000] {local_task_job_runner.py:240} INFO - Task exited with return code 0
[2025-06-19T09:42:32.076+0000] {taskinstance.py:3498} INFO - 0 downstream tasks scheduled from follow-on schedule check
[2025-06-19T09:42:32.078+0000] {local_task_job_runner.py:222} INFO - ::endgroup::
