[2025-06-18T11:45:17.339+0000] {local_task_job_runner.py:120} INFO - ::group::Pre task execution logs
[2025-06-18T11:45:17.369+0000] {taskinstance.py:2076} INFO - Dependencies all met for dep_context=non-requeueable deps ti=<TaskInstance: usdpkr_forecasting_modular.evaluate_stacked manual__2025-06-18T11:44:46.895651+00:00 [queued]>
[2025-06-18T11:45:17.378+0000] {taskinstance.py:2076} INFO - Dependencies all met for dep_context=requeueable deps ti=<TaskInstance: usdpkr_forecasting_modular.evaluate_stacked manual__2025-06-18T11:44:46.895651+00:00 [queued]>
[2025-06-18T11:45:17.379+0000] {taskinstance.py:2306} INFO - Starting attempt 1 of 3
[2025-06-18T11:45:17.394+0000] {taskinstance.py:2330} INFO - Executing <Task(PythonOperator): evaluate_stacked> on 2025-06-18 11:44:46.895651+00:00
[2025-06-18T11:45:17.400+0000] {standard_task_runner.py:63} INFO - Started process 3646 to run task
[2025-06-18T11:45:17.402+0000] {standard_task_runner.py:90} INFO - Running: ['***', 'tasks', 'run', 'usdpkr_forecasting_modular', 'evaluate_stacked', 'manual__2025-06-18T11:44:46.895651+00:00', '--job-id', '640', '--raw', '--subdir', 'DAGS_FOLDER/usdpkr_forecasting_dag.py', '--cfg-path', '/tmp/tmpbnh4_7wy']
[2025-06-18T11:45:17.405+0000] {standard_task_runner.py:91} INFO - Job 640: Subtask evaluate_stacked
[2025-06-18T11:45:17.450+0000] {task_command.py:426} INFO - Running <TaskInstance: usdpkr_forecasting_modular.evaluate_stacked manual__2025-06-18T11:44:46.895651+00:00 [running]> on host 9c4806d77c92
[2025-06-18T11:45:17.551+0000] {taskinstance.py:2648} INFO - Exporting env vars: AIRFLOW_CTX_DAG_OWNER='***' AIRFLOW_CTX_DAG_ID='usdpkr_forecasting_modular' AIRFLOW_CTX_TASK_ID='evaluate_stacked' AIRFLOW_CTX_EXECUTION_DATE='2025-06-18T11:44:46.895651+00:00' AIRFLOW_CTX_TRY_NUMBER='1' AIRFLOW_CTX_DAG_RUN_ID='manual__2025-06-18T11:44:46.895651+00:00'
[2025-06-18T11:45:17.552+0000] {taskinstance.py:430} INFO - ::endgroup::
[2025-06-18T11:45:17.565+0000] {logging_mixin.py:188} INFO - Loading Stacked model from /opt/***/data/models/stacked_model.pkl
[2025-06-18T11:45:17.566+0000] {logging_mixin.py:188} INFO - Loading selected features from /opt/***/data/models/selected_features.csv
[2025-06-18T11:45:17.566+0000] {logging_mixin.py:188} INFO - Loading train/test data from /opt/***/data/models/train_test_data.csv
[2025-06-18T11:45:17.630+0000] {logging_mixin.py:188} INFO - Error in evaluate_stacked: invalid load key, 'f'.
[2025-06-18T11:45:17.631+0000] {taskinstance.py:441} INFO - ::group::Post task execution logs
[2025-06-18T11:45:17.631+0000] {taskinstance.py:2905} ERROR - Task failed with exception
Traceback (most recent call last):
  File "/home/airflow/.local/lib/python3.12/site-packages/airflow/models/taskinstance.py", line 465, in _execute_task
    result = _execute_callable(context=context, **execute_callable_kwargs)
             ^^^^^^^^^^^^^^^^^^^^^^^^^^^^^^^^^^^^^^^^^^^^^^^^^^^^^^^^^^^^^
  File "/home/airflow/.local/lib/python3.12/site-packages/airflow/models/taskinstance.py", line 432, in _execute_callable
    return execute_callable(context=context, **execute_callable_kwargs)
           ^^^^^^^^^^^^^^^^^^^^^^^^^^^^^^^^^^^^^^^^^^^^^^^^^^^^^^^^^^^^
  File "/home/airflow/.local/lib/python3.12/site-packages/airflow/models/baseoperator.py", line 400, in wrapper
    return func(self, *args, **kwargs)
           ^^^^^^^^^^^^^^^^^^^^^^^^^^^
  File "/home/airflow/.local/lib/python3.12/site-packages/airflow/operators/python.py", line 235, in execute
    return_value = self.execute_callable()
                   ^^^^^^^^^^^^^^^^^^^^^^^
  File "/home/airflow/.local/lib/python3.12/site-packages/airflow/operators/python.py", line 252, in execute_callable
    return self.python_callable(*self.op_args, **self.op_kwargs)
           ^^^^^^^^^^^^^^^^^^^^^^^^^^^^^^^^^^^^^^^^^^^^^^^^^^^^^
  File "/opt/airflow/dags/inflation_modules/model_steps.py", line 1007, in evaluate_stacked
    selected_data = pickle.load(f)
                    ^^^^^^^^^^^^^^
_pickle.UnpicklingError: invalid load key, 'f'.
[2025-06-18T11:45:17.645+0000] {taskinstance.py:1206} INFO - Marking task as UP_FOR_RETRY. dag_id=usdpkr_forecasting_modular, task_id=evaluate_stacked, run_id=manual__2025-06-18T11:44:46.895651+00:00, execution_date=20250618T114446, start_date=20250618T114517, end_date=20250618T114517
[2025-06-18T11:45:17.657+0000] {standard_task_runner.py:110} ERROR - Failed to execute job 640 for task evaluate_stacked (invalid load key, 'f'.; 3646)
[2025-06-18T11:45:17.696+0000] {local_task_job_runner.py:240} INFO - Task exited with return code 1
[2025-06-18T11:45:17.717+0000] {taskinstance.py:3498} INFO - 0 downstream tasks scheduled from follow-on schedule check
[2025-06-18T11:45:17.721+0000] {local_task_job_runner.py:222} INFO - ::endgroup::
