[2025-05-13T19:23:28.613+0000] {local_task_job_runner.py:120} INFO - ::group::Pre task execution logs
[2025-05-13T19:23:28.643+0000] {taskinstance.py:2076} INFO - Dependencies all met for dep_context=non-requeueable deps ti=<TaskInstance: inflation_forecasting.prepare_data manual__2025-05-13T19:23:07.280131+00:00 [queued]>
[2025-05-13T19:23:28.653+0000] {taskinstance.py:2076} INFO - Dependencies all met for dep_context=requeueable deps ti=<TaskInstance: inflation_forecasting.prepare_data manual__2025-05-13T19:23:07.280131+00:00 [queued]>
[2025-05-13T19:23:28.653+0000] {taskinstance.py:2306} INFO - Starting attempt 1 of 1
[2025-05-13T19:23:28.665+0000] {taskinstance.py:2330} INFO - Executing <Task(PythonOperator): prepare_data> on 2025-05-13 19:23:07.280131+00:00
[2025-05-13T19:23:28.674+0000] {logging_mixin.py:188} WARNING - /home/***/.local/lib/python3.12/site-packages/***/task/task_runner/standard_task_runner.py:61 DeprecationWarning: This process (pid=268) is multi-threaded, use of fork() may lead to deadlocks in the child.
[2025-05-13T19:23:28.674+0000] {standard_task_runner.py:90} INFO - Running: ['***', 'tasks', 'run', 'inflation_forecasting', 'prepare_data', 'manual__2025-05-13T19:23:07.280131+00:00', '--job-id', '106', '--raw', '--subdir', 'DAGS_FOLDER/inflation_forecasting_dag.py', '--cfg-path', '/tmp/tmp0i3iztnh']
[2025-05-13T19:23:28.675+0000] {standard_task_runner.py:63} INFO - Started process 282 to run task
[2025-05-13T19:23:28.676+0000] {standard_task_runner.py:91} INFO - Job 106: Subtask prepare_data
[2025-05-13T19:23:28.689+0000] {logging_mixin.py:188} WARNING - /home/***/.local/lib/python3.12/site-packages/***/settings.py:195 DeprecationWarning: The sql_alchemy_conn option in [core] has been moved to the sql_alchemy_conn option in [database] - the old setting has been used, but please update your config.
[2025-05-13T19:23:28.719+0000] {task_command.py:426} INFO - Running <TaskInstance: inflation_forecasting.prepare_data manual__2025-05-13T19:23:07.280131+00:00 [running]> on host bab02daaed98
[2025-05-13T19:23:28.975+0000] {taskinstance.py:2648} INFO - Exporting env vars: AIRFLOW_CTX_DAG_OWNER='***' AIRFLOW_CTX_DAG_ID='inflation_forecasting' AIRFLOW_CTX_TASK_ID='prepare_data' AIRFLOW_CTX_EXECUTION_DATE='2025-05-13T19:23:07.280131+00:00' AIRFLOW_CTX_TRY_NUMBER='1' AIRFLOW_CTX_DAG_RUN_ID='manual__2025-05-13T19:23:07.280131+00:00'
[2025-05-13T19:23:28.976+0000] {taskinstance.py:430} INFO - ::endgroup::
[2025-05-13T19:23:28.989+0000] {taskinstance.py:441} INFO - ::group::Post task execution logs
[2025-05-13T19:23:28.989+0000] {taskinstance.py:2905} ERROR - Task failed with exception
Traceback (most recent call last):
  File "/home/airflow/.local/lib/python3.12/site-packages/airflow/models/taskinstance.py", line 465, in _execute_task
    result = _execute_callable(context=context, **execute_callable_kwargs)
             ^^^^^^^^^^^^^^^^^^^^^^^^^^^^^^^^^^^^^^^^^^^^^^^^^^^^^^^^^^^^^
  File "/home/airflow/.local/lib/python3.12/site-packages/airflow/models/taskinstance.py", line 432, in _execute_callable
    return execute_callable(context=context, **execute_callable_kwargs)
           ^^^^^^^^^^^^^^^^^^^^^^^^^^^^^^^^^^^^^^^^^^^^^^^^^^^^^^^^^^^^
  File "/home/airflow/.local/lib/python3.12/site-packages/airflow/models/baseoperator.py", line 400, in wrapper
    return func(self, *args, **kwargs)
           ^^^^^^^^^^^^^^^^^^^^^^^^^^^
  File "/home/airflow/.local/lib/python3.12/site-packages/airflow/operators/python.py", line 235, in execute
    return_value = self.execute_callable()
                   ^^^^^^^^^^^^^^^^^^^^^^^
  File "/home/airflow/.local/lib/python3.12/site-packages/airflow/operators/python.py", line 252, in execute_callable
    return self.python_callable(*self.op_args, **self.op_kwargs)
           ^^^^^^^^^^^^^^^^^^^^^^^^^^^^^^^^^^^^^^^^^^^^^^^^^^^^^
TypeError: prepare_data() missing 1 required positional argument: 'df'
[2025-05-13T19:23:28.998+0000] {taskinstance.py:1206} INFO - Marking task as FAILED. dag_id=inflation_forecasting, task_id=prepare_data, run_id=manual__2025-05-13T19:23:07.280131+00:00, execution_date=20250513T192307, start_date=20250513T192328, end_date=20250513T192328
[2025-05-13T19:23:29.009+0000] {standard_task_runner.py:110} ERROR - Failed to execute job 106 for task prepare_data (prepare_data() missing 1 required positional argument: 'df'; 282)
[2025-05-13T19:23:29.050+0000] {local_task_job_runner.py:240} INFO - Task exited with return code 1
[2025-05-13T19:23:29.246+0000] {taskinstance.py:3498} INFO - 0 downstream tasks scheduled from follow-on schedule check
[2025-05-13T19:23:29.250+0000] {local_task_job_runner.py:222} INFO - ::endgroup::
