[2025-05-13T20:01:18.370+0000] {local_task_job_runner.py:120} INFO - ::group::Pre task execution logs
[2025-05-13T20:01:18.401+0000] {taskinstance.py:2076} INFO - Dependencies all met for dep_context=non-requeueable deps ti=<TaskInstance: inflation_forecasting.prepare_data manual__2025-05-13T20:00:58.979443+00:00 [queued]>
[2025-05-13T20:01:18.411+0000] {taskinstance.py:2076} INFO - Dependencies all met for dep_context=requeueable deps ti=<TaskInstance: inflation_forecasting.prepare_data manual__2025-05-13T20:00:58.979443+00:00 [queued]>
[2025-05-13T20:01:18.411+0000] {taskinstance.py:2306} INFO - Starting attempt 1 of 1
[2025-05-13T20:01:18.427+0000] {taskinstance.py:2330} INFO - Executing <Task(PythonOperator): prepare_data> on 2025-05-13 20:00:58.979443+00:00
[2025-05-13T20:01:18.435+0000] {logging_mixin.py:188} WARNING - /home/***/.local/lib/python3.12/site-packages/***/task/task_runner/standard_task_runner.py:61 DeprecationWarning: This process (pid=1479) is multi-threaded, use of fork() may lead to deadlocks in the child.
[2025-05-13T20:01:18.436+0000] {standard_task_runner.py:63} INFO - Started process 1486 to run task
[2025-05-13T20:01:18.435+0000] {standard_task_runner.py:90} INFO - Running: ['***', 'tasks', 'run', 'inflation_forecasting', 'prepare_data', 'manual__2025-05-13T20:00:58.979443+00:00', '--job-id', '159', '--raw', '--subdir', 'DAGS_FOLDER/inflation_forecasting_dag.py', '--cfg-path', '/tmp/tmpbx__u78e']
[2025-05-13T20:01:18.438+0000] {standard_task_runner.py:91} INFO - Job 159: Subtask prepare_data
[2025-05-13T20:01:18.451+0000] {logging_mixin.py:188} WARNING - /home/***/.local/lib/python3.12/site-packages/***/settings.py:195 DeprecationWarning: The sql_alchemy_conn option in [core] has been moved to the sql_alchemy_conn option in [database] - the old setting has been used, but please update your config.
[2025-05-13T20:01:18.484+0000] {task_command.py:426} INFO - Running <TaskInstance: inflation_forecasting.prepare_data manual__2025-05-13T20:00:58.979443+00:00 [running]> on host bab02daaed98
[2025-05-13T20:01:18.768+0000] {taskinstance.py:2648} INFO - Exporting env vars: AIRFLOW_CTX_DAG_OWNER='***' AIRFLOW_CTX_DAG_ID='inflation_forecasting' AIRFLOW_CTX_TASK_ID='prepare_data' AIRFLOW_CTX_EXECUTION_DATE='2025-05-13T20:00:58.979443+00:00' AIRFLOW_CTX_TRY_NUMBER='1' AIRFLOW_CTX_DAG_RUN_ID='manual__2025-05-13T20:00:58.979443+00:00'
[2025-05-13T20:01:18.769+0000] {taskinstance.py:430} INFO - ::endgroup::
[2025-05-13T20:01:18.805+0000] {logging_mixin.py:188} INFO - Loaded data with shape: (1337, 67)
[2025-05-13T20:01:18.807+0000] {logging_mixin.py:188} INFO - Columns in dataframe: ['CPI', 'Month', 'DCOILWTICO', 'FEDFUNDS', 'M2SL', 'PERMIT', 'PPIACO', 'CPI_lag_1', 'CPI_lag_3', 'CPI_lag_6', 'CPI_lag_12', 'DCOILWTICO_lag_1', 'DCOILWTICO_lag_3', 'DCOILWTICO_lag_6', 'DCOILWTICO_lag_12', 'FEDFUNDS_lag_1', 'FEDFUNDS_lag_3', 'FEDFUNDS_lag_6', 'FEDFUNDS_lag_12', 'M2SL_lag_1', 'M2SL_lag_3', 'M2SL_lag_6', 'M2SL_lag_12', 'PERMIT_lag_1', 'PERMIT_lag_3', 'PERMIT_lag_6', 'PERMIT_lag_12', 'PPIACO_lag_1', 'PPIACO_lag_3', 'PPIACO_lag_6', 'PPIACO_lag_12', 'CPI_rolling_mean_3', 'CPI_rolling_std_3', 'CPI_rolling_mean_6', 'CPI_rolling_std_6', 'CPI_rolling_mean_12', 'CPI_rolling_std_12', 'DCOILWTICO_rolling_mean_3', 'DCOILWTICO_rolling_std_3', 'DCOILWTICO_rolling_mean_6', 'DCOILWTICO_rolling_std_6', 'DCOILWTICO_rolling_mean_12', 'DCOILWTICO_rolling_std_12', 'FEDFUNDS_rolling_mean_3', 'FEDFUNDS_rolling_std_3', 'FEDFUNDS_rolling_mean_6', 'FEDFUNDS_rolling_std_6', 'FEDFUNDS_rolling_mean_12', 'FEDFUNDS_rolling_std_12', 'M2SL_rolling_mean_3', 'M2SL_rolling_std_3', 'M2SL_rolling_mean_6', 'M2SL_rolling_std_6', 'M2SL_rolling_mean_12', 'M2SL_rolling_std_12', 'PERMIT_rolling_mean_3', 'PERMIT_rolling_std_3', 'PERMIT_rolling_mean_6', 'PERMIT_rolling_std_6', 'PERMIT_rolling_mean_12', 'PERMIT_rolling_std_12', 'PPIACO_rolling_mean_3', 'PPIACO_rolling_std_3', 'PPIACO_rolling_mean_6', 'PPIACO_rolling_std_6', 'PPIACO_rolling_mean_12', 'PPIACO_rolling_std_12']
[2025-05-13T20:01:18.809+0000] {logging_mixin.py:188} INFO - Training data shape: (1069, 65), Test data shape: (268, 65)
[2025-05-13T20:01:18.819+0000] {logging_mixin.py:188} INFO - Data saved to /opt/***/data/model_output/train_test_data.pkl
[2025-05-13T20:01:18.819+0000] {python.py:237} INFO - Done. Returned value was: /opt/***/data/model_output/train_test_data.pkl
[2025-05-13T20:01:18.819+0000] {taskinstance.py:441} INFO - ::group::Post task execution logs
[2025-05-13T20:01:18.840+0000] {taskinstance.py:1206} INFO - Marking task as SUCCESS. dag_id=inflation_forecasting, task_id=prepare_data, run_id=manual__2025-05-13T20:00:58.979443+00:00, execution_date=20250513T200058, start_date=20250513T200118, end_date=20250513T200118
[2025-05-13T20:01:18.891+0000] {local_task_job_runner.py:240} INFO - Task exited with return code 0
[2025-05-13T20:01:19.053+0000] {taskinstance.py:3498} INFO - 1 downstream tasks scheduled from follow-on schedule check
[2025-05-13T20:01:19.055+0000] {local_task_job_runner.py:222} INFO - ::endgroup::
