[2025-06-14T16:50:21.920+0000] {local_task_job_runner.py:120} INFO - ::group::Pre task execution logs
[2025-06-14T16:50:21.948+0000] {taskinstance.py:2076} INFO - Dependencies all met for dep_context=non-requeueable deps ti=<TaskInstance: usdpkr_forecasting_modular.merge_data manual__2025-06-14T16:50:08.444846+00:00 [queued]>
[2025-06-14T16:50:21.957+0000] {taskinstance.py:2076} INFO - Dependencies all met for dep_context=requeueable deps ti=<TaskInstance: usdpkr_forecasting_modular.merge_data manual__2025-06-14T16:50:08.444846+00:00 [queued]>
[2025-06-14T16:50:21.958+0000] {taskinstance.py:2306} INFO - Starting attempt 1 of 3
[2025-06-14T16:50:21.973+0000] {taskinstance.py:2330} INFO - Executing <Task(PythonOperator): merge_data> on 2025-06-14 16:50:08.444846+00:00
[2025-06-14T16:50:21.979+0000] {standard_task_runner.py:63} INFO - Started process 336 to run task
[2025-06-14T16:50:21.982+0000] {standard_task_runner.py:90} INFO - Running: ['***', 'tasks', 'run', 'usdpkr_forecasting_modular', 'merge_data', 'manual__2025-06-14T16:50:08.444846+00:00', '--job-id', '315', '--raw', '--subdir', 'DAGS_FOLDER/usdpkr_forecasting_dag.py', '--cfg-path', '/tmp/tmpaez__ssw']
[2025-06-14T16:50:21.985+0000] {standard_task_runner.py:91} INFO - Job 315: Subtask merge_data
[2025-06-14T16:50:22.028+0000] {task_command.py:426} INFO - Running <TaskInstance: usdpkr_forecasting_modular.merge_data manual__2025-06-14T16:50:08.444846+00:00 [running]> on host 1ada37a5d2dc
[2025-06-14T16:50:22.105+0000] {taskinstance.py:2648} INFO - Exporting env vars: AIRFLOW_CTX_DAG_OWNER='***' AIRFLOW_CTX_DAG_ID='usdpkr_forecasting_modular' AIRFLOW_CTX_TASK_ID='merge_data' AIRFLOW_CTX_EXECUTION_DATE='2025-06-14T16:50:08.444846+00:00' AIRFLOW_CTX_TRY_NUMBER='1' AIRFLOW_CTX_DAG_RUN_ID='manual__2025-06-14T16:50:08.444846+00:00'
[2025-06-14T16:50:22.107+0000] {taskinstance.py:430} INFO - ::endgroup::
[2025-06-14T16:50:22.202+0000] {python.py:237} INFO - Done. Returned value was:         DATE        OIL  FOREX_RESERVES  ...        KSE100      USDPKR        M2
0    2005-06  56.500000           10.45  ...   7450.120117   59.700001  15183.17
1    2005-07  60.570000           19.87  ...   7178.930176   59.660000  14860.88
2    2005-08  68.940002           21.38  ...   7796.859863   59.639999  15209.46
3    2005-09  66.239998           23.39  ...   8225.660156   59.700001  15532.40
4    2005-10  59.759998           24.09  ...   8247.370117   59.715000  15693.13
..       ...        ...             ...  ...           ...         ...       ...
191  2021-05  66.320000           17.01  ...  47126.289062  154.330002  75240.28
192  2021-06  73.470001           16.22  ...  47356.019531  158.100006  74411.08
193  2021-07  73.949997           11.50  ...  47055.289062  160.928391  73413.22
194  2021-08  68.500000           24.28  ...  47419.738281  165.310272  75217.73
195  2021-09  75.029999           10.27  ...  44899.601562  169.500000  76752.16

[196 rows x 9 columns]
[2025-06-14T16:50:22.217+0000] {taskinstance.py:441} INFO - ::group::Post task execution logs
[2025-06-14T16:50:22.262+0000] {taskinstance.py:1206} INFO - Marking task as SUCCESS. dag_id=usdpkr_forecasting_modular, task_id=merge_data, run_id=manual__2025-06-14T16:50:08.444846+00:00, execution_date=20250614T165008, start_date=20250614T165021, end_date=20250614T165022
[2025-06-14T16:50:22.315+0000] {local_task_job_runner.py:240} INFO - Task exited with return code 0
[2025-06-14T16:50:22.342+0000] {taskinstance.py:3498} INFO - 1 downstream tasks scheduled from follow-on schedule check
[2025-06-14T16:50:22.344+0000] {local_task_job_runner.py:222} INFO - ::endgroup::
