[2025-06-18T15:53:37.580+0000] {local_task_job_runner.py:120} INFO - ::group::Pre task execution logs
[2025-06-18T15:53:37.738+0000] {taskinstance.py:2076} INFO - Dependencies all met for dep_context=non-requeueable deps ti=<TaskInstance: kse100_forecasting.fetch_forex_reserves manual__2025-06-18T15:53:30.634843+00:00 [queued]>
[2025-06-18T15:53:37.783+0000] {taskinstance.py:2076} INFO - Dependencies all met for dep_context=requeueable deps ti=<TaskInstance: kse100_forecasting.fetch_forex_reserves manual__2025-06-18T15:53:30.634843+00:00 [queued]>
[2025-06-18T15:53:37.791+0000] {taskinstance.py:2306} INFO - Starting attempt 1 of 3
[2025-06-18T15:53:37.841+0000] {taskinstance.py:2330} INFO - Executing <Task(PythonOperator): fetch_forex_reserves> on 2025-06-18 15:53:30.634843+00:00
[2025-06-18T15:53:37.865+0000] {standard_task_runner.py:63} INFO - Started process 630 to run task
[2025-06-18T15:53:37.880+0000] {standard_task_runner.py:90} INFO - Running: ['***', 'tasks', 'run', 'kse100_forecasting', 'fetch_forex_reserves', 'manual__2025-06-18T15:53:30.634843+00:00', '--job-id', '975', '--raw', '--subdir', 'DAGS_FOLDER/kse100_forecasting_dag.py', '--cfg-path', '/tmp/tmphf3vx42m']
[2025-06-18T15:53:37.884+0000] {standard_task_runner.py:91} INFO - Job 975: Subtask fetch_forex_reserves
[2025-06-18T15:53:38.022+0000] {task_command.py:426} INFO - Running <TaskInstance: kse100_forecasting.fetch_forex_reserves manual__2025-06-18T15:53:30.634843+00:00 [running]> on host 57c57e92cb28
[2025-06-18T15:53:38.230+0000] {taskinstance.py:2648} INFO - Exporting env vars: AIRFLOW_CTX_DAG_OWNER='***' AIRFLOW_CTX_DAG_ID='kse100_forecasting' AIRFLOW_CTX_TASK_ID='fetch_forex_reserves' AIRFLOW_CTX_EXECUTION_DATE='2025-06-18T15:53:30.634843+00:00' AIRFLOW_CTX_TRY_NUMBER='1' AIRFLOW_CTX_DAG_RUN_ID='manual__2025-06-18T15:53:30.634843+00:00'
[2025-06-18T15:53:38.242+0000] {taskinstance.py:430} INFO - ::endgroup::
[2025-06-18T15:53:38.264+0000] {ingest.py:193} INFO - Generating placeholder data for SBP series: FOREX_RESERVES...
[2025-06-18T15:53:38.314+0000] {ingest.py:214} INFO - Saved placeholder FOREX_RESERVES data to /opt/***/dataKse/raw/FOREX_RESERVES.csv
[2025-06-18T15:53:38.329+0000] {ingest.py:215} INFO - Date range: 2005-06-30 to 2025-05-31
[2025-06-18T15:53:38.330+0000] {python.py:237} INFO - Done. Returned value was: /opt/***/dataKse/raw/FOREX_RESERVES.csv
[2025-06-18T15:53:38.331+0000] {taskinstance.py:441} INFO - ::group::Post task execution logs
[2025-06-18T15:53:38.362+0000] {taskinstance.py:1206} INFO - Marking task as SUCCESS. dag_id=kse100_forecasting, task_id=fetch_forex_reserves, run_id=manual__2025-06-18T15:53:30.634843+00:00, execution_date=20250618T155330, start_date=20250618T155337, end_date=20250618T155338
[2025-06-18T15:53:38.423+0000] {local_task_job_runner.py:240} INFO - Task exited with return code 0
[2025-06-18T15:53:38.464+0000] {taskinstance.py:3498} INFO - 0 downstream tasks scheduled from follow-on schedule check
[2025-06-18T15:53:38.472+0000] {local_task_job_runner.py:222} INFO - ::endgroup::
