[2025-05-13T19:50:11.624+0000] {local_task_job_runner.py:120} INFO - ::group::Pre task execution logs
[2025-05-13T19:50:11.665+0000] {taskinstance.py:2076} INFO - Dependencies all met for dep_context=non-requeueable deps ti=<TaskInstance: inflation_forecasting.train_random_forest manual__2025-05-13T19:49:40.116966+00:00 [queued]>
[2025-05-13T19:50:11.683+0000] {taskinstance.py:2076} INFO - Dependencies all met for dep_context=requeueable deps ti=<TaskInstance: inflation_forecasting.train_random_forest manual__2025-05-13T19:49:40.116966+00:00 [queued]>
[2025-05-13T19:50:11.684+0000] {taskinstance.py:2306} INFO - Starting attempt 1 of 1
[2025-05-13T19:50:11.701+0000] {taskinstance.py:2330} INFO - Executing <Task(PythonOperator): train_random_forest> on 2025-05-13 19:49:40.116966+00:00
[2025-05-13T19:50:11.713+0000] {logging_mixin.py:188} WARNING - /home/***/.local/lib/python3.12/site-packages/***/task/task_runner/standard_task_runner.py:61 DeprecationWarning: This process (pid=1103) is multi-threaded, use of fork() may lead to deadlocks in the child.
[2025-05-13T19:50:11.716+0000] {standard_task_runner.py:63} INFO - Started process 1124 to run task
[2025-05-13T19:50:11.718+0000] {standard_task_runner.py:90} INFO - Running: ['***', 'tasks', 'run', 'inflation_forecasting', 'train_random_forest', 'manual__2025-05-13T19:49:40.116966+00:00', '--job-id', '143', '--raw', '--subdir', 'DAGS_FOLDER/inflation_forecasting_dag.py', '--cfg-path', '/tmp/tmp0bepky0f']
[2025-05-13T19:50:11.722+0000] {standard_task_runner.py:91} INFO - Job 143: Subtask train_random_forest
[2025-05-13T19:50:11.751+0000] {logging_mixin.py:188} WARNING - /home/***/.local/lib/python3.12/site-packages/***/settings.py:195 DeprecationWarning: The sql_alchemy_conn option in [core] has been moved to the sql_alchemy_conn option in [database] - the old setting has been used, but please update your config.
[2025-05-13T19:50:11.820+0000] {task_command.py:426} INFO - Running <TaskInstance: inflation_forecasting.train_random_forest manual__2025-05-13T19:49:40.116966+00:00 [running]> on host bab02daaed98
[2025-05-13T19:50:12.272+0000] {taskinstance.py:2648} INFO - Exporting env vars: AIRFLOW_CTX_DAG_OWNER='***' AIRFLOW_CTX_DAG_ID='inflation_forecasting' AIRFLOW_CTX_TASK_ID='train_random_forest' AIRFLOW_CTX_EXECUTION_DATE='2025-05-13T19:49:40.116966+00:00' AIRFLOW_CTX_TRY_NUMBER='1' AIRFLOW_CTX_DAG_RUN_ID='manual__2025-05-13T19:49:40.116966+00:00'
[2025-05-13T19:50:12.273+0000] {taskinstance.py:430} INFO - ::endgroup::
[2025-05-13T19:50:12.290+0000] {logging_mixin.py:188} INFO - Loading selected features from /opt/***/data/model_output/selected_features.pkl
[2025-05-13T19:50:12.291+0000] {logging_mixin.py:188} INFO - Loading train/test data from /opt/***/data/model_output/train_test_data.pkl
[2025-05-13T19:50:12.315+0000] {logging_mixin.py:188} WARNING - /home/***/.local/lib/python3.12/site-packages/joblib/parallel.py:1378 UserWarning: Loky-backed parallel loops cannot be called in a multiprocessing, setting n_jobs=1
[2025-05-13T19:55:08.486+0000] {logging_mixin.py:188} INFO - Best Random Forest parameters: {'max_depth': 10, 'min_samples_leaf': 4, 'min_samples_split': 2, 'n_estimators': 50}
[2025-05-13T19:55:08.497+0000] {logging_mixin.py:188} INFO - Random Forest model saved to /opt/***/data/model_output/RandomForest.pkl
[2025-05-13T19:55:08.498+0000] {python.py:237} INFO - Done. Returned value was: /opt/***/data/model_output/RandomForest.pkl
[2025-05-13T19:55:08.499+0000] {taskinstance.py:441} INFO - ::group::Post task execution logs
[2025-05-13T19:55:08.523+0000] {taskinstance.py:1206} INFO - Marking task as SUCCESS. dag_id=inflation_forecasting, task_id=train_random_forest, run_id=manual__2025-05-13T19:49:40.116966+00:00, execution_date=20250513T194940, start_date=20250513T195011, end_date=20250513T195508
[2025-05-13T19:55:08.568+0000] {local_task_job_runner.py:240} INFO - Task exited with return code 0
[2025-05-13T19:55:08.775+0000] {taskinstance.py:3498} INFO - 1 downstream tasks scheduled from follow-on schedule check
[2025-05-13T19:55:08.777+0000] {local_task_job_runner.py:222} INFO - ::endgroup::
