[2025-06-19T10:40:16.063+0000] {local_task_job_runner.py:120} INFO - ::group::Pre task execution logs
[2025-06-19T10:40:16.154+0000] {taskinstance.py:2076} INFO - Dependencies all met for dep_context=non-requeueable deps ti=<TaskInstance: kse100_forecasting.fetch_usdpkr manual__2025-06-19T10:40:08.644278+00:00 [queued]>
[2025-06-19T10:40:16.185+0000] {taskinstance.py:2076} INFO - Dependencies all met for dep_context=requeueable deps ti=<TaskInstance: kse100_forecasting.fetch_usdpkr manual__2025-06-19T10:40:08.644278+00:00 [queued]>
[2025-06-19T10:40:16.186+0000] {taskinstance.py:2306} INFO - Starting attempt 1 of 6
[2025-06-19T10:40:16.268+0000] {taskinstance.py:2330} INFO - Executing <Task(PythonOperator): fetch_usdpkr> on 2025-06-19 10:40:08.644278+00:00
[2025-06-19T10:40:16.384+0000] {standard_task_runner.py:63} INFO - Started process 5183 to run task
[2025-06-19T10:40:16.384+0000] {standard_task_runner.py:90} INFO - Running: ['***', 'tasks', 'run', 'kse100_forecasting', 'fetch_usdpkr', 'manual__2025-06-19T10:40:08.644278+00:00', '--job-id', '1167', '--raw', '--subdir', 'DAGS_FOLDER/kse100_forecasting_dag.py', '--cfg-path', '/tmp/tmppi_qn3u2']
[2025-06-19T10:40:16.393+0000] {standard_task_runner.py:91} INFO - Job 1167: Subtask fetch_usdpkr
[2025-06-19T10:40:16.501+0000] {task_command.py:426} INFO - Running <TaskInstance: kse100_forecasting.fetch_usdpkr manual__2025-06-19T10:40:08.644278+00:00 [running]> on host fb048d2dbcb2
[2025-06-19T10:40:16.921+0000] {taskinstance.py:2648} INFO - Exporting env vars: AIRFLOW_CTX_DAG_OWNER='***' AIRFLOW_CTX_DAG_ID='kse100_forecasting' AIRFLOW_CTX_TASK_ID='fetch_usdpkr' AIRFLOW_CTX_EXECUTION_DATE='2025-06-19T10:40:08.644278+00:00' AIRFLOW_CTX_TRY_NUMBER='1' AIRFLOW_CTX_DAG_RUN_ID='manual__2025-06-19T10:40:08.644278+00:00'
[2025-06-19T10:40:16.929+0000] {taskinstance.py:430} INFO - ::endgroup::
[2025-06-19T10:40:16.953+0000] {ingest.py:65} INFO - Fetching PKR=X from Yahoo Finance...
[2025-06-19T10:40:20.043+0000] {ingest.py:106} INFO - Saved PKR=X data to /opt/***/dataKse/raw/USDPKR.csv
[2025-06-19T10:40:20.045+0000] {ingest.py:107} INFO - Date range: 2002-04-30 to 2025-06-30
[2025-06-19T10:40:20.045+0000] {python.py:237} INFO - Done. Returned value was: /opt/***/dataKse/raw/USDPKR.csv
[2025-06-19T10:40:20.045+0000] {taskinstance.py:441} INFO - ::group::Post task execution logs
[2025-06-19T10:40:20.066+0000] {taskinstance.py:1206} INFO - Marking task as SUCCESS. dag_id=kse100_forecasting, task_id=fetch_usdpkr, run_id=manual__2025-06-19T10:40:08.644278+00:00, execution_date=20250619T104008, start_date=20250619T104016, end_date=20250619T104020
[2025-06-19T10:40:20.090+0000] {local_task_job_runner.py:240} INFO - Task exited with return code 0
[2025-06-19T10:40:20.119+0000] {taskinstance.py:3498} INFO - 0 downstream tasks scheduled from follow-on schedule check
[2025-06-19T10:40:20.121+0000] {local_task_job_runner.py:222} INFO - ::endgroup::
