[2025-06-18T15:53:37.905+0000] {local_task_job_runner.py:120} INFO - ::group::Pre task execution logs
[2025-06-18T15:53:37.969+0000] {taskinstance.py:2076} INFO - Dependencies all met for dep_context=non-requeueable deps ti=<TaskInstance: kse100_forecasting.fetch_kse100 manual__2025-06-18T15:53:30.634843+00:00 [queued]>
[2025-06-18T15:53:37.994+0000] {taskinstance.py:2076} INFO - Dependencies all met for dep_context=requeueable deps ti=<TaskInstance: kse100_forecasting.fetch_kse100 manual__2025-06-18T15:53:30.634843+00:00 [queued]>
[2025-06-18T15:53:37.995+0000] {taskinstance.py:2306} INFO - Starting attempt 1 of 6
[2025-06-18T15:53:38.033+0000] {taskinstance.py:2330} INFO - Executing <Task(PythonOperator): fetch_kse100> on 2025-06-18 15:53:30.634843+00:00
[2025-06-18T15:53:38.045+0000] {standard_task_runner.py:63} INFO - Started process 632 to run task
[2025-06-18T15:53:38.052+0000] {standard_task_runner.py:90} INFO - Running: ['***', 'tasks', 'run', 'kse100_forecasting', 'fetch_kse100', 'manual__2025-06-18T15:53:30.634843+00:00', '--job-id', '977', '--raw', '--subdir', 'DAGS_FOLDER/kse100_forecasting_dag.py', '--cfg-path', '/tmp/tmpegnlf7m9']
[2025-06-18T15:53:38.069+0000] {standard_task_runner.py:91} INFO - Job 977: Subtask fetch_kse100
[2025-06-18T15:53:38.202+0000] {task_command.py:426} INFO - Running <TaskInstance: kse100_forecasting.fetch_kse100 manual__2025-06-18T15:53:30.634843+00:00 [running]> on host 57c57e92cb28
[2025-06-18T15:53:38.386+0000] {taskinstance.py:2648} INFO - Exporting env vars: AIRFLOW_CTX_DAG_OWNER='***' AIRFLOW_CTX_DAG_ID='kse100_forecasting' AIRFLOW_CTX_TASK_ID='fetch_kse100' AIRFLOW_CTX_EXECUTION_DATE='2025-06-18T15:53:30.634843+00:00' AIRFLOW_CTX_TRY_NUMBER='1' AIRFLOW_CTX_DAG_RUN_ID='manual__2025-06-18T15:53:30.634843+00:00'
[2025-06-18T15:53:38.393+0000] {taskinstance.py:430} INFO - ::endgroup::
[2025-06-18T15:53:38.412+0000] {ingest.py:65} INFO - Fetching ^KSE from Yahoo Finance...
[2025-06-18T15:53:42.866+0000] {ingest.py:106} INFO - Saved ^KSE data to /opt/***/dataKse/raw/KSE100.csv
[2025-06-18T15:53:42.867+0000] {ingest.py:107} INFO - Date range: 1997-07-31 to 2021-09-30
[2025-06-18T15:53:42.867+0000] {python.py:237} INFO - Done. Returned value was: /opt/***/dataKse/raw/KSE100.csv
[2025-06-18T15:53:42.868+0000] {taskinstance.py:441} INFO - ::group::Post task execution logs
[2025-06-18T15:53:42.894+0000] {taskinstance.py:1206} INFO - Marking task as SUCCESS. dag_id=kse100_forecasting, task_id=fetch_kse100, run_id=manual__2025-06-18T15:53:30.634843+00:00, execution_date=20250618T155330, start_date=20250618T155337, end_date=20250618T155342
[2025-06-18T15:53:42.942+0000] {local_task_job_runner.py:240} INFO - Task exited with return code 0
[2025-06-18T15:53:42.968+0000] {taskinstance.py:3498} INFO - 0 downstream tasks scheduled from follow-on schedule check
[2025-06-18T15:53:42.970+0000] {local_task_job_runner.py:222} INFO - ::endgroup::
