[2025-06-18T18:59:59.703+0000] {local_task_job_runner.py:120} INFO - ::group::Pre task execution logs
[2025-06-18T18:59:59.842+0000] {taskinstance.py:2076} INFO - Dependencies all met for dep_context=non-requeueable deps ti=<TaskInstance: kse100_forecasting.fetch_interest_rate manual__2025-06-18T18:59:49.630931+00:00 [queued]>
[2025-06-18T18:59:59.881+0000] {taskinstance.py:2076} INFO - Dependencies all met for dep_context=requeueable deps ti=<TaskInstance: kse100_forecasting.fetch_interest_rate manual__2025-06-18T18:59:49.630931+00:00 [queued]>
[2025-06-18T18:59:59.884+0000] {taskinstance.py:2306} INFO - Starting attempt 1 of 3
[2025-06-18T18:59:59.968+0000] {taskinstance.py:2330} INFO - Executing <Task(PythonOperator): fetch_interest_rate> on 2025-06-18 18:59:49.630931+00:00
[2025-06-18T19:00:00.051+0000] {standard_task_runner.py:63} INFO - Started process 8872 to run task
[2025-06-18T19:00:00.057+0000] {standard_task_runner.py:90} INFO - Running: ['***', 'tasks', 'run', 'kse100_forecasting', 'fetch_interest_rate', 'manual__2025-06-18T18:59:49.630931+00:00', '--job-id', '1037', '--raw', '--subdir', 'DAGS_FOLDER/kse100_forecasting_dag.py', '--cfg-path', '/tmp/tmpmg689ebx']
[2025-06-18T19:00:00.106+0000] {standard_task_runner.py:91} INFO - Job 1037: Subtask fetch_interest_rate
[2025-06-18T19:00:00.345+0000] {task_command.py:426} INFO - Running <TaskInstance: kse100_forecasting.fetch_interest_rate manual__2025-06-18T18:59:49.630931+00:00 [running]> on host 57c57e92cb28
[2025-06-18T19:00:00.792+0000] {taskinstance.py:2648} INFO - Exporting env vars: AIRFLOW_CTX_DAG_OWNER='***' AIRFLOW_CTX_DAG_ID='kse100_forecasting' AIRFLOW_CTX_TASK_ID='fetch_interest_rate' AIRFLOW_CTX_EXECUTION_DATE='2025-06-18T18:59:49.630931+00:00' AIRFLOW_CTX_TRY_NUMBER='1' AIRFLOW_CTX_DAG_RUN_ID='manual__2025-06-18T18:59:49.630931+00:00'
[2025-06-18T19:00:00.805+0000] {taskinstance.py:430} INFO - ::endgroup::
[2025-06-18T19:00:00.831+0000] {ingest.py:193} INFO - Generating placeholder data for SBP series: INTEREST_RATE...
[2025-06-18T19:00:00.944+0000] {ingest.py:214} INFO - Saved placeholder INTEREST_RATE data to /opt/***/dataKse/raw/INTEREST_RATE.csv
[2025-06-18T19:00:00.961+0000] {ingest.py:215} INFO - Date range: 2005-06-30 to 2025-05-31
[2025-06-18T19:00:00.968+0000] {python.py:237} INFO - Done. Returned value was: /opt/***/dataKse/raw/INTEREST_RATE.csv
[2025-06-18T19:00:00.969+0000] {taskinstance.py:441} INFO - ::group::Post task execution logs
[2025-06-18T19:00:01.051+0000] {taskinstance.py:1206} INFO - Marking task as SUCCESS. dag_id=kse100_forecasting, task_id=fetch_interest_rate, run_id=manual__2025-06-18T18:59:49.630931+00:00, execution_date=20250618T185949, start_date=20250618T185959, end_date=20250618T190001
[2025-06-18T19:00:01.128+0000] {local_task_job_runner.py:240} INFO - Task exited with return code 0
[2025-06-18T19:00:01.183+0000] {taskinstance.py:3498} INFO - 0 downstream tasks scheduled from follow-on schedule check
[2025-06-18T19:00:01.199+0000] {local_task_job_runner.py:222} INFO - ::endgroup::
