[2025-06-14T16:33:13.801+0000] {local_task_job_runner.py:120} INFO - ::group::Pre task execution logs
[2025-06-14T16:33:13.830+0000] {taskinstance.py:2076} INFO - Dependencies all met for dep_context=non-requeueable deps ti=<TaskInstance: usdpkr_forecasting_modular.feature_engineering manual__2025-06-14T16:32:59.249882+00:00 [queued]>
[2025-06-14T16:33:13.840+0000] {taskinstance.py:2076} INFO - Dependencies all met for dep_context=requeueable deps ti=<TaskInstance: usdpkr_forecasting_modular.feature_engineering manual__2025-06-14T16:32:59.249882+00:00 [queued]>
[2025-06-14T16:33:13.841+0000] {taskinstance.py:2306} INFO - Starting attempt 1 of 3
[2025-06-14T16:33:13.856+0000] {taskinstance.py:2330} INFO - Executing <Task(PythonOperator): feature_engineering> on 2025-06-14 16:32:59.249882+00:00
[2025-06-14T16:33:13.862+0000] {standard_task_runner.py:63} INFO - Started process 713 to run task
[2025-06-14T16:33:13.865+0000] {standard_task_runner.py:90} INFO - Running: ['***', 'tasks', 'run', 'usdpkr_forecasting_modular', 'feature_engineering', 'manual__2025-06-14T16:32:59.249882+00:00', '--job-id', '284', '--raw', '--subdir', 'DAGS_FOLDER/usdpkr_forecasting_dag.py', '--cfg-path', '/tmp/tmpexz993_p']
[2025-06-14T16:33:13.867+0000] {standard_task_runner.py:91} INFO - Job 284: Subtask feature_engineering
[2025-06-14T16:33:13.911+0000] {task_command.py:426} INFO - Running <TaskInstance: usdpkr_forecasting_modular.feature_engineering manual__2025-06-14T16:32:59.249882+00:00 [running]> on host 1ada37a5d2dc
[2025-06-14T16:33:14.064+0000] {taskinstance.py:2648} INFO - Exporting env vars: AIRFLOW_CTX_DAG_OWNER='***' AIRFLOW_CTX_DAG_ID='usdpkr_forecasting_modular' AIRFLOW_CTX_TASK_ID='feature_engineering' AIRFLOW_CTX_EXECUTION_DATE='2025-06-14T16:32:59.249882+00:00' AIRFLOW_CTX_TRY_NUMBER='1' AIRFLOW_CTX_DAG_RUN_ID='manual__2025-06-14T16:32:59.249882+00:00'
[2025-06-14T16:33:14.065+0000] {taskinstance.py:430} INFO - ::endgroup::
[2025-06-14T16:33:14.081+0000] {transform.py:303} ERROR - Error in engineer_features: string indices must be integers, not 'str'
[2025-06-14T16:33:14.081+0000] {taskinstance.py:441} INFO - ::group::Post task execution logs
[2025-06-14T16:33:14.082+0000] {taskinstance.py:2905} ERROR - Task failed with exception
Traceback (most recent call last):
  File "/home/airflow/.local/lib/python3.12/site-packages/airflow/models/taskinstance.py", line 465, in _execute_task
    result = _execute_callable(context=context, **execute_callable_kwargs)
             ^^^^^^^^^^^^^^^^^^^^^^^^^^^^^^^^^^^^^^^^^^^^^^^^^^^^^^^^^^^^^
  File "/home/airflow/.local/lib/python3.12/site-packages/airflow/models/taskinstance.py", line 432, in _execute_callable
    return execute_callable(context=context, **execute_callable_kwargs)
           ^^^^^^^^^^^^^^^^^^^^^^^^^^^^^^^^^^^^^^^^^^^^^^^^^^^^^^^^^^^^
  File "/home/airflow/.local/lib/python3.12/site-packages/airflow/models/baseoperator.py", line 400, in wrapper
    return func(self, *args, **kwargs)
           ^^^^^^^^^^^^^^^^^^^^^^^^^^^
  File "/home/airflow/.local/lib/python3.12/site-packages/airflow/operators/python.py", line 235, in execute
    return_value = self.execute_callable()
                   ^^^^^^^^^^^^^^^^^^^^^^^
  File "/home/airflow/.local/lib/python3.12/site-packages/airflow/operators/python.py", line 252, in execute_callable
    return self.python_callable(*self.op_args, **self.op_kwargs)
           ^^^^^^^^^^^^^^^^^^^^^^^^^^^^^^^^^^^^^^^^^^^^^^^^^^^^^
  File "/opt/airflow/dags/inflation_modules/transform.py", line 272, in engineer_features
    if isinstance(df['DATE'], pd.Period):
                  ~~^^^^^^^^
TypeError: string indices must be integers, not 'str'
[2025-06-14T16:33:14.095+0000] {taskinstance.py:1206} INFO - Marking task as UP_FOR_RETRY. dag_id=usdpkr_forecasting_modular, task_id=feature_engineering, run_id=manual__2025-06-14T16:32:59.249882+00:00, execution_date=20250614T163259, start_date=20250614T163313, end_date=20250614T163314
[2025-06-14T16:33:14.107+0000] {standard_task_runner.py:110} ERROR - Failed to execute job 284 for task feature_engineering (string indices must be integers, not 'str'; 713)
[2025-06-14T16:33:14.159+0000] {local_task_job_runner.py:240} INFO - Task exited with return code 1
[2025-06-14T16:33:14.187+0000] {taskinstance.py:3498} INFO - 0 downstream tasks scheduled from follow-on schedule check
[2025-06-14T16:33:14.190+0000] {local_task_job_runner.py:222} INFO - ::endgroup::
