[2025-05-13T19:50:08.964+0000] {local_task_job_runner.py:120} INFO - ::group::Pre task execution logs
[2025-05-13T19:50:08.993+0000] {taskinstance.py:2076} INFO - Dependencies all met for dep_context=non-requeueable deps ti=<TaskInstance: inflation_forecasting.scale_features manual__2025-05-13T19:49:40.116966+00:00 [queued]>
[2025-05-13T19:50:09.003+0000] {taskinstance.py:2076} INFO - Dependencies all met for dep_context=requeueable deps ti=<TaskInstance: inflation_forecasting.scale_features manual__2025-05-13T19:49:40.116966+00:00 [queued]>
[2025-05-13T19:50:09.003+0000] {taskinstance.py:2306} INFO - Starting attempt 1 of 1
[2025-05-13T19:50:09.029+0000] {taskinstance.py:2330} INFO - Executing <Task(PythonOperator): scale_features> on 2025-05-13 19:49:40.116966+00:00
[2025-05-13T19:50:09.037+0000] {logging_mixin.py:188} WARNING - /home/***/.local/lib/python3.12/site-packages/***/task/task_runner/standard_task_runner.py:61 DeprecationWarning: This process (pid=1094) is multi-threaded, use of fork() may lead to deadlocks in the child.
[2025-05-13T19:50:09.038+0000] {standard_task_runner.py:63} INFO - Started process 1101 to run task
[2025-05-13T19:50:09.037+0000] {standard_task_runner.py:90} INFO - Running: ['***', 'tasks', 'run', 'inflation_forecasting', 'scale_features', 'manual__2025-05-13T19:49:40.116966+00:00', '--job-id', '141', '--raw', '--subdir', 'DAGS_FOLDER/inflation_forecasting_dag.py', '--cfg-path', '/tmp/tmp_g3ivz1u']
[2025-05-13T19:50:09.039+0000] {standard_task_runner.py:91} INFO - Job 141: Subtask scale_features
[2025-05-13T19:50:09.053+0000] {logging_mixin.py:188} WARNING - /home/***/.local/lib/python3.12/site-packages/***/settings.py:195 DeprecationWarning: The sql_alchemy_conn option in [core] has been moved to the sql_alchemy_conn option in [database] - the old setting has been used, but please update your config.
[2025-05-13T19:50:09.085+0000] {task_command.py:426} INFO - Running <TaskInstance: inflation_forecasting.scale_features manual__2025-05-13T19:49:40.116966+00:00 [running]> on host bab02daaed98
[2025-05-13T19:50:09.351+0000] {taskinstance.py:2648} INFO - Exporting env vars: AIRFLOW_CTX_DAG_OWNER='***' AIRFLOW_CTX_DAG_ID='inflation_forecasting' AIRFLOW_CTX_TASK_ID='scale_features' AIRFLOW_CTX_EXECUTION_DATE='2025-05-13T19:49:40.116966+00:00' AIRFLOW_CTX_TRY_NUMBER='1' AIRFLOW_CTX_DAG_RUN_ID='manual__2025-05-13T19:49:40.116966+00:00'
[2025-05-13T19:50:09.352+0000] {taskinstance.py:430} INFO - ::endgroup::
[2025-05-13T19:50:09.362+0000] {logging_mixin.py:188} INFO - Loading selected features from /opt/***/data/model_output/selected_features.pkl
[2025-05-13T19:50:09.384+0000] {logging_mixin.py:188} INFO - Scaler saved to /opt/***/data/model_output/Scaler.pkl
[2025-05-13T19:50:09.402+0000] {logging_mixin.py:188} INFO - Scaled features saved to /opt/***/data/model_output/selected_features.pkl
[2025-05-13T19:50:09.403+0000] {python.py:237} INFO - Done. Returned value was: /opt/***/data/model_output/selected_features.pkl
[2025-05-13T19:50:09.403+0000] {taskinstance.py:441} INFO - ::group::Post task execution logs
[2025-05-13T19:50:09.425+0000] {taskinstance.py:1206} INFO - Marking task as SUCCESS. dag_id=inflation_forecasting, task_id=scale_features, run_id=manual__2025-05-13T19:49:40.116966+00:00, execution_date=20250513T194940, start_date=20250513T195008, end_date=20250513T195009
[2025-05-13T19:50:09.453+0000] {local_task_job_runner.py:240} INFO - Task exited with return code 0
[2025-05-13T19:50:09.632+0000] {taskinstance.py:3498} INFO - 3 downstream tasks scheduled from follow-on schedule check
[2025-05-13T19:50:09.633+0000] {local_task_job_runner.py:222} INFO - ::endgroup::
