[2025-06-14T16:58:14.003+0000] {local_task_job_runner.py:120} INFO - ::group::Pre task execution logs
[2025-06-14T16:58:14.068+0000] {taskinstance.py:2076} INFO - Dependencies all met for dep_context=non-requeueable deps ti=<TaskInstance: usdpkr_forecasting_modular.fetch_interest_rate manual__2025-06-14T16:58:05.300104+00:00 [queued]>
[2025-06-14T16:58:14.117+0000] {taskinstance.py:2076} INFO - Dependencies all met for dep_context=requeueable deps ti=<TaskInstance: usdpkr_forecasting_modular.fetch_interest_rate manual__2025-06-14T16:58:05.300104+00:00 [queued]>
[2025-06-14T16:58:14.122+0000] {taskinstance.py:2306} INFO - Starting attempt 1 of 3
[2025-06-14T16:58:14.153+0000] {taskinstance.py:2330} INFO - Executing <Task(PythonOperator): fetch_interest_rate> on 2025-06-14 16:58:05.300104+00:00
[2025-06-14T16:58:14.172+0000] {standard_task_runner.py:63} INFO - Started process 543 to run task
[2025-06-14T16:58:14.186+0000] {standard_task_runner.py:90} INFO - Running: ['***', 'tasks', 'run', 'usdpkr_forecasting_modular', 'fetch_interest_rate', 'manual__2025-06-14T16:58:05.300104+00:00', '--job-id', '336', '--raw', '--subdir', 'DAGS_FOLDER/usdpkr_forecasting_dag.py', '--cfg-path', '/tmp/tmp3as5eroj']
[2025-06-14T16:58:14.193+0000] {standard_task_runner.py:91} INFO - Job 336: Subtask fetch_interest_rate
[2025-06-14T16:58:14.356+0000] {task_command.py:426} INFO - Running <TaskInstance: usdpkr_forecasting_modular.fetch_interest_rate manual__2025-06-14T16:58:05.300104+00:00 [running]> on host 1ada37a5d2dc
[2025-06-14T16:58:14.681+0000] {taskinstance.py:2648} INFO - Exporting env vars: AIRFLOW_CTX_DAG_OWNER='***' AIRFLOW_CTX_DAG_ID='usdpkr_forecasting_modular' AIRFLOW_CTX_TASK_ID='fetch_interest_rate' AIRFLOW_CTX_EXECUTION_DATE='2025-06-14T16:58:05.300104+00:00' AIRFLOW_CTX_TRY_NUMBER='1' AIRFLOW_CTX_DAG_RUN_ID='manual__2025-06-14T16:58:05.300104+00:00'
[2025-06-14T16:58:14.697+0000] {taskinstance.py:430} INFO - ::endgroup::
[2025-06-14T16:58:14.723+0000] {ingest.py:193} INFO - Generating placeholder data for SBP series: INTEREST_RATE...
[2025-06-14T16:58:14.786+0000] {ingest.py:214} INFO - Saved placeholder INTEREST_RATE data to /opt/***/data/raw/INTEREST_RATE.csv
[2025-06-14T16:58:14.788+0000] {ingest.py:215} INFO - Date range: 2005-06-30 to 2025-05-31
[2025-06-14T16:58:14.789+0000] {python.py:237} INFO - Done. Returned value was: /opt/***/data/raw/INTEREST_RATE.csv
[2025-06-14T16:58:14.791+0000] {taskinstance.py:441} INFO - ::group::Post task execution logs
[2025-06-14T16:58:14.835+0000] {taskinstance.py:1206} INFO - Marking task as SUCCESS. dag_id=usdpkr_forecasting_modular, task_id=fetch_interest_rate, run_id=manual__2025-06-14T16:58:05.300104+00:00, execution_date=20250614T165805, start_date=20250614T165814, end_date=20250614T165814
[2025-06-14T16:58:14.901+0000] {local_task_job_runner.py:240} INFO - Task exited with return code 0
[2025-06-14T16:58:14.995+0000] {taskinstance.py:3498} INFO - 0 downstream tasks scheduled from follow-on schedule check
[2025-06-14T16:58:15.003+0000] {local_task_job_runner.py:222} INFO - ::endgroup::
