[2025-06-18T13:42:46.815+0000] {local_task_job_runner.py:120} INFO - ::group::Pre task execution logs
[2025-06-18T13:42:46.879+0000] {taskinstance.py:2076} INFO - Dependencies all met for dep_context=non-requeueable deps ti=<TaskInstance: usdpkr_forecasting_modular.fetch_m2 manual__2025-06-18T13:42:41.957789+00:00 [queued]>
[2025-06-18T13:42:46.893+0000] {taskinstance.py:2076} INFO - Dependencies all met for dep_context=requeueable deps ti=<TaskInstance: usdpkr_forecasting_modular.fetch_m2 manual__2025-06-18T13:42:41.957789+00:00 [queued]>
[2025-06-18T13:42:46.897+0000] {taskinstance.py:2306} INFO - Starting attempt 1 of 3
[2025-06-18T13:42:46.918+0000] {taskinstance.py:2330} INFO - Executing <Task(PythonOperator): fetch_m2> on 2025-06-18 13:42:41.957789+00:00
[2025-06-18T13:42:46.929+0000] {standard_task_runner.py:63} INFO - Started process 8922 to run task
[2025-06-18T13:42:46.943+0000] {standard_task_runner.py:90} INFO - Running: ['***', 'tasks', 'run', 'usdpkr_forecasting_modular', 'fetch_m2', 'manual__2025-06-18T13:42:41.957789+00:00', '--job-id', '791', '--raw', '--subdir', 'DAGS_FOLDER/usdpkr_forecasting_dag.py', '--cfg-path', '/tmp/tmpjkl0avxg']
[2025-06-18T13:42:46.950+0000] {standard_task_runner.py:91} INFO - Job 791: Subtask fetch_m2
[2025-06-18T13:42:47.055+0000] {task_command.py:426} INFO - Running <TaskInstance: usdpkr_forecasting_modular.fetch_m2 manual__2025-06-18T13:42:41.957789+00:00 [running]> on host 9c4806d77c92
[2025-06-18T13:42:47.192+0000] {taskinstance.py:2648} INFO - Exporting env vars: AIRFLOW_CTX_DAG_OWNER='***' AIRFLOW_CTX_DAG_ID='usdpkr_forecasting_modular' AIRFLOW_CTX_TASK_ID='fetch_m2' AIRFLOW_CTX_EXECUTION_DATE='2025-06-18T13:42:41.957789+00:00' AIRFLOW_CTX_TRY_NUMBER='1' AIRFLOW_CTX_DAG_RUN_ID='manual__2025-06-18T13:42:41.957789+00:00'
[2025-06-18T13:42:47.196+0000] {taskinstance.py:430} INFO - ::endgroup::
[2025-06-18T13:42:47.213+0000] {ingest.py:193} INFO - Generating placeholder data for SBP series: M2...
[2025-06-18T13:42:47.287+0000] {ingest.py:214} INFO - Saved placeholder M2 data to /opt/***/data/raw/M2.csv
[2025-06-18T13:42:47.289+0000] {ingest.py:215} INFO - Date range: 2005-06-30 to 2025-05-31
[2025-06-18T13:42:47.290+0000] {python.py:237} INFO - Done. Returned value was: /opt/***/data/raw/M2.csv
[2025-06-18T13:42:47.293+0000] {taskinstance.py:441} INFO - ::group::Post task execution logs
[2025-06-18T13:42:47.349+0000] {taskinstance.py:1206} INFO - Marking task as SUCCESS. dag_id=usdpkr_forecasting_modular, task_id=fetch_m2, run_id=manual__2025-06-18T13:42:41.957789+00:00, execution_date=20250618T134241, start_date=20250618T134246, end_date=20250618T134247
[2025-06-18T13:42:47.392+0000] {local_task_job_runner.py:240} INFO - Task exited with return code 0
[2025-06-18T13:42:47.442+0000] {taskinstance.py:3498} INFO - 0 downstream tasks scheduled from follow-on schedule check
[2025-06-18T13:42:47.446+0000] {local_task_job_runner.py:222} INFO - ::endgroup::
