[2025-06-18T12:58:50.815+0000] {local_task_job_runner.py:120} INFO - ::group::Pre task execution logs
[2025-06-18T12:58:50.914+0000] {taskinstance.py:2076} INFO - Dependencies all met for dep_context=non-requeueable deps ti=<TaskInstance: usdpkr_forecasting_modular.fetch_usdpkr manual__2025-06-18T12:58:43.512936+00:00 [queued]>
[2025-06-18T12:58:50.951+0000] {taskinstance.py:2076} INFO - Dependencies all met for dep_context=requeueable deps ti=<TaskInstance: usdpkr_forecasting_modular.fetch_usdpkr manual__2025-06-18T12:58:43.512936+00:00 [queued]>
[2025-06-18T12:58:50.966+0000] {taskinstance.py:2306} INFO - Starting attempt 1 of 6
[2025-06-18T12:58:51.076+0000] {taskinstance.py:2330} INFO - Executing <Task(PythonOperator): fetch_usdpkr> on 2025-06-18 12:58:43.512936+00:00
[2025-06-18T12:58:51.112+0000] {standard_task_runner.py:63} INFO - Started process 6654 to run task
[2025-06-18T12:58:51.118+0000] {standard_task_runner.py:90} INFO - Running: ['***', 'tasks', 'run', 'usdpkr_forecasting_modular', 'fetch_usdpkr', 'manual__2025-06-18T12:58:43.512936+00:00', '--job-id', '702', '--raw', '--subdir', 'DAGS_FOLDER/usdpkr_forecasting_dag.py', '--cfg-path', '/tmp/tmpdrymg5tt']
[2025-06-18T12:58:51.147+0000] {standard_task_runner.py:91} INFO - Job 702: Subtask fetch_usdpkr
[2025-06-18T12:58:51.375+0000] {task_command.py:426} INFO - Running <TaskInstance: usdpkr_forecasting_modular.fetch_usdpkr manual__2025-06-18T12:58:43.512936+00:00 [running]> on host 9c4806d77c92
[2025-06-18T12:58:51.679+0000] {taskinstance.py:2648} INFO - Exporting env vars: AIRFLOW_CTX_DAG_OWNER='***' AIRFLOW_CTX_DAG_ID='usdpkr_forecasting_modular' AIRFLOW_CTX_TASK_ID='fetch_usdpkr' AIRFLOW_CTX_EXECUTION_DATE='2025-06-18T12:58:43.512936+00:00' AIRFLOW_CTX_TRY_NUMBER='1' AIRFLOW_CTX_DAG_RUN_ID='manual__2025-06-18T12:58:43.512936+00:00'
[2025-06-18T12:58:51.687+0000] {taskinstance.py:430} INFO - ::endgroup::
[2025-06-18T12:58:51.717+0000] {ingest.py:65} INFO - Fetching PKR=X from Yahoo Finance...
[2025-06-18T12:58:54.635+0000] {ingest.py:106} INFO - Saved PKR=X data to /opt/***/data/raw/USDPKR.csv
[2025-06-18T12:58:54.636+0000] {ingest.py:107} INFO - Date range: 2002-04-30 to 2025-06-30
[2025-06-18T12:58:54.636+0000] {python.py:237} INFO - Done. Returned value was: /opt/***/data/raw/USDPKR.csv
[2025-06-18T12:58:54.637+0000] {taskinstance.py:441} INFO - ::group::Post task execution logs
[2025-06-18T12:58:54.659+0000] {taskinstance.py:1206} INFO - Marking task as SUCCESS. dag_id=usdpkr_forecasting_modular, task_id=fetch_usdpkr, run_id=manual__2025-06-18T12:58:43.512936+00:00, execution_date=20250618T125843, start_date=20250618T125850, end_date=20250618T125854
[2025-06-18T12:58:54.706+0000] {local_task_job_runner.py:240} INFO - Task exited with return code 0
[2025-06-18T12:58:54.739+0000] {taskinstance.py:3498} INFO - 0 downstream tasks scheduled from follow-on schedule check
[2025-06-18T12:58:54.741+0000] {local_task_job_runner.py:222} INFO - ::endgroup::
