[2025-06-18T13:24:45.871+0000] {local_task_job_runner.py:120} INFO - ::group::Pre task execution logs
[2025-06-18T13:24:45.900+0000] {taskinstance.py:2076} INFO - Dependencies all met for dep_context=non-requeueable deps ti=<TaskInstance: usdpkr_forecasting_modular.prepare_data manual__2025-06-18T13:24:27.904551+00:00 [queued]>
[2025-06-18T13:24:45.910+0000] {taskinstance.py:2076} INFO - Dependencies all met for dep_context=requeueable deps ti=<TaskInstance: usdpkr_forecasting_modular.prepare_data manual__2025-06-18T13:24:27.904551+00:00 [queued]>
[2025-06-18T13:24:45.910+0000] {taskinstance.py:2306} INFO - Starting attempt 1 of 4
[2025-06-18T13:24:45.925+0000] {taskinstance.py:2330} INFO - Executing <Task(PythonOperator): prepare_data> on 2025-06-18 13:24:27.904551+00:00
[2025-06-18T13:24:45.932+0000] {standard_task_runner.py:63} INFO - Started process 7732 to run task
[2025-06-18T13:24:45.934+0000] {standard_task_runner.py:90} INFO - Running: ['***', 'tasks', 'run', 'usdpkr_forecasting_modular', 'prepare_data', 'manual__2025-06-18T13:24:27.904551+00:00', '--job-id', '730', '--raw', '--subdir', 'DAGS_FOLDER/usdpkr_forecasting_dag.py', '--cfg-path', '/tmp/tmp1k4nlkx2']
[2025-06-18T13:24:45.937+0000] {standard_task_runner.py:91} INFO - Job 730: Subtask prepare_data
[2025-06-18T13:24:45.979+0000] {task_command.py:426} INFO - Running <TaskInstance: usdpkr_forecasting_modular.prepare_data manual__2025-06-18T13:24:27.904551+00:00 [running]> on host 9c4806d77c92
[2025-06-18T13:24:46.063+0000] {taskinstance.py:2648} INFO - Exporting env vars: AIRFLOW_CTX_DAG_OWNER='***' AIRFLOW_CTX_DAG_ID='usdpkr_forecasting_modular' AIRFLOW_CTX_TASK_ID='prepare_data' AIRFLOW_CTX_EXECUTION_DATE='2025-06-18T13:24:27.904551+00:00' AIRFLOW_CTX_TRY_NUMBER='1' AIRFLOW_CTX_DAG_RUN_ID='manual__2025-06-18T13:24:27.904551+00:00'
[2025-06-18T13:24:46.065+0000] {taskinstance.py:430} INFO - ::endgroup::
[2025-06-18T13:24:46.077+0000] {transform.py:368} INFO - Loading DataFrame from path: /opt/***/data/raw/engineered_features.csv
[2025-06-18T13:24:46.099+0000] {logging_mixin.py:188} INFO - Loaded engineered features shape: (234, 52)
[2025-06-18T13:24:46.100+0000] {logging_mixin.py:188} INFO - Columns: ['DATE', 'GOLD', 'FOREX_RESERVES', 'INFLATION_YOY', 'OIL', 'INTEREST_RATE', 'KSE100', 'USDPKR', 'M2', 'YEAR', 'MONTH', 'QUARTER', 'FOREX_RESERVES_naflag', 'INFLATION_YOY_naflag', 'INTEREST_RATE_naflag', 'KSE100_naflag', 'M2_naflag', 'MONTH_SIN', 'MONTH_COS', 'USDPKR_diff', 'REAL_INTEREST', 'OIL_IN_PKR', 'KSE100_lag1', 'KSE100_lag3', 'KSE100_lag12', 'INFLATION_YOY_lag1', 'INFLATION_YOY_lag3', 'INFLATION_YOY_lag12', 'INTEREST_RATE_lag1', 'INTEREST_RATE_lag3', 'INTEREST_RATE_lag12', 'USDPKR_lag1', 'USDPKR_lag3', 'USDPKR_lag12', 'OIL_lag1', 'OIL_lag3', 'OIL_lag12', 'FOREX_RESERVES_lag1', 'FOREX_RESERVES_lag3', 'FOREX_RESERVES_lag12', 'GOLD_lag1', 'GOLD_lag3', 'GOLD_lag12', 'M2_lag1', 'M2_lag3', 'M2_lag12', 'KSE100_roll_mean3', 'KSE100_roll_std3', 'OIL_roll_mean3', 'OIL_roll_std3', 'GOLD_roll_mean3', 'GOLD_roll_std3']
[2025-06-18T13:24:46.141+0000] {logging_mixin.py:188} INFO - First few rows:
         DATE        GOLD  ...  GOLD_roll_mean3  GOLD_roll_std3
0  2006-01-01  570.799988  ...       492.266663       26.078393
1  2006-02-01  561.599976  ...       527.499990       39.150090
2  2006-03-01  581.799988  ...       549.833313       28.718698
3  2006-04-01  651.799988  ...       571.399984       10.113363
4  2006-05-01  642.500000  ...       598.399984       47.335826

[5 rows x 52 columns]
[2025-06-18T13:24:46.143+0000] {logging_mixin.py:188} INFO - train_size: 187
[2025-06-18T13:24:46.144+0000] {logging_mixin.py:188} INFO - X_train shape: (187, 50), y_train shape: (187,)
[2025-06-18T13:24:46.171+0000] {python.py:237} INFO - Done. Returned value was: ('/opt/***/data/models/X_train.csv', '/opt/***/data/models/y_train.csv')
[2025-06-18T13:24:46.172+0000] {taskinstance.py:441} INFO - ::group::Post task execution logs
[2025-06-18T13:24:46.193+0000] {taskinstance.py:1206} INFO - Marking task as SUCCESS. dag_id=usdpkr_forecasting_modular, task_id=prepare_data, run_id=manual__2025-06-18T13:24:27.904551+00:00, execution_date=20250618T132427, start_date=20250618T132445, end_date=20250618T132446
[2025-06-18T13:24:46.227+0000] {local_task_job_runner.py:240} INFO - Task exited with return code 0
[2025-06-18T13:24:46.252+0000] {taskinstance.py:3498} INFO - 2 downstream tasks scheduled from follow-on schedule check
[2025-06-18T13:24:46.254+0000] {local_task_job_runner.py:222} INFO - ::endgroup::
