[2025-06-18T10:55:08.947+0000] {local_task_job_runner.py:120} INFO - ::group::Pre task execution logs
[2025-06-18T10:55:09.081+0000] {taskinstance.py:2076} INFO - Dependencies all met for dep_context=non-requeueable deps ti=<TaskInstance: usdpkr_forecasting_modular.fetch_forex_reserves manual__2025-06-18T10:55:02.444501+00:00 [queued]>
[2025-06-18T10:55:09.142+0000] {taskinstance.py:2076} INFO - Dependencies all met for dep_context=requeueable deps ti=<TaskInstance: usdpkr_forecasting_modular.fetch_forex_reserves manual__2025-06-18T10:55:02.444501+00:00 [queued]>
[2025-06-18T10:55:09.179+0000] {taskinstance.py:2306} INFO - Starting attempt 1 of 3
[2025-06-18T10:55:09.240+0000] {taskinstance.py:2330} INFO - Executing <Task(PythonOperator): fetch_forex_reserves> on 2025-06-18 10:55:02.444501+00:00
[2025-06-18T10:55:09.253+0000] {standard_task_runner.py:63} INFO - Started process 1454 to run task
[2025-06-18T10:55:09.262+0000] {standard_task_runner.py:90} INFO - Running: ['***', 'tasks', 'run', 'usdpkr_forecasting_modular', 'fetch_forex_reserves', 'manual__2025-06-18T10:55:02.444501+00:00', '--job-id', '573', '--raw', '--subdir', 'DAGS_FOLDER/usdpkr_forecasting_dag.py', '--cfg-path', '/tmp/tmp9cs15v3r']
[2025-06-18T10:55:09.281+0000] {standard_task_runner.py:91} INFO - Job 573: Subtask fetch_forex_reserves
[2025-06-18T10:55:09.534+0000] {task_command.py:426} INFO - Running <TaskInstance: usdpkr_forecasting_modular.fetch_forex_reserves manual__2025-06-18T10:55:02.444501+00:00 [running]> on host 9c4806d77c92
[2025-06-18T10:55:09.829+0000] {taskinstance.py:2648} INFO - Exporting env vars: AIRFLOW_CTX_DAG_OWNER='***' AIRFLOW_CTX_DAG_ID='usdpkr_forecasting_modular' AIRFLOW_CTX_TASK_ID='fetch_forex_reserves' AIRFLOW_CTX_EXECUTION_DATE='2025-06-18T10:55:02.444501+00:00' AIRFLOW_CTX_TRY_NUMBER='1' AIRFLOW_CTX_DAG_RUN_ID='manual__2025-06-18T10:55:02.444501+00:00'
[2025-06-18T10:55:09.838+0000] {taskinstance.py:430} INFO - ::endgroup::
[2025-06-18T10:55:09.933+0000] {ingest.py:193} INFO - Generating placeholder data for SBP series: FOREX_RESERVES...
[2025-06-18T10:55:10.080+0000] {ingest.py:214} INFO - Saved placeholder FOREX_RESERVES data to /opt/***/data/raw/FOREX_RESERVES.csv
[2025-06-18T10:55:10.093+0000] {ingest.py:215} INFO - Date range: 2005-06-30 to 2025-05-31
[2025-06-18T10:55:10.093+0000] {python.py:237} INFO - Done. Returned value was: /opt/***/data/raw/FOREX_RESERVES.csv
[2025-06-18T10:55:10.097+0000] {taskinstance.py:441} INFO - ::group::Post task execution logs
[2025-06-18T10:55:10.165+0000] {taskinstance.py:1206} INFO - Marking task as SUCCESS. dag_id=usdpkr_forecasting_modular, task_id=fetch_forex_reserves, run_id=manual__2025-06-18T10:55:02.444501+00:00, execution_date=20250618T105502, start_date=20250618T105509, end_date=20250618T105510
[2025-06-18T10:55:10.305+0000] {local_task_job_runner.py:240} INFO - Task exited with return code 0
[2025-06-18T10:55:10.374+0000] {taskinstance.py:3498} INFO - 0 downstream tasks scheduled from follow-on schedule check
[2025-06-18T10:55:10.443+0000] {local_task_job_runner.py:222} INFO - ::endgroup::
