[2025-06-18T13:47:55.143+0000] {local_task_job_runner.py:120} INFO - ::group::Pre task execution logs
[2025-06-18T13:47:55.176+0000] {taskinstance.py:2076} INFO - Dependencies all met for dep_context=non-requeueable deps ti=<TaskInstance: usdpkr_forecasting_modular.train_lasso manual__2025-06-18T13:47:33.602311+00:00 [queued]>
[2025-06-18T13:47:55.186+0000] {taskinstance.py:2076} INFO - Dependencies all met for dep_context=requeueable deps ti=<TaskInstance: usdpkr_forecasting_modular.train_lasso manual__2025-06-18T13:47:33.602311+00:00 [queued]>
[2025-06-18T13:47:55.187+0000] {taskinstance.py:2306} INFO - Starting attempt 1 of 3
[2025-06-18T13:47:55.203+0000] {taskinstance.py:2330} INFO - Executing <Task(PythonOperator): train_lasso> on 2025-06-18 13:47:33.602311+00:00
[2025-06-18T13:47:55.209+0000] {standard_task_runner.py:63} INFO - Started process 9349 to run task
[2025-06-18T13:47:55.212+0000] {standard_task_runner.py:90} INFO - Running: ['***', 'tasks', 'run', 'usdpkr_forecasting_modular', 'train_lasso', 'manual__2025-06-18T13:47:33.602311+00:00', '--job-id', '824', '--raw', '--subdir', 'DAGS_FOLDER/usdpkr_forecasting_dag.py', '--cfg-path', '/tmp/tmp463hvuwy']
[2025-06-18T13:47:55.216+0000] {standard_task_runner.py:91} INFO - Job 824: Subtask train_lasso
[2025-06-18T13:47:55.262+0000] {task_command.py:426} INFO - Running <TaskInstance: usdpkr_forecasting_modular.train_lasso manual__2025-06-18T13:47:33.602311+00:00 [running]> on host 9c4806d77c92
[2025-06-18T13:47:55.381+0000] {taskinstance.py:2648} INFO - Exporting env vars: AIRFLOW_CTX_DAG_OWNER='***' AIRFLOW_CTX_DAG_ID='usdpkr_forecasting_modular' AIRFLOW_CTX_TASK_ID='train_lasso' AIRFLOW_CTX_EXECUTION_DATE='2025-06-18T13:47:33.602311+00:00' AIRFLOW_CTX_TRY_NUMBER='1' AIRFLOW_CTX_DAG_RUN_ID='manual__2025-06-18T13:47:33.602311+00:00'
[2025-06-18T13:47:55.383+0000] {taskinstance.py:430} INFO - ::endgroup::
[2025-06-18T13:47:55.397+0000] {model_steps.py:831} ERROR - Error in train_lasso_model: invalid load key, 'f'.
[2025-06-18T13:47:55.398+0000] {taskinstance.py:441} INFO - ::group::Post task execution logs
[2025-06-18T13:47:55.398+0000] {taskinstance.py:2905} ERROR - Task failed with exception
Traceback (most recent call last):
  File "/home/airflow/.local/lib/python3.12/site-packages/airflow/models/taskinstance.py", line 465, in _execute_task
    result = _execute_callable(context=context, **execute_callable_kwargs)
             ^^^^^^^^^^^^^^^^^^^^^^^^^^^^^^^^^^^^^^^^^^^^^^^^^^^^^^^^^^^^^
  File "/home/airflow/.local/lib/python3.12/site-packages/airflow/models/taskinstance.py", line 432, in _execute_callable
    return execute_callable(context=context, **execute_callable_kwargs)
           ^^^^^^^^^^^^^^^^^^^^^^^^^^^^^^^^^^^^^^^^^^^^^^^^^^^^^^^^^^^^
  File "/home/airflow/.local/lib/python3.12/site-packages/airflow/models/baseoperator.py", line 400, in wrapper
    return func(self, *args, **kwargs)
           ^^^^^^^^^^^^^^^^^^^^^^^^^^^
  File "/home/airflow/.local/lib/python3.12/site-packages/airflow/operators/python.py", line 235, in execute
    return_value = self.execute_callable()
                   ^^^^^^^^^^^^^^^^^^^^^^^
  File "/home/airflow/.local/lib/python3.12/site-packages/airflow/operators/python.py", line 252, in execute_callable
    return self.python_callable(*self.op_args, **self.op_kwargs)
           ^^^^^^^^^^^^^^^^^^^^^^^^^^^^^^^^^^^^^^^^^^^^^^^^^^^^^
  File "/opt/airflow/dags/inflation_modules/model_steps.py", line 798, in train_lasso_model
    selected_data = pickle.load(f)
                    ^^^^^^^^^^^^^^
_pickle.UnpicklingError: invalid load key, 'f'.
[2025-06-18T13:47:55.410+0000] {taskinstance.py:1206} INFO - Marking task as UP_FOR_RETRY. dag_id=usdpkr_forecasting_modular, task_id=train_lasso, run_id=manual__2025-06-18T13:47:33.602311+00:00, execution_date=20250618T134733, start_date=20250618T134755, end_date=20250618T134755
[2025-06-18T13:47:55.422+0000] {standard_task_runner.py:110} ERROR - Failed to execute job 824 for task train_lasso (invalid load key, 'f'.; 9349)
[2025-06-18T13:47:55.466+0000] {local_task_job_runner.py:240} INFO - Task exited with return code 1
[2025-06-18T13:47:55.474+0000] {local_task_job_runner.py:222} INFO - ::endgroup::
