[2025-06-18T15:16:58.253+0000] {local_task_job_runner.py:120} INFO - ::group::Pre task execution logs
[2025-06-18T15:16:58.354+0000] {taskinstance.py:2076} INFO - Dependencies all met for dep_context=non-requeueable deps ti=<TaskInstance: kse100_forecasting.fetch_m2 scheduled__2025-05-01T00:00:00+00:00 [queued]>
[2025-06-18T15:16:58.380+0000] {taskinstance.py:2076} INFO - Dependencies all met for dep_context=requeueable deps ti=<TaskInstance: kse100_forecasting.fetch_m2 scheduled__2025-05-01T00:00:00+00:00 [queued]>
[2025-06-18T15:16:58.381+0000] {taskinstance.py:2306} INFO - Starting attempt 1 of 3
[2025-06-18T15:16:58.428+0000] {taskinstance.py:2330} INFO - Executing <Task(PythonOperator): fetch_m2> on 2025-05-01 00:00:00+00:00
[2025-06-18T15:16:58.452+0000] {standard_task_runner.py:63} INFO - Started process 575 to run task
[2025-06-18T15:16:58.462+0000] {standard_task_runner.py:90} INFO - Running: ['***', 'tasks', 'run', 'kse100_forecasting', 'fetch_m2', 'scheduled__2025-05-01T00:00:00+00:00', '--job-id', '884', '--raw', '--subdir', 'DAGS_FOLDER/inflation_forecasting_dag.py', '--cfg-path', '/tmp/tmpi1ex7st8']
[2025-06-18T15:16:58.465+0000] {standard_task_runner.py:91} INFO - Job 884: Subtask fetch_m2
[2025-06-18T15:16:58.559+0000] {task_command.py:426} INFO - Running <TaskInstance: kse100_forecasting.fetch_m2 scheduled__2025-05-01T00:00:00+00:00 [running]> on host f55656462970
[2025-06-18T15:16:58.656+0000] {taskinstance.py:2648} INFO - Exporting env vars: AIRFLOW_CTX_DAG_OWNER='***' AIRFLOW_CTX_DAG_ID='kse100_forecasting' AIRFLOW_CTX_TASK_ID='fetch_m2' AIRFLOW_CTX_EXECUTION_DATE='2025-05-01T00:00:00+00:00' AIRFLOW_CTX_TRY_NUMBER='1' AIRFLOW_CTX_DAG_RUN_ID='scheduled__2025-05-01T00:00:00+00:00'
[2025-06-18T15:16:58.657+0000] {taskinstance.py:430} INFO - ::endgroup::
[2025-06-18T15:16:58.672+0000] {ingest.py:193} INFO - Generating placeholder data for SBP series: M2...
[2025-06-18T15:16:58.702+0000] {ingest.py:214} INFO - Saved placeholder M2 data to /opt/***/data/raw/M2.csv
[2025-06-18T15:16:58.703+0000] {ingest.py:215} INFO - Date range: 2005-06-30 to 2025-05-31
[2025-06-18T15:16:58.703+0000] {python.py:237} INFO - Done. Returned value was: /opt/***/data/raw/M2.csv
[2025-06-18T15:16:58.705+0000] {taskinstance.py:441} INFO - ::group::Post task execution logs
[2025-06-18T15:16:58.729+0000] {taskinstance.py:1206} INFO - Marking task as SUCCESS. dag_id=kse100_forecasting, task_id=fetch_m2, run_id=scheduled__2025-05-01T00:00:00+00:00, execution_date=20250501T000000, start_date=20250618T151658, end_date=20250618T151658
[2025-06-18T15:16:58.758+0000] {local_task_job_runner.py:240} INFO - Task exited with return code 0
[2025-06-18T15:16:58.791+0000] {taskinstance.py:3498} INFO - 0 downstream tasks scheduled from follow-on schedule check
[2025-06-18T15:16:58.797+0000] {local_task_job_runner.py:222} INFO - ::endgroup::
