[2025-06-19T10:40:17.698+0000] {local_task_job_runner.py:120} INFO - ::group::Pre task execution logs
[2025-06-19T10:40:17.827+0000] {taskinstance.py:2076} INFO - Dependencies all met for dep_context=non-requeueable deps ti=<TaskInstance: kse100_forecasting.fetch_inflation manual__2025-06-19T10:40:08.644278+00:00 [queued]>
[2025-06-19T10:40:17.891+0000] {taskinstance.py:2076} INFO - Dependencies all met for dep_context=requeueable deps ti=<TaskInstance: kse100_forecasting.fetch_inflation manual__2025-06-19T10:40:08.644278+00:00 [queued]>
[2025-06-19T10:40:17.896+0000] {taskinstance.py:2306} INFO - Starting attempt 1 of 6
[2025-06-19T10:40:17.933+0000] {taskinstance.py:2330} INFO - Executing <Task(PythonOperator): fetch_inflation> on 2025-06-19 10:40:08.644278+00:00
[2025-06-19T10:40:17.953+0000] {standard_task_runner.py:63} INFO - Started process 5196 to run task
[2025-06-19T10:40:17.959+0000] {standard_task_runner.py:90} INFO - Running: ['***', 'tasks', 'run', 'kse100_forecasting', 'fetch_inflation', 'manual__2025-06-19T10:40:08.644278+00:00', '--job-id', '1173', '--raw', '--subdir', 'DAGS_FOLDER/kse100_forecasting_dag.py', '--cfg-path', '/tmp/tmpwrmgbu7n']
[2025-06-19T10:40:17.962+0000] {standard_task_runner.py:91} INFO - Job 1173: Subtask fetch_inflation
[2025-06-19T10:40:18.067+0000] {task_command.py:426} INFO - Running <TaskInstance: kse100_forecasting.fetch_inflation manual__2025-06-19T10:40:08.644278+00:00 [running]> on host fb048d2dbcb2
[2025-06-19T10:40:18.243+0000] {taskinstance.py:2648} INFO - Exporting env vars: AIRFLOW_CTX_DAG_OWNER='***' AIRFLOW_CTX_DAG_ID='kse100_forecasting' AIRFLOW_CTX_TASK_ID='fetch_inflation' AIRFLOW_CTX_EXECUTION_DATE='2025-06-19T10:40:08.644278+00:00' AIRFLOW_CTX_TRY_NUMBER='1' AIRFLOW_CTX_DAG_RUN_ID='manual__2025-06-19T10:40:08.644278+00:00'
[2025-06-19T10:40:18.244+0000] {taskinstance.py:430} INFO - ::endgroup::
[2025-06-19T10:40:18.256+0000] {ingest.py:130} INFO - Fetching 'INFLATION_YOY' from IMF (ID: PCPI_IX)...
[2025-06-19T10:40:19.088+0000] {ingest.py:171} INFO - Saved INFLATION_YOY data to /opt/***/dataKse/raw/INFLATION.csv
[2025-06-19T10:40:19.089+0000] {ingest.py:172} INFO - Date range: 1957-01-01 to 2025-05-01
[2025-06-19T10:40:19.090+0000] {python.py:237} INFO - Done. Returned value was: /opt/***/dataKse/raw/INFLATION.csv
[2025-06-19T10:40:19.090+0000] {taskinstance.py:441} INFO - ::group::Post task execution logs
[2025-06-19T10:40:19.111+0000] {taskinstance.py:1206} INFO - Marking task as SUCCESS. dag_id=kse100_forecasting, task_id=fetch_inflation, run_id=manual__2025-06-19T10:40:08.644278+00:00, execution_date=20250619T104008, start_date=20250619T104017, end_date=20250619T104019
[2025-06-19T10:40:19.164+0000] {local_task_job_runner.py:240} INFO - Task exited with return code 0
[2025-06-19T10:40:19.188+0000] {taskinstance.py:3498} INFO - 0 downstream tasks scheduled from follow-on schedule check
[2025-06-19T10:40:19.190+0000] {local_task_job_runner.py:222} INFO - ::endgroup::
