[2025-05-13T20:01:10.474+0000] {local_task_job_runner.py:120} INFO - ::group::Pre task execution logs
[2025-05-13T20:01:10.505+0000] {taskinstance.py:2076} INFO - Dependencies all met for dep_context=non-requeueable deps ti=<TaskInstance: inflation_forecasting.transform_data manual__2025-05-13T20:00:58.979443+00:00 [queued]>
[2025-05-13T20:01:10.515+0000] {taskinstance.py:2076} INFO - Dependencies all met for dep_context=requeueable deps ti=<TaskInstance: inflation_forecasting.transform_data manual__2025-05-13T20:00:58.979443+00:00 [queued]>
[2025-05-13T20:01:10.516+0000] {taskinstance.py:2306} INFO - Starting attempt 1 of 1
[2025-05-13T20:01:10.530+0000] {taskinstance.py:2330} INFO - Executing <Task(PythonOperator): transform_data> on 2025-05-13 20:00:58.979443+00:00
[2025-05-13T20:01:10.539+0000] {standard_task_runner.py:90} INFO - Running: ['***', 'tasks', 'run', 'inflation_forecasting', 'transform_data', 'manual__2025-05-13T20:00:58.979443+00:00', '--job-id', '156', '--raw', '--subdir', 'DAGS_FOLDER/inflation_forecasting_dag.py', '--cfg-path', '/tmp/tmpnboqydki']
[2025-05-13T20:01:10.541+0000] {logging_mixin.py:188} WARNING - /home/***/.local/lib/python3.12/site-packages/***/task/task_runner/standard_task_runner.py:61 DeprecationWarning: This process (pid=1444) is multi-threaded, use of fork() may lead to deadlocks in the child.
[2025-05-13T20:01:10.542+0000] {standard_task_runner.py:91} INFO - Job 156: Subtask transform_data
[2025-05-13T20:01:10.542+0000] {standard_task_runner.py:63} INFO - Started process 1460 to run task
[2025-05-13T20:01:10.578+0000] {logging_mixin.py:188} WARNING - /home/***/.local/lib/python3.12/site-packages/***/settings.py:195 DeprecationWarning: The sql_alchemy_conn option in [core] has been moved to the sql_alchemy_conn option in [database] - the old setting has been used, but please update your config.
[2025-05-13T20:01:10.618+0000] {task_command.py:426} INFO - Running <TaskInstance: inflation_forecasting.transform_data manual__2025-05-13T20:00:58.979443+00:00 [running]> on host bab02daaed98
[2025-05-13T20:01:10.933+0000] {taskinstance.py:2648} INFO - Exporting env vars: AIRFLOW_CTX_DAG_OWNER='***' AIRFLOW_CTX_DAG_ID='inflation_forecasting' AIRFLOW_CTX_TASK_ID='transform_data' AIRFLOW_CTX_EXECUTION_DATE='2025-05-13T20:00:58.979443+00:00' AIRFLOW_CTX_TRY_NUMBER='1' AIRFLOW_CTX_DAG_RUN_ID='manual__2025-05-13T20:00:58.979443+00:00'
[2025-05-13T20:01:10.934+0000] {taskinstance.py:430} INFO - ::endgroup::
[2025-05-13T20:01:10.946+0000] {logging_mixin.py:188} INFO - Loading data...
[2025-05-13T20:01:10.955+0000] {logging_mixin.py:188} INFO - Loaded CPI.csv with 830 rows from 1955-02-01 to 2024-03-01
[2025-05-13T20:01:10.959+0000] {logging_mixin.py:188} INFO - Loaded DCOILWTICO.csv with 473 rows from 1986-01-31 to 2025-05-31
[2025-05-13T20:01:10.964+0000] {logging_mixin.py:188} INFO - Loaded FEDFUNDS.csv with 850 rows from 1954-07-01 to 2025-04-01
[2025-05-13T20:01:10.968+0000] {logging_mixin.py:188} INFO - Loaded M2SL.csv with 795 rows from 1959-01-01 to 2025-03-01
[2025-05-13T20:01:10.972+0000] {logging_mixin.py:188} INFO - Loaded PERMIT.csv with 783 rows from 1960-01-01 to 2025-03-01
[2025-05-13T20:01:10.977+0000] {logging_mixin.py:188} INFO - Loaded PPIACO.csv with 1347 rows from 1913-01-01 to 2025-03-01
[2025-05-13T20:01:10.978+0000] {logging_mixin.py:188} INFO - Preprocessing dataframes...
[2025-05-13T20:01:11.123+0000] {logging_mixin.py:188} INFO - Merging dataframes...
[2025-05-13T20:01:11.136+0000] {logging_mixin.py:188} INFO - Performing time series preprocessing...
[2025-05-13T20:01:11.173+0000] {logging_mixin.py:188} INFO - Saving transformed data...
[2025-05-13T20:01:11.265+0000] {logging_mixin.py:188} INFO - Transformed data saved to /opt/***/data/transformed_data.csv
[2025-05-13T20:01:11.265+0000] {logging_mixin.py:188} INFO - Transformation complete!
[2025-05-13T20:01:11.266+0000] {python.py:237} INFO - Done. Returned value was: None
[2025-05-13T20:01:11.266+0000] {taskinstance.py:441} INFO - ::group::Post task execution logs
[2025-05-13T20:01:11.275+0000] {taskinstance.py:1206} INFO - Marking task as SUCCESS. dag_id=inflation_forecasting, task_id=transform_data, run_id=manual__2025-05-13T20:00:58.979443+00:00, execution_date=20250513T200058, start_date=20250513T200110, end_date=20250513T200111
[2025-05-13T20:01:11.318+0000] {local_task_job_runner.py:240} INFO - Task exited with return code 0
[2025-05-13T20:01:11.522+0000] {taskinstance.py:3498} INFO - 1 downstream tasks scheduled from follow-on schedule check
[2025-05-13T20:01:11.524+0000] {local_task_job_runner.py:222} INFO - ::endgroup::
