[2025-05-13T20:01:40.831+0000] {local_task_job_runner.py:120} INFO - ::group::Pre task execution logs
[2025-05-13T20:01:40.865+0000] {taskinstance.py:2076} INFO - Dependencies all met for dep_context=non-requeueable deps ti=<TaskInstance: inflation_forecasting.serialize_model_info manual__2025-05-13T20:00:58.979443+00:00 [queued]>
[2025-05-13T20:01:40.877+0000] {taskinstance.py:2076} INFO - Dependencies all met for dep_context=requeueable deps ti=<TaskInstance: inflation_forecasting.serialize_model_info manual__2025-05-13T20:00:58.979443+00:00 [queued]>
[2025-05-13T20:01:40.877+0000] {taskinstance.py:2306} INFO - Starting attempt 1 of 1
[2025-05-13T20:01:40.892+0000] {taskinstance.py:2330} INFO - Executing <Task(PythonOperator): serialize_model_info> on 2025-05-13 20:00:58.979443+00:00
[2025-05-13T20:01:40.901+0000] {logging_mixin.py:188} WARNING - /home/***/.local/lib/python3.12/site-packages/***/task/task_runner/standard_task_runner.py:61 DeprecationWarning: This process (pid=1584) is multi-threaded, use of fork() may lead to deadlocks in the child.
[2025-05-13T20:01:40.902+0000] {standard_task_runner.py:63} INFO - Started process 1594 to run task
[2025-05-13T20:01:40.901+0000] {standard_task_runner.py:90} INFO - Running: ['***', 'tasks', 'run', 'inflation_forecasting', 'serialize_model_info', 'manual__2025-05-13T20:00:58.979443+00:00', '--job-id', '168', '--raw', '--subdir', 'DAGS_FOLDER/inflation_forecasting_dag.py', '--cfg-path', '/tmp/tmprd1ctva4']
[2025-05-13T20:01:40.903+0000] {standard_task_runner.py:91} INFO - Job 168: Subtask serialize_model_info
[2025-05-13T20:01:40.917+0000] {logging_mixin.py:188} WARNING - /home/***/.local/lib/python3.12/site-packages/***/settings.py:195 DeprecationWarning: The sql_alchemy_conn option in [core] has been moved to the sql_alchemy_conn option in [database] - the old setting has been used, but please update your config.
[2025-05-13T20:01:40.952+0000] {task_command.py:426} INFO - Running <TaskInstance: inflation_forecasting.serialize_model_info manual__2025-05-13T20:00:58.979443+00:00 [running]> on host bab02daaed98
[2025-05-13T20:01:41.246+0000] {taskinstance.py:2648} INFO - Exporting env vars: AIRFLOW_CTX_DAG_OWNER='***' AIRFLOW_CTX_DAG_ID='inflation_forecasting' AIRFLOW_CTX_TASK_ID='serialize_model_info' AIRFLOW_CTX_EXECUTION_DATE='2025-05-13T20:00:58.979443+00:00' AIRFLOW_CTX_TRY_NUMBER='1' AIRFLOW_CTX_DAG_RUN_ID='manual__2025-05-13T20:00:58.979443+00:00'
[2025-05-13T20:01:41.247+0000] {taskinstance.py:430} INFO - ::endgroup::
[2025-05-13T20:01:41.258+0000] {logging_mixin.py:188} INFO - Loading MLR metrics from /opt/***/data/model_output/mlr_metrics.pkl
[2025-05-13T20:01:41.259+0000] {logging_mixin.py:188} INFO - Loading Random Forest metrics from /opt/***/data/model_output/rf_metrics.pkl
[2025-05-13T20:01:41.259+0000] {logging_mixin.py:188} INFO - Loading SVR metrics from /opt/***/data/model_output/svr_metrics.pkl
[2025-05-13T20:01:41.260+0000] {logging_mixin.py:188} INFO - Loading train/test data from /opt/***/data/model_output/train_test_data.pkl
[2025-05-13T20:01:41.282+0000] {logging_mixin.py:188} INFO - Model comparison saved to /opt/***/data/model_output/model_comparison.csv
[2025-05-13T20:01:41.295+0000] {logging_mixin.py:188} INFO - Model predictions saved to /opt/***/data/model_output/model_predictions.csv
[2025-05-13T20:01:41.304+0000] {logging_mixin.py:188} INFO - Model comparison JSON saved to /opt/***/data/model_output/model_comparison.json
[2025-05-13T20:01:41.306+0000] {logging_mixin.py:188} INFO - Model information serialized to /opt/***/data/model_output
[2025-05-13T20:01:41.308+0000] {python.py:237} INFO - Done. Returned value was: /opt/***/data/model_output/model_comparison.csv
[2025-05-13T20:01:41.309+0000] {taskinstance.py:441} INFO - ::group::Post task execution logs
[2025-05-13T20:01:41.338+0000] {taskinstance.py:1206} INFO - Marking task as SUCCESS. dag_id=inflation_forecasting, task_id=serialize_model_info, run_id=manual__2025-05-13T20:00:58.979443+00:00, execution_date=20250513T200058, start_date=20250513T200140, end_date=20250513T200141
[2025-05-13T20:01:41.398+0000] {local_task_job_runner.py:240} INFO - Task exited with return code 0
[2025-05-13T20:01:41.421+0000] {taskinstance.py:3498} INFO - 0 downstream tasks scheduled from follow-on schedule check
[2025-05-13T20:01:41.443+0000] {local_task_job_runner.py:222} INFO - ::endgroup::
