[2025-06-18T15:53:37.660+0000] {local_task_job_runner.py:120} INFO - ::group::Pre task execution logs
[2025-06-18T15:53:37.816+0000] {taskinstance.py:2076} INFO - Dependencies all met for dep_context=non-requeueable deps ti=<TaskInstance: kse100_forecasting.fetch_oil manual__2025-06-18T15:53:30.634843+00:00 [queued]>
[2025-06-18T15:53:37.848+0000] {taskinstance.py:2076} INFO - Dependencies all met for dep_context=requeueable deps ti=<TaskInstance: kse100_forecasting.fetch_oil manual__2025-06-18T15:53:30.634843+00:00 [queued]>
[2025-06-18T15:53:37.848+0000] {taskinstance.py:2306} INFO - Starting attempt 1 of 6
[2025-06-18T15:53:37.885+0000] {taskinstance.py:2330} INFO - Executing <Task(PythonOperator): fetch_oil> on 2025-06-18 15:53:30.634843+00:00
[2025-06-18T15:53:37.894+0000] {standard_task_runner.py:63} INFO - Started process 631 to run task
[2025-06-18T15:53:37.901+0000] {standard_task_runner.py:90} INFO - Running: ['***', 'tasks', 'run', 'kse100_forecasting', 'fetch_oil', 'manual__2025-06-18T15:53:30.634843+00:00', '--job-id', '976', '--raw', '--subdir', 'DAGS_FOLDER/kse100_forecasting_dag.py', '--cfg-path', '/tmp/tmp8rpfoptl']
[2025-06-18T15:53:37.904+0000] {standard_task_runner.py:91} INFO - Job 976: Subtask fetch_oil
[2025-06-18T15:53:38.051+0000] {task_command.py:426} INFO - Running <TaskInstance: kse100_forecasting.fetch_oil manual__2025-06-18T15:53:30.634843+00:00 [running]> on host 57c57e92cb28
[2025-06-18T15:53:38.297+0000] {taskinstance.py:2648} INFO - Exporting env vars: AIRFLOW_CTX_DAG_OWNER='***' AIRFLOW_CTX_DAG_ID='kse100_forecasting' AIRFLOW_CTX_TASK_ID='fetch_oil' AIRFLOW_CTX_EXECUTION_DATE='2025-06-18T15:53:30.634843+00:00' AIRFLOW_CTX_TRY_NUMBER='1' AIRFLOW_CTX_DAG_RUN_ID='manual__2025-06-18T15:53:30.634843+00:00'
[2025-06-18T15:53:38.299+0000] {taskinstance.py:430} INFO - ::endgroup::
[2025-06-18T15:53:38.327+0000] {ingest.py:65} INFO - Fetching CL=F from Yahoo Finance...
[2025-06-18T15:53:42.816+0000] {ingest.py:106} INFO - Saved CL=F data to /opt/***/dataKse/raw/OIL.csv
[2025-06-18T15:53:42.817+0000] {ingest.py:107} INFO - Date range: 2000-08-31 to 2025-06-30
[2025-06-18T15:53:42.818+0000] {python.py:237} INFO - Done. Returned value was: /opt/***/dataKse/raw/OIL.csv
[2025-06-18T15:53:42.818+0000] {taskinstance.py:441} INFO - ::group::Post task execution logs
[2025-06-18T15:53:42.848+0000] {taskinstance.py:1206} INFO - Marking task as SUCCESS. dag_id=kse100_forecasting, task_id=fetch_oil, run_id=manual__2025-06-18T15:53:30.634843+00:00, execution_date=20250618T155330, start_date=20250618T155337, end_date=20250618T155342
[2025-06-18T15:53:42.907+0000] {local_task_job_runner.py:240} INFO - Task exited with return code 0
[2025-06-18T15:53:42.935+0000] {taskinstance.py:3498} INFO - 0 downstream tasks scheduled from follow-on schedule check
[2025-06-18T15:53:42.938+0000] {local_task_job_runner.py:222} INFO - ::endgroup::
