[2025-05-13T20:01:05.149+0000] {local_task_job_runner.py:120} INFO - ::group::Pre task execution logs
[2025-05-13T20:01:05.219+0000] {taskinstance.py:2076} INFO - Dependencies all met for dep_context=non-requeueable deps ti=<TaskInstance: inflation_forecasting.fetch_fedfunds manual__2025-05-13T20:00:58.979443+00:00 [queued]>
[2025-05-13T20:01:05.245+0000] {taskinstance.py:2076} INFO - Dependencies all met for dep_context=requeueable deps ti=<TaskInstance: inflation_forecasting.fetch_fedfunds manual__2025-05-13T20:00:58.979443+00:00 [queued]>
[2025-05-13T20:01:05.248+0000] {taskinstance.py:2306} INFO - Starting attempt 1 of 1
[2025-05-13T20:01:05.301+0000] {taskinstance.py:2330} INFO - Executing <Task(PythonOperator): fetch_fedfunds> on 2025-05-13 20:00:58.979443+00:00
[2025-05-13T20:01:05.321+0000] {logging_mixin.py:188} WARNING - /home/***/.local/lib/python3.12/site-packages/***/task/task_runner/standard_task_runner.py:61 DeprecationWarning: This process (pid=1396) is multi-threaded, use of fork() may lead to deadlocks in the child.
[2025-05-13T20:01:05.325+0000] {standard_task_runner.py:63} INFO - Started process 1442 to run task
[2025-05-13T20:01:05.338+0000] {standard_task_runner.py:90} INFO - Running: ['***', 'tasks', 'run', 'inflation_forecasting', 'fetch_fedfunds', 'manual__2025-05-13T20:00:58.979443+00:00', '--job-id', '154', '--raw', '--subdir', 'DAGS_FOLDER/inflation_forecasting_dag.py', '--cfg-path', '/tmp/tmptusb4fi3']
[2025-05-13T20:01:05.364+0000] {standard_task_runner.py:91} INFO - Job 154: Subtask fetch_fedfunds
[2025-05-13T20:01:05.476+0000] {logging_mixin.py:188} WARNING - /home/***/.local/lib/python3.12/site-packages/***/settings.py:195 DeprecationWarning: The sql_alchemy_conn option in [core] has been moved to the sql_alchemy_conn option in [database] - the old setting has been used, but please update your config.
[2025-05-13T20:01:05.579+0000] {task_command.py:426} INFO - Running <TaskInstance: inflation_forecasting.fetch_fedfunds manual__2025-05-13T20:00:58.979443+00:00 [running]> on host bab02daaed98
[2025-05-13T20:01:06.586+0000] {taskinstance.py:2648} INFO - Exporting env vars: AIRFLOW_CTX_DAG_OWNER='***' AIRFLOW_CTX_DAG_ID='inflation_forecasting' AIRFLOW_CTX_TASK_ID='fetch_fedfunds' AIRFLOW_CTX_EXECUTION_DATE='2025-05-13T20:00:58.979443+00:00' AIRFLOW_CTX_TRY_NUMBER='1' AIRFLOW_CTX_DAG_RUN_ID='manual__2025-05-13T20:00:58.979443+00:00'
[2025-05-13T20:01:06.588+0000] {taskinstance.py:430} INFO - ::endgroup::
[2025-05-13T20:01:07.466+0000] {logging_mixin.py:188} INFO - FEDFUNDS is already monthly with 850 rows
[2025-05-13T20:01:07.467+0000] {logging_mixin.py:188} INFO - Date range for FEDFUNDS: 1954-07-01 00:00:00 to 2025-04-01 00:00:00
[2025-05-13T20:01:07.474+0000] {python.py:237} INFO - Done. Returned value was: None
[2025-05-13T20:01:07.476+0000] {taskinstance.py:441} INFO - ::group::Post task execution logs
[2025-05-13T20:01:07.489+0000] {taskinstance.py:1206} INFO - Marking task as SUCCESS. dag_id=inflation_forecasting, task_id=fetch_fedfunds, run_id=manual__2025-05-13T20:00:58.979443+00:00, execution_date=20250513T200058, start_date=20250513T200105, end_date=20250513T200107
[2025-05-13T20:01:07.528+0000] {local_task_job_runner.py:240} INFO - Task exited with return code 0
[2025-05-13T20:01:07.725+0000] {taskinstance.py:3498} INFO - 0 downstream tasks scheduled from follow-on schedule check
[2025-05-13T20:01:07.727+0000] {local_task_job_runner.py:222} INFO - ::endgroup::
