[2025-05-13T19:32:00.858+0000] {local_task_job_runner.py:120} INFO - ::group::Pre task execution logs
[2025-05-13T19:32:00.953+0000] {taskinstance.py:2076} INFO - Dependencies all met for dep_context=non-requeueable deps ti=<TaskInstance: inflation_forecasting.fetch_permit manual__2025-05-13T19:31:54.364912+00:00 [queued]>
[2025-05-13T19:32:00.971+0000] {taskinstance.py:2076} INFO - Dependencies all met for dep_context=requeueable deps ti=<TaskInstance: inflation_forecasting.fetch_permit manual__2025-05-13T19:31:54.364912+00:00 [queued]>
[2025-05-13T19:32:00.974+0000] {taskinstance.py:2306} INFO - Starting attempt 1 of 1
[2025-05-13T19:32:01.002+0000] {taskinstance.py:2330} INFO - Executing <Task(PythonOperator): fetch_permit> on 2025-05-13 19:31:54.364912+00:00
[2025-05-13T19:32:01.032+0000] {logging_mixin.py:188} WARNING - /home/***/.local/lib/python3.12/site-packages/***/task/task_runner/standard_task_runner.py:61 DeprecationWarning: This process (pid=461) is multi-threaded, use of fork() may lead to deadlocks in the child.
[2025-05-13T19:32:01.034+0000] {standard_task_runner.py:63} INFO - Started process 500 to run task
[2025-05-13T19:32:01.028+0000] {standard_task_runner.py:90} INFO - Running: ['***', 'tasks', 'run', 'inflation_forecasting', 'fetch_permit', 'manual__2025-05-13T19:31:54.364912+00:00', '--job-id', '110', '--raw', '--subdir', 'DAGS_FOLDER/inflation_forecasting_dag.py', '--cfg-path', '/tmp/tmpnhzwc320']
[2025-05-13T19:32:01.040+0000] {standard_task_runner.py:91} INFO - Job 110: Subtask fetch_permit
[2025-05-13T19:32:01.078+0000] {logging_mixin.py:188} WARNING - /home/***/.local/lib/python3.12/site-packages/***/settings.py:195 DeprecationWarning: The sql_alchemy_conn option in [core] has been moved to the sql_alchemy_conn option in [database] - the old setting has been used, but please update your config.
[2025-05-13T19:32:01.139+0000] {task_command.py:426} INFO - Running <TaskInstance: inflation_forecasting.fetch_permit manual__2025-05-13T19:31:54.364912+00:00 [running]> on host bab02daaed98
[2025-05-13T19:32:01.675+0000] {taskinstance.py:2648} INFO - Exporting env vars: AIRFLOW_CTX_DAG_OWNER='***' AIRFLOW_CTX_DAG_ID='inflation_forecasting' AIRFLOW_CTX_TASK_ID='fetch_permit' AIRFLOW_CTX_EXECUTION_DATE='2025-05-13T19:31:54.364912+00:00' AIRFLOW_CTX_TRY_NUMBER='1' AIRFLOW_CTX_DAG_RUN_ID='manual__2025-05-13T19:31:54.364912+00:00'
[2025-05-13T19:32:01.677+0000] {taskinstance.py:430} INFO - ::endgroup::
[2025-05-13T19:32:03.042+0000] {logging_mixin.py:188} INFO - PERMIT is already monthly with 783 rows
[2025-05-13T19:32:03.043+0000] {logging_mixin.py:188} INFO - Date range for PERMIT: 1960-01-01 00:00:00 to 2025-03-01 00:00:00
[2025-05-13T19:32:03.049+0000] {python.py:237} INFO - Done. Returned value was: None
[2025-05-13T19:32:03.050+0000] {taskinstance.py:441} INFO - ::group::Post task execution logs
[2025-05-13T19:32:03.061+0000] {taskinstance.py:1206} INFO - Marking task as SUCCESS. dag_id=inflation_forecasting, task_id=fetch_permit, run_id=manual__2025-05-13T19:31:54.364912+00:00, execution_date=20250513T193154, start_date=20250513T193200, end_date=20250513T193203
[2025-05-13T19:32:03.107+0000] {local_task_job_runner.py:240} INFO - Task exited with return code 0
[2025-05-13T19:32:03.253+0000] {taskinstance.py:3498} INFO - 0 downstream tasks scheduled from follow-on schedule check
[2025-05-13T19:32:03.255+0000] {local_task_job_runner.py:222} INFO - ::endgroup::
