[2025-06-18T13:35:41.797+0000] {local_task_job_runner.py:120} INFO - ::group::Pre task execution logs
[2025-06-18T13:35:41.832+0000] {taskinstance.py:2076} INFO - Dependencies all met for dep_context=non-requeueable deps ti=<TaskInstance: usdpkr_forecasting_modular.fetch_gold manual__2025-06-18T13:35:35.483358+00:00 [queued]>
[2025-06-18T13:35:41.847+0000] {taskinstance.py:2076} INFO - Dependencies all met for dep_context=requeueable deps ti=<TaskInstance: usdpkr_forecasting_modular.fetch_gold manual__2025-06-18T13:35:35.483358+00:00 [queued]>
[2025-06-18T13:35:41.848+0000] {taskinstance.py:2306} INFO - Starting attempt 1 of 6
[2025-06-18T13:35:41.865+0000] {taskinstance.py:2330} INFO - Executing <Task(PythonOperator): fetch_gold> on 2025-06-18 13:35:35.483358+00:00
[2025-06-18T13:35:41.871+0000] {standard_task_runner.py:63} INFO - Started process 8373 to run task
[2025-06-18T13:35:41.874+0000] {standard_task_runner.py:90} INFO - Running: ['***', 'tasks', 'run', 'usdpkr_forecasting_modular', 'fetch_gold', 'manual__2025-06-18T13:35:35.483358+00:00', '--job-id', '761', '--raw', '--subdir', 'DAGS_FOLDER/usdpkr_forecasting_dag.py', '--cfg-path', '/tmp/tmp83uc6k_b']
[2025-06-18T13:35:41.877+0000] {standard_task_runner.py:91} INFO - Job 761: Subtask fetch_gold
[2025-06-18T13:35:41.946+0000] {task_command.py:426} INFO - Running <TaskInstance: usdpkr_forecasting_modular.fetch_gold manual__2025-06-18T13:35:35.483358+00:00 [running]> on host 9c4806d77c92
[2025-06-18T13:35:42.046+0000] {taskinstance.py:2648} INFO - Exporting env vars: AIRFLOW_CTX_DAG_OWNER='***' AIRFLOW_CTX_DAG_ID='usdpkr_forecasting_modular' AIRFLOW_CTX_TASK_ID='fetch_gold' AIRFLOW_CTX_EXECUTION_DATE='2025-06-18T13:35:35.483358+00:00' AIRFLOW_CTX_TRY_NUMBER='1' AIRFLOW_CTX_DAG_RUN_ID='manual__2025-06-18T13:35:35.483358+00:00'
[2025-06-18T13:35:42.047+0000] {taskinstance.py:430} INFO - ::endgroup::
[2025-06-18T13:35:42.061+0000] {ingest.py:65} INFO - Fetching GC=F from Yahoo Finance...
[2025-06-18T13:35:45.052+0000] {ingest.py:106} INFO - Saved GC=F data to /opt/***/data/raw/GOLD.csv
[2025-06-18T13:35:45.052+0000] {ingest.py:107} INFO - Date range: 2000-08-31 to 2025-06-30
[2025-06-18T13:35:45.053+0000] {python.py:237} INFO - Done. Returned value was: /opt/***/data/raw/GOLD.csv
[2025-06-18T13:35:45.053+0000] {taskinstance.py:441} INFO - ::group::Post task execution logs
[2025-06-18T13:35:45.075+0000] {taskinstance.py:1206} INFO - Marking task as SUCCESS. dag_id=usdpkr_forecasting_modular, task_id=fetch_gold, run_id=manual__2025-06-18T13:35:35.483358+00:00, execution_date=20250618T133535, start_date=20250618T133541, end_date=20250618T133545
[2025-06-18T13:35:45.103+0000] {local_task_job_runner.py:240} INFO - Task exited with return code 0
[2025-06-18T13:35:45.128+0000] {taskinstance.py:3498} INFO - 1 downstream tasks scheduled from follow-on schedule check
[2025-06-18T13:35:45.130+0000] {local_task_job_runner.py:222} INFO - ::endgroup::
