[2025-06-19T10:53:25.606+0000] {local_task_job_runner.py:120} INFO - ::group::Pre task execution logs
[2025-06-19T10:53:25.660+0000] {taskinstance.py:2076} INFO - Dependencies all met for dep_context=non-requeueable deps ti=<TaskInstance: kse100_forecasting.fetch_forex_reserves manual__2025-06-19T10:53:18.578736+00:00 [queued]>
[2025-06-19T10:53:25.672+0000] {taskinstance.py:2076} INFO - Dependencies all met for dep_context=requeueable deps ti=<TaskInstance: kse100_forecasting.fetch_forex_reserves manual__2025-06-19T10:53:18.578736+00:00 [queued]>
[2025-06-19T10:53:25.673+0000] {taskinstance.py:2306} INFO - Starting attempt 1 of 3
[2025-06-19T10:53:25.691+0000] {taskinstance.py:2330} INFO - Executing <Task(PythonOperator): fetch_forex_reserves> on 2025-06-19 10:53:18.578736+00:00
[2025-06-19T10:53:25.700+0000] {standard_task_runner.py:63} INFO - Started process 5894 to run task
[2025-06-19T10:53:25.704+0000] {standard_task_runner.py:90} INFO - Running: ['***', 'tasks', 'run', 'kse100_forecasting', 'fetch_forex_reserves', 'manual__2025-06-19T10:53:18.578736+00:00', '--job-id', '1189', '--raw', '--subdir', 'DAGS_FOLDER/kse100_forecasting_dag.py', '--cfg-path', '/tmp/tmplhwr1xny']
[2025-06-19T10:53:25.706+0000] {standard_task_runner.py:91} INFO - Job 1189: Subtask fetch_forex_reserves
[2025-06-19T10:53:25.750+0000] {task_command.py:426} INFO - Running <TaskInstance: kse100_forecasting.fetch_forex_reserves manual__2025-06-19T10:53:18.578736+00:00 [running]> on host fb048d2dbcb2
[2025-06-19T10:53:25.831+0000] {taskinstance.py:2648} INFO - Exporting env vars: AIRFLOW_CTX_DAG_OWNER='***' AIRFLOW_CTX_DAG_ID='kse100_forecasting' AIRFLOW_CTX_TASK_ID='fetch_forex_reserves' AIRFLOW_CTX_EXECUTION_DATE='2025-06-19T10:53:18.578736+00:00' AIRFLOW_CTX_TRY_NUMBER='1' AIRFLOW_CTX_DAG_RUN_ID='manual__2025-06-19T10:53:18.578736+00:00'
[2025-06-19T10:53:25.832+0000] {taskinstance.py:430} INFO - ::endgroup::
[2025-06-19T10:53:25.846+0000] {ingest.py:193} INFO - Generating placeholder data for SBP series: FOREX_RESERVES...
[2025-06-19T10:53:25.887+0000] {ingest.py:214} INFO - Saved placeholder FOREX_RESERVES data to /opt/***/data/raw/FOREX_RESERVES.csv
[2025-06-19T10:53:25.901+0000] {ingest.py:215} INFO - Date range: 2005-06-30 to 2025-05-31
[2025-06-19T10:53:25.905+0000] {python.py:237} INFO - Done. Returned value was: /opt/***/data/raw/FOREX_RESERVES.csv
[2025-06-19T10:53:25.906+0000] {taskinstance.py:441} INFO - ::group::Post task execution logs
[2025-06-19T10:53:25.968+0000] {taskinstance.py:1206} INFO - Marking task as SUCCESS. dag_id=kse100_forecasting, task_id=fetch_forex_reserves, run_id=manual__2025-06-19T10:53:18.578736+00:00, execution_date=20250619T105318, start_date=20250619T105325, end_date=20250619T105325
[2025-06-19T10:53:26.078+0000] {local_task_job_runner.py:240} INFO - Task exited with return code 0
[2025-06-19T10:53:26.120+0000] {taskinstance.py:3498} INFO - 0 downstream tasks scheduled from follow-on schedule check
[2025-06-19T10:53:26.122+0000] {local_task_job_runner.py:222} INFO - ::endgroup::
