[2025-06-18T10:48:59.482+0000] {local_task_job_runner.py:120} INFO - ::group::Pre task execution logs
[2025-06-18T10:48:59.535+0000] {taskinstance.py:2076} INFO - Dependencies all met for dep_context=non-requeueable deps ti=<TaskInstance: usdpkr_forecasting_modular.fetch_kse100 manual__2025-06-18T10:48:53.454672+00:00 [queued]>
[2025-06-18T10:48:59.558+0000] {taskinstance.py:2076} INFO - Dependencies all met for dep_context=requeueable deps ti=<TaskInstance: usdpkr_forecasting_modular.fetch_kse100 manual__2025-06-18T10:48:53.454672+00:00 [queued]>
[2025-06-18T10:48:59.559+0000] {taskinstance.py:2306} INFO - Starting attempt 1 of 6
[2025-06-18T10:48:59.584+0000] {taskinstance.py:2330} INFO - Executing <Task(PythonOperator): fetch_kse100> on 2025-06-18 10:48:53.454672+00:00
[2025-06-18T10:48:59.600+0000] {standard_task_runner.py:63} INFO - Started process 1074 to run task
[2025-06-18T10:48:59.608+0000] {standard_task_runner.py:90} INFO - Running: ['***', 'tasks', 'run', 'usdpkr_forecasting_modular', 'fetch_kse100', 'manual__2025-06-18T10:48:53.454672+00:00', '--job-id', '552', '--raw', '--subdir', 'DAGS_FOLDER/usdpkr_forecasting_dag.py', '--cfg-path', '/tmp/tmpa468wsnh']
[2025-06-18T10:48:59.611+0000] {standard_task_runner.py:91} INFO - Job 552: Subtask fetch_kse100
[2025-06-18T10:48:59.708+0000] {task_command.py:426} INFO - Running <TaskInstance: usdpkr_forecasting_modular.fetch_kse100 manual__2025-06-18T10:48:53.454672+00:00 [running]> on host 9c4806d77c92
[2025-06-18T10:48:59.854+0000] {taskinstance.py:2648} INFO - Exporting env vars: AIRFLOW_CTX_DAG_OWNER='***' AIRFLOW_CTX_DAG_ID='usdpkr_forecasting_modular' AIRFLOW_CTX_TASK_ID='fetch_kse100' AIRFLOW_CTX_EXECUTION_DATE='2025-06-18T10:48:53.454672+00:00' AIRFLOW_CTX_TRY_NUMBER='1' AIRFLOW_CTX_DAG_RUN_ID='manual__2025-06-18T10:48:53.454672+00:00'
[2025-06-18T10:48:59.855+0000] {taskinstance.py:430} INFO - ::endgroup::
[2025-06-18T10:48:59.868+0000] {ingest.py:65} INFO - Fetching ^KSE from Yahoo Finance...
[2025-06-18T10:49:02.771+0000] {ingest.py:106} INFO - Saved ^KSE data to /opt/***/data/raw/KSE100.csv
[2025-06-18T10:49:02.772+0000] {ingest.py:107} INFO - Date range: 1997-07-31 to 2021-09-30
[2025-06-18T10:49:02.773+0000] {python.py:237} INFO - Done. Returned value was: /opt/***/data/raw/KSE100.csv
[2025-06-18T10:49:02.774+0000] {taskinstance.py:441} INFO - ::group::Post task execution logs
[2025-06-18T10:49:02.795+0000] {taskinstance.py:1206} INFO - Marking task as SUCCESS. dag_id=usdpkr_forecasting_modular, task_id=fetch_kse100, run_id=manual__2025-06-18T10:48:53.454672+00:00, execution_date=20250618T104853, start_date=20250618T104859, end_date=20250618T104902
[2025-06-18T10:49:02.840+0000] {local_task_job_runner.py:240} INFO - Task exited with return code 0
[2025-06-18T10:49:02.866+0000] {taskinstance.py:3498} INFO - 0 downstream tasks scheduled from follow-on schedule check
[2025-06-18T10:49:02.868+0000] {local_task_job_runner.py:222} INFO - ::endgroup::
