[2025-05-13T19:23:14.294+0000] {local_task_job_runner.py:120} INFO - ::group::Pre task execution logs
[2025-05-13T19:23:14.343+0000] {taskinstance.py:2076} INFO - Dependencies all met for dep_context=non-requeueable deps ti=<TaskInstance: inflation_forecasting.fetch_m2 manual__2025-05-13T19:23:07.280131+00:00 [queued]>
[2025-05-13T19:23:14.354+0000] {taskinstance.py:2076} INFO - Dependencies all met for dep_context=requeueable deps ti=<TaskInstance: inflation_forecasting.fetch_m2 manual__2025-05-13T19:23:07.280131+00:00 [queued]>
[2025-05-13T19:23:14.354+0000] {taskinstance.py:2306} INFO - Starting attempt 1 of 1
[2025-05-13T19:23:14.377+0000] {taskinstance.py:2330} INFO - Executing <Task(PythonOperator): fetch_m2> on 2025-05-13 19:23:07.280131+00:00
[2025-05-13T19:23:14.389+0000] {logging_mixin.py:188} WARNING - /home/***/.local/lib/python3.12/site-packages/***/task/task_runner/standard_task_runner.py:61 DeprecationWarning: This process (pid=194) is multi-threaded, use of fork() may lead to deadlocks in the child.
[2025-05-13T19:23:14.391+0000] {standard_task_runner.py:63} INFO - Started process 234 to run task
[2025-05-13T19:23:14.389+0000] {standard_task_runner.py:90} INFO - Running: ['***', 'tasks', 'run', 'inflation_forecasting', 'fetch_m2', 'manual__2025-05-13T19:23:07.280131+00:00', '--job-id', '97', '--raw', '--subdir', 'DAGS_FOLDER/inflation_forecasting_dag.py', '--cfg-path', '/tmp/tmprn678pgz']
[2025-05-13T19:23:14.394+0000] {standard_task_runner.py:91} INFO - Job 97: Subtask fetch_m2
[2025-05-13T19:23:14.418+0000] {logging_mixin.py:188} WARNING - /home/***/.local/lib/python3.12/site-packages/***/settings.py:195 DeprecationWarning: The sql_alchemy_conn option in [core] has been moved to the sql_alchemy_conn option in [database] - the old setting has been used, but please update your config.
[2025-05-13T19:23:14.470+0000] {task_command.py:426} INFO - Running <TaskInstance: inflation_forecasting.fetch_m2 manual__2025-05-13T19:23:07.280131+00:00 [running]> on host bab02daaed98
[2025-05-13T19:23:14.919+0000] {taskinstance.py:2648} INFO - Exporting env vars: AIRFLOW_CTX_DAG_OWNER='***' AIRFLOW_CTX_DAG_ID='inflation_forecasting' AIRFLOW_CTX_TASK_ID='fetch_m2' AIRFLOW_CTX_EXECUTION_DATE='2025-05-13T19:23:07.280131+00:00' AIRFLOW_CTX_TRY_NUMBER='1' AIRFLOW_CTX_DAG_RUN_ID='manual__2025-05-13T19:23:07.280131+00:00'
[2025-05-13T19:23:14.921+0000] {taskinstance.py:430} INFO - ::endgroup::
[2025-05-13T19:23:16.538+0000] {logging_mixin.py:188} INFO - M2SL is already monthly with 795 rows
[2025-05-13T19:23:16.545+0000] {logging_mixin.py:188} INFO - Date range for M2SL: 1959-01-01 00:00:00 to 2025-03-01 00:00:00
[2025-05-13T19:23:16.559+0000] {python.py:237} INFO - Done. Returned value was: None
[2025-05-13T19:23:16.559+0000] {taskinstance.py:441} INFO - ::group::Post task execution logs
[2025-05-13T19:23:16.574+0000] {taskinstance.py:1206} INFO - Marking task as SUCCESS. dag_id=inflation_forecasting, task_id=fetch_m2, run_id=manual__2025-05-13T19:23:07.280131+00:00, execution_date=20250513T192307, start_date=20250513T192314, end_date=20250513T192316
[2025-05-13T19:23:16.785+0000] {local_task_job_runner.py:240} INFO - Task exited with return code 0
[2025-05-13T19:23:16.795+0000] {local_task_job_runner.py:222} INFO - ::endgroup::
