[2025-06-18T15:16:56.393+0000] {local_task_job_runner.py:120} INFO - ::group::Pre task execution logs
[2025-06-18T15:16:56.669+0000] {taskinstance.py:2076} INFO - Dependencies all met for dep_context=non-requeueable deps ti=<TaskInstance: kse100_forecasting.fetch_usdpkr scheduled__2025-05-01T00:00:00+00:00 [queued]>
[2025-06-18T15:16:56.781+0000] {taskinstance.py:2076} INFO - Dependencies all met for dep_context=requeueable deps ti=<TaskInstance: kse100_forecasting.fetch_usdpkr scheduled__2025-05-01T00:00:00+00:00 [queued]>
[2025-06-18T15:16:56.796+0000] {taskinstance.py:2306} INFO - Starting attempt 1 of 6
[2025-06-18T15:16:56.873+0000] {taskinstance.py:2330} INFO - Executing <Task(PythonOperator): fetch_usdpkr> on 2025-05-01 00:00:00+00:00
[2025-06-18T15:16:56.953+0000] {standard_task_runner.py:63} INFO - Started process 552 to run task
[2025-06-18T15:16:56.980+0000] {standard_task_runner.py:90} INFO - Running: ['***', 'tasks', 'run', 'kse100_forecasting', 'fetch_usdpkr', 'scheduled__2025-05-01T00:00:00+00:00', '--job-id', '874', '--raw', '--subdir', 'DAGS_FOLDER/inflation_forecasting_dag.py', '--cfg-path', '/tmp/tmpxryi7p4o']
[2025-06-18T15:16:57.013+0000] {standard_task_runner.py:91} INFO - Job 874: Subtask fetch_usdpkr
[2025-06-18T15:16:57.233+0000] {task_command.py:426} INFO - Running <TaskInstance: kse100_forecasting.fetch_usdpkr scheduled__2025-05-01T00:00:00+00:00 [running]> on host f55656462970
[2025-06-18T15:16:57.950+0000] {taskinstance.py:2648} INFO - Exporting env vars: AIRFLOW_CTX_DAG_OWNER='***' AIRFLOW_CTX_DAG_ID='kse100_forecasting' AIRFLOW_CTX_TASK_ID='fetch_usdpkr' AIRFLOW_CTX_EXECUTION_DATE='2025-05-01T00:00:00+00:00' AIRFLOW_CTX_TRY_NUMBER='1' AIRFLOW_CTX_DAG_RUN_ID='scheduled__2025-05-01T00:00:00+00:00'
[2025-06-18T15:16:58.001+0000] {taskinstance.py:430} INFO - ::endgroup::
[2025-06-18T15:16:58.040+0000] {ingest.py:65} INFO - Fetching PKR=X from Yahoo Finance...
[2025-06-18T15:16:59.215+0000] {base.py:160} ERROR - Failed to get ticker 'PKR=X' reason: UNIQUE constraint failed: _cookieschema.strategy
[2025-06-18T15:17:03.199+0000] {ingest.py:106} INFO - Saved PKR=X data to /opt/***/data/raw/USDPKR.csv
[2025-06-18T15:17:03.200+0000] {ingest.py:107} INFO - Date range: 2002-04-30 to 2025-06-30
[2025-06-18T15:17:03.201+0000] {python.py:237} INFO - Done. Returned value was: /opt/***/data/raw/USDPKR.csv
[2025-06-18T15:17:03.201+0000] {taskinstance.py:441} INFO - ::group::Post task execution logs
[2025-06-18T15:17:03.221+0000] {taskinstance.py:1206} INFO - Marking task as SUCCESS. dag_id=kse100_forecasting, task_id=fetch_usdpkr, run_id=scheduled__2025-05-01T00:00:00+00:00, execution_date=20250501T000000, start_date=20250618T151656, end_date=20250618T151703
[2025-06-18T15:17:03.255+0000] {local_task_job_runner.py:240} INFO - Task exited with return code 0
[2025-06-18T15:17:03.280+0000] {taskinstance.py:3498} INFO - 1 downstream tasks scheduled from follow-on schedule check
[2025-06-18T15:17:03.283+0000] {local_task_job_runner.py:222} INFO - ::endgroup::
