[2025-06-18T15:25:04.700+0000] {local_task_job_runner.py:120} INFO - ::group::Pre task execution logs
[2025-06-18T15:25:04.752+0000] {taskinstance.py:2076} INFO - Dependencies all met for dep_context=non-requeueable deps ti=<TaskInstance: usdpkr_forecasting.fetch_gold scheduled__2025-05-01T00:00:00+00:00 [queued]>
[2025-06-18T15:25:04.775+0000] {taskinstance.py:2076} INFO - Dependencies all met for dep_context=requeueable deps ti=<TaskInstance: usdpkr_forecasting.fetch_gold scheduled__2025-05-01T00:00:00+00:00 [queued]>
[2025-06-18T15:25:04.777+0000] {taskinstance.py:2306} INFO - Starting attempt 1 of 6
[2025-06-18T15:25:04.797+0000] {taskinstance.py:2330} INFO - Executing <Task(PythonOperator): fetch_gold> on 2025-05-01 00:00:00+00:00
[2025-06-18T15:25:04.810+0000] {standard_task_runner.py:63} INFO - Started process 1220 to run task
[2025-06-18T15:25:04.822+0000] {standard_task_runner.py:90} INFO - Running: ['***', 'tasks', 'run', 'usdpkr_forecasting', 'fetch_gold', 'scheduled__2025-05-01T00:00:00+00:00', '--job-id', '918', '--raw', '--subdir', 'DAGS_FOLDER/usdpkr_forecasting_dag.py', '--cfg-path', '/tmp/tmp0fxxiquv']
[2025-06-18T15:25:04.828+0000] {standard_task_runner.py:91} INFO - Job 918: Subtask fetch_gold
[2025-06-18T15:25:05.027+0000] {task_command.py:426} INFO - Running <TaskInstance: usdpkr_forecasting.fetch_gold scheduled__2025-05-01T00:00:00+00:00 [running]> on host f55656462970
[2025-06-18T15:25:05.351+0000] {taskinstance.py:2648} INFO - Exporting env vars: AIRFLOW_CTX_DAG_OWNER='***' AIRFLOW_CTX_DAG_ID='usdpkr_forecasting' AIRFLOW_CTX_TASK_ID='fetch_gold' AIRFLOW_CTX_EXECUTION_DATE='2025-05-01T00:00:00+00:00' AIRFLOW_CTX_TRY_NUMBER='1' AIRFLOW_CTX_DAG_RUN_ID='scheduled__2025-05-01T00:00:00+00:00'
[2025-06-18T15:25:05.354+0000] {taskinstance.py:430} INFO - ::endgroup::
[2025-06-18T15:25:05.385+0000] {ingest.py:65} INFO - Fetching GC=F from Yahoo Finance...
[2025-06-18T15:25:08.804+0000] {ingest.py:106} INFO - Saved GC=F data to /opt/***/data/raw/GOLD.csv
[2025-06-18T15:25:08.805+0000] {ingest.py:107} INFO - Date range: 2000-08-31 to 2025-06-30
[2025-06-18T15:25:08.806+0000] {python.py:237} INFO - Done. Returned value was: /opt/***/data/raw/GOLD.csv
[2025-06-18T15:25:08.807+0000] {taskinstance.py:441} INFO - ::group::Post task execution logs
[2025-06-18T15:25:08.893+0000] {taskinstance.py:1206} INFO - Marking task as SUCCESS. dag_id=usdpkr_forecasting, task_id=fetch_gold, run_id=scheduled__2025-05-01T00:00:00+00:00, execution_date=20250501T000000, start_date=20250618T152504, end_date=20250618T152508
[2025-06-18T15:25:08.974+0000] {local_task_job_runner.py:240} INFO - Task exited with return code 0
[2025-06-18T15:25:09.045+0000] {taskinstance.py:3498} INFO - 1 downstream tasks scheduled from follow-on schedule check
[2025-06-18T15:25:09.053+0000] {local_task_job_runner.py:222} INFO - ::endgroup::
