[2025-06-14T17:24:30.291+0000] {local_task_job_runner.py:120} INFO - ::group::Pre task execution logs
[2025-06-14T17:24:30.395+0000] {taskinstance.py:2076} INFO - Dependencies all met for dep_context=non-requeueable deps ti=<TaskInstance: usdpkr_forecasting_modular.fetch_usdpkr manual__2025-06-14T17:24:22.436414+00:00 [queued]>
[2025-06-14T17:24:30.445+0000] {taskinstance.py:2076} INFO - Dependencies all met for dep_context=requeueable deps ti=<TaskInstance: usdpkr_forecasting_modular.fetch_usdpkr manual__2025-06-14T17:24:22.436414+00:00 [queued]>
[2025-06-14T17:24:30.454+0000] {taskinstance.py:2306} INFO - Starting attempt 1 of 6
[2025-06-14T17:24:30.571+0000] {taskinstance.py:2330} INFO - Executing <Task(PythonOperator): fetch_usdpkr> on 2025-06-14 17:24:22.436414+00:00
[2025-06-14T17:24:30.646+0000] {standard_task_runner.py:63} INFO - Started process 1719 to run task
[2025-06-14T17:24:30.670+0000] {standard_task_runner.py:90} INFO - Running: ['***', 'tasks', 'run', 'usdpkr_forecasting_modular', 'fetch_usdpkr', 'manual__2025-06-14T17:24:22.436414+00:00', '--job-id', '443', '--raw', '--subdir', 'DAGS_FOLDER/usdpkr_forecasting_dag.py', '--cfg-path', '/tmp/tmp1buiw2hi']
[2025-06-14T17:24:30.683+0000] {standard_task_runner.py:91} INFO - Job 443: Subtask fetch_usdpkr
[2025-06-14T17:24:30.956+0000] {task_command.py:426} INFO - Running <TaskInstance: usdpkr_forecasting_modular.fetch_usdpkr manual__2025-06-14T17:24:22.436414+00:00 [running]> on host 1ada37a5d2dc
[2025-06-14T17:24:31.264+0000] {taskinstance.py:2648} INFO - Exporting env vars: AIRFLOW_CTX_DAG_OWNER='***' AIRFLOW_CTX_DAG_ID='usdpkr_forecasting_modular' AIRFLOW_CTX_TASK_ID='fetch_usdpkr' AIRFLOW_CTX_EXECUTION_DATE='2025-06-14T17:24:22.436414+00:00' AIRFLOW_CTX_TRY_NUMBER='1' AIRFLOW_CTX_DAG_RUN_ID='manual__2025-06-14T17:24:22.436414+00:00'
[2025-06-14T17:24:31.265+0000] {taskinstance.py:430} INFO - ::endgroup::
[2025-06-14T17:24:31.292+0000] {ingest.py:65} INFO - Fetching PKR=X from Yahoo Finance...
[2025-06-14T17:24:34.275+0000] {ingest.py:106} INFO - Saved PKR=X data to /opt/***/data/raw/USDPKR.csv
[2025-06-14T17:24:34.275+0000] {ingest.py:107} INFO - Date range: 2002-04-30 to 2025-06-30
[2025-06-14T17:24:34.277+0000] {python.py:237} INFO - Done. Returned value was: /opt/***/data/raw/USDPKR.csv
[2025-06-14T17:24:34.278+0000] {taskinstance.py:441} INFO - ::group::Post task execution logs
[2025-06-14T17:24:34.299+0000] {taskinstance.py:1206} INFO - Marking task as SUCCESS. dag_id=usdpkr_forecasting_modular, task_id=fetch_usdpkr, run_id=manual__2025-06-14T17:24:22.436414+00:00, execution_date=20250614T172422, start_date=20250614T172430, end_date=20250614T172434
[2025-06-14T17:24:34.356+0000] {local_task_job_runner.py:240} INFO - Task exited with return code 0
[2025-06-14T17:24:34.382+0000] {taskinstance.py:3498} INFO - 0 downstream tasks scheduled from follow-on schedule check
[2025-06-14T17:24:34.385+0000] {local_task_job_runner.py:222} INFO - ::endgroup::
