[2025-06-14T17:32:07.632+0000] {local_task_job_runner.py:120} INFO - ::group::Pre task execution logs
[2025-06-14T17:32:07.662+0000] {taskinstance.py:2076} INFO - Dependencies all met for dep_context=non-requeueable deps ti=<TaskInstance: usdpkr_forecasting_modular.feature_engineering manual__2025-06-14T17:31:51.405170+00:00 [queued]>
[2025-06-14T17:32:07.671+0000] {taskinstance.py:2076} INFO - Dependencies all met for dep_context=requeueable deps ti=<TaskInstance: usdpkr_forecasting_modular.feature_engineering manual__2025-06-14T17:31:51.405170+00:00 [queued]>
[2025-06-14T17:32:07.672+0000] {taskinstance.py:2306} INFO - Starting attempt 1 of 4
[2025-06-14T17:32:07.688+0000] {taskinstance.py:2330} INFO - Executing <Task(PythonOperator): feature_engineering> on 2025-06-14 17:31:51.405170+00:00
[2025-06-14T17:32:07.694+0000] {standard_task_runner.py:63} INFO - Started process 689 to run task
[2025-06-14T17:32:07.697+0000] {standard_task_runner.py:90} INFO - Running: ['***', 'tasks', 'run', 'usdpkr_forecasting_modular', 'feature_engineering', 'manual__2025-06-14T17:31:51.405170+00:00', '--job-id', '489', '--raw', '--subdir', 'DAGS_FOLDER/usdpkr_forecasting_dag.py', '--cfg-path', '/tmp/tmpavdljijy']
[2025-06-14T17:32:07.699+0000] {standard_task_runner.py:91} INFO - Job 489: Subtask feature_engineering
[2025-06-14T17:32:07.742+0000] {task_command.py:426} INFO - Running <TaskInstance: usdpkr_forecasting_modular.feature_engineering manual__2025-06-14T17:31:51.405170+00:00 [running]> on host 1ada37a5d2dc
[2025-06-14T17:32:07.830+0000] {taskinstance.py:2648} INFO - Exporting env vars: AIRFLOW_CTX_DAG_OWNER='***' AIRFLOW_CTX_DAG_ID='usdpkr_forecasting_modular' AIRFLOW_CTX_TASK_ID='feature_engineering' AIRFLOW_CTX_EXECUTION_DATE='2025-06-14T17:31:51.405170+00:00' AIRFLOW_CTX_TRY_NUMBER='1' AIRFLOW_CTX_DAG_RUN_ID='manual__2025-06-14T17:31:51.405170+00:00'
[2025-06-14T17:32:07.831+0000] {taskinstance.py:430} INFO - ::endgroup::
[2025-06-14T17:32:07.843+0000] {transform.py:277} INFO - Loading DataFrame from /opt/***/data/raw/merged_data.csv
[2025-06-14T17:32:07.862+0000] {transform.py:335} ERROR - Error in engineer_features: Input DataFrame is empty from path: /opt/***/data/raw/merged_data.csv
[2025-06-14T17:32:07.862+0000] {taskinstance.py:441} INFO - ::group::Post task execution logs
[2025-06-14T17:32:07.863+0000] {taskinstance.py:2905} ERROR - Task failed with exception
Traceback (most recent call last):
  File "/home/airflow/.local/lib/python3.12/site-packages/airflow/models/taskinstance.py", line 465, in _execute_task
    result = _execute_callable(context=context, **execute_callable_kwargs)
             ^^^^^^^^^^^^^^^^^^^^^^^^^^^^^^^^^^^^^^^^^^^^^^^^^^^^^^^^^^^^^
  File "/home/airflow/.local/lib/python3.12/site-packages/airflow/models/taskinstance.py", line 432, in _execute_callable
    return execute_callable(context=context, **execute_callable_kwargs)
           ^^^^^^^^^^^^^^^^^^^^^^^^^^^^^^^^^^^^^^^^^^^^^^^^^^^^^^^^^^^^
  File "/home/airflow/.local/lib/python3.12/site-packages/airflow/models/baseoperator.py", line 400, in wrapper
    return func(self, *args, **kwargs)
           ^^^^^^^^^^^^^^^^^^^^^^^^^^^
  File "/home/airflow/.local/lib/python3.12/site-packages/airflow/operators/python.py", line 235, in execute
    return_value = self.execute_callable()
                   ^^^^^^^^^^^^^^^^^^^^^^^
  File "/home/airflow/.local/lib/python3.12/site-packages/airflow/operators/python.py", line 252, in execute_callable
    return self.python_callable(*self.op_args, **self.op_kwargs)
           ^^^^^^^^^^^^^^^^^^^^^^^^^^^^^^^^^^^^^^^^^^^^^^^^^^^^^
  File "/opt/airflow/dags/inflation_modules/transform.py", line 281, in engineer_features
    raise ValueError(f"Input DataFrame is empty from path: {df_path}")
ValueError: Input DataFrame is empty from path: /opt/***/data/raw/merged_data.csv
[2025-06-14T17:32:07.879+0000] {taskinstance.py:1206} INFO - Marking task as UP_FOR_RETRY. dag_id=usdpkr_forecasting_modular, task_id=feature_engineering, run_id=manual__2025-06-14T17:31:51.405170+00:00, execution_date=20250614T173151, start_date=20250614T173207, end_date=20250614T173207
[2025-06-14T17:32:07.890+0000] {standard_task_runner.py:110} ERROR - Failed to execute job 489 for task feature_engineering (Input DataFrame is empty from path: /opt/***/data/raw/merged_data.csv; 689)
[2025-06-14T17:32:07.909+0000] {local_task_job_runner.py:240} INFO - Task exited with return code 1
[2025-06-14T17:32:07.933+0000] {taskinstance.py:3498} INFO - 0 downstream tasks scheduled from follow-on schedule check
[2025-06-14T17:32:07.936+0000] {local_task_job_runner.py:222} INFO - ::endgroup::
