[2025-05-10T12:45:00.527+0000] {local_task_job_runner.py:120} INFO - ::group::Pre task execution logs
[2025-05-10T12:45:00.553+0000] {taskinstance.py:2076} INFO - Dependencies all met for dep_context=non-requeueable deps ti=<TaskInstance: example_dag.print_hello scheduled__2025-05-10T12:44:00+00:00 [queued]>
[2025-05-10T12:45:00.561+0000] {taskinstance.py:2076} INFO - Dependencies all met for dep_context=requeueable deps ti=<TaskInstance: example_dag.print_hello scheduled__2025-05-10T12:44:00+00:00 [queued]>
[2025-05-10T12:45:00.561+0000] {taskinstance.py:2306} INFO - Starting attempt 1 of 1
[2025-05-10T12:45:00.573+0000] {taskinstance.py:2330} INFO - Executing <Task(BashOperator): print_hello> on 2025-05-10 12:44:00+00:00
[2025-05-10T12:45:00.581+0000] {logging_mixin.py:188} WARNING - /home/***/.local/lib/python3.12/site-packages/***/task/task_runner/standard_task_runner.py:61 DeprecationWarning: This process (pid=363) is multi-threaded, use of fork() may lead to deadlocks in the child.
[2025-05-10T12:45:00.582+0000] {standard_task_runner.py:63} INFO - Started process 364 to run task
[2025-05-10T12:45:00.581+0000] {standard_task_runner.py:90} INFO - Running: ['***', 'tasks', 'run', 'example_dag', 'print_hello', 'scheduled__2025-05-10T12:44:00+00:00', '--job-id', '4', '--raw', '--subdir', 'DAGS_FOLDER/example_dag.py', '--cfg-path', '/tmp/tmp0c63va81']
[2025-05-10T12:45:00.583+0000] {standard_task_runner.py:91} INFO - Job 4: Subtask print_hello
[2025-05-10T12:45:00.595+0000] {logging_mixin.py:188} WARNING - /home/***/.local/lib/python3.12/site-packages/***/settings.py:195 DeprecationWarning: The sql_alchemy_conn option in [core] has been moved to the sql_alchemy_conn option in [database] - the old setting has been used, but please update your config.
[2025-05-10T12:45:00.627+0000] {task_command.py:426} INFO - Running <TaskInstance: example_dag.print_hello scheduled__2025-05-10T12:44:00+00:00 [running]> on host a7ce346665d8
[2025-05-10T12:45:00.700+0000] {taskinstance.py:2648} INFO - Exporting env vars: AIRFLOW_CTX_DAG_OWNER='***' AIRFLOW_CTX_DAG_ID='example_dag' AIRFLOW_CTX_TASK_ID='print_hello' AIRFLOW_CTX_EXECUTION_DATE='2025-05-10T12:44:00+00:00' AIRFLOW_CTX_TRY_NUMBER='1' AIRFLOW_CTX_DAG_RUN_ID='scheduled__2025-05-10T12:44:00+00:00'
[2025-05-10T12:45:00.700+0000] {taskinstance.py:430} INFO - ::endgroup::
[2025-05-10T12:45:00.714+0000] {subprocess.py:63} INFO - Tmp dir root location: /tmp
[2025-05-10T12:45:00.716+0000] {subprocess.py:75} INFO - Running command: ['/usr/bin/bash', '-c', 'echo "Hello, Airflow!"']
[2025-05-10T12:45:00.722+0000] {subprocess.py:86} INFO - Output:
[2025-05-10T12:45:00.724+0000] {subprocess.py:93} INFO - Hello, Airflow!
[2025-05-10T12:45:00.724+0000] {subprocess.py:97} INFO - Command exited with return code 0
[2025-05-10T12:45:00.725+0000] {taskinstance.py:441} INFO - ::group::Post task execution logs
[2025-05-10T12:45:00.746+0000] {taskinstance.py:1206} INFO - Marking task as SUCCESS. dag_id=example_dag, task_id=print_hello, run_id=scheduled__2025-05-10T12:44:00+00:00, execution_date=20250510T124400, start_date=20250510T124500, end_date=20250510T124500
[2025-05-10T12:45:00.796+0000] {local_task_job_runner.py:240} INFO - Task exited with return code 0
[2025-05-10T12:45:00.811+0000] {taskinstance.py:3498} INFO - 0 downstream tasks scheduled from follow-on schedule check
[2025-05-10T12:45:00.814+0000] {local_task_job_runner.py:222} INFO - ::endgroup::
