[2025-05-10T13:05:00.725+0000] {local_task_job_runner.py:120} INFO - ::group::Pre task execution logs
[2025-05-10T13:05:00.752+0000] {taskinstance.py:2076} INFO - Dependencies all met for dep_context=non-requeueable deps ti=<TaskInstance: example_dag.print_hello scheduled__2025-05-10T13:04:00+00:00 [queued]>
[2025-05-10T13:05:00.759+0000] {taskinstance.py:2076} INFO - Dependencies all met for dep_context=requeueable deps ti=<TaskInstance: example_dag.print_hello scheduled__2025-05-10T13:04:00+00:00 [queued]>
[2025-05-10T13:05:00.760+0000] {taskinstance.py:2306} INFO - Starting attempt 1 of 1
[2025-05-10T13:05:00.772+0000] {taskinstance.py:2330} INFO - Executing <Task(BashOperator): print_hello> on 2025-05-10 13:04:00+00:00
[2025-05-10T13:05:00.780+0000] {logging_mixin.py:188} WARNING - /home/***/.local/lib/python3.12/site-packages/***/task/task_runner/standard_task_runner.py:61 DeprecationWarning: This process (pid=626) is multi-threaded, use of fork() may lead to deadlocks in the child.
[2025-05-10T13:05:00.781+0000] {standard_task_runner.py:63} INFO - Started process 627 to run task
[2025-05-10T13:05:00.780+0000] {standard_task_runner.py:90} INFO - Running: ['***', 'tasks', 'run', 'example_dag', 'print_hello', 'scheduled__2025-05-10T13:04:00+00:00', '--job-id', '25', '--raw', '--subdir', 'DAGS_FOLDER/example_dag.py', '--cfg-path', '/tmp/tmp5y64xwk2']
[2025-05-10T13:05:00.782+0000] {standard_task_runner.py:91} INFO - Job 25: Subtask print_hello
[2025-05-10T13:05:00.795+0000] {logging_mixin.py:188} WARNING - /home/***/.local/lib/python3.12/site-packages/***/settings.py:195 DeprecationWarning: The sql_alchemy_conn option in [core] has been moved to the sql_alchemy_conn option in [database] - the old setting has been used, but please update your config.
[2025-05-10T13:05:00.828+0000] {task_command.py:426} INFO - Running <TaskInstance: example_dag.print_hello scheduled__2025-05-10T13:04:00+00:00 [running]> on host a7ce346665d8
[2025-05-10T13:05:00.912+0000] {taskinstance.py:2648} INFO - Exporting env vars: AIRFLOW_CTX_DAG_OWNER='***' AIRFLOW_CTX_DAG_ID='example_dag' AIRFLOW_CTX_TASK_ID='print_hello' AIRFLOW_CTX_EXECUTION_DATE='2025-05-10T13:04:00+00:00' AIRFLOW_CTX_TRY_NUMBER='1' AIRFLOW_CTX_DAG_RUN_ID='scheduled__2025-05-10T13:04:00+00:00'
[2025-05-10T13:05:00.913+0000] {taskinstance.py:430} INFO - ::endgroup::
[2025-05-10T13:05:00.929+0000] {subprocess.py:63} INFO - Tmp dir root location: /tmp
[2025-05-10T13:05:00.931+0000] {subprocess.py:75} INFO - Running command: ['/usr/bin/bash', '-c', 'echo "Hello, Airflow!Hello, Airflow!Hello, Airflow!Hello, Airflow!Hello, Airflow!Hello, Airflow!Hello, Airflow!Hello, Airflow!Hello, Airflow!Hello, Airflow!Hello, Airflow!Hello, Airflow!Hello, Airflow!Hello, Airflow!Hello, Airflow!Hello, Airflow!"']
[2025-05-10T13:05:00.937+0000] {subprocess.py:86} INFO - Output:
[2025-05-10T13:05:00.938+0000] {subprocess.py:93} INFO - Hello, Airflow!Hello, Airflow!Hello, Airflow!Hello, Airflow!Hello, Airflow!Hello, Airflow!Hello, Airflow!Hello, Airflow!Hello, Airflow!Hello, Airflow!Hello, Airflow!Hello, Airflow!Hello, Airflow!Hello, Airflow!Hello, Airflow!Hello, Airflow!
[2025-05-10T13:05:00.939+0000] {subprocess.py:97} INFO - Command exited with return code 0
[2025-05-10T13:05:00.939+0000] {taskinstance.py:441} INFO - ::group::Post task execution logs
[2025-05-10T13:05:00.961+0000] {taskinstance.py:1206} INFO - Marking task as SUCCESS. dag_id=example_dag, task_id=print_hello, run_id=scheduled__2025-05-10T13:04:00+00:00, execution_date=20250510T130400, start_date=20250510T130500, end_date=20250510T130500
[2025-05-10T13:05:00.995+0000] {local_task_job_runner.py:240} INFO - Task exited with return code 0
[2025-05-10T13:05:01.011+0000] {taskinstance.py:3498} INFO - 0 downstream tasks scheduled from follow-on schedule check
[2025-05-10T13:05:01.014+0000] {local_task_job_runner.py:222} INFO - ::endgroup::
