[2025-06-18T10:47:08.189+0000] {local_task_job_runner.py:120} INFO - ::group::Pre task execution logs
[2025-06-18T10:47:08.277+0000] {taskinstance.py:2076} INFO - Dependencies all met for dep_context=non-requeueable deps ti=<TaskInstance: usdpkr_forecasting_modular.fetch_forex_reserves manual__2025-06-18T10:47:00.733380+00:00 [queued]>
[2025-06-18T10:47:08.301+0000] {taskinstance.py:2076} INFO - Dependencies all met for dep_context=requeueable deps ti=<TaskInstance: usdpkr_forecasting_modular.fetch_forex_reserves manual__2025-06-18T10:47:00.733380+00:00 [queued]>
[2025-06-18T10:47:08.312+0000] {taskinstance.py:2306} INFO - Starting attempt 1 of 3
[2025-06-18T10:47:08.338+0000] {taskinstance.py:2330} INFO - Executing <Task(PythonOperator): fetch_forex_reserves> on 2025-06-18 10:47:00.733380+00:00
[2025-06-18T10:47:08.363+0000] {standard_task_runner.py:63} INFO - Started process 839 to run task
[2025-06-18T10:47:08.373+0000] {standard_task_runner.py:90} INFO - Running: ['***', 'tasks', 'run', 'usdpkr_forecasting_modular', 'fetch_forex_reserves', 'manual__2025-06-18T10:47:00.733380+00:00', '--job-id', '535', '--raw', '--subdir', 'DAGS_FOLDER/usdpkr_forecasting_dag.py', '--cfg-path', '/tmp/tmpab1677w1']
[2025-06-18T10:47:08.378+0000] {standard_task_runner.py:91} INFO - Job 535: Subtask fetch_forex_reserves
[2025-06-18T10:47:08.667+0000] {task_command.py:426} INFO - Running <TaskInstance: usdpkr_forecasting_modular.fetch_forex_reserves manual__2025-06-18T10:47:00.733380+00:00 [running]> on host 9c4806d77c92
[2025-06-18T10:47:09.026+0000] {taskinstance.py:2648} INFO - Exporting env vars: AIRFLOW_CTX_DAG_OWNER='***' AIRFLOW_CTX_DAG_ID='usdpkr_forecasting_modular' AIRFLOW_CTX_TASK_ID='fetch_forex_reserves' AIRFLOW_CTX_EXECUTION_DATE='2025-06-18T10:47:00.733380+00:00' AIRFLOW_CTX_TRY_NUMBER='1' AIRFLOW_CTX_DAG_RUN_ID='manual__2025-06-18T10:47:00.733380+00:00'
[2025-06-18T10:47:09.032+0000] {taskinstance.py:430} INFO - ::endgroup::
[2025-06-18T10:47:09.125+0000] {ingest.py:193} INFO - Generating placeholder data for SBP series: FOREX_RESERVES...
[2025-06-18T10:47:09.285+0000] {ingest.py:214} INFO - Saved placeholder FOREX_RESERVES data to /opt/***/data/raw/FOREX_RESERVES.csv
[2025-06-18T10:47:09.286+0000] {ingest.py:215} INFO - Date range: 2005-06-30 to 2025-05-31
[2025-06-18T10:47:09.305+0000] {python.py:237} INFO - Done. Returned value was: /opt/***/data/raw/FOREX_RESERVES.csv
[2025-06-18T10:47:09.305+0000] {taskinstance.py:441} INFO - ::group::Post task execution logs
[2025-06-18T10:47:09.408+0000] {taskinstance.py:1206} INFO - Marking task as SUCCESS. dag_id=usdpkr_forecasting_modular, task_id=fetch_forex_reserves, run_id=manual__2025-06-18T10:47:00.733380+00:00, execution_date=20250618T104700, start_date=20250618T104708, end_date=20250618T104709
[2025-06-18T10:47:09.505+0000] {local_task_job_runner.py:240} INFO - Task exited with return code 0
[2025-06-18T10:47:09.558+0000] {taskinstance.py:3498} INFO - 0 downstream tasks scheduled from follow-on schedule check
[2025-06-18T10:47:09.562+0000] {local_task_job_runner.py:222} INFO - ::endgroup::
