[2025-06-18T13:39:42.594+0000] {local_task_job_runner.py:120} INFO - ::group::Pre task execution logs
[2025-06-18T13:39:42.671+0000] {taskinstance.py:2076} INFO - Dependencies all met for dep_context=non-requeueable deps ti=<TaskInstance: usdpkr_forecasting_modular.fetch_gold manual__2025-06-18T13:39:35.778617+00:00 [queued]>
[2025-06-18T13:39:42.692+0000] {taskinstance.py:2076} INFO - Dependencies all met for dep_context=requeueable deps ti=<TaskInstance: usdpkr_forecasting_modular.fetch_gold manual__2025-06-18T13:39:35.778617+00:00 [queued]>
[2025-06-18T13:39:42.693+0000] {taskinstance.py:2306} INFO - Starting attempt 1 of 6
[2025-06-18T13:39:42.715+0000] {taskinstance.py:2330} INFO - Executing <Task(PythonOperator): fetch_gold> on 2025-06-18 13:39:35.778617+00:00
[2025-06-18T13:39:42.728+0000] {standard_task_runner.py:63} INFO - Started process 8674 to run task
[2025-06-18T13:39:42.734+0000] {standard_task_runner.py:90} INFO - Running: ['***', 'tasks', 'run', 'usdpkr_forecasting_modular', 'fetch_gold', 'manual__2025-06-18T13:39:35.778617+00:00', '--job-id', '780', '--raw', '--subdir', 'DAGS_FOLDER/usdpkr_forecasting_dag.py', '--cfg-path', '/tmp/tmp9c5_u92_']
[2025-06-18T13:39:42.749+0000] {standard_task_runner.py:91} INFO - Job 780: Subtask fetch_gold
[2025-06-18T13:39:42.865+0000] {task_command.py:426} INFO - Running <TaskInstance: usdpkr_forecasting_modular.fetch_gold manual__2025-06-18T13:39:35.778617+00:00 [running]> on host 9c4806d77c92
[2025-06-18T13:39:43.018+0000] {taskinstance.py:2648} INFO - Exporting env vars: AIRFLOW_CTX_DAG_OWNER='***' AIRFLOW_CTX_DAG_ID='usdpkr_forecasting_modular' AIRFLOW_CTX_TASK_ID='fetch_gold' AIRFLOW_CTX_EXECUTION_DATE='2025-06-18T13:39:35.778617+00:00' AIRFLOW_CTX_TRY_NUMBER='1' AIRFLOW_CTX_DAG_RUN_ID='manual__2025-06-18T13:39:35.778617+00:00'
[2025-06-18T13:39:43.020+0000] {taskinstance.py:430} INFO - ::endgroup::
[2025-06-18T13:39:43.034+0000] {ingest.py:65} INFO - Fetching GC=F from Yahoo Finance...
[2025-06-18T13:39:45.979+0000] {ingest.py:106} INFO - Saved GC=F data to /opt/***/data/raw/GOLD.csv
[2025-06-18T13:39:45.979+0000] {ingest.py:107} INFO - Date range: 2000-08-31 to 2025-06-30
[2025-06-18T13:39:45.980+0000] {python.py:237} INFO - Done. Returned value was: /opt/***/data/raw/GOLD.csv
[2025-06-18T13:39:45.980+0000] {taskinstance.py:441} INFO - ::group::Post task execution logs
[2025-06-18T13:39:46.000+0000] {taskinstance.py:1206} INFO - Marking task as SUCCESS. dag_id=usdpkr_forecasting_modular, task_id=fetch_gold, run_id=manual__2025-06-18T13:39:35.778617+00:00, execution_date=20250618T133935, start_date=20250618T133942, end_date=20250618T133946
[2025-06-18T13:39:46.059+0000] {local_task_job_runner.py:240} INFO - Task exited with return code 0
[2025-06-18T13:39:46.090+0000] {taskinstance.py:3498} INFO - 1 downstream tasks scheduled from follow-on schedule check
[2025-06-18T13:39:46.092+0000] {local_task_job_runner.py:222} INFO - ::endgroup::
