[2025-06-18T11:26:14.809+0000] {local_task_job_runner.py:120} INFO - ::group::Pre task execution logs
[2025-06-18T11:26:14.838+0000] {taskinstance.py:2076} INFO - Dependencies all met for dep_context=non-requeueable deps ti=<TaskInstance: usdpkr_forecasting_modular.prepare_data manual__2025-06-18T11:25:54.529701+00:00 [queued]>
[2025-06-18T11:26:14.847+0000] {taskinstance.py:2076} INFO - Dependencies all met for dep_context=requeueable deps ti=<TaskInstance: usdpkr_forecasting_modular.prepare_data manual__2025-06-18T11:25:54.529701+00:00 [queued]>
[2025-06-18T11:26:14.848+0000] {taskinstance.py:2306} INFO - Starting attempt 1 of 4
[2025-06-18T11:26:14.863+0000] {taskinstance.py:2330} INFO - Executing <Task(PythonOperator): prepare_data> on 2025-06-18 11:25:54.529701+00:00
[2025-06-18T11:26:14.869+0000] {standard_task_runner.py:63} INFO - Started process 2694 to run task
[2025-06-18T11:26:14.872+0000] {standard_task_runner.py:90} INFO - Running: ['***', 'tasks', 'run', 'usdpkr_forecasting_modular', 'prepare_data', 'manual__2025-06-18T11:25:54.529701+00:00', '--job-id', '605', '--raw', '--subdir', 'DAGS_FOLDER/usdpkr_forecasting_dag.py', '--cfg-path', '/tmp/tmpqiwapn8z']
[2025-06-18T11:26:14.874+0000] {standard_task_runner.py:91} INFO - Job 605: Subtask prepare_data
[2025-06-18T11:26:14.917+0000] {task_command.py:426} INFO - Running <TaskInstance: usdpkr_forecasting_modular.prepare_data manual__2025-06-18T11:25:54.529701+00:00 [running]> on host 9c4806d77c92
[2025-06-18T11:26:15.003+0000] {taskinstance.py:2648} INFO - Exporting env vars: AIRFLOW_CTX_DAG_OWNER='***' AIRFLOW_CTX_DAG_ID='usdpkr_forecasting_modular' AIRFLOW_CTX_TASK_ID='prepare_data' AIRFLOW_CTX_EXECUTION_DATE='2025-06-18T11:25:54.529701+00:00' AIRFLOW_CTX_TRY_NUMBER='1' AIRFLOW_CTX_DAG_RUN_ID='manual__2025-06-18T11:25:54.529701+00:00'
[2025-06-18T11:26:15.004+0000] {taskinstance.py:430} INFO - ::endgroup::
[2025-06-18T11:26:15.021+0000] {transform.py:364} INFO - Loading DataFrame from path: /opt/***/data/raw/engineered_features.csv
[2025-06-18T11:26:15.043+0000] {logging_mixin.py:188} INFO - Loaded engineered features shape: (246, 52)
[2025-06-18T11:26:15.044+0000] {logging_mixin.py:188} INFO - Columns: ['DATE', 'GOLD', 'FOREX_RESERVES', 'INFLATION_YOY', 'OIL', 'INTEREST_RATE', 'KSE100', 'USDPKR', 'M2', 'YEAR', 'MONTH', 'QUARTER', 'FOREX_RESERVES_naflag', 'INFLATION_YOY_naflag', 'INTEREST_RATE_naflag', 'KSE100_naflag', 'M2_naflag', 'MONTH_SIN', 'MONTH_COS', 'USDPKR_diff', 'REAL_INTEREST', 'OIL_IN_PKR', 'KSE100_lag1', 'KSE100_lag3', 'KSE100_lag12', 'INFLATION_YOY_lag1', 'INFLATION_YOY_lag3', 'INFLATION_YOY_lag12', 'INTEREST_RATE_lag1', 'INTEREST_RATE_lag3', 'INTEREST_RATE_lag12', 'USDPKR_lag1', 'USDPKR_lag3', 'USDPKR_lag12', 'OIL_lag1', 'OIL_lag3', 'OIL_lag12', 'FOREX_RESERVES_lag1', 'FOREX_RESERVES_lag3', 'FOREX_RESERVES_lag12', 'GOLD_lag1', 'GOLD_lag3', 'GOLD_lag12', 'M2_lag1', 'M2_lag3', 'M2_lag12', 'KSE100_roll_mean3', 'KSE100_roll_std3', 'OIL_roll_mean3', 'OIL_roll_std3', 'GOLD_roll_mean3', 'GOLD_roll_std3']
[2025-06-18T11:26:15.087+0000] {logging_mixin.py:188} INFO - First few rows:
         DATE        GOLD  ...  GOLD_roll_mean3  GOLD_roll_std3
0  2005-01-01  421.799988  ...              NaN             NaN
1  2005-02-01  436.500000  ...              NaN             NaN
2  2005-03-01  428.700012  ...              NaN             NaN
3  2005-04-01  435.000000  ...       429.000000        7.354596
4  2005-05-01  416.299988  ...       433.400004        4.138833

[5 rows x 52 columns]
[2025-06-18T11:26:15.089+0000] {logging_mixin.py:188} INFO - train_size: 196
[2025-06-18T11:26:15.090+0000] {logging_mixin.py:188} INFO - X_train shape: (196, 50), y_train shape: (196,)
[2025-06-18T11:26:15.163+0000] {python.py:237} INFO - Done. Returned value was: ('/opt/***/data/models/X_train.csv', '/opt/***/data/models/y_train.csv', '/opt/***/data/models/selected_features.csv', '/opt/***/data/models/train_test_data.csv')
[2025-06-18T11:26:15.163+0000] {taskinstance.py:441} INFO - ::group::Post task execution logs
[2025-06-18T11:26:15.184+0000] {taskinstance.py:1206} INFO - Marking task as SUCCESS. dag_id=usdpkr_forecasting_modular, task_id=prepare_data, run_id=manual__2025-06-18T11:25:54.529701+00:00, execution_date=20250618T112554, start_date=20250618T112614, end_date=20250618T112615
[2025-06-18T11:26:15.205+0000] {local_task_job_runner.py:240} INFO - Task exited with return code 0
[2025-06-18T11:26:15.214+0000] {local_task_job_runner.py:222} INFO - ::endgroup::
