[2025-06-18T15:16:56.523+0000] {local_task_job_runner.py:120} INFO - ::group::Pre task execution logs
[2025-06-18T15:16:56.666+0000] {taskinstance.py:2076} INFO - Dependencies all met for dep_context=non-requeueable deps ti=<TaskInstance: kse100_forecasting.fetch_oil scheduled__2025-05-01T00:00:00+00:00 [queued]>
[2025-06-18T15:16:56.688+0000] {taskinstance.py:2076} INFO - Dependencies all met for dep_context=requeueable deps ti=<TaskInstance: kse100_forecasting.fetch_oil scheduled__2025-05-01T00:00:00+00:00 [queued]>
[2025-06-18T15:16:56.690+0000] {taskinstance.py:2306} INFO - Starting attempt 1 of 6
[2025-06-18T15:16:56.775+0000] {taskinstance.py:2330} INFO - Executing <Task(PythonOperator): fetch_oil> on 2025-05-01 00:00:00+00:00
[2025-06-18T15:16:56.826+0000] {standard_task_runner.py:63} INFO - Started process 551 to run task
[2025-06-18T15:16:56.842+0000] {standard_task_runner.py:90} INFO - Running: ['***', 'tasks', 'run', 'kse100_forecasting', 'fetch_oil', 'scheduled__2025-05-01T00:00:00+00:00', '--job-id', '875', '--raw', '--subdir', 'DAGS_FOLDER/inflation_forecasting_dag.py', '--cfg-path', '/tmp/tmp060ta54x']
[2025-06-18T15:16:56.874+0000] {standard_task_runner.py:91} INFO - Job 875: Subtask fetch_oil
[2025-06-18T15:16:57.172+0000] {task_command.py:426} INFO - Running <TaskInstance: kse100_forecasting.fetch_oil scheduled__2025-05-01T00:00:00+00:00 [running]> on host f55656462970
[2025-06-18T15:16:57.844+0000] {taskinstance.py:2648} INFO - Exporting env vars: AIRFLOW_CTX_DAG_OWNER='***' AIRFLOW_CTX_DAG_ID='kse100_forecasting' AIRFLOW_CTX_TASK_ID='fetch_oil' AIRFLOW_CTX_EXECUTION_DATE='2025-05-01T00:00:00+00:00' AIRFLOW_CTX_TRY_NUMBER='1' AIRFLOW_CTX_DAG_RUN_ID='scheduled__2025-05-01T00:00:00+00:00'
[2025-06-18T15:16:57.861+0000] {taskinstance.py:430} INFO - ::endgroup::
[2025-06-18T15:16:58.010+0000] {ingest.py:65} INFO - Fetching CL=F from Yahoo Finance...
[2025-06-18T15:17:02.571+0000] {ingest.py:106} INFO - Saved CL=F data to /opt/***/data/raw/OIL.csv
[2025-06-18T15:17:02.572+0000] {ingest.py:107} INFO - Date range: 2000-08-31 to 2025-06-30
[2025-06-18T15:17:02.573+0000] {python.py:237} INFO - Done. Returned value was: /opt/***/data/raw/OIL.csv
[2025-06-18T15:17:02.573+0000] {taskinstance.py:441} INFO - ::group::Post task execution logs
[2025-06-18T15:17:02.594+0000] {taskinstance.py:1206} INFO - Marking task as SUCCESS. dag_id=kse100_forecasting, task_id=fetch_oil, run_id=scheduled__2025-05-01T00:00:00+00:00, execution_date=20250501T000000, start_date=20250618T151656, end_date=20250618T151702
[2025-06-18T15:17:02.640+0000] {local_task_job_runner.py:240} INFO - Task exited with return code 0
[2025-06-18T15:17:02.687+0000] {taskinstance.py:3498} INFO - 0 downstream tasks scheduled from follow-on schedule check
[2025-06-18T15:17:02.690+0000] {local_task_job_runner.py:222} INFO - ::endgroup::
