[2025-06-14T17:00:46.951+0000] {local_task_job_runner.py:120} INFO - ::group::Pre task execution logs
[2025-06-14T17:00:47.009+0000] {taskinstance.py:2076} INFO - Dependencies all met for dep_context=non-requeueable deps ti=<TaskInstance: usdpkr_forecasting_modular.fetch_oil manual__2025-06-14T17:00:39.577250+00:00 [queued]>
[2025-06-14T17:00:47.024+0000] {taskinstance.py:2076} INFO - Dependencies all met for dep_context=requeueable deps ti=<TaskInstance: usdpkr_forecasting_modular.fetch_oil manual__2025-06-14T17:00:39.577250+00:00 [queued]>
[2025-06-14T17:00:47.025+0000] {taskinstance.py:2306} INFO - Starting attempt 1 of 6
[2025-06-14T17:00:47.046+0000] {taskinstance.py:2330} INFO - Executing <Task(PythonOperator): fetch_oil> on 2025-06-14 17:00:39.577250+00:00
[2025-06-14T17:00:47.057+0000] {standard_task_runner.py:63} INFO - Started process 793 to run task
[2025-06-14T17:00:47.064+0000] {standard_task_runner.py:90} INFO - Running: ['***', 'tasks', 'run', 'usdpkr_forecasting_modular', 'fetch_oil', 'manual__2025-06-14T17:00:39.577250+00:00', '--job-id', '355', '--raw', '--subdir', 'DAGS_FOLDER/usdpkr_forecasting_dag.py', '--cfg-path', '/tmp/tmpw8f8vr_w']
[2025-06-14T17:00:47.068+0000] {standard_task_runner.py:91} INFO - Job 355: Subtask fetch_oil
[2025-06-14T17:00:47.291+0000] {task_command.py:426} INFO - Running <TaskInstance: usdpkr_forecasting_modular.fetch_oil manual__2025-06-14T17:00:39.577250+00:00 [running]> on host 1ada37a5d2dc
[2025-06-14T17:00:47.511+0000] {taskinstance.py:2648} INFO - Exporting env vars: AIRFLOW_CTX_DAG_OWNER='***' AIRFLOW_CTX_DAG_ID='usdpkr_forecasting_modular' AIRFLOW_CTX_TASK_ID='fetch_oil' AIRFLOW_CTX_EXECUTION_DATE='2025-06-14T17:00:39.577250+00:00' AIRFLOW_CTX_TRY_NUMBER='1' AIRFLOW_CTX_DAG_RUN_ID='manual__2025-06-14T17:00:39.577250+00:00'
[2025-06-14T17:00:47.514+0000] {taskinstance.py:430} INFO - ::endgroup::
[2025-06-14T17:00:47.530+0000] {ingest.py:65} INFO - Fetching CL=F from Yahoo Finance...
[2025-06-14T17:00:50.595+0000] {ingest.py:106} INFO - Saved CL=F data to /opt/***/data/raw/OIL.csv
[2025-06-14T17:00:50.596+0000] {ingest.py:107} INFO - Date range: 2000-08-31 to 2025-06-30
[2025-06-14T17:00:50.596+0000] {python.py:237} INFO - Done. Returned value was: /opt/***/data/raw/OIL.csv
[2025-06-14T17:00:50.597+0000] {taskinstance.py:441} INFO - ::group::Post task execution logs
[2025-06-14T17:00:50.618+0000] {taskinstance.py:1206} INFO - Marking task as SUCCESS. dag_id=usdpkr_forecasting_modular, task_id=fetch_oil, run_id=manual__2025-06-14T17:00:39.577250+00:00, execution_date=20250614T170039, start_date=20250614T170047, end_date=20250614T170050
[2025-06-14T17:00:50.655+0000] {local_task_job_runner.py:240} INFO - Task exited with return code 0
[2025-06-14T17:00:50.680+0000] {taskinstance.py:3498} INFO - 0 downstream tasks scheduled from follow-on schedule check
[2025-06-14T17:00:50.682+0000] {local_task_job_runner.py:222} INFO - ::endgroup::
