[2025-06-18T13:42:47.312+0000] {local_task_job_runner.py:120} INFO - ::group::Pre task execution logs
[2025-06-18T13:42:47.350+0000] {taskinstance.py:2076} INFO - Dependencies all met for dep_context=non-requeueable deps ti=<TaskInstance: usdpkr_forecasting_modular.fetch_interest_rate manual__2025-06-18T13:42:41.957789+00:00 [queued]>
[2025-06-18T13:42:47.364+0000] {taskinstance.py:2076} INFO - Dependencies all met for dep_context=requeueable deps ti=<TaskInstance: usdpkr_forecasting_modular.fetch_interest_rate manual__2025-06-18T13:42:41.957789+00:00 [queued]>
[2025-06-18T13:42:47.379+0000] {taskinstance.py:2306} INFO - Starting attempt 1 of 3
[2025-06-18T13:42:47.416+0000] {taskinstance.py:2330} INFO - Executing <Task(PythonOperator): fetch_interest_rate> on 2025-06-18 13:42:41.957789+00:00
[2025-06-18T13:42:47.430+0000] {standard_task_runner.py:63} INFO - Started process 8925 to run task
[2025-06-18T13:42:47.439+0000] {standard_task_runner.py:90} INFO - Running: ['***', 'tasks', 'run', 'usdpkr_forecasting_modular', 'fetch_interest_rate', 'manual__2025-06-18T13:42:41.957789+00:00', '--job-id', '794', '--raw', '--subdir', 'DAGS_FOLDER/usdpkr_forecasting_dag.py', '--cfg-path', '/tmp/tmpucqai7b8']
[2025-06-18T13:42:47.442+0000] {standard_task_runner.py:91} INFO - Job 794: Subtask fetch_interest_rate
[2025-06-18T13:42:47.575+0000] {task_command.py:426} INFO - Running <TaskInstance: usdpkr_forecasting_modular.fetch_interest_rate manual__2025-06-18T13:42:41.957789+00:00 [running]> on host 9c4806d77c92
[2025-06-18T13:42:47.673+0000] {taskinstance.py:2648} INFO - Exporting env vars: AIRFLOW_CTX_DAG_OWNER='***' AIRFLOW_CTX_DAG_ID='usdpkr_forecasting_modular' AIRFLOW_CTX_TASK_ID='fetch_interest_rate' AIRFLOW_CTX_EXECUTION_DATE='2025-06-18T13:42:41.957789+00:00' AIRFLOW_CTX_TRY_NUMBER='1' AIRFLOW_CTX_DAG_RUN_ID='manual__2025-06-18T13:42:41.957789+00:00'
[2025-06-18T13:42:47.674+0000] {taskinstance.py:430} INFO - ::endgroup::
[2025-06-18T13:42:47.685+0000] {ingest.py:193} INFO - Generating placeholder data for SBP series: INTEREST_RATE...
[2025-06-18T13:42:47.702+0000] {ingest.py:214} INFO - Saved placeholder INTEREST_RATE data to /opt/***/data/raw/INTEREST_RATE.csv
[2025-06-18T13:42:47.703+0000] {ingest.py:215} INFO - Date range: 2005-06-30 to 2025-05-31
[2025-06-18T13:42:47.704+0000] {python.py:237} INFO - Done. Returned value was: /opt/***/data/raw/INTEREST_RATE.csv
[2025-06-18T13:42:47.704+0000] {taskinstance.py:441} INFO - ::group::Post task execution logs
[2025-06-18T13:42:47.724+0000] {taskinstance.py:1206} INFO - Marking task as SUCCESS. dag_id=usdpkr_forecasting_modular, task_id=fetch_interest_rate, run_id=manual__2025-06-18T13:42:41.957789+00:00, execution_date=20250618T134241, start_date=20250618T134247, end_date=20250618T134247
[2025-06-18T13:42:47.778+0000] {local_task_job_runner.py:240} INFO - Task exited with return code 0
[2025-06-18T13:42:47.800+0000] {taskinstance.py:3498} INFO - 0 downstream tasks scheduled from follow-on schedule check
[2025-06-18T13:42:47.802+0000] {local_task_job_runner.py:222} INFO - ::endgroup::
