[2025-06-18T13:39:57.102+0000] {local_task_job_runner.py:120} INFO - ::group::Pre task execution logs
[2025-06-18T13:39:57.137+0000] {taskinstance.py:2076} INFO - Dependencies all met for dep_context=non-requeueable deps ti=<TaskInstance: usdpkr_forecasting_modular.train_lasso manual__2025-06-18T13:39:35.778617+00:00 [queued]>
[2025-06-18T13:39:57.147+0000] {taskinstance.py:2076} INFO - Dependencies all met for dep_context=requeueable deps ti=<TaskInstance: usdpkr_forecasting_modular.train_lasso manual__2025-06-18T13:39:35.778617+00:00 [queued]>
[2025-06-18T13:39:57.148+0000] {taskinstance.py:2306} INFO - Starting attempt 1 of 3
[2025-06-18T13:39:57.161+0000] {taskinstance.py:2330} INFO - Executing <Task(PythonOperator): train_lasso> on 2025-06-18 13:39:35.778617+00:00
[2025-06-18T13:39:57.169+0000] {standard_task_runner.py:63} INFO - Started process 8738 to run task
[2025-06-18T13:39:57.171+0000] {standard_task_runner.py:90} INFO - Running: ['***', 'tasks', 'run', 'usdpkr_forecasting_modular', 'train_lasso', 'manual__2025-06-18T13:39:35.778617+00:00', '--job-id', '786', '--raw', '--subdir', 'DAGS_FOLDER/usdpkr_forecasting_dag.py', '--cfg-path', '/tmp/tmpb587q7we']
[2025-06-18T13:39:57.174+0000] {standard_task_runner.py:91} INFO - Job 786: Subtask train_lasso
[2025-06-18T13:39:57.227+0000] {task_command.py:426} INFO - Running <TaskInstance: usdpkr_forecasting_modular.train_lasso manual__2025-06-18T13:39:35.778617+00:00 [running]> on host 9c4806d77c92
[2025-06-18T13:39:57.341+0000] {taskinstance.py:2648} INFO - Exporting env vars: AIRFLOW_CTX_DAG_OWNER='***' AIRFLOW_CTX_DAG_ID='usdpkr_forecasting_modular' AIRFLOW_CTX_TASK_ID='train_lasso' AIRFLOW_CTX_EXECUTION_DATE='2025-06-18T13:39:35.778617+00:00' AIRFLOW_CTX_TRY_NUMBER='1' AIRFLOW_CTX_DAG_RUN_ID='manual__2025-06-18T13:39:35.778617+00:00'
[2025-06-18T13:39:57.342+0000] {taskinstance.py:430} INFO - ::endgroup::
[2025-06-18T13:39:57.354+0000] {logging_mixin.py:188} INFO - Loading selected features from: /opt/***/data/models/selected_features.csv
[2025-06-18T13:39:57.355+0000] {model_steps.py:836} ERROR - Error in train_lasso_model: selected_features_path must be a .pkl file, got: /opt/***/data/models/selected_features.csv
[2025-06-18T13:39:57.355+0000] {taskinstance.py:441} INFO - ::group::Post task execution logs
[2025-06-18T13:39:57.356+0000] {taskinstance.py:2905} ERROR - Task failed with exception
Traceback (most recent call last):
  File "/home/airflow/.local/lib/python3.12/site-packages/airflow/models/taskinstance.py", line 465, in _execute_task
    result = _execute_callable(context=context, **execute_callable_kwargs)
             ^^^^^^^^^^^^^^^^^^^^^^^^^^^^^^^^^^^^^^^^^^^^^^^^^^^^^^^^^^^^^
  File "/home/airflow/.local/lib/python3.12/site-packages/airflow/models/taskinstance.py", line 432, in _execute_callable
    return execute_callable(context=context, **execute_callable_kwargs)
           ^^^^^^^^^^^^^^^^^^^^^^^^^^^^^^^^^^^^^^^^^^^^^^^^^^^^^^^^^^^^
  File "/home/airflow/.local/lib/python3.12/site-packages/airflow/models/baseoperator.py", line 400, in wrapper
    return func(self, *args, **kwargs)
           ^^^^^^^^^^^^^^^^^^^^^^^^^^^
  File "/home/airflow/.local/lib/python3.12/site-packages/airflow/operators/python.py", line 235, in execute
    return_value = self.execute_callable()
                   ^^^^^^^^^^^^^^^^^^^^^^^
  File "/home/airflow/.local/lib/python3.12/site-packages/airflow/operators/python.py", line 252, in execute_callable
    return self.python_callable(*self.op_args, **self.op_kwargs)
           ^^^^^^^^^^^^^^^^^^^^^^^^^^^^^^^^^^^^^^^^^^^^^^^^^^^^^
  File "/opt/airflow/dags/inflation_modules/model_steps.py", line 799, in train_lasso_model
    raise ValueError(f"selected_features_path must be a .pkl file, got: {selected_features_path}")
ValueError: selected_features_path must be a .pkl file, got: /opt/***/data/models/selected_features.csv
[2025-06-18T13:39:57.367+0000] {taskinstance.py:1206} INFO - Marking task as UP_FOR_RETRY. dag_id=usdpkr_forecasting_modular, task_id=train_lasso, run_id=manual__2025-06-18T13:39:35.778617+00:00, execution_date=20250618T133935, start_date=20250618T133957, end_date=20250618T133957
[2025-06-18T13:39:57.380+0000] {standard_task_runner.py:110} ERROR - Failed to execute job 786 for task train_lasso (selected_features_path must be a .pkl file, got: /opt/***/data/models/selected_features.csv; 8738)
[2025-06-18T13:39:57.426+0000] {local_task_job_runner.py:240} INFO - Task exited with return code 1
[2025-06-18T13:39:57.443+0000] {taskinstance.py:3498} INFO - 0 downstream tasks scheduled from follow-on schedule check
[2025-06-18T13:39:57.447+0000] {local_task_job_runner.py:222} INFO - ::endgroup::
