[2025-06-14T16:34:27.483+0000] {local_task_job_runner.py:120} INFO - ::group::Pre task execution logs
[2025-06-14T16:34:27.512+0000] {taskinstance.py:2076} INFO - Dependencies all met for dep_context=non-requeueable deps ti=<TaskInstance: usdpkr_forecasting_modular.merge_data manual__2025-06-14T16:34:11.679132+00:00 [queued]>
[2025-06-14T16:34:27.521+0000] {taskinstance.py:2076} INFO - Dependencies all met for dep_context=requeueable deps ti=<TaskInstance: usdpkr_forecasting_modular.merge_data manual__2025-06-14T16:34:11.679132+00:00 [queued]>
[2025-06-14T16:34:27.522+0000] {taskinstance.py:2306} INFO - Starting attempt 1 of 3
[2025-06-14T16:34:27.537+0000] {taskinstance.py:2330} INFO - Executing <Task(PythonOperator): merge_data> on 2025-06-14 16:34:11.679132+00:00
[2025-06-14T16:34:27.543+0000] {standard_task_runner.py:63} INFO - Started process 309 to run task
[2025-06-14T16:34:27.546+0000] {standard_task_runner.py:90} INFO - Running: ['***', 'tasks', 'run', 'usdpkr_forecasting_modular', 'merge_data', 'manual__2025-06-14T16:34:11.679132+00:00', '--job-id', '297', '--raw', '--subdir', 'DAGS_FOLDER/usdpkr_forecasting_dag.py', '--cfg-path', '/tmp/tmpuf5l9ah7']
[2025-06-14T16:34:27.549+0000] {standard_task_runner.py:91} INFO - Job 297: Subtask merge_data
[2025-06-14T16:34:27.592+0000] {task_command.py:426} INFO - Running <TaskInstance: usdpkr_forecasting_modular.merge_data manual__2025-06-14T16:34:11.679132+00:00 [running]> on host 1ada37a5d2dc
[2025-06-14T16:34:27.667+0000] {taskinstance.py:2648} INFO - Exporting env vars: AIRFLOW_CTX_DAG_OWNER='***' AIRFLOW_CTX_DAG_ID='usdpkr_forecasting_modular' AIRFLOW_CTX_TASK_ID='merge_data' AIRFLOW_CTX_EXECUTION_DATE='2025-06-14T16:34:11.679132+00:00' AIRFLOW_CTX_TRY_NUMBER='1' AIRFLOW_CTX_DAG_RUN_ID='manual__2025-06-14T16:34:11.679132+00:00'
[2025-06-14T16:34:27.669+0000] {taskinstance.py:430} INFO - ::endgroup::
[2025-06-14T16:34:27.761+0000] {python.py:237} INFO - Done. Returned value was:         DATE        OIL  FOREX_RESERVES  ...        KSE100      USDPKR        M2
0    2005-06  56.500000           13.25  ...   7450.120117   59.700001  14633.69
1    2005-07  60.570000           11.27  ...   7178.930176   59.660000  14911.56
2    2005-08  68.940002           16.81  ...   7796.859863   59.639999  14665.70
3    2005-09  66.239998           12.73  ...   8225.660156   59.700001  15527.50
4    2005-10  59.759998           18.10  ...   8247.370117   59.715000  15881.88
..       ...        ...             ...  ...           ...         ...       ...
191  2021-05  66.320000           14.71  ...  47126.289062  154.330002  75002.29
192  2021-06  73.470001           22.29  ...  47356.019531  158.100006  75090.63
193  2021-07  73.949997           10.15  ...  47055.289062  160.928391  77788.98
194  2021-08  68.500000           14.26  ...  47419.738281  165.310272  77127.69
195  2021-09  75.029999           18.01  ...  44899.601562  169.500000  75552.73

[196 rows x 9 columns]
[2025-06-14T16:34:27.785+0000] {taskinstance.py:441} INFO - ::group::Post task execution logs
[2025-06-14T16:34:27.838+0000] {taskinstance.py:1206} INFO - Marking task as SUCCESS. dag_id=usdpkr_forecasting_modular, task_id=merge_data, run_id=manual__2025-06-14T16:34:11.679132+00:00, execution_date=20250614T163411, start_date=20250614T163427, end_date=20250614T163427
[2025-06-14T16:34:27.880+0000] {local_task_job_runner.py:240} INFO - Task exited with return code 0
[2025-06-14T16:34:27.905+0000] {taskinstance.py:3498} INFO - 1 downstream tasks scheduled from follow-on schedule check
[2025-06-14T16:34:27.907+0000] {local_task_job_runner.py:222} INFO - ::endgroup::
