[2025-06-18T13:42:14.580+0000] {local_task_job_runner.py:120} INFO - ::group::Pre task execution logs
[2025-06-18T13:42:14.608+0000] {taskinstance.py:2076} INFO - Dependencies all met for dep_context=non-requeueable deps ti=<TaskInstance: usdpkr_forecasting_modular.train_stacked manual__2025-06-18T13:39:35.778617+00:00 [queued]>
[2025-06-18T13:42:14.617+0000] {taskinstance.py:2076} INFO - Dependencies all met for dep_context=requeueable deps ti=<TaskInstance: usdpkr_forecasting_modular.train_stacked manual__2025-06-18T13:39:35.778617+00:00 [queued]>
[2025-06-18T13:42:14.618+0000] {taskinstance.py:2306} INFO - Starting attempt 2 of 3
[2025-06-18T13:42:14.631+0000] {taskinstance.py:2330} INFO - Executing <Task(PythonOperator): train_stacked> on 2025-06-18 13:39:35.778617+00:00
[2025-06-18T13:42:14.637+0000] {standard_task_runner.py:63} INFO - Started process 8820 to run task
[2025-06-18T13:42:14.639+0000] {standard_task_runner.py:90} INFO - Running: ['***', 'tasks', 'run', 'usdpkr_forecasting_modular', 'train_stacked', 'manual__2025-06-18T13:39:35.778617+00:00', '--job-id', '787', '--raw', '--subdir', 'DAGS_FOLDER/usdpkr_forecasting_dag.py', '--cfg-path', '/tmp/tmp6y9t5l9_']
[2025-06-18T13:42:14.641+0000] {standard_task_runner.py:91} INFO - Job 787: Subtask train_stacked
[2025-06-18T13:42:14.680+0000] {task_command.py:426} INFO - Running <TaskInstance: usdpkr_forecasting_modular.train_stacked manual__2025-06-18T13:39:35.778617+00:00 [running]> on host 9c4806d77c92
[2025-06-18T13:42:14.780+0000] {taskinstance.py:2648} INFO - Exporting env vars: AIRFLOW_CTX_DAG_OWNER='***' AIRFLOW_CTX_DAG_ID='usdpkr_forecasting_modular' AIRFLOW_CTX_TASK_ID='train_stacked' AIRFLOW_CTX_EXECUTION_DATE='2025-06-18T13:39:35.778617+00:00' AIRFLOW_CTX_TRY_NUMBER='2' AIRFLOW_CTX_DAG_RUN_ID='manual__2025-06-18T13:39:35.778617+00:00'
[2025-06-18T13:42:14.781+0000] {taskinstance.py:430} INFO - ::endgroup::
[2025-06-18T13:42:14.795+0000] {model_steps.py:902} ERROR - Error in train_stacked_model: invalid load key, 'f'.
[2025-06-18T13:42:14.795+0000] {taskinstance.py:441} INFO - ::group::Post task execution logs
[2025-06-18T13:42:14.796+0000] {taskinstance.py:2905} ERROR - Task failed with exception
Traceback (most recent call last):
  File "/home/airflow/.local/lib/python3.12/site-packages/airflow/models/taskinstance.py", line 465, in _execute_task
    result = _execute_callable(context=context, **execute_callable_kwargs)
             ^^^^^^^^^^^^^^^^^^^^^^^^^^^^^^^^^^^^^^^^^^^^^^^^^^^^^^^^^^^^^
  File "/home/airflow/.local/lib/python3.12/site-packages/airflow/models/taskinstance.py", line 432, in _execute_callable
    return execute_callable(context=context, **execute_callable_kwargs)
           ^^^^^^^^^^^^^^^^^^^^^^^^^^^^^^^^^^^^^^^^^^^^^^^^^^^^^^^^^^^^
  File "/home/airflow/.local/lib/python3.12/site-packages/airflow/models/baseoperator.py", line 400, in wrapper
    return func(self, *args, **kwargs)
           ^^^^^^^^^^^^^^^^^^^^^^^^^^^
  File "/home/airflow/.local/lib/python3.12/site-packages/airflow/operators/python.py", line 235, in execute
    return_value = self.execute_callable()
                   ^^^^^^^^^^^^^^^^^^^^^^^
  File "/home/airflow/.local/lib/python3.12/site-packages/airflow/operators/python.py", line 252, in execute_callable
    return self.python_callable(*self.op_args, **self.op_kwargs)
           ^^^^^^^^^^^^^^^^^^^^^^^^^^^^^^^^^^^^^^^^^^^^^^^^^^^^^
  File "/opt/airflow/dags/inflation_modules/model_steps.py", line 858, in train_stacked_model
    selected_data = pickle.load(f)
                    ^^^^^^^^^^^^^^
_pickle.UnpicklingError: invalid load key, 'f'.
[2025-06-18T13:42:14.810+0000] {taskinstance.py:1206} INFO - Marking task as UP_FOR_RETRY. dag_id=usdpkr_forecasting_modular, task_id=train_stacked, run_id=manual__2025-06-18T13:39:35.778617+00:00, execution_date=20250618T133935, start_date=20250618T134214, end_date=20250618T134214
[2025-06-18T13:42:14.819+0000] {standard_task_runner.py:110} ERROR - Failed to execute job 787 for task train_stacked (invalid load key, 'f'.; 8820)
[2025-06-18T13:42:14.853+0000] {local_task_job_runner.py:240} INFO - Task exited with return code 1
[2025-06-18T13:42:14.866+0000] {taskinstance.py:3498} INFO - 0 downstream tasks scheduled from follow-on schedule check
[2025-06-18T13:42:14.869+0000] {local_task_job_runner.py:222} INFO - ::endgroup::
