[2025-05-10T12:53:00.896+0000] {local_task_job_runner.py:120} INFO - ::group::Pre task execution logs
[2025-05-10T12:53:00.923+0000] {taskinstance.py:2076} INFO - Dependencies all met for dep_context=non-requeueable deps ti=<TaskInstance: example_dag.print_hello scheduled__2025-05-10T12:52:00+00:00 [queued]>
[2025-05-10T12:53:00.930+0000] {taskinstance.py:2076} INFO - Dependencies all met for dep_context=requeueable deps ti=<TaskInstance: example_dag.print_hello scheduled__2025-05-10T12:52:00+00:00 [queued]>
[2025-05-10T12:53:00.931+0000] {taskinstance.py:2306} INFO - Starting attempt 1 of 1
[2025-05-10T12:53:00.942+0000] {taskinstance.py:2330} INFO - Executing <Task(BashOperator): print_hello> on 2025-05-10 12:52:00+00:00
[2025-05-10T12:53:00.950+0000] {logging_mixin.py:188} WARNING - /home/***/.local/lib/python3.12/site-packages/***/task/task_runner/standard_task_runner.py:61 DeprecationWarning: This process (pid=470) is multi-threaded, use of fork() may lead to deadlocks in the child.
[2025-05-10T12:53:00.952+0000] {standard_task_runner.py:63} INFO - Started process 471 to run task
[2025-05-10T12:53:00.950+0000] {standard_task_runner.py:90} INFO - Running: ['***', 'tasks', 'run', 'example_dag', 'print_hello', 'scheduled__2025-05-10T12:52:00+00:00', '--job-id', '13', '--raw', '--subdir', 'DAGS_FOLDER/example_dag.py', '--cfg-path', '/tmp/tmpb3vx2z50']
[2025-05-10T12:53:00.952+0000] {standard_task_runner.py:91} INFO - Job 13: Subtask print_hello
[2025-05-10T12:53:00.965+0000] {logging_mixin.py:188} WARNING - /home/***/.local/lib/python3.12/site-packages/***/settings.py:195 DeprecationWarning: The sql_alchemy_conn option in [core] has been moved to the sql_alchemy_conn option in [database] - the old setting has been used, but please update your config.
[2025-05-10T12:53:00.996+0000] {task_command.py:426} INFO - Running <TaskInstance: example_dag.print_hello scheduled__2025-05-10T12:52:00+00:00 [running]> on host a7ce346665d8
[2025-05-10T12:53:01.071+0000] {taskinstance.py:2648} INFO - Exporting env vars: AIRFLOW_CTX_DAG_OWNER='***' AIRFLOW_CTX_DAG_ID='example_dag' AIRFLOW_CTX_TASK_ID='print_hello' AIRFLOW_CTX_EXECUTION_DATE='2025-05-10T12:52:00+00:00' AIRFLOW_CTX_TRY_NUMBER='1' AIRFLOW_CTX_DAG_RUN_ID='scheduled__2025-05-10T12:52:00+00:00'
[2025-05-10T12:53:01.072+0000] {taskinstance.py:430} INFO - ::endgroup::
[2025-05-10T12:53:01.085+0000] {subprocess.py:63} INFO - Tmp dir root location: /tmp
[2025-05-10T12:53:01.087+0000] {subprocess.py:75} INFO - Running command: ['/usr/bin/bash', '-c', 'echo "Hello, Airflow!Hello, Airflow!Hello, Airflow!Hello, Airflow!Hello, Airflow!Hello, Airflow!Hello, Airflow!Hello, Airflow!Hello, Airflow!Hello, Airflow!Hello, Airflow!Hello, Airflow!Hello, Airflow!Hello, Airflow!Hello, Airflow!Hello, Airflow!"']
[2025-05-10T12:53:01.093+0000] {subprocess.py:86} INFO - Output:
[2025-05-10T12:53:01.094+0000] {subprocess.py:93} INFO - Hello, Airflow!Hello, Airflow!Hello, Airflow!Hello, Airflow!Hello, Airflow!Hello, Airflow!Hello, Airflow!Hello, Airflow!Hello, Airflow!Hello, Airflow!Hello, Airflow!Hello, Airflow!Hello, Airflow!Hello, Airflow!Hello, Airflow!Hello, Airflow!
[2025-05-10T12:53:01.095+0000] {subprocess.py:97} INFO - Command exited with return code 0
[2025-05-10T12:53:01.096+0000] {taskinstance.py:441} INFO - ::group::Post task execution logs
[2025-05-10T12:53:01.117+0000] {taskinstance.py:1206} INFO - Marking task as SUCCESS. dag_id=example_dag, task_id=print_hello, run_id=scheduled__2025-05-10T12:52:00+00:00, execution_date=20250510T125200, start_date=20250510T125300, end_date=20250510T125301
[2025-05-10T12:53:01.166+0000] {local_task_job_runner.py:240} INFO - Task exited with return code 0
[2025-05-10T12:53:01.181+0000] {taskinstance.py:3498} INFO - 0 downstream tasks scheduled from follow-on schedule check
[2025-05-10T12:53:01.183+0000] {local_task_job_runner.py:222} INFO - ::endgroup::
