[2025-06-18T15:16:56.148+0000] {local_task_job_runner.py:120} INFO - ::group::Pre task execution logs
[2025-06-18T15:16:56.460+0000] {taskinstance.py:2076} INFO - Dependencies all met for dep_context=non-requeueable deps ti=<TaskInstance: kse100_forecasting.fetch_forex_reserves scheduled__2025-05-01T00:00:00+00:00 [queued]>
[2025-06-18T15:16:56.490+0000] {taskinstance.py:2076} INFO - Dependencies all met for dep_context=requeueable deps ti=<TaskInstance: kse100_forecasting.fetch_forex_reserves scheduled__2025-05-01T00:00:00+00:00 [queued]>
[2025-06-18T15:16:56.498+0000] {taskinstance.py:2306} INFO - Starting attempt 1 of 3
[2025-06-18T15:16:56.691+0000] {taskinstance.py:2330} INFO - Executing <Task(PythonOperator): fetch_forex_reserves> on 2025-05-01 00:00:00+00:00
[2025-06-18T15:16:56.713+0000] {standard_task_runner.py:63} INFO - Started process 550 to run task
[2025-06-18T15:16:56.732+0000] {standard_task_runner.py:90} INFO - Running: ['***', 'tasks', 'run', 'kse100_forecasting', 'fetch_forex_reserves', 'scheduled__2025-05-01T00:00:00+00:00', '--job-id', '873', '--raw', '--subdir', 'DAGS_FOLDER/inflation_forecasting_dag.py', '--cfg-path', '/tmp/tmpvjc1ezpc']
[2025-06-18T15:16:56.751+0000] {standard_task_runner.py:91} INFO - Job 873: Subtask fetch_forex_reserves
[2025-06-18T15:16:56.924+0000] {task_command.py:426} INFO - Running <TaskInstance: kse100_forecasting.fetch_forex_reserves scheduled__2025-05-01T00:00:00+00:00 [running]> on host f55656462970
[2025-06-18T15:16:57.280+0000] {taskinstance.py:2648} INFO - Exporting env vars: AIRFLOW_CTX_DAG_OWNER='***' AIRFLOW_CTX_DAG_ID='kse100_forecasting' AIRFLOW_CTX_TASK_ID='fetch_forex_reserves' AIRFLOW_CTX_EXECUTION_DATE='2025-05-01T00:00:00+00:00' AIRFLOW_CTX_TRY_NUMBER='1' AIRFLOW_CTX_DAG_RUN_ID='scheduled__2025-05-01T00:00:00+00:00'
[2025-06-18T15:16:57.311+0000] {taskinstance.py:430} INFO - ::endgroup::
[2025-06-18T15:16:57.542+0000] {ingest.py:193} INFO - Generating placeholder data for SBP series: FOREX_RESERVES...
[2025-06-18T15:16:58.078+0000] {ingest.py:214} INFO - Saved placeholder FOREX_RESERVES data to /opt/***/data/raw/FOREX_RESERVES.csv
[2025-06-18T15:16:58.114+0000] {ingest.py:215} INFO - Date range: 2005-06-30 to 2025-05-31
[2025-06-18T15:16:58.116+0000] {python.py:237} INFO - Done. Returned value was: /opt/***/data/raw/FOREX_RESERVES.csv
[2025-06-18T15:16:58.121+0000] {taskinstance.py:441} INFO - ::group::Post task execution logs
[2025-06-18T15:16:58.217+0000] {taskinstance.py:1206} INFO - Marking task as SUCCESS. dag_id=kse100_forecasting, task_id=fetch_forex_reserves, run_id=scheduled__2025-05-01T00:00:00+00:00, execution_date=20250501T000000, start_date=20250618T151656, end_date=20250618T151658
[2025-06-18T15:16:58.286+0000] {local_task_job_runner.py:240} INFO - Task exited with return code 0
[2025-06-18T15:16:58.363+0000] {taskinstance.py:3498} INFO - 0 downstream tasks scheduled from follow-on schedule check
[2025-06-18T15:16:58.382+0000] {local_task_job_runner.py:222} INFO - ::endgroup::
