[2025-06-18T15:33:26.642+0000] {local_task_job_runner.py:120} INFO - ::group::Pre task execution logs
[2025-06-18T15:33:26.710+0000] {taskinstance.py:2076} INFO - Dependencies all met for dep_context=non-requeueable deps ti=<TaskInstance: kse100_forecasting.fetch_gold manual__2025-06-18T15:33:18.394008+00:00 [queued]>
[2025-06-18T15:33:26.730+0000] {taskinstance.py:2076} INFO - Dependencies all met for dep_context=requeueable deps ti=<TaskInstance: kse100_forecasting.fetch_gold manual__2025-06-18T15:33:18.394008+00:00 [queued]>
[2025-06-18T15:33:26.731+0000] {taskinstance.py:2306} INFO - Starting attempt 1 of 6
[2025-06-18T15:33:26.749+0000] {taskinstance.py:2330} INFO - Executing <Task(PythonOperator): fetch_gold> on 2025-06-18 15:33:18.394008+00:00
[2025-06-18T15:33:26.759+0000] {standard_task_runner.py:63} INFO - Started process 2017 to run task
[2025-06-18T15:33:26.762+0000] {standard_task_runner.py:90} INFO - Running: ['***', 'tasks', 'run', 'kse100_forecasting', 'fetch_gold', 'manual__2025-06-18T15:33:18.394008+00:00', '--job-id', '964', '--raw', '--subdir', 'DAGS_FOLDER/kse100_forecasting_dag.py', '--cfg-path', '/tmp/tmp84gd6m_a']
[2025-06-18T15:33:26.765+0000] {standard_task_runner.py:91} INFO - Job 964: Subtask fetch_gold
[2025-06-18T15:33:26.818+0000] {task_command.py:426} INFO - Running <TaskInstance: kse100_forecasting.fetch_gold manual__2025-06-18T15:33:18.394008+00:00 [running]> on host f55656462970
[2025-06-18T15:33:26.931+0000] {taskinstance.py:2648} INFO - Exporting env vars: AIRFLOW_CTX_DAG_OWNER='***' AIRFLOW_CTX_DAG_ID='kse100_forecasting' AIRFLOW_CTX_TASK_ID='fetch_gold' AIRFLOW_CTX_EXECUTION_DATE='2025-06-18T15:33:18.394008+00:00' AIRFLOW_CTX_TRY_NUMBER='1' AIRFLOW_CTX_DAG_RUN_ID='manual__2025-06-18T15:33:18.394008+00:00'
[2025-06-18T15:33:26.933+0000] {taskinstance.py:430} INFO - ::endgroup::
[2025-06-18T15:33:26.948+0000] {ingest.py:65} INFO - Fetching GC=F from Yahoo Finance...
[2025-06-18T15:33:29.844+0000] {ingest.py:106} INFO - Saved GC=F data to /opt/***/dataKse/raw/GOLD.csv
[2025-06-18T15:33:29.844+0000] {ingest.py:107} INFO - Date range: 2000-08-31 to 2025-06-30
[2025-06-18T15:33:29.845+0000] {python.py:237} INFO - Done. Returned value was: /opt/***/dataKse/raw/GOLD.csv
[2025-06-18T15:33:29.845+0000] {taskinstance.py:441} INFO - ::group::Post task execution logs
[2025-06-18T15:33:29.865+0000] {taskinstance.py:1206} INFO - Marking task as SUCCESS. dag_id=kse100_forecasting, task_id=fetch_gold, run_id=manual__2025-06-18T15:33:18.394008+00:00, execution_date=20250618T153318, start_date=20250618T153326, end_date=20250618T153329
[2025-06-18T15:33:29.910+0000] {local_task_job_runner.py:240} INFO - Task exited with return code 0
[2025-06-18T15:33:29.934+0000] {taskinstance.py:3498} INFO - 0 downstream tasks scheduled from follow-on schedule check
[2025-06-18T15:33:29.936+0000] {local_task_job_runner.py:222} INFO - ::endgroup::
