[2025-06-18T18:59:57.952+0000] {local_task_job_runner.py:120} INFO - ::group::Pre task execution logs
[2025-06-18T18:59:58.051+0000] {taskinstance.py:2076} INFO - Dependencies all met for dep_context=non-requeueable deps ti=<TaskInstance: kse100_forecasting.fetch_kse100 manual__2025-06-18T18:59:49.630931+00:00 [queued]>
[2025-06-18T18:59:58.111+0000] {taskinstance.py:2076} INFO - Dependencies all met for dep_context=requeueable deps ti=<TaskInstance: kse100_forecasting.fetch_kse100 manual__2025-06-18T18:59:49.630931+00:00 [queued]>
[2025-06-18T18:59:58.113+0000] {taskinstance.py:2306} INFO - Starting attempt 1 of 6
[2025-06-18T18:59:58.211+0000] {taskinstance.py:2330} INFO - Executing <Task(PythonOperator): fetch_kse100> on 2025-06-18 18:59:49.630931+00:00
[2025-06-18T18:59:58.282+0000] {standard_task_runner.py:63} INFO - Started process 8860 to run task
[2025-06-18T18:59:58.295+0000] {standard_task_runner.py:90} INFO - Running: ['***', 'tasks', 'run', 'kse100_forecasting', 'fetch_kse100', 'manual__2025-06-18T18:59:49.630931+00:00', '--job-id', '1030', '--raw', '--subdir', 'DAGS_FOLDER/kse100_forecasting_dag.py', '--cfg-path', '/tmp/tmpx5odlg3m']
[2025-06-18T18:59:58.328+0000] {standard_task_runner.py:91} INFO - Job 1030: Subtask fetch_kse100
[2025-06-18T18:59:58.593+0000] {task_command.py:426} INFO - Running <TaskInstance: kse100_forecasting.fetch_kse100 manual__2025-06-18T18:59:49.630931+00:00 [running]> on host 57c57e92cb28
[2025-06-18T18:59:59.301+0000] {taskinstance.py:2648} INFO - Exporting env vars: AIRFLOW_CTX_DAG_OWNER='***' AIRFLOW_CTX_DAG_ID='kse100_forecasting' AIRFLOW_CTX_TASK_ID='fetch_kse100' AIRFLOW_CTX_EXECUTION_DATE='2025-06-18T18:59:49.630931+00:00' AIRFLOW_CTX_TRY_NUMBER='1' AIRFLOW_CTX_DAG_RUN_ID='manual__2025-06-18T18:59:49.630931+00:00'
[2025-06-18T18:59:59.305+0000] {taskinstance.py:430} INFO - ::endgroup::
[2025-06-18T18:59:59.377+0000] {ingest.py:65} INFO - Fetching ^KSE from Yahoo Finance...
[2025-06-18T19:00:03.445+0000] {ingest.py:106} INFO - Saved ^KSE data to /opt/***/dataKse/raw/KSE100.csv
[2025-06-18T19:00:03.448+0000] {ingest.py:107} INFO - Date range: 1997-07-31 to 2021-09-30
[2025-06-18T19:00:03.450+0000] {python.py:237} INFO - Done. Returned value was: /opt/***/dataKse/raw/KSE100.csv
[2025-06-18T19:00:03.464+0000] {taskinstance.py:441} INFO - ::group::Post task execution logs
[2025-06-18T19:00:03.500+0000] {taskinstance.py:1206} INFO - Marking task as SUCCESS. dag_id=kse100_forecasting, task_id=fetch_kse100, run_id=manual__2025-06-18T18:59:49.630931+00:00, execution_date=20250618T185949, start_date=20250618T185958, end_date=20250618T190003
[2025-06-18T19:00:03.576+0000] {local_task_job_runner.py:240} INFO - Task exited with return code 0
[2025-06-18T19:00:03.620+0000] {taskinstance.py:3498} INFO - 1 downstream tasks scheduled from follow-on schedule check
[2025-06-18T19:00:03.627+0000] {local_task_job_runner.py:222} INFO - ::endgroup::
