[2025-06-19T08:57:40.811+0000] {local_task_job_runner.py:120} INFO - ::group::Pre task execution logs
[2025-06-19T08:57:40.872+0000] {taskinstance.py:2076} INFO - Dependencies all met for dep_context=non-requeueable deps ti=<TaskInstance: usdpkr_forecasting.fetch_m2 manual__2025-06-19T08:57:32.238245+00:00 [queued]>
[2025-06-19T08:57:40.895+0000] {taskinstance.py:2076} INFO - Dependencies all met for dep_context=requeueable deps ti=<TaskInstance: usdpkr_forecasting.fetch_m2 manual__2025-06-19T08:57:32.238245+00:00 [queued]>
[2025-06-19T08:57:40.896+0000] {taskinstance.py:2306} INFO - Starting attempt 1 of 3
[2025-06-19T08:57:40.927+0000] {taskinstance.py:2330} INFO - Executing <Task(PythonOperator): fetch_m2> on 2025-06-19 08:57:32.238245+00:00
[2025-06-19T08:57:40.935+0000] {standard_task_runner.py:63} INFO - Started process 1359 to run task
[2025-06-19T08:57:40.940+0000] {standard_task_runner.py:90} INFO - Running: ['***', 'tasks', 'run', 'usdpkr_forecasting', 'fetch_m2', 'manual__2025-06-19T08:57:32.238245+00:00', '--job-id', '1082', '--raw', '--subdir', 'DAGS_FOLDER/usdpkr_forecasting_dag.py', '--cfg-path', '/tmp/tmpjz91mjs3']
[2025-06-19T08:57:40.944+0000] {standard_task_runner.py:91} INFO - Job 1082: Subtask fetch_m2
[2025-06-19T08:57:41.068+0000] {task_command.py:426} INFO - Running <TaskInstance: usdpkr_forecasting.fetch_m2 manual__2025-06-19T08:57:32.238245+00:00 [running]> on host 57c57e92cb28
[2025-06-19T08:57:41.192+0000] {taskinstance.py:2648} INFO - Exporting env vars: AIRFLOW_CTX_DAG_OWNER='***' AIRFLOW_CTX_DAG_ID='usdpkr_forecasting' AIRFLOW_CTX_TASK_ID='fetch_m2' AIRFLOW_CTX_EXECUTION_DATE='2025-06-19T08:57:32.238245+00:00' AIRFLOW_CTX_TRY_NUMBER='1' AIRFLOW_CTX_DAG_RUN_ID='manual__2025-06-19T08:57:32.238245+00:00'
[2025-06-19T08:57:41.193+0000] {taskinstance.py:430} INFO - ::endgroup::
[2025-06-19T08:57:41.207+0000] {ingest.py:193} INFO - Generating placeholder data for SBP series: M2...
[2025-06-19T08:57:41.225+0000] {ingest.py:214} INFO - Saved placeholder M2 data to /opt/***/data/raw/M2.csv
[2025-06-19T08:57:41.226+0000] {ingest.py:215} INFO - Date range: 2005-06-30 to 2025-05-31
[2025-06-19T08:57:41.227+0000] {python.py:237} INFO - Done. Returned value was: /opt/***/data/raw/M2.csv
[2025-06-19T08:57:41.227+0000] {taskinstance.py:441} INFO - ::group::Post task execution logs
[2025-06-19T08:57:41.247+0000] {taskinstance.py:1206} INFO - Marking task as SUCCESS. dag_id=usdpkr_forecasting, task_id=fetch_m2, run_id=manual__2025-06-19T08:57:32.238245+00:00, execution_date=20250619T085732, start_date=20250619T085740, end_date=20250619T085741
[2025-06-19T08:57:41.287+0000] {local_task_job_runner.py:240} INFO - Task exited with return code 0
[2025-06-19T08:57:41.333+0000] {taskinstance.py:3498} INFO - 0 downstream tasks scheduled from follow-on schedule check
[2025-06-19T08:57:41.336+0000] {local_task_job_runner.py:222} INFO - ::endgroup::
