[2025-05-13T20:01:05.028+0000] {local_task_job_runner.py:120} INFO - ::group::Pre task execution logs
[2025-05-13T20:01:05.107+0000] {taskinstance.py:2076} INFO - Dependencies all met for dep_context=non-requeueable deps ti=<TaskInstance: inflation_forecasting.fetch_cpi manual__2025-05-13T20:00:58.979443+00:00 [queued]>
[2025-05-13T20:01:05.119+0000] {taskinstance.py:2076} INFO - Dependencies all met for dep_context=requeueable deps ti=<TaskInstance: inflation_forecasting.fetch_cpi manual__2025-05-13T20:00:58.979443+00:00 [queued]>
[2025-05-13T20:01:05.120+0000] {taskinstance.py:2306} INFO - Starting attempt 1 of 1
[2025-05-13T20:01:05.166+0000] {taskinstance.py:2330} INFO - Executing <Task(PythonOperator): fetch_cpi> on 2025-05-13 20:00:58.979443+00:00
[2025-05-13T20:01:05.196+0000] {logging_mixin.py:188} WARNING - /home/***/.local/lib/python3.12/site-packages/***/task/task_runner/standard_task_runner.py:61 DeprecationWarning: This process (pid=1401) is multi-threaded, use of fork() may lead to deadlocks in the child.
[2025-05-13T20:01:05.201+0000] {standard_task_runner.py:63} INFO - Started process 1441 to run task
[2025-05-13T20:01:05.199+0000] {standard_task_runner.py:90} INFO - Running: ['***', 'tasks', 'run', 'inflation_forecasting', 'fetch_cpi', 'manual__2025-05-13T20:00:58.979443+00:00', '--job-id', '153', '--raw', '--subdir', 'DAGS_FOLDER/inflation_forecasting_dag.py', '--cfg-path', '/tmp/tmpsgqrpr5k']
[2025-05-13T20:01:05.215+0000] {standard_task_runner.py:91} INFO - Job 153: Subtask fetch_cpi
[2025-05-13T20:01:05.261+0000] {logging_mixin.py:188} WARNING - /home/***/.local/lib/python3.12/site-packages/***/settings.py:195 DeprecationWarning: The sql_alchemy_conn option in [core] has been moved to the sql_alchemy_conn option in [database] - the old setting has been used, but please update your config.
[2025-05-13T20:01:05.377+0000] {task_command.py:426} INFO - Running <TaskInstance: inflation_forecasting.fetch_cpi manual__2025-05-13T20:00:58.979443+00:00 [running]> on host bab02daaed98
[2025-05-13T20:01:06.356+0000] {taskinstance.py:2648} INFO - Exporting env vars: AIRFLOW_CTX_DAG_OWNER='***' AIRFLOW_CTX_DAG_ID='inflation_forecasting' AIRFLOW_CTX_TASK_ID='fetch_cpi' AIRFLOW_CTX_EXECUTION_DATE='2025-05-13T20:00:58.979443+00:00' AIRFLOW_CTX_TRY_NUMBER='1' AIRFLOW_CTX_DAG_RUN_ID='manual__2025-05-13T20:00:58.979443+00:00'
[2025-05-13T20:01:06.361+0000] {taskinstance.py:430} INFO - ::endgroup::
[2025-05-13T20:01:07.862+0000] {logging_mixin.py:188} INFO - CPALTT01USM657N is already monthly with 830 rows
[2025-05-13T20:01:07.863+0000] {logging_mixin.py:188} INFO - Date range for CPALTT01USM657N: 1955-02-01 00:00:00 to 2024-03-01 00:00:00
[2025-05-13T20:01:07.871+0000] {python.py:237} INFO - Done. Returned value was: None
[2025-05-13T20:01:07.871+0000] {taskinstance.py:441} INFO - ::group::Post task execution logs
[2025-05-13T20:01:07.881+0000] {taskinstance.py:1206} INFO - Marking task as SUCCESS. dag_id=inflation_forecasting, task_id=fetch_cpi, run_id=manual__2025-05-13T20:00:58.979443+00:00, execution_date=20250513T200058, start_date=20250513T200105, end_date=20250513T200107
[2025-05-13T20:01:07.943+0000] {local_task_job_runner.py:240} INFO - Task exited with return code 0
[2025-05-13T20:01:08.126+0000] {taskinstance.py:3498} INFO - 0 downstream tasks scheduled from follow-on schedule check
[2025-05-13T20:01:08.130+0000] {local_task_job_runner.py:222} INFO - ::endgroup::
