[2025-06-14T16:58:23.402+0000] {local_task_job_runner.py:120} INFO - ::group::Pre task execution logs
[2025-06-14T16:58:23.429+0000] {taskinstance.py:2076} INFO - Dependencies all met for dep_context=non-requeueable deps ti=<TaskInstance: usdpkr_forecasting_modular.feature_engineering manual__2025-06-14T16:58:05.300104+00:00 [queued]>
[2025-06-14T16:58:23.442+0000] {taskinstance.py:2076} INFO - Dependencies all met for dep_context=requeueable deps ti=<TaskInstance: usdpkr_forecasting_modular.feature_engineering manual__2025-06-14T16:58:05.300104+00:00 [queued]>
[2025-06-14T16:58:23.442+0000] {taskinstance.py:2306} INFO - Starting attempt 1 of 3
[2025-06-14T16:58:23.458+0000] {taskinstance.py:2330} INFO - Executing <Task(PythonOperator): feature_engineering> on 2025-06-14 16:58:05.300104+00:00
[2025-06-14T16:58:23.464+0000] {standard_task_runner.py:63} INFO - Started process 588 to run task
[2025-06-14T16:58:23.467+0000] {standard_task_runner.py:90} INFO - Running: ['***', 'tasks', 'run', 'usdpkr_forecasting_modular', 'feature_engineering', 'manual__2025-06-14T16:58:05.300104+00:00', '--job-id', '344', '--raw', '--subdir', 'DAGS_FOLDER/usdpkr_forecasting_dag.py', '--cfg-path', '/tmp/tmp2t_c4ojg']
[2025-06-14T16:58:23.469+0000] {standard_task_runner.py:91} INFO - Job 344: Subtask feature_engineering
[2025-06-14T16:58:23.513+0000] {task_command.py:426} INFO - Running <TaskInstance: usdpkr_forecasting_modular.feature_engineering manual__2025-06-14T16:58:05.300104+00:00 [running]> on host 1ada37a5d2dc
[2025-06-14T16:58:23.659+0000] {taskinstance.py:2648} INFO - Exporting env vars: AIRFLOW_CTX_DAG_OWNER='***' AIRFLOW_CTX_DAG_ID='usdpkr_forecasting_modular' AIRFLOW_CTX_TASK_ID='feature_engineering' AIRFLOW_CTX_EXECUTION_DATE='2025-06-14T16:58:05.300104+00:00' AIRFLOW_CTX_TRY_NUMBER='1' AIRFLOW_CTX_DAG_RUN_ID='manual__2025-06-14T16:58:05.300104+00:00'
[2025-06-14T16:58:23.661+0000] {taskinstance.py:430} INFO - ::endgroup::
[2025-06-14T16:58:23.673+0000] {transform.py:273} INFO - Loading DataFrame from path:         DATE        OIL  FOREX_RESERVES  ...        KSE100      USDPKR        M2
0    2005-06  56.500000            8.42  ...   7450.120117   59.700001  14619.15
1    2005-07  60.570000           22.67  ...   7178.930176   59.660000  15095.55
2    2005-08  68.940002           15.52  ...   7796.859863   59.639999  14906.28
3    2005-09  66.239998           10.02  ...   8225.660156   59.700001  15339.77
4    2005-10  59.759998           15.23  ...   8247.370117   59.715000  15776.69
..       ...        ...             ...  ...           ...         ...       ...
191  2021-05  66.320000           15.16  ...  47126.289062  154.330002  73503.18
192  2021-06  73.470001           18.06  ...  47356.019531  158.100006  72936.04
193  2021-07  73.949997            9.89  ...  47055.289062  160.928391  72515.19
194  2021-08  68.500000           17.88  ...  47419.738281  165.310272  75702.70
195  2021-09  75.029999           15.30  ...  44899.601562  169.500000  75838.71

[196 rows x 9 columns]
[2025-06-14T16:58:23.675+0000] {transform.py:348} ERROR - Error in engineer_features: [Errno 36] File name too long: '        DATE        OIL  FOREX_RESERVES  ...        KSE100      USDPKR        M2\n0    2005-06  56.500000            8.42  ...   7450.120117   59.700001  14619.15\n1    2005-07  60.570000           22.67  ...   7178.930176   59.660000  15095.55\n2    2005-08  68.940002           15.52  ...   7796.859863   59.639999  14906.28\n3    2005-09  66.239998           10.02  ...   8225.660156   59.700001  15339.77\n4    2005-10  59.759998           15.23  ...   8247.370117   59.715000  15776.69\n..       ...        ...             ...  ...           ...         ...       ...\n191  2021-05  66.320000           15.16  ...  47126.289062  154.330002  73503.18\n192  2021-06  73.470001           18.06  ...  47356.019531  158.100006  72936.04\n193  2021-07  73.949997            9.89  ...  47055.289062  160.928391  72515.19\n194  2021-08  68.500000           17.88  ...  47419.738281  165.310272  75702.70\n195  2021-09  75.029999           15.30  ...  44899.601562  169.500000  75838.71\n\n[196 rows x 9 columns]'
[2025-06-14T16:58:23.676+0000] {transform.py:349} ERROR - Error type: <class 'OSError'>
[2025-06-14T16:58:23.676+0000] {transform.py:353} ERROR - Input type: <class 'str'>
[2025-06-14T16:58:23.677+0000] {transform.py:354} ERROR - Input value:         DATE        OIL  FOREX_RESERVES  ...        KSE100      USDPKR        M2
0    2005-06  56.500000            8.42  ...   7450.120117   59.700001  14619.15
1    2005-07  60.570000           22.67  ...   7178.930176   59.660000  15095.55
2    2005-08  68.940002           15.52  ...   7796.859863   59.639999  14906.28
3    2005-09  66.239998           10.02  ...   8225.660156   59.700001  15339.77
4    2005-10  59.759998           15.23  ...   8247.370117   59.715000  15776.69
..       ...        ...             ...  ...           ...         ...       ...
191  2021-05  66.320000           15.16  ...  47126.289062  154.330002  73503.18
192  2021-06  73.470001           18.06  ...  47356.019531  158.100006  72936.04
193  2021-07  73.949997            9.89  ...  47055.289062  160.928391  72515.19
194  2021-08  68.500000           17.88  ...  47419.738281  165.310272  75702.70
195  2021-09  75.029999           15.30  ...  44899.601562  169.500000  75838.71

[196 rows x 9 columns]
[2025-06-14T16:58:23.677+0000] {taskinstance.py:441} INFO - ::group::Post task execution logs
[2025-06-14T16:58:23.678+0000] {taskinstance.py:2905} ERROR - Task failed with exception
Traceback (most recent call last):
  File "/home/airflow/.local/lib/python3.12/site-packages/airflow/models/taskinstance.py", line 465, in _execute_task
    result = _execute_callable(context=context, **execute_callable_kwargs)
             ^^^^^^^^^^^^^^^^^^^^^^^^^^^^^^^^^^^^^^^^^^^^^^^^^^^^^^^^^^^^^
  File "/home/airflow/.local/lib/python3.12/site-packages/airflow/models/taskinstance.py", line 432, in _execute_callable
    return execute_callable(context=context, **execute_callable_kwargs)
           ^^^^^^^^^^^^^^^^^^^^^^^^^^^^^^^^^^^^^^^^^^^^^^^^^^^^^^^^^^^^
  File "/home/airflow/.local/lib/python3.12/site-packages/airflow/models/baseoperator.py", line 400, in wrapper
    return func(self, *args, **kwargs)
           ^^^^^^^^^^^^^^^^^^^^^^^^^^^
  File "/home/airflow/.local/lib/python3.12/site-packages/airflow/operators/python.py", line 235, in execute
    return_value = self.execute_callable()
                   ^^^^^^^^^^^^^^^^^^^^^^^
  File "/home/airflow/.local/lib/python3.12/site-packages/airflow/operators/python.py", line 252, in execute_callable
    return self.python_callable(*self.op_args, **self.op_kwargs)
           ^^^^^^^^^^^^^^^^^^^^^^^^^^^^^^^^^^^^^^^^^^^^^^^^^^^^^
  File "/opt/airflow/dags/inflation_modules/transform.py", line 274, in engineer_features
    df = pd.read_csv(df)
         ^^^^^^^^^^^^^^^
  File "/home/airflow/.local/lib/python3.12/site-packages/pandas/io/parsers/readers.py", line 948, in read_csv
    return _read(filepath_or_buffer, kwds)
           ^^^^^^^^^^^^^^^^^^^^^^^^^^^^^^^
  File "/home/airflow/.local/lib/python3.12/site-packages/pandas/io/parsers/readers.py", line 611, in _read
    parser = TextFileReader(filepath_or_buffer, **kwds)
             ^^^^^^^^^^^^^^^^^^^^^^^^^^^^^^^^^^^^^^^^^^
  File "/home/airflow/.local/lib/python3.12/site-packages/pandas/io/parsers/readers.py", line 1448, in __init__
    self._engine = self._make_engine(f, self.engine)
                   ^^^^^^^^^^^^^^^^^^^^^^^^^^^^^^^^^
  File "/home/airflow/.local/lib/python3.12/site-packages/pandas/io/parsers/readers.py", line 1705, in _make_engine
    self.handles = get_handle(
                   ^^^^^^^^^^^
  File "/home/airflow/.local/lib/python3.12/site-packages/pandas/io/common.py", line 863, in get_handle
    handle = open(
             ^^^^^
OSError: [Errno 36] File name too long: '        DATE        OIL  FOREX_RESERVES  ...        KSE100      USDPKR        M2\n0    2005-06  56.500000            8.42  ...   7450.120117   59.700001  14619.15\n1    2005-07  60.570000           22.67  ...   7178.930176   59.660000  15095.55\n2    2005-08  68.940002           15.52  ...   7796.859863   59.639999  14906.28\n3    2005-09  66.239998           10.02  ...   8225.660156   59.700001  15339.77\n4    2005-10  59.759998           15.23  ...   8247.370117   59.715000  15776.69\n..       ...        ...             ...  ...           ...         ...       ...\n191  2021-05  66.320000           15.16  ...  47126.289062  154.330002  73503.18\n192  2021-06  73.470001           18.06  ...  47356.019531  158.100006  72936.04\n193  2021-07  73.949997            9.89  ...  47055.289062  160.928391  72515.19\n194  2021-08  68.500000           17.88  ...  47419.738281  165.310272  75702.70\n195  2021-09  75.029999           15.30  ...  44899.601562  169.500000  75838.71\n\n[196 rows x 9 columns]'
[2025-06-14T16:58:23.696+0000] {taskinstance.py:1206} INFO - Marking task as UP_FOR_RETRY. dag_id=usdpkr_forecasting_modular, task_id=feature_engineering, run_id=manual__2025-06-14T16:58:05.300104+00:00, execution_date=20250614T165805, start_date=20250614T165823, end_date=20250614T165823
[2025-06-14T16:58:23.706+0000] {standard_task_runner.py:110} ERROR - Failed to execute job 344 for task feature_engineering ([Errno 36] File name too long: '        DATE        OIL  FOREX_RESERVES  ...        KSE100      USDPKR        M2\n0    2005-06  56.500000            8.42  ...   7450.120117   59.700001  14619.15\n1    2005-07  60.570000           22.67  ...   7178.930176   59.660000  15095.55\n2    2005-08  68.940002           15.52  ...   7796.859863   59.639999  14906.28\n3    2005-09  66.239998           10.02  ...   8225.660156   59.700001  15339.77\n4    2005-10  59.759998           15.23  ...   8247.370117   59.715000  15776.69\n..       ...        ...             ...  ...           ...         ...       ...\n191  2021-05  66.320000           15.16  ...  47126.289062  154.330002  73503.18\n192  2021-06  73.470001           18.06  ...  47356.019531  158.100006  72936.04\n193  2021-07  73.949997            9.89  ...  47055.289062  160.928391  72515.19\n194  2021-08  68.500000           17.88  ...  47419.738281  165.310272  75702.70\n195  2021-09  75.029999           15.30  ...  44899.601562  169.500000  75838.71\n\n[196 rows x 9 columns]'; 588)
[2025-06-14T16:58:23.722+0000] {local_task_job_runner.py:240} INFO - Task exited with return code 1
[2025-06-14T16:58:23.745+0000] {taskinstance.py:3498} INFO - 0 downstream tasks scheduled from follow-on schedule check
[2025-06-14T16:58:23.748+0000] {local_task_job_runner.py:222} INFO - ::endgroup::
