[2025-06-19T09:42:27.732+0000] {local_task_job_runner.py:120} INFO - ::group::Pre task execution logs
[2025-06-19T09:42:27.795+0000] {taskinstance.py:2076} INFO - Dependencies all met for dep_context=non-requeueable deps ti=<TaskInstance: usdpkr_forecasting.fetch_inflation manual__2025-06-19T09:42:18.218266+00:00 [queued]>
[2025-06-19T09:42:27.814+0000] {taskinstance.py:2076} INFO - Dependencies all met for dep_context=requeueable deps ti=<TaskInstance: usdpkr_forecasting.fetch_inflation manual__2025-06-19T09:42:18.218266+00:00 [queued]>
[2025-06-19T09:42:27.829+0000] {taskinstance.py:2306} INFO - Starting attempt 1 of 6
[2025-06-19T09:42:27.889+0000] {taskinstance.py:2330} INFO - Executing <Task(PythonOperator): fetch_inflation> on 2025-06-19 09:42:18.218266+00:00
[2025-06-19T09:42:27.910+0000] {standard_task_runner.py:63} INFO - Started process 2472 to run task
[2025-06-19T09:42:27.916+0000] {standard_task_runner.py:90} INFO - Running: ['***', 'tasks', 'run', 'usdpkr_forecasting', 'fetch_inflation', 'manual__2025-06-19T09:42:18.218266+00:00', '--job-id', '1140', '--raw', '--subdir', 'DAGS_FOLDER/usdpkr_forecasting_dag.py', '--cfg-path', '/tmp/tmpvxloqi9p']
[2025-06-19T09:42:27.934+0000] {standard_task_runner.py:91} INFO - Job 1140: Subtask fetch_inflation
[2025-06-19T09:42:28.079+0000] {task_command.py:426} INFO - Running <TaskInstance: usdpkr_forecasting.fetch_inflation manual__2025-06-19T09:42:18.218266+00:00 [running]> on host fb048d2dbcb2
[2025-06-19T09:42:28.520+0000] {taskinstance.py:2648} INFO - Exporting env vars: AIRFLOW_CTX_DAG_OWNER='***' AIRFLOW_CTX_DAG_ID='usdpkr_forecasting' AIRFLOW_CTX_TASK_ID='fetch_inflation' AIRFLOW_CTX_EXECUTION_DATE='2025-06-19T09:42:18.218266+00:00' AIRFLOW_CTX_TRY_NUMBER='1' AIRFLOW_CTX_DAG_RUN_ID='manual__2025-06-19T09:42:18.218266+00:00'
[2025-06-19T09:42:28.531+0000] {taskinstance.py:430} INFO - ::endgroup::
[2025-06-19T09:42:28.588+0000] {ingest.py:130} INFO - Fetching 'INFLATION_YOY' from IMF (ID: PCPI_IX)...
[2025-06-19T09:42:29.576+0000] {ingest.py:171} INFO - Saved INFLATION_YOY data to /opt/***/data/raw/INFLATION.csv
[2025-06-19T09:42:29.578+0000] {ingest.py:172} INFO - Date range: 1957-01-01 to 2025-05-01
[2025-06-19T09:42:29.579+0000] {python.py:237} INFO - Done. Returned value was: /opt/***/data/raw/INFLATION.csv
[2025-06-19T09:42:29.580+0000] {taskinstance.py:441} INFO - ::group::Post task execution logs
[2025-06-19T09:42:29.603+0000] {taskinstance.py:1206} INFO - Marking task as SUCCESS. dag_id=usdpkr_forecasting, task_id=fetch_inflation, run_id=manual__2025-06-19T09:42:18.218266+00:00, execution_date=20250619T094218, start_date=20250619T094227, end_date=20250619T094229
[2025-06-19T09:42:29.642+0000] {local_task_job_runner.py:240} INFO - Task exited with return code 0
[2025-06-19T09:42:29.666+0000] {taskinstance.py:3498} INFO - 0 downstream tasks scheduled from follow-on schedule check
[2025-06-19T09:42:29.669+0000] {local_task_job_runner.py:222} INFO - ::endgroup::
