[2025-05-13T19:32:00.911+0000] {local_task_job_runner.py:120} INFO - ::group::Pre task execution logs
[2025-05-13T19:32:00.982+0000] {taskinstance.py:2076} INFO - Dependencies all met for dep_context=non-requeueable deps ti=<TaskInstance: inflation_forecasting.fetch_fedfunds manual__2025-05-13T19:31:54.364912+00:00 [queued]>
[2025-05-13T19:32:00.997+0000] {taskinstance.py:2076} INFO - Dependencies all met for dep_context=requeueable deps ti=<TaskInstance: inflation_forecasting.fetch_fedfunds manual__2025-05-13T19:31:54.364912+00:00 [queued]>
[2025-05-13T19:32:01.001+0000] {taskinstance.py:2306} INFO - Starting attempt 1 of 1
[2025-05-13T19:32:01.036+0000] {taskinstance.py:2330} INFO - Executing <Task(PythonOperator): fetch_fedfunds> on 2025-05-13 19:31:54.364912+00:00
[2025-05-13T19:32:01.065+0000] {logging_mixin.py:188} WARNING - /home/***/.local/lib/python3.12/site-packages/***/task/task_runner/standard_task_runner.py:61 DeprecationWarning: This process (pid=456) is multi-threaded, use of fork() may lead to deadlocks in the child.
[2025-05-13T19:32:01.078+0000] {standard_task_runner.py:63} INFO - Started process 501 to run task
[2025-05-13T19:32:01.086+0000] {standard_task_runner.py:90} INFO - Running: ['***', 'tasks', 'run', 'inflation_forecasting', 'fetch_fedfunds', 'manual__2025-05-13T19:31:54.364912+00:00', '--job-id', '111', '--raw', '--subdir', 'DAGS_FOLDER/inflation_forecasting_dag.py', '--cfg-path', '/tmp/tmp8nimbyqz']
[2025-05-13T19:32:01.094+0000] {standard_task_runner.py:91} INFO - Job 111: Subtask fetch_fedfunds
[2025-05-13T19:32:01.166+0000] {logging_mixin.py:188} WARNING - /home/***/.local/lib/python3.12/site-packages/***/settings.py:195 DeprecationWarning: The sql_alchemy_conn option in [core] has been moved to the sql_alchemy_conn option in [database] - the old setting has been used, but please update your config.
[2025-05-13T19:32:01.261+0000] {task_command.py:426} INFO - Running <TaskInstance: inflation_forecasting.fetch_fedfunds manual__2025-05-13T19:31:54.364912+00:00 [running]> on host bab02daaed98
[2025-05-13T19:32:01.819+0000] {taskinstance.py:2648} INFO - Exporting env vars: AIRFLOW_CTX_DAG_OWNER='***' AIRFLOW_CTX_DAG_ID='inflation_forecasting' AIRFLOW_CTX_TASK_ID='fetch_fedfunds' AIRFLOW_CTX_EXECUTION_DATE='2025-05-13T19:31:54.364912+00:00' AIRFLOW_CTX_TRY_NUMBER='1' AIRFLOW_CTX_DAG_RUN_ID='manual__2025-05-13T19:31:54.364912+00:00'
[2025-05-13T19:32:01.819+0000] {taskinstance.py:430} INFO - ::endgroup::
[2025-05-13T19:32:02.641+0000] {logging_mixin.py:188} INFO - FEDFUNDS is already monthly with 850 rows
[2025-05-13T19:32:02.642+0000] {logging_mixin.py:188} INFO - Date range for FEDFUNDS: 1954-07-01 00:00:00 to 2025-04-01 00:00:00
[2025-05-13T19:32:02.648+0000] {python.py:237} INFO - Done. Returned value was: None
[2025-05-13T19:32:02.649+0000] {taskinstance.py:441} INFO - ::group::Post task execution logs
[2025-05-13T19:32:02.658+0000] {taskinstance.py:1206} INFO - Marking task as SUCCESS. dag_id=inflation_forecasting, task_id=fetch_fedfunds, run_id=manual__2025-05-13T19:31:54.364912+00:00, execution_date=20250513T193154, start_date=20250513T193200, end_date=20250513T193202
[2025-05-13T19:32:02.693+0000] {local_task_job_runner.py:240} INFO - Task exited with return code 0
[2025-05-13T19:32:02.841+0000] {taskinstance.py:3498} INFO - 0 downstream tasks scheduled from follow-on schedule check
[2025-05-13T19:32:02.843+0000] {local_task_job_runner.py:222} INFO - ::endgroup::
