[2025-06-18T15:25:11.599+0000] {local_task_job_runner.py:120} INFO - ::group::Pre task execution logs
[2025-06-18T15:25:11.639+0000] {taskinstance.py:2076} INFO - Dependencies all met for dep_context=non-requeueable deps ti=<TaskInstance: usdpkr_forecasting.fetch_kse100 manual__2025-06-18T15:24:59.707973+00:00 [queued]>
[2025-06-18T15:25:11.653+0000] {taskinstance.py:2076} INFO - Dependencies all met for dep_context=requeueable deps ti=<TaskInstance: usdpkr_forecasting.fetch_kse100 manual__2025-06-18T15:24:59.707973+00:00 [queued]>
[2025-06-18T15:25:11.655+0000] {taskinstance.py:2306} INFO - Starting attempt 1 of 6
[2025-06-18T15:25:11.692+0000] {taskinstance.py:2330} INFO - Executing <Task(PythonOperator): fetch_kse100> on 2025-06-18 15:24:59.707973+00:00
[2025-06-18T15:25:11.714+0000] {standard_task_runner.py:90} INFO - Running: ['***', 'tasks', 'run', 'usdpkr_forecasting', 'fetch_kse100', 'manual__2025-06-18T15:24:59.707973+00:00', '--job-id', '931', '--raw', '--subdir', 'DAGS_FOLDER/usdpkr_forecasting_dag.py', '--cfg-path', '/tmp/tmppj493gwh']
[2025-06-18T15:25:11.718+0000] {standard_task_runner.py:91} INFO - Job 931: Subtask fetch_kse100
[2025-06-18T15:25:11.711+0000] {standard_task_runner.py:63} INFO - Started process 1309 to run task
[2025-06-18T15:25:11.834+0000] {task_command.py:426} INFO - Running <TaskInstance: usdpkr_forecasting.fetch_kse100 manual__2025-06-18T15:24:59.707973+00:00 [running]> on host f55656462970
[2025-06-18T15:25:12.028+0000] {taskinstance.py:2648} INFO - Exporting env vars: AIRFLOW_CTX_DAG_OWNER='***' AIRFLOW_CTX_DAG_ID='usdpkr_forecasting' AIRFLOW_CTX_TASK_ID='fetch_kse100' AIRFLOW_CTX_EXECUTION_DATE='2025-06-18T15:24:59.707973+00:00' AIRFLOW_CTX_TRY_NUMBER='1' AIRFLOW_CTX_DAG_RUN_ID='manual__2025-06-18T15:24:59.707973+00:00'
[2025-06-18T15:25:12.029+0000] {taskinstance.py:430} INFO - ::endgroup::
[2025-06-18T15:25:12.060+0000] {ingest.py:65} INFO - Fetching ^KSE from Yahoo Finance...
[2025-06-18T15:25:15.158+0000] {ingest.py:106} INFO - Saved ^KSE data to /opt/***/data/raw/KSE100.csv
[2025-06-18T15:25:15.158+0000] {ingest.py:107} INFO - Date range: 1997-07-31 to 2021-09-30
[2025-06-18T15:25:15.159+0000] {python.py:237} INFO - Done. Returned value was: /opt/***/data/raw/KSE100.csv
[2025-06-18T15:25:15.159+0000] {taskinstance.py:441} INFO - ::group::Post task execution logs
[2025-06-18T15:25:15.178+0000] {taskinstance.py:1206} INFO - Marking task as SUCCESS. dag_id=usdpkr_forecasting, task_id=fetch_kse100, run_id=manual__2025-06-18T15:24:59.707973+00:00, execution_date=20250618T152459, start_date=20250618T152511, end_date=20250618T152515
[2025-06-18T15:25:15.216+0000] {local_task_job_runner.py:240} INFO - Task exited with return code 0
[2025-06-18T15:25:15.241+0000] {taskinstance.py:3498} INFO - 1 downstream tasks scheduled from follow-on schedule check
[2025-06-18T15:25:15.244+0000] {local_task_job_runner.py:222} INFO - ::endgroup::
