[2025-06-18T15:25:04.536+0000] {local_task_job_runner.py:120} INFO - ::group::Pre task execution logs
[2025-06-18T15:25:04.625+0000] {taskinstance.py:2076} INFO - Dependencies all met for dep_context=non-requeueable deps ti=<TaskInstance: usdpkr_forecasting.fetch_kse100 scheduled__2025-05-01T00:00:00+00:00 [queued]>
[2025-06-18T15:25:04.653+0000] {taskinstance.py:2076} INFO - Dependencies all met for dep_context=requeueable deps ti=<TaskInstance: usdpkr_forecasting.fetch_kse100 scheduled__2025-05-01T00:00:00+00:00 [queued]>
[2025-06-18T15:25:04.654+0000] {taskinstance.py:2306} INFO - Starting attempt 1 of 6
[2025-06-18T15:25:04.720+0000] {taskinstance.py:2330} INFO - Executing <Task(PythonOperator): fetch_kse100> on 2025-05-01 00:00:00+00:00
[2025-06-18T15:25:04.734+0000] {standard_task_runner.py:63} INFO - Started process 1218 to run task
[2025-06-18T15:25:04.743+0000] {standard_task_runner.py:90} INFO - Running: ['***', 'tasks', 'run', 'usdpkr_forecasting', 'fetch_kse100', 'scheduled__2025-05-01T00:00:00+00:00', '--job-id', '915', '--raw', '--subdir', 'DAGS_FOLDER/usdpkr_forecasting_dag.py', '--cfg-path', '/tmp/tmpfx_vy6e1']
[2025-06-18T15:25:04.759+0000] {standard_task_runner.py:91} INFO - Job 915: Subtask fetch_kse100
[2025-06-18T15:25:04.846+0000] {task_command.py:426} INFO - Running <TaskInstance: usdpkr_forecasting.fetch_kse100 scheduled__2025-05-01T00:00:00+00:00 [running]> on host f55656462970
[2025-06-18T15:25:05.138+0000] {taskinstance.py:2648} INFO - Exporting env vars: AIRFLOW_CTX_DAG_OWNER='***' AIRFLOW_CTX_DAG_ID='usdpkr_forecasting' AIRFLOW_CTX_TASK_ID='fetch_kse100' AIRFLOW_CTX_EXECUTION_DATE='2025-05-01T00:00:00+00:00' AIRFLOW_CTX_TRY_NUMBER='1' AIRFLOW_CTX_DAG_RUN_ID='scheduled__2025-05-01T00:00:00+00:00'
[2025-06-18T15:25:05.149+0000] {taskinstance.py:430} INFO - ::endgroup::
[2025-06-18T15:25:05.191+0000] {ingest.py:65} INFO - Fetching ^KSE from Yahoo Finance...
[2025-06-18T15:25:08.521+0000] {ingest.py:106} INFO - Saved ^KSE data to /opt/***/data/raw/KSE100.csv
[2025-06-18T15:25:08.522+0000] {ingest.py:107} INFO - Date range: 1997-07-31 to 2021-09-30
[2025-06-18T15:25:08.523+0000] {python.py:237} INFO - Done. Returned value was: /opt/***/data/raw/KSE100.csv
[2025-06-18T15:25:08.525+0000] {taskinstance.py:441} INFO - ::group::Post task execution logs
[2025-06-18T15:25:08.640+0000] {taskinstance.py:1206} INFO - Marking task as SUCCESS. dag_id=usdpkr_forecasting, task_id=fetch_kse100, run_id=scheduled__2025-05-01T00:00:00+00:00, execution_date=20250501T000000, start_date=20250618T152504, end_date=20250618T152508
[2025-06-18T15:25:08.728+0000] {local_task_job_runner.py:240} INFO - Task exited with return code 0
[2025-06-18T15:25:08.817+0000] {taskinstance.py:3498} INFO - 0 downstream tasks scheduled from follow-on schedule check
[2025-06-18T15:25:08.849+0000] {local_task_job_runner.py:222} INFO - ::endgroup::
