[2025-05-13T20:01:33.137+0000] {local_task_job_runner.py:120} INFO - ::group::Pre task execution logs
[2025-05-13T20:01:33.175+0000] {taskinstance.py:2076} INFO - Dependencies all met for dep_context=non-requeueable deps ti=<TaskInstance: inflation_forecasting.train_mlr manual__2025-05-13T20:00:58.979443+00:00 [queued]>
[2025-05-13T20:01:33.191+0000] {taskinstance.py:2076} INFO - Dependencies all met for dep_context=requeueable deps ti=<TaskInstance: inflation_forecasting.train_mlr manual__2025-05-13T20:00:58.979443+00:00 [queued]>
[2025-05-13T20:01:33.191+0000] {taskinstance.py:2306} INFO - Starting attempt 1 of 1
[2025-05-13T20:01:33.209+0000] {taskinstance.py:2330} INFO - Executing <Task(PythonOperator): train_mlr> on 2025-05-13 20:00:58.979443+00:00
[2025-05-13T20:01:33.220+0000] {logging_mixin.py:188} WARNING - /home/***/.local/lib/python3.12/site-packages/***/task/task_runner/standard_task_runner.py:61 DeprecationWarning: This process (pid=1517) is multi-threaded, use of fork() may lead to deadlocks in the child.
[2025-05-13T20:01:33.222+0000] {standard_task_runner.py:63} INFO - Started process 1540 to run task
[2025-05-13T20:01:33.220+0000] {standard_task_runner.py:90} INFO - Running: ['***', 'tasks', 'run', 'inflation_forecasting', 'train_mlr', 'manual__2025-05-13T20:00:58.979443+00:00', '--job-id', '164', '--raw', '--subdir', 'DAGS_FOLDER/inflation_forecasting_dag.py', '--cfg-path', '/tmp/tmp3xb2qha5']
[2025-05-13T20:01:33.224+0000] {standard_task_runner.py:91} INFO - Job 164: Subtask train_mlr
[2025-05-13T20:01:33.239+0000] {logging_mixin.py:188} WARNING - /home/***/.local/lib/python3.12/site-packages/***/settings.py:195 DeprecationWarning: The sql_alchemy_conn option in [core] has been moved to the sql_alchemy_conn option in [database] - the old setting has been used, but please update your config.
[2025-05-13T20:01:33.275+0000] {task_command.py:426} INFO - Running <TaskInstance: inflation_forecasting.train_mlr manual__2025-05-13T20:00:58.979443+00:00 [running]> on host bab02daaed98
[2025-05-13T20:01:33.747+0000] {taskinstance.py:2648} INFO - Exporting env vars: AIRFLOW_CTX_DAG_OWNER='***' AIRFLOW_CTX_DAG_ID='inflation_forecasting' AIRFLOW_CTX_TASK_ID='train_mlr' AIRFLOW_CTX_EXECUTION_DATE='2025-05-13T20:00:58.979443+00:00' AIRFLOW_CTX_TRY_NUMBER='1' AIRFLOW_CTX_DAG_RUN_ID='manual__2025-05-13T20:00:58.979443+00:00'
[2025-05-13T20:01:33.750+0000] {taskinstance.py:430} INFO - ::endgroup::
[2025-05-13T20:01:33.770+0000] {logging_mixin.py:188} INFO - Loading selected features from /opt/***/data/model_output/selected_features.pkl
[2025-05-13T20:01:33.771+0000] {logging_mixin.py:188} INFO - Loading train/test data from /opt/***/data/model_output/train_test_data.pkl
[2025-05-13T20:01:33.793+0000] {logging_mixin.py:188} INFO - Training MLR model...
[2025-05-13T20:01:34.836+0000] {logging_mixin.py:188} INFO - MLR model saved to /opt/***/data/model_output/MLR.pkl
[2025-05-13T20:01:34.841+0000] {python.py:237} INFO - Done. Returned value was: /opt/***/data/model_output/MLR.pkl
[2025-05-13T20:01:34.842+0000] {taskinstance.py:441} INFO - ::group::Post task execution logs
[2025-05-13T20:01:34.913+0000] {taskinstance.py:1206} INFO - Marking task as SUCCESS. dag_id=inflation_forecasting, task_id=train_mlr, run_id=manual__2025-05-13T20:00:58.979443+00:00, execution_date=20250513T200058, start_date=20250513T200133, end_date=20250513T200134
[2025-05-13T20:01:34.984+0000] {local_task_job_runner.py:240} INFO - Task exited with return code 0
[2025-05-13T20:01:35.012+0000] {local_task_job_runner.py:222} INFO - ::endgroup::
