[2025-06-18T18:59:59.310+0000] {local_task_job_runner.py:120} INFO - ::group::Pre task execution logs
[2025-06-18T18:59:59.536+0000] {taskinstance.py:2076} INFO - Dependencies all met for dep_context=non-requeueable deps ti=<TaskInstance: kse100_forecasting.fetch_inflation manual__2025-06-18T18:59:49.630931+00:00 [queued]>
[2025-06-18T18:59:59.572+0000] {taskinstance.py:2076} INFO - Dependencies all met for dep_context=requeueable deps ti=<TaskInstance: kse100_forecasting.fetch_inflation manual__2025-06-18T18:59:49.630931+00:00 [queued]>
[2025-06-18T18:59:59.573+0000] {taskinstance.py:2306} INFO - Starting attempt 1 of 6
[2025-06-18T18:59:59.700+0000] {taskinstance.py:2330} INFO - Executing <Task(PythonOperator): fetch_inflation> on 2025-06-18 18:59:49.630931+00:00
[2025-06-18T18:59:59.817+0000] {standard_task_runner.py:63} INFO - Started process 8870 to run task
[2025-06-18T18:59:59.823+0000] {standard_task_runner.py:90} INFO - Running: ['***', 'tasks', 'run', 'kse100_forecasting', 'fetch_inflation', 'manual__2025-06-18T18:59:49.630931+00:00', '--job-id', '1036', '--raw', '--subdir', 'DAGS_FOLDER/kse100_forecasting_dag.py', '--cfg-path', '/tmp/tmp4feek60b']
[2025-06-18T18:59:59.853+0000] {standard_task_runner.py:91} INFO - Job 1036: Subtask fetch_inflation
[2025-06-18T19:00:00.244+0000] {task_command.py:426} INFO - Running <TaskInstance: kse100_forecasting.fetch_inflation manual__2025-06-18T18:59:49.630931+00:00 [running]> on host 57c57e92cb28
[2025-06-18T19:00:00.572+0000] {taskinstance.py:2648} INFO - Exporting env vars: AIRFLOW_CTX_DAG_OWNER='***' AIRFLOW_CTX_DAG_ID='kse100_forecasting' AIRFLOW_CTX_TASK_ID='fetch_inflation' AIRFLOW_CTX_EXECUTION_DATE='2025-06-18T18:59:49.630931+00:00' AIRFLOW_CTX_TRY_NUMBER='1' AIRFLOW_CTX_DAG_RUN_ID='manual__2025-06-18T18:59:49.630931+00:00'
[2025-06-18T19:00:00.605+0000] {taskinstance.py:430} INFO - ::endgroup::
[2025-06-18T19:00:00.710+0000] {ingest.py:130} INFO - Fetching 'INFLATION_YOY' from IMF (ID: PCPI_IX)...
[2025-06-18T19:00:02.508+0000] {ingest.py:171} INFO - Saved INFLATION_YOY data to /opt/***/dataKse/raw/INFLATION.csv
[2025-06-18T19:00:02.510+0000] {ingest.py:172} INFO - Date range: 1957-01-01 to 2025-05-01
[2025-06-18T19:00:02.511+0000] {python.py:237} INFO - Done. Returned value was: /opt/***/dataKse/raw/INFLATION.csv
[2025-06-18T19:00:02.518+0000] {taskinstance.py:441} INFO - ::group::Post task execution logs
[2025-06-18T19:00:02.558+0000] {taskinstance.py:1206} INFO - Marking task as SUCCESS. dag_id=kse100_forecasting, task_id=fetch_inflation, run_id=manual__2025-06-18T18:59:49.630931+00:00, execution_date=20250618T185949, start_date=20250618T185959, end_date=20250618T190002
[2025-06-18T19:00:02.629+0000] {local_task_job_runner.py:240} INFO - Task exited with return code 0
[2025-06-18T19:00:02.678+0000] {taskinstance.py:3498} INFO - 0 downstream tasks scheduled from follow-on schedule check
[2025-06-18T19:00:02.683+0000] {local_task_job_runner.py:222} INFO - ::endgroup::
