[2025-06-18T10:49:00.316+0000] {local_task_job_runner.py:120} INFO - ::group::Pre task execution logs
[2025-06-18T10:49:00.347+0000] {taskinstance.py:2076} INFO - Dependencies all met for dep_context=non-requeueable deps ti=<TaskInstance: usdpkr_forecasting_modular.fetch_gold manual__2025-06-18T10:48:53.454672+00:00 [queued]>
[2025-06-18T10:49:00.355+0000] {taskinstance.py:2076} INFO - Dependencies all met for dep_context=requeueable deps ti=<TaskInstance: usdpkr_forecasting_modular.fetch_gold manual__2025-06-18T10:48:53.454672+00:00 [queued]>
[2025-06-18T10:49:00.356+0000] {taskinstance.py:2306} INFO - Starting attempt 1 of 6
[2025-06-18T10:49:00.374+0000] {taskinstance.py:2330} INFO - Executing <Task(PythonOperator): fetch_gold> on 2025-06-18 10:48:53.454672+00:00
[2025-06-18T10:49:00.381+0000] {standard_task_runner.py:63} INFO - Started process 1087 to run task
[2025-06-18T10:49:00.384+0000] {standard_task_runner.py:90} INFO - Running: ['***', 'tasks', 'run', 'usdpkr_forecasting_modular', 'fetch_gold', 'manual__2025-06-18T10:48:53.454672+00:00', '--job-id', '559', '--raw', '--subdir', 'DAGS_FOLDER/usdpkr_forecasting_dag.py', '--cfg-path', '/tmp/tmp84s9au0e']
[2025-06-18T10:49:00.388+0000] {standard_task_runner.py:91} INFO - Job 559: Subtask fetch_gold
[2025-06-18T10:49:00.439+0000] {task_command.py:426} INFO - Running <TaskInstance: usdpkr_forecasting_modular.fetch_gold manual__2025-06-18T10:48:53.454672+00:00 [running]> on host 9c4806d77c92
[2025-06-18T10:49:00.513+0000] {taskinstance.py:2648} INFO - Exporting env vars: AIRFLOW_CTX_DAG_OWNER='***' AIRFLOW_CTX_DAG_ID='usdpkr_forecasting_modular' AIRFLOW_CTX_TASK_ID='fetch_gold' AIRFLOW_CTX_EXECUTION_DATE='2025-06-18T10:48:53.454672+00:00' AIRFLOW_CTX_TRY_NUMBER='1' AIRFLOW_CTX_DAG_RUN_ID='manual__2025-06-18T10:48:53.454672+00:00'
[2025-06-18T10:49:00.514+0000] {taskinstance.py:430} INFO - ::endgroup::
[2025-06-18T10:49:00.526+0000] {ingest.py:65} INFO - Fetching GC=F from Yahoo Finance...
[2025-06-18T10:49:03.561+0000] {ingest.py:106} INFO - Saved GC=F data to /opt/***/data/raw/GOLD.csv
[2025-06-18T10:49:03.563+0000] {ingest.py:107} INFO - Date range: 2000-08-31 to 2025-06-30
[2025-06-18T10:49:03.564+0000] {python.py:237} INFO - Done. Returned value was: /opt/***/data/raw/GOLD.csv
[2025-06-18T10:49:03.564+0000] {taskinstance.py:441} INFO - ::group::Post task execution logs
[2025-06-18T10:49:03.587+0000] {taskinstance.py:1206} INFO - Marking task as SUCCESS. dag_id=usdpkr_forecasting_modular, task_id=fetch_gold, run_id=manual__2025-06-18T10:48:53.454672+00:00, execution_date=20250618T104853, start_date=20250618T104900, end_date=20250618T104903
[2025-06-18T10:49:03.627+0000] {local_task_job_runner.py:240} INFO - Task exited with return code 0
[2025-06-18T10:49:03.674+0000] {taskinstance.py:3498} INFO - 1 downstream tasks scheduled from follow-on schedule check
[2025-06-18T10:49:03.689+0000] {local_task_job_runner.py:222} INFO - ::endgroup::
