[2025-06-18T15:16:57.174+0000] {local_task_job_runner.py:120} INFO - ::group::Pre task execution logs
[2025-06-18T15:16:57.395+0000] {taskinstance.py:2076} INFO - Dependencies all met for dep_context=non-requeueable deps ti=<TaskInstance: kse100_forecasting.fetch_oil manual__2025-06-18T15:16:41.773738+00:00 [queued]>
[2025-06-18T15:16:57.434+0000] {taskinstance.py:2076} INFO - Dependencies all met for dep_context=requeueable deps ti=<TaskInstance: kse100_forecasting.fetch_oil manual__2025-06-18T15:16:41.773738+00:00 [queued]>
[2025-06-18T15:16:57.435+0000] {taskinstance.py:2306} INFO - Starting attempt 1 of 6
[2025-06-18T15:16:57.533+0000] {taskinstance.py:2330} INFO - Executing <Task(PythonOperator): fetch_oil> on 2025-06-18 15:16:41.773738+00:00
[2025-06-18T15:16:57.578+0000] {standard_task_runner.py:63} INFO - Started process 560 to run task
[2025-06-18T15:16:57.640+0000] {standard_task_runner.py:90} INFO - Running: ['***', 'tasks', 'run', 'kse100_forecasting', 'fetch_oil', 'manual__2025-06-18T15:16:41.773738+00:00', '--job-id', '880', '--raw', '--subdir', 'DAGS_FOLDER/inflation_forecasting_dag.py', '--cfg-path', '/tmp/tmpw3uzu7l0']
[2025-06-18T15:16:57.654+0000] {standard_task_runner.py:91} INFO - Job 880: Subtask fetch_oil
[2025-06-18T15:16:58.232+0000] {task_command.py:426} INFO - Running <TaskInstance: kse100_forecasting.fetch_oil manual__2025-06-18T15:16:41.773738+00:00 [running]> on host f55656462970
[2025-06-18T15:16:58.472+0000] {taskinstance.py:2648} INFO - Exporting env vars: AIRFLOW_CTX_DAG_OWNER='***' AIRFLOW_CTX_DAG_ID='kse100_forecasting' AIRFLOW_CTX_TASK_ID='fetch_oil' AIRFLOW_CTX_EXECUTION_DATE='2025-06-18T15:16:41.773738+00:00' AIRFLOW_CTX_TRY_NUMBER='1' AIRFLOW_CTX_DAG_RUN_ID='manual__2025-06-18T15:16:41.773738+00:00'
[2025-06-18T15:16:58.473+0000] {taskinstance.py:430} INFO - ::endgroup::
[2025-06-18T15:16:58.490+0000] {ingest.py:65} INFO - Fetching CL=F from Yahoo Finance...
[2025-06-18T15:17:02.783+0000] {ingest.py:106} INFO - Saved CL=F data to /opt/***/data/raw/OIL.csv
[2025-06-18T15:17:02.784+0000] {ingest.py:107} INFO - Date range: 2000-08-31 to 2025-06-30
[2025-06-18T15:17:02.786+0000] {python.py:237} INFO - Done. Returned value was: /opt/***/data/raw/OIL.csv
[2025-06-18T15:17:02.788+0000] {taskinstance.py:441} INFO - ::group::Post task execution logs
[2025-06-18T15:17:02.811+0000] {taskinstance.py:1206} INFO - Marking task as SUCCESS. dag_id=kse100_forecasting, task_id=fetch_oil, run_id=manual__2025-06-18T15:16:41.773738+00:00, execution_date=20250618T151641, start_date=20250618T151657, end_date=20250618T151702
[2025-06-18T15:17:02.874+0000] {local_task_job_runner.py:240} INFO - Task exited with return code 0
[2025-06-18T15:17:02.898+0000] {taskinstance.py:3498} INFO - 1 downstream tasks scheduled from follow-on schedule check
[2025-06-18T15:17:02.900+0000] {local_task_job_runner.py:222} INFO - ::endgroup::
