[2025-06-19T09:35:00.546+0000] {local_task_job_runner.py:120} INFO - ::group::Pre task execution logs
[2025-06-19T09:35:00.624+0000] {taskinstance.py:2076} INFO - Dependencies all met for dep_context=non-requeueable deps ti=<TaskInstance: kse100_forecasting.fetch_usdpkr manual__2025-06-19T09:34:53.512198+00:00 [queued]>
[2025-06-19T09:35:00.643+0000] {taskinstance.py:2076} INFO - Dependencies all met for dep_context=requeueable deps ti=<TaskInstance: kse100_forecasting.fetch_usdpkr manual__2025-06-19T09:34:53.512198+00:00 [queued]>
[2025-06-19T09:35:00.644+0000] {taskinstance.py:2306} INFO - Starting attempt 1 of 6
[2025-06-19T09:35:00.684+0000] {taskinstance.py:2330} INFO - Executing <Task(PythonOperator): fetch_usdpkr> on 2025-06-19 09:34:53.512198+00:00
[2025-06-19T09:35:00.702+0000] {standard_task_runner.py:63} INFO - Started process 2013 to run task
[2025-06-19T09:35:00.709+0000] {standard_task_runner.py:90} INFO - Running: ['***', 'tasks', 'run', 'kse100_forecasting', 'fetch_usdpkr', 'manual__2025-06-19T09:34:53.512198+00:00', '--job-id', '1127', '--raw', '--subdir', 'DAGS_FOLDER/kse100_forecasting_dag.py', '--cfg-path', '/tmp/tmpcf2rwlpc']
[2025-06-19T09:35:00.714+0000] {standard_task_runner.py:91} INFO - Job 1127: Subtask fetch_usdpkr
[2025-06-19T09:35:00.798+0000] {task_command.py:426} INFO - Running <TaskInstance: kse100_forecasting.fetch_usdpkr manual__2025-06-19T09:34:53.512198+00:00 [running]> on host fb048d2dbcb2
[2025-06-19T09:35:00.945+0000] {taskinstance.py:2648} INFO - Exporting env vars: AIRFLOW_CTX_DAG_OWNER='***' AIRFLOW_CTX_DAG_ID='kse100_forecasting' AIRFLOW_CTX_TASK_ID='fetch_usdpkr' AIRFLOW_CTX_EXECUTION_DATE='2025-06-19T09:34:53.512198+00:00' AIRFLOW_CTX_TRY_NUMBER='1' AIRFLOW_CTX_DAG_RUN_ID='manual__2025-06-19T09:34:53.512198+00:00'
[2025-06-19T09:35:00.948+0000] {taskinstance.py:430} INFO - ::endgroup::
[2025-06-19T09:35:00.964+0000] {ingest.py:65} INFO - Fetching PKR=X from Yahoo Finance...
[2025-06-19T09:35:04.020+0000] {ingest.py:106} INFO - Saved PKR=X data to /opt/***/dataKse/raw/USDPKR.csv
[2025-06-19T09:35:04.039+0000] {ingest.py:107} INFO - Date range: 2002-04-30 to 2025-06-30
[2025-06-19T09:35:04.057+0000] {python.py:237} INFO - Done. Returned value was: /opt/***/dataKse/raw/USDPKR.csv
[2025-06-19T09:35:04.060+0000] {taskinstance.py:441} INFO - ::group::Post task execution logs
[2025-06-19T09:35:04.127+0000] {taskinstance.py:1206} INFO - Marking task as SUCCESS. dag_id=kse100_forecasting, task_id=fetch_usdpkr, run_id=manual__2025-06-19T09:34:53.512198+00:00, execution_date=20250619T093453, start_date=20250619T093500, end_date=20250619T093504
[2025-06-19T09:35:04.240+0000] {local_task_job_runner.py:240} INFO - Task exited with return code 0
[2025-06-19T09:35:04.325+0000] {taskinstance.py:3498} INFO - 1 downstream tasks scheduled from follow-on schedule check
[2025-06-19T09:35:04.343+0000] {local_task_job_runner.py:222} INFO - ::endgroup::
