[2025-06-14T17:15:11.937+0000] {local_task_job_runner.py:120} INFO - ::group::Pre task execution logs
[2025-06-14T17:15:11.986+0000] {taskinstance.py:2076} INFO - Dependencies all met for dep_context=non-requeueable deps ti=<TaskInstance: usdpkr_forecasting_modular.fetch_kse100 manual__2025-06-14T17:15:03.124026+00:00 [queued]>
[2025-06-14T17:15:12.017+0000] {taskinstance.py:2076} INFO - Dependencies all met for dep_context=requeueable deps ti=<TaskInstance: usdpkr_forecasting_modular.fetch_kse100 manual__2025-06-14T17:15:03.124026+00:00 [queued]>
[2025-06-14T17:15:12.020+0000] {taskinstance.py:2306} INFO - Starting attempt 1 of 6
[2025-06-14T17:15:12.054+0000] {taskinstance.py:2330} INFO - Executing <Task(PythonOperator): fetch_kse100> on 2025-06-14 17:15:03.124026+00:00
[2025-06-14T17:15:12.063+0000] {standard_task_runner.py:63} INFO - Started process 1094 to run task
[2025-06-14T17:15:12.068+0000] {standard_task_runner.py:90} INFO - Running: ['***', 'tasks', 'run', 'usdpkr_forecasting_modular', 'fetch_kse100', 'manual__2025-06-14T17:15:03.124026+00:00', '--job-id', '407', '--raw', '--subdir', 'DAGS_FOLDER/usdpkr_forecasting_dag.py', '--cfg-path', '/tmp/tmpkgl_fngs']
[2025-06-14T17:15:12.073+0000] {standard_task_runner.py:91} INFO - Job 407: Subtask fetch_kse100
[2025-06-14T17:15:12.174+0000] {task_command.py:426} INFO - Running <TaskInstance: usdpkr_forecasting_modular.fetch_kse100 manual__2025-06-14T17:15:03.124026+00:00 [running]> on host 1ada37a5d2dc
[2025-06-14T17:15:12.359+0000] {taskinstance.py:2648} INFO - Exporting env vars: AIRFLOW_CTX_DAG_OWNER='***' AIRFLOW_CTX_DAG_ID='usdpkr_forecasting_modular' AIRFLOW_CTX_TASK_ID='fetch_kse100' AIRFLOW_CTX_EXECUTION_DATE='2025-06-14T17:15:03.124026+00:00' AIRFLOW_CTX_TRY_NUMBER='1' AIRFLOW_CTX_DAG_RUN_ID='manual__2025-06-14T17:15:03.124026+00:00'
[2025-06-14T17:15:12.360+0000] {taskinstance.py:430} INFO - ::endgroup::
[2025-06-14T17:15:12.390+0000] {ingest.py:65} INFO - Fetching ^KSE from Yahoo Finance...
[2025-06-14T17:15:15.589+0000] {ingest.py:106} INFO - Saved ^KSE data to /opt/***/data/raw/KSE100.csv
[2025-06-14T17:15:15.590+0000] {ingest.py:107} INFO - Date range: 1997-07-31 to 2021-09-30
[2025-06-14T17:15:15.590+0000] {python.py:237} INFO - Done. Returned value was: /opt/***/data/raw/KSE100.csv
[2025-06-14T17:15:15.590+0000] {taskinstance.py:441} INFO - ::group::Post task execution logs
[2025-06-14T17:15:15.615+0000] {taskinstance.py:1206} INFO - Marking task as SUCCESS. dag_id=usdpkr_forecasting_modular, task_id=fetch_kse100, run_id=manual__2025-06-14T17:15:03.124026+00:00, execution_date=20250614T171503, start_date=20250614T171511, end_date=20250614T171515
[2025-06-14T17:15:15.662+0000] {local_task_job_runner.py:240} INFO - Task exited with return code 0
[2025-06-14T17:15:15.687+0000] {taskinstance.py:3498} INFO - 0 downstream tasks scheduled from follow-on schedule check
[2025-06-14T17:15:15.690+0000] {local_task_job_runner.py:222} INFO - ::endgroup::
