[2025-06-18T11:38:54.307+0000] {local_task_job_runner.py:120} INFO - ::group::Pre task execution logs
[2025-06-18T11:38:54.340+0000] {taskinstance.py:2076} INFO - Dependencies all met for dep_context=non-requeueable deps ti=<TaskInstance: usdpkr_forecasting_modular.fetch_interest_rate manual__2025-06-18T11:38:44.716652+00:00 [queued]>
[2025-06-18T11:38:54.347+0000] {taskinstance.py:2076} INFO - Dependencies all met for dep_context=requeueable deps ti=<TaskInstance: usdpkr_forecasting_modular.fetch_interest_rate manual__2025-06-18T11:38:44.716652+00:00 [queued]>
[2025-06-18T11:38:54.348+0000] {taskinstance.py:2306} INFO - Starting attempt 1 of 3
[2025-06-18T11:38:54.363+0000] {taskinstance.py:2330} INFO - Executing <Task(PythonOperator): fetch_interest_rate> on 2025-06-18 11:38:44.716652+00:00
[2025-06-18T11:38:54.369+0000] {standard_task_runner.py:63} INFO - Started process 3250 to run task
[2025-06-18T11:38:54.372+0000] {standard_task_runner.py:90} INFO - Running: ['***', 'tasks', 'run', 'usdpkr_forecasting_modular', 'fetch_interest_rate', 'manual__2025-06-18T11:38:44.716652+00:00', '--job-id', '621', '--raw', '--subdir', 'DAGS_FOLDER/usdpkr_forecasting_dag.py', '--cfg-path', '/tmp/tmpq125nc74']
[2025-06-18T11:38:54.375+0000] {standard_task_runner.py:91} INFO - Job 621: Subtask fetch_interest_rate
[2025-06-18T11:38:54.421+0000] {task_command.py:426} INFO - Running <TaskInstance: usdpkr_forecasting_modular.fetch_interest_rate manual__2025-06-18T11:38:44.716652+00:00 [running]> on host 9c4806d77c92
[2025-06-18T11:38:54.496+0000] {taskinstance.py:2648} INFO - Exporting env vars: AIRFLOW_CTX_DAG_OWNER='***' AIRFLOW_CTX_DAG_ID='usdpkr_forecasting_modular' AIRFLOW_CTX_TASK_ID='fetch_interest_rate' AIRFLOW_CTX_EXECUTION_DATE='2025-06-18T11:38:44.716652+00:00' AIRFLOW_CTX_TRY_NUMBER='1' AIRFLOW_CTX_DAG_RUN_ID='manual__2025-06-18T11:38:44.716652+00:00'
[2025-06-18T11:38:54.498+0000] {taskinstance.py:430} INFO - ::endgroup::
[2025-06-18T11:38:54.511+0000] {ingest.py:193} INFO - Generating placeholder data for SBP series: INTEREST_RATE...
[2025-06-18T11:38:54.528+0000] {ingest.py:214} INFO - Saved placeholder INTEREST_RATE data to /opt/***/data/raw/INTEREST_RATE.csv
[2025-06-18T11:38:54.529+0000] {ingest.py:215} INFO - Date range: 2005-06-30 to 2025-05-31
[2025-06-18T11:38:54.529+0000] {python.py:237} INFO - Done. Returned value was: /opt/***/data/raw/INTEREST_RATE.csv
[2025-06-18T11:38:54.530+0000] {taskinstance.py:441} INFO - ::group::Post task execution logs
[2025-06-18T11:38:54.548+0000] {taskinstance.py:1206} INFO - Marking task as SUCCESS. dag_id=usdpkr_forecasting_modular, task_id=fetch_interest_rate, run_id=manual__2025-06-18T11:38:44.716652+00:00, execution_date=20250618T113844, start_date=20250618T113854, end_date=20250618T113854
[2025-06-18T11:38:54.586+0000] {local_task_job_runner.py:240} INFO - Task exited with return code 0
[2025-06-18T11:38:54.613+0000] {taskinstance.py:3498} INFO - 0 downstream tasks scheduled from follow-on schedule check
[2025-06-18T11:38:54.615+0000] {local_task_job_runner.py:222} INFO - ::endgroup::
