[2025-06-18T15:29:35.818+0000] {local_task_job_runner.py:120} INFO - ::group::Pre task execution logs
[2025-06-18T15:29:35.905+0000] {taskinstance.py:2076} INFO - Dependencies all met for dep_context=non-requeueable deps ti=<TaskInstance: kse100_forecasting.fetch_usdpkr manual__2025-06-18T15:29:29.025633+00:00 [queued]>
[2025-06-18T15:29:35.928+0000] {taskinstance.py:2076} INFO - Dependencies all met for dep_context=requeueable deps ti=<TaskInstance: kse100_forecasting.fetch_usdpkr manual__2025-06-18T15:29:29.025633+00:00 [queued]>
[2025-06-18T15:29:35.928+0000] {taskinstance.py:2306} INFO - Starting attempt 1 of 6
[2025-06-18T15:29:36.073+0000] {taskinstance.py:2330} INFO - Executing <Task(PythonOperator): fetch_usdpkr> on 2025-06-18 15:29:29.025633+00:00
[2025-06-18T15:29:36.095+0000] {standard_task_runner.py:63} INFO - Started process 1695 to run task
[2025-06-18T15:29:36.100+0000] {standard_task_runner.py:90} INFO - Running: ['***', 'tasks', 'run', 'kse100_forecasting', 'fetch_usdpkr', 'manual__2025-06-18T15:29:29.025633+00:00', '--job-id', '946', '--raw', '--subdir', 'DAGS_FOLDER/kse100_forecasting_dag.py', '--cfg-path', '/tmp/tmp0kuq3o_d']
[2025-06-18T15:29:36.123+0000] {standard_task_runner.py:91} INFO - Job 946: Subtask fetch_usdpkr
[2025-06-18T15:29:36.198+0000] {task_command.py:426} INFO - Running <TaskInstance: kse100_forecasting.fetch_usdpkr manual__2025-06-18T15:29:29.025633+00:00 [running]> on host f55656462970
[2025-06-18T15:29:36.335+0000] {taskinstance.py:2648} INFO - Exporting env vars: AIRFLOW_CTX_DAG_OWNER='***' AIRFLOW_CTX_DAG_ID='kse100_forecasting' AIRFLOW_CTX_TASK_ID='fetch_usdpkr' AIRFLOW_CTX_EXECUTION_DATE='2025-06-18T15:29:29.025633+00:00' AIRFLOW_CTX_TRY_NUMBER='1' AIRFLOW_CTX_DAG_RUN_ID='manual__2025-06-18T15:29:29.025633+00:00'
[2025-06-18T15:29:36.338+0000] {taskinstance.py:430} INFO - ::endgroup::
[2025-06-18T15:29:36.362+0000] {ingest.py:65} INFO - Fetching PKR=X from Yahoo Finance...
[2025-06-18T15:29:39.297+0000] {ingest.py:106} INFO - Saved PKR=X data to /opt/***/dataKse/raw/USDPKR.csv
[2025-06-18T15:29:39.298+0000] {ingest.py:107} INFO - Date range: 2002-04-30 to 2025-06-30
[2025-06-18T15:29:39.298+0000] {python.py:237} INFO - Done. Returned value was: /opt/***/dataKse/raw/USDPKR.csv
[2025-06-18T15:29:39.298+0000] {taskinstance.py:441} INFO - ::group::Post task execution logs
[2025-06-18T15:29:39.323+0000] {taskinstance.py:1206} INFO - Marking task as SUCCESS. dag_id=kse100_forecasting, task_id=fetch_usdpkr, run_id=manual__2025-06-18T15:29:29.025633+00:00, execution_date=20250618T152929, start_date=20250618T152935, end_date=20250618T152939
[2025-06-18T15:29:39.356+0000] {local_task_job_runner.py:240} INFO - Task exited with return code 0
[2025-06-18T15:29:39.416+0000] {taskinstance.py:3498} INFO - 0 downstream tasks scheduled from follow-on schedule check
[2025-06-18T15:29:39.418+0000] {local_task_job_runner.py:222} INFO - ::endgroup::
