[2025-06-19T09:09:56.569+0000] {local_task_job_runner.py:120} INFO - ::group::Pre task execution logs
[2025-06-19T09:09:56.597+0000] {taskinstance.py:2076} INFO - Dependencies all met for dep_context=non-requeueable deps ti=<TaskInstance: kse100_forecasting.fetch_gold manual__2025-06-19T09:09:50.730380+00:00 [queued]>
[2025-06-19T09:09:56.606+0000] {taskinstance.py:2076} INFO - Dependencies all met for dep_context=requeueable deps ti=<TaskInstance: kse100_forecasting.fetch_gold manual__2025-06-19T09:09:50.730380+00:00 [queued]>
[2025-06-19T09:09:56.606+0000] {taskinstance.py:2306} INFO - Starting attempt 1 of 6
[2025-06-19T09:09:56.622+0000] {taskinstance.py:2330} INFO - Executing <Task(PythonOperator): fetch_gold> on 2025-06-19 09:09:50.730380+00:00
[2025-06-19T09:09:56.628+0000] {standard_task_runner.py:63} INFO - Started process 820 to run task
[2025-06-19T09:09:56.643+0000] {standard_task_runner.py:90} INFO - Running: ['***', 'tasks', 'run', 'kse100_forecasting', 'fetch_gold', 'manual__2025-06-19T09:09:50.730380+00:00', '--job-id', '1108', '--raw', '--subdir', 'DAGS_FOLDER/kse100_forecasting_dag.py', '--cfg-path', '/tmp/tmpoxn_mecz']
[2025-06-19T09:09:56.659+0000] {standard_task_runner.py:91} INFO - Job 1108: Subtask fetch_gold
[2025-06-19T09:09:56.734+0000] {task_command.py:426} INFO - Running <TaskInstance: kse100_forecasting.fetch_gold manual__2025-06-19T09:09:50.730380+00:00 [running]> on host fb048d2dbcb2
[2025-06-19T09:09:56.869+0000] {taskinstance.py:2648} INFO - Exporting env vars: AIRFLOW_CTX_DAG_OWNER='***' AIRFLOW_CTX_DAG_ID='kse100_forecasting' AIRFLOW_CTX_TASK_ID='fetch_gold' AIRFLOW_CTX_EXECUTION_DATE='2025-06-19T09:09:50.730380+00:00' AIRFLOW_CTX_TRY_NUMBER='1' AIRFLOW_CTX_DAG_RUN_ID='manual__2025-06-19T09:09:50.730380+00:00'
[2025-06-19T09:09:56.871+0000] {taskinstance.py:430} INFO - ::endgroup::
[2025-06-19T09:09:56.888+0000] {ingest.py:65} INFO - Fetching GC=F from Yahoo Finance...
[2025-06-19T09:09:59.821+0000] {ingest.py:106} INFO - Saved GC=F data to /opt/***/dataKse/raw/GOLD.csv
[2025-06-19T09:09:59.822+0000] {ingest.py:107} INFO - Date range: 2000-08-31 to 2025-06-30
[2025-06-19T09:09:59.822+0000] {python.py:237} INFO - Done. Returned value was: /opt/***/dataKse/raw/GOLD.csv
[2025-06-19T09:09:59.823+0000] {taskinstance.py:441} INFO - ::group::Post task execution logs
[2025-06-19T09:09:59.840+0000] {taskinstance.py:1206} INFO - Marking task as SUCCESS. dag_id=kse100_forecasting, task_id=fetch_gold, run_id=manual__2025-06-19T09:09:50.730380+00:00, execution_date=20250619T090950, start_date=20250619T090956, end_date=20250619T090959
[2025-06-19T09:09:59.867+0000] {local_task_job_runner.py:240} INFO - Task exited with return code 0
[2025-06-19T09:09:59.890+0000] {taskinstance.py:3498} INFO - 0 downstream tasks scheduled from follow-on schedule check
[2025-06-19T09:09:59.892+0000] {local_task_job_runner.py:222} INFO - ::endgroup::
