[2025-06-14T17:12:48.230+0000] {local_task_job_runner.py:120} INFO - ::group::Pre task execution logs
[2025-06-14T17:12:48.259+0000] {taskinstance.py:2076} INFO - Dependencies all met for dep_context=non-requeueable deps ti=<TaskInstance: usdpkr_forecasting_modular.feature_engineering manual__2025-06-14T17:12:31.428409+00:00 [queued]>
[2025-06-14T17:12:48.268+0000] {taskinstance.py:2076} INFO - Dependencies all met for dep_context=requeueable deps ti=<TaskInstance: usdpkr_forecasting_modular.feature_engineering manual__2025-06-14T17:12:31.428409+00:00 [queued]>
[2025-06-14T17:12:48.268+0000] {taskinstance.py:2306} INFO - Starting attempt 1 of 4
[2025-06-14T17:12:48.283+0000] {taskinstance.py:2330} INFO - Executing <Task(PythonOperator): feature_engineering> on 2025-06-14 17:12:31.428409+00:00
[2025-06-14T17:12:48.290+0000] {standard_task_runner.py:63} INFO - Started process 899 to run task
[2025-06-14T17:12:48.293+0000] {standard_task_runner.py:90} INFO - Running: ['***', 'tasks', 'run', 'usdpkr_forecasting_modular', 'feature_engineering', 'manual__2025-06-14T17:12:31.428409+00:00', '--job-id', '398', '--raw', '--subdir', 'DAGS_FOLDER/usdpkr_forecasting_dag.py', '--cfg-path', '/tmp/tmpvlq8l_1t']
[2025-06-14T17:12:48.295+0000] {standard_task_runner.py:91} INFO - Job 398: Subtask feature_engineering
[2025-06-14T17:12:48.340+0000] {task_command.py:426} INFO - Running <TaskInstance: usdpkr_forecasting_modular.feature_engineering manual__2025-06-14T17:12:31.428409+00:00 [running]> on host 1ada37a5d2dc
[2025-06-14T17:12:48.432+0000] {taskinstance.py:2648} INFO - Exporting env vars: AIRFLOW_CTX_DAG_OWNER='***' AIRFLOW_CTX_DAG_ID='usdpkr_forecasting_modular' AIRFLOW_CTX_TASK_ID='feature_engineering' AIRFLOW_CTX_EXECUTION_DATE='2025-06-14T17:12:31.428409+00:00' AIRFLOW_CTX_TRY_NUMBER='1' AIRFLOW_CTX_DAG_RUN_ID='manual__2025-06-14T17:12:31.428409+00:00'
[2025-06-14T17:12:48.434+0000] {taskinstance.py:430} INFO - ::endgroup::
[2025-06-14T17:12:48.448+0000] {transform.py:277} INFO - Loading DataFrame from path: /opt/***/data/raw/merged_data.csv
[2025-06-14T17:12:48.460+0000] {transform.py:280} INFO - Starting feature engineering. Input DataFrame shape: (0, 9)
[2025-06-14T17:12:48.461+0000] {transform.py:281} INFO - Input DataFrame columns: ['OIL', 'FOREX_RESERVES', 'INFLATION_YOY', 'GOLD', 'INTEREST_RATE', 'KSE100', 'USDPKR', 'DATE', 'M2']
[2025-06-14T17:12:48.462+0000] {transform.py:282} INFO - Input DataFrame dtypes:
OIL               object
FOREX_RESERVES    object
INFLATION_YOY     object
GOLD              object
INTEREST_RATE     object
KSE100            object
USDPKR            object
DATE              object
M2                object
dtype: object
[2025-06-14T17:12:48.463+0000] {transform.py:285} INFO - Converting DATE to datetime
[2025-06-14T17:12:48.467+0000] {transform.py:289} INFO - Creating time-based features
[2025-06-14T17:12:48.472+0000] {transform.py:295} INFO - Setting DATE as index and filtering years > 2004
[2025-06-14T17:12:48.477+0000] {transform.py:298} INFO - DataFrame shape after year filtering: (0, 11)
[2025-06-14T17:12:48.478+0000] {transform.py:301} INFO - Handling missing values and creating NA flags
[2025-06-14T17:12:48.480+0000] {transform.py:310} INFO - Creating cyclical month features
[2025-06-14T17:12:48.482+0000] {transform.py:315} INFO - Creating economic features
[2025-06-14T17:12:48.483+0000] {transform.py:321} INFO - Creating lag features
[2025-06-14T17:12:48.490+0000] {transform.py:331} INFO - Creating rolling statistics
[2025-06-14T17:12:48.494+0000] {transform.py:340} INFO - Resetting index
[2025-06-14T17:12:48.501+0000] {transform.py:347} INFO - Feature engineering complete. Final DataFrame shape: (0, 47)
[2025-06-14T17:12:48.504+0000] {transform.py:348} INFO - Final DataFrame columns: ['DATE', 'OIL', 'FOREX_RESERVES', 'INFLATION_YOY', 'GOLD', 'INTEREST_RATE', 'KSE100', 'USDPKR', 'M2', 'YEAR', 'MONTH', 'QUARTER', 'MONTH_SIN', 'MONTH_COS', 'USDPKR_diff', 'REAL_INTEREST', 'OIL_IN_PKR', 'KSE100_lag1', 'KSE100_lag3', 'KSE100_lag12', 'INFLATION_YOY_lag1', 'INFLATION_YOY_lag3', 'INFLATION_YOY_lag12', 'INTEREST_RATE_lag1', 'INTEREST_RATE_lag3', 'INTEREST_RATE_lag12', 'USDPKR_lag1', 'USDPKR_lag3', 'USDPKR_lag12', 'OIL_lag1', 'OIL_lag3', 'OIL_lag12', 'FOREX_RESERVES_lag1', 'FOREX_RESERVES_lag3', 'FOREX_RESERVES_lag12', 'GOLD_lag1', 'GOLD_lag3', 'GOLD_lag12', 'M2_lag1', 'M2_lag3', 'M2_lag12', 'KSE100_roll_mean3', 'KSE100_roll_std3', 'OIL_roll_mean3', 'OIL_roll_std3', 'GOLD_roll_mean3', 'GOLD_roll_std3']
[2025-06-14T17:12:48.506+0000] {python.py:237} INFO - Done. Returned value was: /opt/***/data/raw/engineered_features.csv
[2025-06-14T17:12:48.507+0000] {taskinstance.py:441} INFO - ::group::Post task execution logs
[2025-06-14T17:12:48.562+0000] {taskinstance.py:1206} INFO - Marking task as SUCCESS. dag_id=usdpkr_forecasting_modular, task_id=feature_engineering, run_id=manual__2025-06-14T17:12:31.428409+00:00, execution_date=20250614T171231, start_date=20250614T171248, end_date=20250614T171248
[2025-06-14T17:12:48.627+0000] {local_task_job_runner.py:240} INFO - Task exited with return code 0
[2025-06-14T17:12:48.651+0000] {taskinstance.py:3498} INFO - 1 downstream tasks scheduled from follow-on schedule check
[2025-06-14T17:12:48.653+0000] {local_task_job_runner.py:222} INFO - ::endgroup::
