[2025-06-19T09:35:00.804+0000] {local_task_job_runner.py:120} INFO - ::group::Pre task execution logs
[2025-06-19T09:35:00.851+0000] {taskinstance.py:2076} INFO - Dependencies all met for dep_context=non-requeueable deps ti=<TaskInstance: kse100_forecasting.fetch_inflation manual__2025-06-19T09:34:53.512198+00:00 [queued]>
[2025-06-19T09:35:00.861+0000] {taskinstance.py:2076} INFO - Dependencies all met for dep_context=requeueable deps ti=<TaskInstance: kse100_forecasting.fetch_inflation manual__2025-06-19T09:34:53.512198+00:00 [queued]>
[2025-06-19T09:35:00.862+0000] {taskinstance.py:2306} INFO - Starting attempt 1 of 6
[2025-06-19T09:35:00.887+0000] {taskinstance.py:2330} INFO - Executing <Task(PythonOperator): fetch_inflation> on 2025-06-19 09:34:53.512198+00:00
[2025-06-19T09:35:00.896+0000] {standard_task_runner.py:63} INFO - Started process 2015 to run task
[2025-06-19T09:35:00.904+0000] {standard_task_runner.py:90} INFO - Running: ['***', 'tasks', 'run', 'kse100_forecasting', 'fetch_inflation', 'manual__2025-06-19T09:34:53.512198+00:00', '--job-id', '1129', '--raw', '--subdir', 'DAGS_FOLDER/kse100_forecasting_dag.py', '--cfg-path', '/tmp/tmpf6ce5ht3']
[2025-06-19T09:35:00.908+0000] {standard_task_runner.py:91} INFO - Job 1129: Subtask fetch_inflation
[2025-06-19T09:35:00.971+0000] {task_command.py:426} INFO - Running <TaskInstance: kse100_forecasting.fetch_inflation manual__2025-06-19T09:34:53.512198+00:00 [running]> on host fb048d2dbcb2
[2025-06-19T09:35:01.072+0000] {taskinstance.py:2648} INFO - Exporting env vars: AIRFLOW_CTX_DAG_OWNER='***' AIRFLOW_CTX_DAG_ID='kse100_forecasting' AIRFLOW_CTX_TASK_ID='fetch_inflation' AIRFLOW_CTX_EXECUTION_DATE='2025-06-19T09:34:53.512198+00:00' AIRFLOW_CTX_TRY_NUMBER='1' AIRFLOW_CTX_DAG_RUN_ID='manual__2025-06-19T09:34:53.512198+00:00'
[2025-06-19T09:35:01.074+0000] {taskinstance.py:430} INFO - ::endgroup::
[2025-06-19T09:35:01.088+0000] {ingest.py:130} INFO - Fetching 'INFLATION_YOY' from IMF (ID: PCPI_IX)...
[2025-06-19T09:35:03.340+0000] {ingest.py:171} INFO - Saved INFLATION_YOY data to /opt/***/dataKse/raw/INFLATION.csv
[2025-06-19T09:35:03.341+0000] {ingest.py:172} INFO - Date range: 1957-01-01 to 2025-05-01
[2025-06-19T09:35:03.342+0000] {python.py:237} INFO - Done. Returned value was: /opt/***/dataKse/raw/INFLATION.csv
[2025-06-19T09:35:03.343+0000] {taskinstance.py:441} INFO - ::group::Post task execution logs
[2025-06-19T09:35:03.366+0000] {taskinstance.py:1206} INFO - Marking task as SUCCESS. dag_id=kse100_forecasting, task_id=fetch_inflation, run_id=manual__2025-06-19T09:34:53.512198+00:00, execution_date=20250619T093453, start_date=20250619T093500, end_date=20250619T093503
[2025-06-19T09:35:03.402+0000] {local_task_job_runner.py:240} INFO - Task exited with return code 0
[2025-06-19T09:35:03.431+0000] {taskinstance.py:3498} INFO - 0 downstream tasks scheduled from follow-on schedule check
[2025-06-19T09:35:03.434+0000] {local_task_job_runner.py:222} INFO - ::endgroup::
