[2025-06-19T08:45:23.345+0000] {local_task_job_runner.py:120} INFO - ::group::Pre task execution logs
[2025-06-19T08:45:23.424+0000] {taskinstance.py:2076} INFO - Dependencies all met for dep_context=non-requeueable deps ti=<TaskInstance: usdpkr_forecasting.fetch_kse100 manual__2025-06-19T08:45:16.886897+00:00 [queued]>
[2025-06-19T08:45:23.449+0000] {taskinstance.py:2076} INFO - Dependencies all met for dep_context=requeueable deps ti=<TaskInstance: usdpkr_forecasting.fetch_kse100 manual__2025-06-19T08:45:16.886897+00:00 [queued]>
[2025-06-19T08:45:23.450+0000] {taskinstance.py:2306} INFO - Starting attempt 1 of 6
[2025-06-19T08:45:23.481+0000] {taskinstance.py:2330} INFO - Executing <Task(PythonOperator): fetch_kse100> on 2025-06-19 08:45:16.886897+00:00
[2025-06-19T08:45:23.501+0000] {standard_task_runner.py:63} INFO - Started process 696 to run task
[2025-06-19T08:45:23.508+0000] {standard_task_runner.py:90} INFO - Running: ['***', 'tasks', 'run', 'usdpkr_forecasting', 'fetch_kse100', 'manual__2025-06-19T08:45:16.886897+00:00', '--job-id', '1065', '--raw', '--subdir', 'DAGS_FOLDER/usdpkr_forecasting_dag.py', '--cfg-path', '/tmp/tmpn4f2e0d2']
[2025-06-19T08:45:23.512+0000] {standard_task_runner.py:91} INFO - Job 1065: Subtask fetch_kse100
[2025-06-19T08:45:23.610+0000] {task_command.py:426} INFO - Running <TaskInstance: usdpkr_forecasting.fetch_kse100 manual__2025-06-19T08:45:16.886897+00:00 [running]> on host 57c57e92cb28
[2025-06-19T08:45:23.858+0000] {taskinstance.py:2648} INFO - Exporting env vars: AIRFLOW_CTX_DAG_OWNER='***' AIRFLOW_CTX_DAG_ID='usdpkr_forecasting' AIRFLOW_CTX_TASK_ID='fetch_kse100' AIRFLOW_CTX_EXECUTION_DATE='2025-06-19T08:45:16.886897+00:00' AIRFLOW_CTX_TRY_NUMBER='1' AIRFLOW_CTX_DAG_RUN_ID='manual__2025-06-19T08:45:16.886897+00:00'
[2025-06-19T08:45:23.870+0000] {taskinstance.py:430} INFO - ::endgroup::
[2025-06-19T08:45:23.897+0000] {ingest.py:65} INFO - Fetching ^KSE from Yahoo Finance...
[2025-06-19T08:45:26.901+0000] {ingest.py:106} INFO - Saved ^KSE data to /opt/***/data/raw/KSE100.csv
[2025-06-19T08:45:26.902+0000] {ingest.py:107} INFO - Date range: 1997-07-31 to 2021-09-30
[2025-06-19T08:45:26.902+0000] {python.py:237} INFO - Done. Returned value was: /opt/***/data/raw/KSE100.csv
[2025-06-19T08:45:26.903+0000] {taskinstance.py:441} INFO - ::group::Post task execution logs
[2025-06-19T08:45:26.922+0000] {taskinstance.py:1206} INFO - Marking task as SUCCESS. dag_id=usdpkr_forecasting, task_id=fetch_kse100, run_id=manual__2025-06-19T08:45:16.886897+00:00, execution_date=20250619T084516, start_date=20250619T084523, end_date=20250619T084526
[2025-06-19T08:45:26.950+0000] {local_task_job_runner.py:240} INFO - Task exited with return code 0
[2025-06-19T08:45:26.975+0000] {taskinstance.py:3498} INFO - 0 downstream tasks scheduled from follow-on schedule check
[2025-06-19T08:45:26.978+0000] {local_task_job_runner.py:222} INFO - ::endgroup::
