[2025-06-18T13:27:34.439+0000] {local_task_job_runner.py:120} INFO - ::group::Pre task execution logs
[2025-06-18T13:27:34.510+0000] {taskinstance.py:2076} INFO - Dependencies all met for dep_context=non-requeueable deps ti=<TaskInstance: usdpkr_forecasting_modular.fetch_kse100 manual__2025-06-18T13:27:27.318368+00:00 [queued]>
[2025-06-18T13:27:34.530+0000] {taskinstance.py:2076} INFO - Dependencies all met for dep_context=requeueable deps ti=<TaskInstance: usdpkr_forecasting_modular.fetch_kse100 manual__2025-06-18T13:27:27.318368+00:00 [queued]>
[2025-06-18T13:27:34.530+0000] {taskinstance.py:2306} INFO - Starting attempt 1 of 6
[2025-06-18T13:27:34.574+0000] {taskinstance.py:2330} INFO - Executing <Task(PythonOperator): fetch_kse100> on 2025-06-18 13:27:27.318368+00:00
[2025-06-18T13:27:34.584+0000] {standard_task_runner.py:63} INFO - Started process 7919 to run task
[2025-06-18T13:27:34.602+0000] {standard_task_runner.py:90} INFO - Running: ['***', 'tasks', 'run', 'usdpkr_forecasting_modular', 'fetch_kse100', 'manual__2025-06-18T13:27:27.318368+00:00', '--job-id', '736', '--raw', '--subdir', 'DAGS_FOLDER/usdpkr_forecasting_dag.py', '--cfg-path', '/tmp/tmpj6sy2p6c']
[2025-06-18T13:27:34.609+0000] {standard_task_runner.py:91} INFO - Job 736: Subtask fetch_kse100
[2025-06-18T13:27:34.720+0000] {task_command.py:426} INFO - Running <TaskInstance: usdpkr_forecasting_modular.fetch_kse100 manual__2025-06-18T13:27:27.318368+00:00 [running]> on host 9c4806d77c92
[2025-06-18T13:27:34.881+0000] {taskinstance.py:2648} INFO - Exporting env vars: AIRFLOW_CTX_DAG_OWNER='***' AIRFLOW_CTX_DAG_ID='usdpkr_forecasting_modular' AIRFLOW_CTX_TASK_ID='fetch_kse100' AIRFLOW_CTX_EXECUTION_DATE='2025-06-18T13:27:27.318368+00:00' AIRFLOW_CTX_TRY_NUMBER='1' AIRFLOW_CTX_DAG_RUN_ID='manual__2025-06-18T13:27:27.318368+00:00'
[2025-06-18T13:27:34.884+0000] {taskinstance.py:430} INFO - ::endgroup::
[2025-06-18T13:27:34.900+0000] {ingest.py:65} INFO - Fetching ^KSE from Yahoo Finance...
[2025-06-18T13:27:37.857+0000] {ingest.py:106} INFO - Saved ^KSE data to /opt/***/data/raw/KSE100.csv
[2025-06-18T13:27:37.858+0000] {ingest.py:107} INFO - Date range: 1997-07-31 to 2021-09-30
[2025-06-18T13:27:37.859+0000] {python.py:237} INFO - Done. Returned value was: /opt/***/data/raw/KSE100.csv
[2025-06-18T13:27:37.860+0000] {taskinstance.py:441} INFO - ::group::Post task execution logs
[2025-06-18T13:27:37.884+0000] {taskinstance.py:1206} INFO - Marking task as SUCCESS. dag_id=usdpkr_forecasting_modular, task_id=fetch_kse100, run_id=manual__2025-06-18T13:27:27.318368+00:00, execution_date=20250618T132727, start_date=20250618T132734, end_date=20250618T132737
[2025-06-18T13:27:37.909+0000] {local_task_job_runner.py:240} INFO - Task exited with return code 0
[2025-06-18T13:27:37.935+0000] {taskinstance.py:3498} INFO - 0 downstream tasks scheduled from follow-on schedule check
[2025-06-18T13:27:37.937+0000] {local_task_job_runner.py:222} INFO - ::endgroup::
