[2025-06-18T15:33:25.834+0000] {local_task_job_runner.py:120} INFO - ::group::Pre task execution logs
[2025-06-18T15:33:25.968+0000] {taskinstance.py:2076} INFO - Dependencies all met for dep_context=non-requeueable deps ti=<TaskInstance: kse100_forecasting.fetch_oil manual__2025-06-18T15:33:18.394008+00:00 [queued]>
[2025-06-18T15:33:26.017+0000] {taskinstance.py:2076} INFO - Dependencies all met for dep_context=requeueable deps ti=<TaskInstance: kse100_forecasting.fetch_oil manual__2025-06-18T15:33:18.394008+00:00 [queued]>
[2025-06-18T15:33:26.030+0000] {taskinstance.py:2306} INFO - Starting attempt 1 of 6
[2025-06-18T15:33:26.095+0000] {taskinstance.py:2330} INFO - Executing <Task(PythonOperator): fetch_oil> on 2025-06-18 15:33:18.394008+00:00
[2025-06-18T15:33:26.107+0000] {standard_task_runner.py:63} INFO - Started process 2012 to run task
[2025-06-18T15:33:26.120+0000] {standard_task_runner.py:90} INFO - Running: ['***', 'tasks', 'run', 'kse100_forecasting', 'fetch_oil', 'manual__2025-06-18T15:33:18.394008+00:00', '--job-id', '961', '--raw', '--subdir', 'DAGS_FOLDER/kse100_forecasting_dag.py', '--cfg-path', '/tmp/tmpx4cnn0ds']
[2025-06-18T15:33:26.127+0000] {standard_task_runner.py:91} INFO - Job 961: Subtask fetch_oil
[2025-06-18T15:33:26.398+0000] {task_command.py:426} INFO - Running <TaskInstance: kse100_forecasting.fetch_oil manual__2025-06-18T15:33:18.394008+00:00 [running]> on host f55656462970
[2025-06-18T15:33:26.600+0000] {taskinstance.py:2648} INFO - Exporting env vars: AIRFLOW_CTX_DAG_OWNER='***' AIRFLOW_CTX_DAG_ID='kse100_forecasting' AIRFLOW_CTX_TASK_ID='fetch_oil' AIRFLOW_CTX_EXECUTION_DATE='2025-06-18T15:33:18.394008+00:00' AIRFLOW_CTX_TRY_NUMBER='1' AIRFLOW_CTX_DAG_RUN_ID='manual__2025-06-18T15:33:18.394008+00:00'
[2025-06-18T15:33:26.629+0000] {taskinstance.py:430} INFO - ::endgroup::
[2025-06-18T15:33:26.688+0000] {ingest.py:65} INFO - Fetching CL=F from Yahoo Finance...
[2025-06-18T15:33:30.685+0000] {ingest.py:106} INFO - Saved CL=F data to /opt/***/dataKse/raw/OIL.csv
[2025-06-18T15:33:30.686+0000] {ingest.py:107} INFO - Date range: 2000-08-31 to 2025-06-30
[2025-06-18T15:33:30.687+0000] {python.py:237} INFO - Done. Returned value was: /opt/***/dataKse/raw/OIL.csv
[2025-06-18T15:33:30.687+0000] {taskinstance.py:441} INFO - ::group::Post task execution logs
[2025-06-18T15:33:30.708+0000] {taskinstance.py:1206} INFO - Marking task as SUCCESS. dag_id=kse100_forecasting, task_id=fetch_oil, run_id=manual__2025-06-18T15:33:18.394008+00:00, execution_date=20250618T153318, start_date=20250618T153325, end_date=20250618T153330
[2025-06-18T15:33:30.732+0000] {local_task_job_runner.py:240} INFO - Task exited with return code 0
[2025-06-18T15:33:30.758+0000] {taskinstance.py:3498} INFO - 1 downstream tasks scheduled from follow-on schedule check
[2025-06-18T15:33:30.760+0000] {local_task_job_runner.py:222} INFO - ::endgroup::
