[2025-06-18T13:45:37.845+0000] {local_task_job_runner.py:120} INFO - ::group::Pre task execution logs
[2025-06-18T13:45:37.872+0000] {taskinstance.py:2076} INFO - Dependencies all met for dep_context=non-requeueable deps ti=<TaskInstance: usdpkr_forecasting_modular.train_stacked manual__2025-06-18T13:35:35.483358+00:00 [queued]>
[2025-06-18T13:45:37.879+0000] {taskinstance.py:2076} INFO - Dependencies all met for dep_context=requeueable deps ti=<TaskInstance: usdpkr_forecasting_modular.train_stacked manual__2025-06-18T13:35:35.483358+00:00 [queued]>
[2025-06-18T13:45:37.880+0000] {taskinstance.py:2306} INFO - Starting attempt 3 of 3
[2025-06-18T13:45:37.894+0000] {taskinstance.py:2330} INFO - Executing <Task(PythonOperator): train_stacked> on 2025-06-18 13:35:35.483358+00:00
[2025-06-18T13:45:37.899+0000] {standard_task_runner.py:63} INFO - Started process 9089 to run task
[2025-06-18T13:45:37.902+0000] {standard_task_runner.py:90} INFO - Running: ['***', 'tasks', 'run', 'usdpkr_forecasting_modular', 'train_stacked', 'manual__2025-06-18T13:35:35.483358+00:00', '--job-id', '805', '--raw', '--subdir', 'DAGS_FOLDER/usdpkr_forecasting_dag.py', '--cfg-path', '/tmp/tmpjpdqiy4m']
[2025-06-18T13:45:37.904+0000] {standard_task_runner.py:91} INFO - Job 805: Subtask train_stacked
[2025-06-18T13:45:37.944+0000] {task_command.py:426} INFO - Running <TaskInstance: usdpkr_forecasting_modular.train_stacked manual__2025-06-18T13:35:35.483358+00:00 [running]> on host 9c4806d77c92
[2025-06-18T13:45:38.012+0000] {taskinstance.py:2648} INFO - Exporting env vars: AIRFLOW_CTX_DAG_OWNER='***' AIRFLOW_CTX_DAG_ID='usdpkr_forecasting_modular' AIRFLOW_CTX_TASK_ID='train_stacked' AIRFLOW_CTX_EXECUTION_DATE='2025-06-18T13:35:35.483358+00:00' AIRFLOW_CTX_TRY_NUMBER='3' AIRFLOW_CTX_DAG_RUN_ID='manual__2025-06-18T13:35:35.483358+00:00'
[2025-06-18T13:45:38.013+0000] {taskinstance.py:430} INFO - ::endgroup::
[2025-06-18T13:45:38.026+0000] {model_steps.py:902} ERROR - Error in train_stacked_model: 'X_train_selected'
[2025-06-18T13:45:38.027+0000] {taskinstance.py:441} INFO - ::group::Post task execution logs
[2025-06-18T13:45:38.027+0000] {taskinstance.py:2905} ERROR - Task failed with exception
Traceback (most recent call last):
  File "/home/airflow/.local/lib/python3.12/site-packages/airflow/models/taskinstance.py", line 465, in _execute_task
    result = _execute_callable(context=context, **execute_callable_kwargs)
             ^^^^^^^^^^^^^^^^^^^^^^^^^^^^^^^^^^^^^^^^^^^^^^^^^^^^^^^^^^^^^
  File "/home/airflow/.local/lib/python3.12/site-packages/airflow/models/taskinstance.py", line 432, in _execute_callable
    return execute_callable(context=context, **execute_callable_kwargs)
           ^^^^^^^^^^^^^^^^^^^^^^^^^^^^^^^^^^^^^^^^^^^^^^^^^^^^^^^^^^^^
  File "/home/airflow/.local/lib/python3.12/site-packages/airflow/models/baseoperator.py", line 400, in wrapper
    return func(self, *args, **kwargs)
           ^^^^^^^^^^^^^^^^^^^^^^^^^^^
  File "/home/airflow/.local/lib/python3.12/site-packages/airflow/operators/python.py", line 235, in execute
    return_value = self.execute_callable()
                   ^^^^^^^^^^^^^^^^^^^^^^^
  File "/home/airflow/.local/lib/python3.12/site-packages/airflow/operators/python.py", line 252, in execute_callable
    return self.python_callable(*self.op_args, **self.op_kwargs)
           ^^^^^^^^^^^^^^^^^^^^^^^^^^^^^^^^^^^^^^^^^^^^^^^^^^^^^
  File "/opt/airflow/dags/inflation_modules/model_steps.py", line 859, in train_stacked_model
    X_train = selected_data['X_train_selected']
              ~~~~~~~~~~~~~^^^^^^^^^^^^^^^^^^^^
KeyError: 'X_train_selected'
[2025-06-18T13:45:38.041+0000] {taskinstance.py:1206} INFO - Marking task as FAILED. dag_id=usdpkr_forecasting_modular, task_id=train_stacked, run_id=manual__2025-06-18T13:35:35.483358+00:00, execution_date=20250618T133535, start_date=20250618T134537, end_date=20250618T134538
[2025-06-18T13:45:38.050+0000] {standard_task_runner.py:110} ERROR - Failed to execute job 805 for task train_stacked ('X_train_selected'; 9089)
[2025-06-18T13:45:38.075+0000] {local_task_job_runner.py:240} INFO - Task exited with return code 1
[2025-06-18T13:45:38.088+0000] {taskinstance.py:3498} INFO - 0 downstream tasks scheduled from follow-on schedule check
[2025-06-18T13:45:38.091+0000] {local_task_job_runner.py:222} INFO - ::endgroup::
