[2025-06-18T15:25:11.249+0000] {local_task_job_runner.py:120} INFO - ::group::Pre task execution logs
[2025-06-18T15:25:11.299+0000] {taskinstance.py:2076} INFO - Dependencies all met for dep_context=non-requeueable deps ti=<TaskInstance: usdpkr_forecasting.fetch_oil manual__2025-06-18T15:24:59.707973+00:00 [queued]>
[2025-06-18T15:25:11.310+0000] {taskinstance.py:2076} INFO - Dependencies all met for dep_context=requeueable deps ti=<TaskInstance: usdpkr_forecasting.fetch_oil manual__2025-06-18T15:24:59.707973+00:00 [queued]>
[2025-06-18T15:25:11.317+0000] {taskinstance.py:2306} INFO - Starting attempt 1 of 6
[2025-06-18T15:25:11.347+0000] {taskinstance.py:2330} INFO - Executing <Task(PythonOperator): fetch_oil> on 2025-06-18 15:24:59.707973+00:00
[2025-06-18T15:25:11.362+0000] {standard_task_runner.py:63} INFO - Started process 1304 to run task
[2025-06-18T15:25:11.382+0000] {standard_task_runner.py:90} INFO - Running: ['***', 'tasks', 'run', 'usdpkr_forecasting', 'fetch_oil', 'manual__2025-06-18T15:24:59.707973+00:00', '--job-id', '930', '--raw', '--subdir', 'DAGS_FOLDER/usdpkr_forecasting_dag.py', '--cfg-path', '/tmp/tmpfz_8708b']
[2025-06-18T15:25:11.400+0000] {standard_task_runner.py:91} INFO - Job 930: Subtask fetch_oil
[2025-06-18T15:25:11.573+0000] {task_command.py:426} INFO - Running <TaskInstance: usdpkr_forecasting.fetch_oil manual__2025-06-18T15:24:59.707973+00:00 [running]> on host f55656462970
[2025-06-18T15:25:11.705+0000] {taskinstance.py:2648} INFO - Exporting env vars: AIRFLOW_CTX_DAG_OWNER='***' AIRFLOW_CTX_DAG_ID='usdpkr_forecasting' AIRFLOW_CTX_TASK_ID='fetch_oil' AIRFLOW_CTX_EXECUTION_DATE='2025-06-18T15:24:59.707973+00:00' AIRFLOW_CTX_TRY_NUMBER='1' AIRFLOW_CTX_DAG_RUN_ID='manual__2025-06-18T15:24:59.707973+00:00'
[2025-06-18T15:25:11.708+0000] {taskinstance.py:430} INFO - ::endgroup::
[2025-06-18T15:25:11.741+0000] {ingest.py:65} INFO - Fetching CL=F from Yahoo Finance...
[2025-06-18T15:25:14.755+0000] {ingest.py:106} INFO - Saved CL=F data to /opt/***/data/raw/OIL.csv
[2025-06-18T15:25:14.755+0000] {ingest.py:107} INFO - Date range: 2000-08-31 to 2025-06-30
[2025-06-18T15:25:14.756+0000] {python.py:237} INFO - Done. Returned value was: /opt/***/data/raw/OIL.csv
[2025-06-18T15:25:14.756+0000] {taskinstance.py:441} INFO - ::group::Post task execution logs
[2025-06-18T15:25:14.776+0000] {taskinstance.py:1206} INFO - Marking task as SUCCESS. dag_id=usdpkr_forecasting, task_id=fetch_oil, run_id=manual__2025-06-18T15:24:59.707973+00:00, execution_date=20250618T152459, start_date=20250618T152511, end_date=20250618T152514
[2025-06-18T15:25:14.814+0000] {local_task_job_runner.py:240} INFO - Task exited with return code 0
[2025-06-18T15:25:14.838+0000] {taskinstance.py:3498} INFO - 0 downstream tasks scheduled from follow-on schedule check
[2025-06-18T15:25:14.840+0000] {local_task_job_runner.py:222} INFO - ::endgroup::
