[2025-06-18T13:35:41.479+0000] {local_task_job_runner.py:120} INFO - ::group::Pre task execution logs
[2025-06-18T13:35:41.565+0000] {taskinstance.py:2076} INFO - Dependencies all met for dep_context=non-requeueable deps ti=<TaskInstance: usdpkr_forecasting_modular.fetch_inflation manual__2025-06-18T13:35:35.483358+00:00 [queued]>
[2025-06-18T13:35:41.586+0000] {taskinstance.py:2076} INFO - Dependencies all met for dep_context=requeueable deps ti=<TaskInstance: usdpkr_forecasting_modular.fetch_inflation manual__2025-06-18T13:35:35.483358+00:00 [queued]>
[2025-06-18T13:35:41.589+0000] {taskinstance.py:2306} INFO - Starting attempt 1 of 6
[2025-06-18T13:35:41.621+0000] {taskinstance.py:2330} INFO - Executing <Task(PythonOperator): fetch_inflation> on 2025-06-18 13:35:35.483358+00:00
[2025-06-18T13:35:41.637+0000] {standard_task_runner.py:63} INFO - Started process 8368 to run task
[2025-06-18T13:35:41.651+0000] {standard_task_runner.py:90} INFO - Running: ['***', 'tasks', 'run', 'usdpkr_forecasting_modular', 'fetch_inflation', 'manual__2025-06-18T13:35:35.483358+00:00', '--job-id', '760', '--raw', '--subdir', 'DAGS_FOLDER/usdpkr_forecasting_dag.py', '--cfg-path', '/tmp/tmppl4_0fv2']
[2025-06-18T13:35:41.660+0000] {standard_task_runner.py:91} INFO - Job 760: Subtask fetch_inflation
[2025-06-18T13:35:41.737+0000] {task_command.py:426} INFO - Running <TaskInstance: usdpkr_forecasting_modular.fetch_inflation manual__2025-06-18T13:35:35.483358+00:00 [running]> on host 9c4806d77c92
[2025-06-18T13:35:41.832+0000] {taskinstance.py:2648} INFO - Exporting env vars: AIRFLOW_CTX_DAG_OWNER='***' AIRFLOW_CTX_DAG_ID='usdpkr_forecasting_modular' AIRFLOW_CTX_TASK_ID='fetch_inflation' AIRFLOW_CTX_EXECUTION_DATE='2025-06-18T13:35:35.483358+00:00' AIRFLOW_CTX_TRY_NUMBER='1' AIRFLOW_CTX_DAG_RUN_ID='manual__2025-06-18T13:35:35.483358+00:00'
[2025-06-18T13:35:41.834+0000] {taskinstance.py:430} INFO - ::endgroup::
[2025-06-18T13:35:41.851+0000] {ingest.py:130} INFO - Fetching 'INFLATION_YOY' from IMF (ID: PCPI_IX)...
[2025-06-18T13:35:43.097+0000] {ingest.py:171} INFO - Saved INFLATION_YOY data to /opt/***/data/raw/INFLATION.csv
[2025-06-18T13:35:43.098+0000] {ingest.py:172} INFO - Date range: 1957-01-01 to 2025-05-01
[2025-06-18T13:35:43.101+0000] {python.py:237} INFO - Done. Returned value was: /opt/***/data/raw/INFLATION.csv
[2025-06-18T13:35:43.111+0000] {taskinstance.py:441} INFO - ::group::Post task execution logs
[2025-06-18T13:35:43.148+0000] {taskinstance.py:1206} INFO - Marking task as SUCCESS. dag_id=usdpkr_forecasting_modular, task_id=fetch_inflation, run_id=manual__2025-06-18T13:35:35.483358+00:00, execution_date=20250618T133535, start_date=20250618T133541, end_date=20250618T133543
[2025-06-18T13:35:43.217+0000] {local_task_job_runner.py:240} INFO - Task exited with return code 0
[2025-06-18T13:35:43.242+0000] {taskinstance.py:3498} INFO - 0 downstream tasks scheduled from follow-on schedule check
[2025-06-18T13:35:43.244+0000] {local_task_job_runner.py:222} INFO - ::endgroup::
