[2025-06-14T15:54:32.122+0000] {local_task_job_runner.py:120} INFO - ::group::Pre task execution logs
[2025-06-14T15:54:32.150+0000] {taskinstance.py:2076} INFO - Dependencies all met for dep_context=non-requeueable deps ti=<TaskInstance: usdpkr_forecasting_modular.merge_data manual__2025-06-14T15:42:49.083514+00:00 [queued]>
[2025-06-14T15:54:32.159+0000] {taskinstance.py:2076} INFO - Dependencies all met for dep_context=requeueable deps ti=<TaskInstance: usdpkr_forecasting_modular.merge_data manual__2025-06-14T15:42:49.083514+00:00 [queued]>
[2025-06-14T15:54:32.159+0000] {taskinstance.py:2306} INFO - Starting attempt 1 of 3
[2025-06-14T15:54:32.172+0000] {taskinstance.py:2330} INFO - Executing <Task(PythonOperator): merge_data> on 2025-06-14 15:42:49.083514+00:00
[2025-06-14T15:54:32.178+0000] {standard_task_runner.py:63} INFO - Started process 280 to run task
[2025-06-14T15:54:32.180+0000] {standard_task_runner.py:90} INFO - Running: ['***', 'tasks', 'run', 'usdpkr_forecasting_modular', 'merge_data', 'manual__2025-06-14T15:42:49.083514+00:00', '--job-id', '256', '--raw', '--subdir', 'DAGS_FOLDER/usdpkr_forecasting_dag.py', '--cfg-path', '/tmp/tmp2cclmrkt']
[2025-06-14T15:54:32.183+0000] {standard_task_runner.py:91} INFO - Job 256: Subtask merge_data
[2025-06-14T15:54:32.227+0000] {task_command.py:426} INFO - Running <TaskInstance: usdpkr_forecasting_modular.merge_data manual__2025-06-14T15:42:49.083514+00:00 [running]> on host 1ada37a5d2dc
[2025-06-14T15:54:32.309+0000] {taskinstance.py:2648} INFO - Exporting env vars: AIRFLOW_CTX_DAG_OWNER='***' AIRFLOW_CTX_DAG_ID='usdpkr_forecasting_modular' AIRFLOW_CTX_TASK_ID='merge_data' AIRFLOW_CTX_EXECUTION_DATE='2025-06-14T15:42:49.083514+00:00' AIRFLOW_CTX_TRY_NUMBER='1' AIRFLOW_CTX_DAG_RUN_ID='manual__2025-06-14T15:42:49.083514+00:00'
[2025-06-14T15:54:32.310+0000] {taskinstance.py:430} INFO - ::endgroup::
[2025-06-14T15:54:32.403+0000] {python.py:237} INFO - Done. Returned value was:         DATE        OIL  FOREX_RESERVES  ...        KSE100      USDPKR        M2
0    2005-06  56.500000           16.65  ...   7450.120117   59.700001  15476.71
1    2005-07  60.570000           12.58  ...   7178.930176   59.660000  15226.90
2    2005-08  68.940002            8.77  ...   7796.859863   59.639999  15384.66
3    2005-09  66.239998           15.51  ...   8225.660156   59.700001  15728.20
4    2005-10  59.759998           24.66  ...   8247.370117   59.715000  15535.15
..       ...        ...             ...  ...           ...         ...       ...
191  2021-05  66.320000           19.18  ...  47126.289062  154.330002  73063.77
192  2021-06  73.470001           11.58  ...  47356.019531  158.100006  75970.61
193  2021-07  73.949997           20.65  ...  47055.289062  160.928391  73777.33
194  2021-08  68.500000           14.44  ...  47419.738281  165.310272  77102.81
195  2021-09  75.029999           13.11  ...  44899.601562  169.500000  78994.75

[196 rows x 9 columns]
[2025-06-14T15:54:32.420+0000] {taskinstance.py:441} INFO - ::group::Post task execution logs
[2025-06-14T15:54:32.547+0000] {taskinstance.py:1206} INFO - Marking task as SUCCESS. dag_id=usdpkr_forecasting_modular, task_id=merge_data, run_id=manual__2025-06-14T15:42:49.083514+00:00, execution_date=20250614T154249, start_date=20250614T155432, end_date=20250614T155432
[2025-06-14T15:54:32.595+0000] {local_task_job_runner.py:240} INFO - Task exited with return code 0
[2025-06-14T15:54:32.632+0000] {taskinstance.py:3498} INFO - 1 downstream tasks scheduled from follow-on schedule check
[2025-06-14T15:54:32.633+0000] {local_task_job_runner.py:222} INFO - ::endgroup::
