[2025-06-19T08:45:24.120+0000] {local_task_job_runner.py:120} INFO - ::group::Pre task execution logs
[2025-06-19T08:45:24.157+0000] {taskinstance.py:2076} INFO - Dependencies all met for dep_context=non-requeueable deps ti=<TaskInstance: usdpkr_forecasting.fetch_inflation manual__2025-06-19T08:45:16.886897+00:00 [queued]>
[2025-06-19T08:45:24.174+0000] {taskinstance.py:2076} INFO - Dependencies all met for dep_context=requeueable deps ti=<TaskInstance: usdpkr_forecasting.fetch_inflation manual__2025-06-19T08:45:16.886897+00:00 [queued]>
[2025-06-19T08:45:24.175+0000] {taskinstance.py:2306} INFO - Starting attempt 1 of 6
[2025-06-19T08:45:24.190+0000] {taskinstance.py:2330} INFO - Executing <Task(PythonOperator): fetch_inflation> on 2025-06-19 08:45:16.886897+00:00
[2025-06-19T08:45:24.197+0000] {standard_task_runner.py:63} INFO - Started process 703 to run task
[2025-06-19T08:45:24.202+0000] {standard_task_runner.py:90} INFO - Running: ['***', 'tasks', 'run', 'usdpkr_forecasting', 'fetch_inflation', 'manual__2025-06-19T08:45:16.886897+00:00', '--job-id', '1068', '--raw', '--subdir', 'DAGS_FOLDER/usdpkr_forecasting_dag.py', '--cfg-path', '/tmp/tmpastfdxe8']
[2025-06-19T08:45:24.207+0000] {standard_task_runner.py:91} INFO - Job 1068: Subtask fetch_inflation
[2025-06-19T08:45:24.257+0000] {task_command.py:426} INFO - Running <TaskInstance: usdpkr_forecasting.fetch_inflation manual__2025-06-19T08:45:16.886897+00:00 [running]> on host 57c57e92cb28
[2025-06-19T08:45:24.351+0000] {taskinstance.py:2648} INFO - Exporting env vars: AIRFLOW_CTX_DAG_OWNER='***' AIRFLOW_CTX_DAG_ID='usdpkr_forecasting' AIRFLOW_CTX_TASK_ID='fetch_inflation' AIRFLOW_CTX_EXECUTION_DATE='2025-06-19T08:45:16.886897+00:00' AIRFLOW_CTX_TRY_NUMBER='1' AIRFLOW_CTX_DAG_RUN_ID='manual__2025-06-19T08:45:16.886897+00:00'
[2025-06-19T08:45:24.352+0000] {taskinstance.py:430} INFO - ::endgroup::
[2025-06-19T08:45:24.369+0000] {ingest.py:130} INFO - Fetching 'INFLATION_YOY' from IMF (ID: PCPI_IX)...
[2025-06-19T08:45:25.288+0000] {ingest.py:171} INFO - Saved INFLATION_YOY data to /opt/***/data/raw/INFLATION.csv
[2025-06-19T08:45:25.289+0000] {ingest.py:172} INFO - Date range: 1957-01-01 to 2025-05-01
[2025-06-19T08:45:25.290+0000] {python.py:237} INFO - Done. Returned value was: /opt/***/data/raw/INFLATION.csv
[2025-06-19T08:45:25.291+0000] {taskinstance.py:441} INFO - ::group::Post task execution logs
[2025-06-19T08:45:25.312+0000] {taskinstance.py:1206} INFO - Marking task as SUCCESS. dag_id=usdpkr_forecasting, task_id=fetch_inflation, run_id=manual__2025-06-19T08:45:16.886897+00:00, execution_date=20250619T084516, start_date=20250619T084524, end_date=20250619T084525
[2025-06-19T08:45:25.337+0000] {local_task_job_runner.py:240} INFO - Task exited with return code 0
[2025-06-19T08:45:25.359+0000] {taskinstance.py:3498} INFO - 0 downstream tasks scheduled from follow-on schedule check
[2025-06-19T08:45:25.362+0000] {local_task_job_runner.py:222} INFO - ::endgroup::
