[2025-06-19T09:08:30.252+0000] {local_task_job_runner.py:120} INFO - ::group::Pre task execution logs
[2025-06-19T09:08:30.342+0000] {taskinstance.py:2076} INFO - Dependencies all met for dep_context=non-requeueable deps ti=<TaskInstance: kse100_forecasting.fetch_oil manual__2025-06-19T09:08:22.823079+00:00 [queued]>
[2025-06-19T09:08:30.377+0000] {taskinstance.py:2076} INFO - Dependencies all met for dep_context=requeueable deps ti=<TaskInstance: kse100_forecasting.fetch_oil manual__2025-06-19T09:08:22.823079+00:00 [queued]>
[2025-06-19T09:08:30.382+0000] {taskinstance.py:2306} INFO - Starting attempt 1 of 6
[2025-06-19T09:08:30.445+0000] {taskinstance.py:2330} INFO - Executing <Task(PythonOperator): fetch_oil> on 2025-06-19 09:08:22.823079+00:00
[2025-06-19T09:08:30.456+0000] {standard_task_runner.py:63} INFO - Started process 621 to run task
[2025-06-19T09:08:30.480+0000] {standard_task_runner.py:90} INFO - Running: ['***', 'tasks', 'run', 'kse100_forecasting', 'fetch_oil', 'manual__2025-06-19T09:08:22.823079+00:00', '--job-id', '1095', '--raw', '--subdir', 'DAGS_FOLDER/kse100_forecasting_dag.py', '--cfg-path', '/tmp/tmpgbe3lg8s']
[2025-06-19T09:08:30.493+0000] {standard_task_runner.py:91} INFO - Job 1095: Subtask fetch_oil
[2025-06-19T09:08:30.696+0000] {task_command.py:426} INFO - Running <TaskInstance: kse100_forecasting.fetch_oil manual__2025-06-19T09:08:22.823079+00:00 [running]> on host fb048d2dbcb2
[2025-06-19T09:08:30.942+0000] {taskinstance.py:2648} INFO - Exporting env vars: AIRFLOW_CTX_DAG_OWNER='***' AIRFLOW_CTX_DAG_ID='kse100_forecasting' AIRFLOW_CTX_TASK_ID='fetch_oil' AIRFLOW_CTX_EXECUTION_DATE='2025-06-19T09:08:22.823079+00:00' AIRFLOW_CTX_TRY_NUMBER='1' AIRFLOW_CTX_DAG_RUN_ID='manual__2025-06-19T09:08:22.823079+00:00'
[2025-06-19T09:08:30.950+0000] {taskinstance.py:430} INFO - ::endgroup::
[2025-06-19T09:08:30.968+0000] {ingest.py:65} INFO - Fetching CL=F from Yahoo Finance...
[2025-06-19T09:08:35.168+0000] {ingest.py:106} INFO - Saved CL=F data to /opt/***/dataKse/raw/OIL.csv
[2025-06-19T09:08:35.168+0000] {ingest.py:107} INFO - Date range: 2000-08-31 to 2025-06-30
[2025-06-19T09:08:35.169+0000] {python.py:237} INFO - Done. Returned value was: /opt/***/dataKse/raw/OIL.csv
[2025-06-19T09:08:35.170+0000] {taskinstance.py:441} INFO - ::group::Post task execution logs
[2025-06-19T09:08:35.189+0000] {taskinstance.py:1206} INFO - Marking task as SUCCESS. dag_id=kse100_forecasting, task_id=fetch_oil, run_id=manual__2025-06-19T09:08:22.823079+00:00, execution_date=20250619T090822, start_date=20250619T090830, end_date=20250619T090835
[2025-06-19T09:08:35.232+0000] {local_task_job_runner.py:240} INFO - Task exited with return code 0
[2025-06-19T09:08:35.260+0000] {taskinstance.py:3498} INFO - 0 downstream tasks scheduled from follow-on schedule check
[2025-06-19T09:08:35.262+0000] {local_task_job_runner.py:222} INFO - ::endgroup::
