[2025-06-18T17:16:41.376+0000] {local_task_job_runner.py:120} INFO - ::group::Pre task execution logs
[2025-06-18T17:16:41.405+0000] {taskinstance.py:2076} INFO - Dependencies all met for dep_context=non-requeueable deps ti=<TaskInstance: usdpkr_forecasting.fetch_usdpkr manual__2025-06-18T17:15:18.237055+00:00 [queued]>
[2025-06-18T17:16:41.413+0000] {taskinstance.py:2076} INFO - Dependencies all met for dep_context=requeueable deps ti=<TaskInstance: usdpkr_forecasting.fetch_usdpkr manual__2025-06-18T17:15:18.237055+00:00 [queued]>
[2025-06-18T17:16:41.413+0000] {taskinstance.py:2306} INFO - Starting attempt 2 of 6
[2025-06-18T17:16:41.427+0000] {taskinstance.py:2330} INFO - Executing <Task(PythonOperator): fetch_usdpkr> on 2025-06-18 17:15:18.237055+00:00
[2025-06-18T17:16:41.433+0000] {standard_task_runner.py:63} INFO - Started process 4419 to run task
[2025-06-18T17:16:41.435+0000] {standard_task_runner.py:90} INFO - Running: ['***', 'tasks', 'run', 'usdpkr_forecasting', 'fetch_usdpkr', 'manual__2025-06-18T17:15:18.237055+00:00', '--job-id', '1017', '--raw', '--subdir', 'DAGS_FOLDER/usdpkr_forecasting_dag.py', '--cfg-path', '/tmp/tmpytht2zfr']
[2025-06-18T17:16:41.437+0000] {standard_task_runner.py:91} INFO - Job 1017: Subtask fetch_usdpkr
[2025-06-18T17:16:41.477+0000] {task_command.py:426} INFO - Running <TaskInstance: usdpkr_forecasting.fetch_usdpkr manual__2025-06-18T17:15:18.237055+00:00 [running]> on host 57c57e92cb28
[2025-06-18T17:16:41.584+0000] {taskinstance.py:2648} INFO - Exporting env vars: AIRFLOW_CTX_DAG_OWNER='***' AIRFLOW_CTX_DAG_ID='usdpkr_forecasting' AIRFLOW_CTX_TASK_ID='fetch_usdpkr' AIRFLOW_CTX_EXECUTION_DATE='2025-06-18T17:15:18.237055+00:00' AIRFLOW_CTX_TRY_NUMBER='2' AIRFLOW_CTX_DAG_RUN_ID='manual__2025-06-18T17:15:18.237055+00:00'
[2025-06-18T17:16:41.585+0000] {taskinstance.py:430} INFO - ::endgroup::
[2025-06-18T17:16:41.606+0000] {ingest.py:65} INFO - Fetching PKR=X from Yahoo Finance...
[2025-06-18T17:16:46.192+0000] {ingest.py:106} INFO - Saved PKR=X data to /opt/***/data/raw/USDPKR.csv
[2025-06-18T17:16:46.193+0000] {ingest.py:107} INFO - Date range: 2002-04-30 to 2025-06-30
[2025-06-18T17:16:46.195+0000] {python.py:237} INFO - Done. Returned value was: /opt/***/data/raw/USDPKR.csv
[2025-06-18T17:16:46.196+0000] {taskinstance.py:441} INFO - ::group::Post task execution logs
[2025-06-18T17:16:46.234+0000] {taskinstance.py:1206} INFO - Marking task as SUCCESS. dag_id=usdpkr_forecasting, task_id=fetch_usdpkr, run_id=manual__2025-06-18T17:15:18.237055+00:00, execution_date=20250618T171518, start_date=20250618T171641, end_date=20250618T171646
[2025-06-18T17:16:46.270+0000] {local_task_job_runner.py:240} INFO - Task exited with return code 0
[2025-06-18T17:16:46.299+0000] {taskinstance.py:3498} INFO - 0 downstream tasks scheduled from follow-on schedule check
[2025-06-18T17:16:46.304+0000] {local_task_job_runner.py:222} INFO - ::endgroup::
