[2025-06-18T17:15:26.313+0000] {local_task_job_runner.py:120} INFO - ::group::Pre task execution logs
[2025-06-18T17:15:26.390+0000] {taskinstance.py:2076} INFO - Dependencies all met for dep_context=non-requeueable deps ti=<TaskInstance: usdpkr_forecasting.fetch_usdpkr manual__2025-06-18T17:15:18.237055+00:00 [queued]>
[2025-06-18T17:15:26.429+0000] {taskinstance.py:2076} INFO - Dependencies all met for dep_context=requeueable deps ti=<TaskInstance: usdpkr_forecasting.fetch_usdpkr manual__2025-06-18T17:15:18.237055+00:00 [queued]>
[2025-06-18T17:15:26.457+0000] {taskinstance.py:2306} INFO - Starting attempt 1 of 6
[2025-06-18T17:15:26.648+0000] {taskinstance.py:2330} INFO - Executing <Task(PythonOperator): fetch_usdpkr> on 2025-06-18 17:15:18.237055+00:00
[2025-06-18T17:15:26.735+0000] {standard_task_runner.py:63} INFO - Started process 4339 to run task
[2025-06-18T17:15:26.744+0000] {standard_task_runner.py:90} INFO - Running: ['***', 'tasks', 'run', 'usdpkr_forecasting', 'fetch_usdpkr', 'manual__2025-06-18T17:15:18.237055+00:00', '--job-id', '1009', '--raw', '--subdir', 'DAGS_FOLDER/usdpkr_forecasting_dag.py', '--cfg-path', '/tmp/tmpbqimoide']
[2025-06-18T17:15:26.752+0000] {standard_task_runner.py:91} INFO - Job 1009: Subtask fetch_usdpkr
[2025-06-18T17:15:26.893+0000] {task_command.py:426} INFO - Running <TaskInstance: usdpkr_forecasting.fetch_usdpkr manual__2025-06-18T17:15:18.237055+00:00 [running]> on host 57c57e92cb28
[2025-06-18T17:15:27.189+0000] {taskinstance.py:2648} INFO - Exporting env vars: AIRFLOW_CTX_DAG_OWNER='***' AIRFLOW_CTX_DAG_ID='usdpkr_forecasting' AIRFLOW_CTX_TASK_ID='fetch_usdpkr' AIRFLOW_CTX_EXECUTION_DATE='2025-06-18T17:15:18.237055+00:00' AIRFLOW_CTX_TRY_NUMBER='1' AIRFLOW_CTX_DAG_RUN_ID='manual__2025-06-18T17:15:18.237055+00:00'
[2025-06-18T17:15:27.201+0000] {taskinstance.py:430} INFO - ::endgroup::
[2025-06-18T17:15:27.242+0000] {ingest.py:65} INFO - Fetching PKR=X from Yahoo Finance...
[2025-06-18T17:15:38.290+0000] {multi.py:184} ERROR - 
1 Failed download:
[2025-06-18T17:15:38.291+0000] {multi.py:197} ERROR - ['PKR=X']: Timeout('Failed to perform, curl: (28) Operation timed out after 10002 milliseconds with 72015 bytes received. See https://curl.se/libcurl/c/libcurl-errors.html first for more details.')
[2025-06-18T17:15:38.297+0000] {ingest.py:112} ERROR - Error fetching PKR=X: No data downloaded for ticker 'PKR=X'
[2025-06-18T17:15:38.298+0000] {taskinstance.py:441} INFO - ::group::Post task execution logs
[2025-06-18T17:15:38.299+0000] {taskinstance.py:2905} ERROR - Task failed with exception
Traceback (most recent call last):
  File "/home/airflow/.local/lib/python3.12/site-packages/airflow/models/taskinstance.py", line 465, in _execute_task
    result = _execute_callable(context=context, **execute_callable_kwargs)
             ^^^^^^^^^^^^^^^^^^^^^^^^^^^^^^^^^^^^^^^^^^^^^^^^^^^^^^^^^^^^^
  File "/home/airflow/.local/lib/python3.12/site-packages/airflow/models/taskinstance.py", line 432, in _execute_callable
    return execute_callable(context=context, **execute_callable_kwargs)
           ^^^^^^^^^^^^^^^^^^^^^^^^^^^^^^^^^^^^^^^^^^^^^^^^^^^^^^^^^^^^
  File "/home/airflow/.local/lib/python3.12/site-packages/airflow/models/baseoperator.py", line 400, in wrapper
    return func(self, *args, **kwargs)
           ^^^^^^^^^^^^^^^^^^^^^^^^^^^
  File "/home/airflow/.local/lib/python3.12/site-packages/airflow/operators/python.py", line 235, in execute
    return_value = self.execute_callable()
                   ^^^^^^^^^^^^^^^^^^^^^^^
  File "/home/airflow/.local/lib/python3.12/site-packages/airflow/operators/python.py", line 252, in execute_callable
    return self.python_callable(*self.op_args, **self.op_kwargs)
           ^^^^^^^^^^^^^^^^^^^^^^^^^^^^^^^^^^^^^^^^^^^^^^^^^^^^^
  File "/opt/airflow/dags/inflation_modules/ingest.py", line 83, in fetch_yahoo_finance
    raise ValueError(f"No data downloaded for ticker '{ticker}'")
ValueError: No data downloaded for ticker 'PKR=X'
[2025-06-18T17:15:38.312+0000] {taskinstance.py:1206} INFO - Marking task as UP_FOR_RETRY. dag_id=usdpkr_forecasting, task_id=fetch_usdpkr, run_id=manual__2025-06-18T17:15:18.237055+00:00, execution_date=20250618T171518, start_date=20250618T171526, end_date=20250618T171538
[2025-06-18T17:15:38.322+0000] {standard_task_runner.py:110} ERROR - Failed to execute job 1009 for task fetch_usdpkr (No data downloaded for ticker 'PKR=X'; 4339)
[2025-06-18T17:15:38.371+0000] {local_task_job_runner.py:240} INFO - Task exited with return code 1
[2025-06-18T17:15:38.393+0000] {taskinstance.py:3498} INFO - 0 downstream tasks scheduled from follow-on schedule check
[2025-06-18T17:15:38.396+0000] {local_task_job_runner.py:222} INFO - ::endgroup::
