[2025-05-13T19:32:01.052+0000] {local_task_job_runner.py:120} INFO - ::group::Pre task execution logs
[2025-05-13T19:32:01.117+0000] {taskinstance.py:2076} INFO - Dependencies all met for dep_context=non-requeueable deps ti=<TaskInstance: inflation_forecasting.fetch_crude_oil manual__2025-05-13T19:31:54.364912+00:00 [queued]>
[2025-05-13T19:32:01.127+0000] {taskinstance.py:2076} INFO - Dependencies all met for dep_context=requeueable deps ti=<TaskInstance: inflation_forecasting.fetch_crude_oil manual__2025-05-13T19:31:54.364912+00:00 [queued]>
[2025-05-13T19:32:01.128+0000] {taskinstance.py:2306} INFO - Starting attempt 1 of 1
[2025-05-13T19:32:01.147+0000] {taskinstance.py:2330} INFO - Executing <Task(PythonOperator): fetch_crude_oil> on 2025-05-13 19:31:54.364912+00:00
[2025-05-13T19:32:01.160+0000] {logging_mixin.py:188} WARNING - /home/***/.local/lib/python3.12/site-packages/***/task/task_runner/standard_task_runner.py:61 DeprecationWarning: This process (pid=459) is multi-threaded, use of fork() may lead to deadlocks in the child.
[2025-05-13T19:32:01.162+0000] {standard_task_runner.py:63} INFO - Started process 503 to run task
[2025-05-13T19:32:01.156+0000] {standard_task_runner.py:90} INFO - Running: ['***', 'tasks', 'run', 'inflation_forecasting', 'fetch_crude_oil', 'manual__2025-05-13T19:31:54.364912+00:00', '--job-id', '113', '--raw', '--subdir', 'DAGS_FOLDER/inflation_forecasting_dag.py', '--cfg-path', '/tmp/tmp1yn040s2']
[2025-05-13T19:32:01.168+0000] {standard_task_runner.py:91} INFO - Job 113: Subtask fetch_crude_oil
[2025-05-13T19:32:01.204+0000] {logging_mixin.py:188} WARNING - /home/***/.local/lib/python3.12/site-packages/***/settings.py:195 DeprecationWarning: The sql_alchemy_conn option in [core] has been moved to the sql_alchemy_conn option in [database] - the old setting has been used, but please update your config.
[2025-05-13T19:32:01.293+0000] {task_command.py:426} INFO - Running <TaskInstance: inflation_forecasting.fetch_crude_oil manual__2025-05-13T19:31:54.364912+00:00 [running]> on host bab02daaed98
[2025-05-13T19:32:01.838+0000] {taskinstance.py:2648} INFO - Exporting env vars: AIRFLOW_CTX_DAG_OWNER='***' AIRFLOW_CTX_DAG_ID='inflation_forecasting' AIRFLOW_CTX_TASK_ID='fetch_crude_oil' AIRFLOW_CTX_EXECUTION_DATE='2025-05-13T19:31:54.364912+00:00' AIRFLOW_CTX_TRY_NUMBER='1' AIRFLOW_CTX_DAG_RUN_ID='manual__2025-05-13T19:31:54.364912+00:00'
[2025-05-13T19:32:01.838+0000] {taskinstance.py:430} INFO - ::endgroup::
[2025-05-13T19:32:04.116+0000] {logging_mixin.py:188} INFO - Resampled DCOILWTICO from 10263 rows to 473 monthly rows
[2025-05-13T19:32:04.117+0000] {logging_mixin.py:188} INFO - Ensuring oil data (DCOILWTICO) is in monthly format
[2025-05-13T19:32:04.127+0000] {logging_mixin.py:188} INFO - Forced monthly resampling for oil data: 473 rows
[2025-05-13T19:32:04.127+0000] {logging_mixin.py:188} INFO - Date range for DCOILWTICO: 1986-01-31 00:00:00 to 2025-05-31 00:00:00
[2025-05-13T19:32:04.133+0000] {python.py:237} INFO - Done. Returned value was: None
[2025-05-13T19:32:04.133+0000] {taskinstance.py:441} INFO - ::group::Post task execution logs
[2025-05-13T19:32:04.143+0000] {taskinstance.py:1206} INFO - Marking task as SUCCESS. dag_id=inflation_forecasting, task_id=fetch_crude_oil, run_id=manual__2025-05-13T19:31:54.364912+00:00, execution_date=20250513T193154, start_date=20250513T193201, end_date=20250513T193204
[2025-05-13T19:32:04.175+0000] {local_task_job_runner.py:240} INFO - Task exited with return code 0
[2025-05-13T19:32:04.328+0000] {taskinstance.py:3498} INFO - 1 downstream tasks scheduled from follow-on schedule check
[2025-05-13T19:32:04.331+0000] {local_task_job_runner.py:222} INFO - ::endgroup::
