[2025-06-18T17:15:27.181+0000] {local_task_job_runner.py:120} INFO - ::group::Pre task execution logs
[2025-06-18T17:15:27.289+0000] {taskinstance.py:2076} INFO - Dependencies all met for dep_context=non-requeueable deps ti=<TaskInstance: usdpkr_forecasting.fetch_gold manual__2025-06-18T17:15:18.237055+00:00 [queued]>
[2025-06-18T17:15:27.324+0000] {taskinstance.py:2076} INFO - Dependencies all met for dep_context=requeueable deps ti=<TaskInstance: usdpkr_forecasting.fetch_gold manual__2025-06-18T17:15:18.237055+00:00 [queued]>
[2025-06-18T17:15:27.328+0000] {taskinstance.py:2306} INFO - Starting attempt 1 of 6
[2025-06-18T17:15:27.369+0000] {taskinstance.py:2330} INFO - Executing <Task(PythonOperator): fetch_gold> on 2025-06-18 17:15:18.237055+00:00
[2025-06-18T17:15:27.388+0000] {standard_task_runner.py:90} INFO - Running: ['***', 'tasks', 'run', 'usdpkr_forecasting', 'fetch_gold', 'manual__2025-06-18T17:15:18.237055+00:00', '--job-id', '1013', '--raw', '--subdir', 'DAGS_FOLDER/usdpkr_forecasting_dag.py', '--cfg-path', '/tmp/tmpjkh6c619']
[2025-06-18T17:15:27.422+0000] {standard_task_runner.py:91} INFO - Job 1013: Subtask fetch_gold
[2025-06-18T17:15:27.392+0000] {standard_task_runner.py:63} INFO - Started process 4350 to run task
[2025-06-18T17:15:27.649+0000] {task_command.py:426} INFO - Running <TaskInstance: usdpkr_forecasting.fetch_gold manual__2025-06-18T17:15:18.237055+00:00 [running]> on host 57c57e92cb28
[2025-06-18T17:15:27.871+0000] {taskinstance.py:2648} INFO - Exporting env vars: AIRFLOW_CTX_DAG_OWNER='***' AIRFLOW_CTX_DAG_ID='usdpkr_forecasting' AIRFLOW_CTX_TASK_ID='fetch_gold' AIRFLOW_CTX_EXECUTION_DATE='2025-06-18T17:15:18.237055+00:00' AIRFLOW_CTX_TRY_NUMBER='1' AIRFLOW_CTX_DAG_RUN_ID='manual__2025-06-18T17:15:18.237055+00:00'
[2025-06-18T17:15:27.885+0000] {taskinstance.py:430} INFO - ::endgroup::
[2025-06-18T17:15:27.933+0000] {ingest.py:65} INFO - Fetching GC=F from Yahoo Finance...
[2025-06-18T17:15:33.750+0000] {ingest.py:106} INFO - Saved GC=F data to /opt/***/data/raw/GOLD.csv
[2025-06-18T17:15:33.751+0000] {ingest.py:107} INFO - Date range: 2000-08-31 to 2025-06-30
[2025-06-18T17:15:33.752+0000] {python.py:237} INFO - Done. Returned value was: /opt/***/data/raw/GOLD.csv
[2025-06-18T17:15:33.752+0000] {taskinstance.py:441} INFO - ::group::Post task execution logs
[2025-06-18T17:15:33.771+0000] {taskinstance.py:1206} INFO - Marking task as SUCCESS. dag_id=usdpkr_forecasting, task_id=fetch_gold, run_id=manual__2025-06-18T17:15:18.237055+00:00, execution_date=20250618T171518, start_date=20250618T171527, end_date=20250618T171533
[2025-06-18T17:15:33.802+0000] {local_task_job_runner.py:240} INFO - Task exited with return code 0
[2025-06-18T17:15:33.834+0000] {taskinstance.py:3498} INFO - 0 downstream tasks scheduled from follow-on schedule check
[2025-06-18T17:15:33.836+0000] {local_task_job_runner.py:222} INFO - ::endgroup::
