[2025-06-18T15:16:56.625+0000] {local_task_job_runner.py:120} INFO - ::group::Pre task execution logs
[2025-06-18T15:16:56.827+0000] {taskinstance.py:2076} INFO - Dependencies all met for dep_context=non-requeueable deps ti=<TaskInstance: kse100_forecasting.fetch_inflation scheduled__2025-05-01T00:00:00+00:00 [queued]>
[2025-06-18T15:16:56.908+0000] {taskinstance.py:2076} INFO - Dependencies all met for dep_context=requeueable deps ti=<TaskInstance: kse100_forecasting.fetch_inflation scheduled__2025-05-01T00:00:00+00:00 [queued]>
[2025-06-18T15:16:56.917+0000] {taskinstance.py:2306} INFO - Starting attempt 1 of 6
[2025-06-18T15:16:56.958+0000] {taskinstance.py:2330} INFO - Executing <Task(PythonOperator): fetch_inflation> on 2025-05-01 00:00:00+00:00
[2025-06-18T15:16:56.976+0000] {standard_task_runner.py:63} INFO - Started process 553 to run task
[2025-06-18T15:16:56.996+0000] {standard_task_runner.py:90} INFO - Running: ['***', 'tasks', 'run', 'kse100_forecasting', 'fetch_inflation', 'scheduled__2025-05-01T00:00:00+00:00', '--job-id', '876', '--raw', '--subdir', 'DAGS_FOLDER/inflation_forecasting_dag.py', '--cfg-path', '/tmp/tmploodq1t2']
[2025-06-18T15:16:57.026+0000] {standard_task_runner.py:91} INFO - Job 876: Subtask fetch_inflation
[2025-06-18T15:16:57.233+0000] {task_command.py:426} INFO - Running <TaskInstance: kse100_forecasting.fetch_inflation scheduled__2025-05-01T00:00:00+00:00 [running]> on host f55656462970
[2025-06-18T15:16:57.764+0000] {taskinstance.py:2648} INFO - Exporting env vars: AIRFLOW_CTX_DAG_OWNER='***' AIRFLOW_CTX_DAG_ID='kse100_forecasting' AIRFLOW_CTX_TASK_ID='fetch_inflation' AIRFLOW_CTX_EXECUTION_DATE='2025-05-01T00:00:00+00:00' AIRFLOW_CTX_TRY_NUMBER='1' AIRFLOW_CTX_DAG_RUN_ID='scheduled__2025-05-01T00:00:00+00:00'
[2025-06-18T15:16:57.778+0000] {taskinstance.py:430} INFO - ::endgroup::
[2025-06-18T15:16:57.886+0000] {ingest.py:130} INFO - Fetching 'INFLATION_YOY' from IMF (ID: PCPI_IX)...
[2025-06-18T15:16:58.996+0000] {ingest.py:171} INFO - Saved INFLATION_YOY data to /opt/***/data/raw/INFLATION.csv
[2025-06-18T15:16:58.998+0000] {ingest.py:172} INFO - Date range: 1957-01-01 to 2025-05-01
[2025-06-18T15:16:58.999+0000] {python.py:237} INFO - Done. Returned value was: /opt/***/data/raw/INFLATION.csv
[2025-06-18T15:16:59.000+0000] {taskinstance.py:441} INFO - ::group::Post task execution logs
[2025-06-18T15:16:59.020+0000] {taskinstance.py:1206} INFO - Marking task as SUCCESS. dag_id=kse100_forecasting, task_id=fetch_inflation, run_id=scheduled__2025-05-01T00:00:00+00:00, execution_date=20250501T000000, start_date=20250618T151656, end_date=20250618T151659
[2025-06-18T15:16:59.072+0000] {local_task_job_runner.py:240} INFO - Task exited with return code 0
[2025-06-18T15:16:59.096+0000] {taskinstance.py:3498} INFO - 0 downstream tasks scheduled from follow-on schedule check
[2025-06-18T15:16:59.098+0000] {local_task_job_runner.py:222} INFO - ::endgroup::
