[2025-05-10T12:46:00.265+0000] {local_task_job_runner.py:120} INFO - ::group::Pre task execution logs
[2025-05-10T12:46:00.294+0000] {taskinstance.py:2076} INFO - Dependencies all met for dep_context=non-requeueable deps ti=<TaskInstance: example_dag.print_hello scheduled__2025-05-10T12:45:00+00:00 [queued]>
[2025-05-10T12:46:00.302+0000] {taskinstance.py:2076} INFO - Dependencies all met for dep_context=requeueable deps ti=<TaskInstance: example_dag.print_hello scheduled__2025-05-10T12:45:00+00:00 [queued]>
[2025-05-10T12:46:00.303+0000] {taskinstance.py:2306} INFO - Starting attempt 1 of 1
[2025-05-10T12:46:00.315+0000] {taskinstance.py:2330} INFO - Executing <Task(BashOperator): print_hello> on 2025-05-10 12:45:00+00:00
[2025-05-10T12:46:00.325+0000] {logging_mixin.py:188} WARNING - /home/***/.local/lib/python3.12/site-packages/***/task/task_runner/standard_task_runner.py:61 DeprecationWarning: This process (pid=376) is multi-threaded, use of fork() may lead to deadlocks in the child.
[2025-05-10T12:46:00.326+0000] {standard_task_runner.py:63} INFO - Started process 377 to run task
[2025-05-10T12:46:00.324+0000] {standard_task_runner.py:90} INFO - Running: ['***', 'tasks', 'run', 'example_dag', 'print_hello', 'scheduled__2025-05-10T12:45:00+00:00', '--job-id', '5', '--raw', '--subdir', 'DAGS_FOLDER/example_dag.py', '--cfg-path', '/tmp/tmptbwbx4fy']
[2025-05-10T12:46:00.327+0000] {standard_task_runner.py:91} INFO - Job 5: Subtask print_hello
[2025-05-10T12:46:00.341+0000] {logging_mixin.py:188} WARNING - /home/***/.local/lib/python3.12/site-packages/***/settings.py:195 DeprecationWarning: The sql_alchemy_conn option in [core] has been moved to the sql_alchemy_conn option in [database] - the old setting has been used, but please update your config.
[2025-05-10T12:46:00.377+0000] {task_command.py:426} INFO - Running <TaskInstance: example_dag.print_hello scheduled__2025-05-10T12:45:00+00:00 [running]> on host a7ce346665d8
[2025-05-10T12:46:00.458+0000] {taskinstance.py:2648} INFO - Exporting env vars: AIRFLOW_CTX_DAG_OWNER='***' AIRFLOW_CTX_DAG_ID='example_dag' AIRFLOW_CTX_TASK_ID='print_hello' AIRFLOW_CTX_EXECUTION_DATE='2025-05-10T12:45:00+00:00' AIRFLOW_CTX_TRY_NUMBER='1' AIRFLOW_CTX_DAG_RUN_ID='scheduled__2025-05-10T12:45:00+00:00'
[2025-05-10T12:46:00.459+0000] {taskinstance.py:430} INFO - ::endgroup::
[2025-05-10T12:46:00.473+0000] {subprocess.py:63} INFO - Tmp dir root location: /tmp
[2025-05-10T12:46:00.474+0000] {subprocess.py:75} INFO - Running command: ['/usr/bin/bash', '-c', 'echo "Hello, Airflow!Hello, Airflow!Hello, Airflow!Hello, Airflow!Hello, Airflow!Hello, Airflow!Hello, Airflow!Hello, Airflow!Hello, Airflow!Hello, Airflow!Hello, Airflow!Hello, Airflow!Hello, Airflow!Hello, Airflow!Hello, Airflow!Hello, Airflow!"']
[2025-05-10T12:46:00.481+0000] {subprocess.py:86} INFO - Output:
[2025-05-10T12:46:00.482+0000] {subprocess.py:93} INFO - Hello, Airflow!Hello, Airflow!Hello, Airflow!Hello, Airflow!Hello, Airflow!Hello, Airflow!Hello, Airflow!Hello, Airflow!Hello, Airflow!Hello, Airflow!Hello, Airflow!Hello, Airflow!Hello, Airflow!Hello, Airflow!Hello, Airflow!Hello, Airflow!
[2025-05-10T12:46:00.482+0000] {subprocess.py:97} INFO - Command exited with return code 0
[2025-05-10T12:46:00.483+0000] {taskinstance.py:441} INFO - ::group::Post task execution logs
[2025-05-10T12:46:00.504+0000] {taskinstance.py:1206} INFO - Marking task as SUCCESS. dag_id=example_dag, task_id=print_hello, run_id=scheduled__2025-05-10T12:45:00+00:00, execution_date=20250510T124500, start_date=20250510T124600, end_date=20250510T124600
[2025-05-10T12:46:00.540+0000] {local_task_job_runner.py:240} INFO - Task exited with return code 0
[2025-05-10T12:46:00.555+0000] {taskinstance.py:3498} INFO - 0 downstream tasks scheduled from follow-on schedule check
[2025-05-10T12:46:00.557+0000] {local_task_job_runner.py:222} INFO - ::endgroup::
