[2025-06-18T14:04:23.935+0000] {local_task_job_runner.py:120} INFO - ::group::Pre task execution logs
[2025-06-18T14:04:23.966+0000] {taskinstance.py:2076} INFO - Dependencies all met for dep_context=non-requeueable deps ti=<TaskInstance: usdpkr_forecasting_modular.fetch_inflation manual__2025-06-18T14:02:12.371521+00:00 [queued]>
[2025-06-18T14:04:23.975+0000] {taskinstance.py:2076} INFO - Dependencies all met for dep_context=requeueable deps ti=<TaskInstance: usdpkr_forecasting_modular.fetch_inflation manual__2025-06-18T14:02:12.371521+00:00 [queued]>
[2025-06-18T14:04:23.976+0000] {taskinstance.py:2306} INFO - Starting attempt 2 of 6
[2025-06-18T14:04:23.990+0000] {taskinstance.py:2330} INFO - Executing <Task(PythonOperator): fetch_inflation> on 2025-06-18 14:02:12.371521+00:00
[2025-06-18T14:04:23.996+0000] {standard_task_runner.py:63} INFO - Started process 386 to run task
[2025-06-18T14:04:23.998+0000] {standard_task_runner.py:90} INFO - Running: ['***', 'tasks', 'run', 'usdpkr_forecasting_modular', 'fetch_inflation', 'manual__2025-06-18T14:02:12.371521+00:00', '--job-id', '856', '--raw', '--subdir', 'DAGS_FOLDER/usdpkr_forecasting_dag.py', '--cfg-path', '/tmp/tmp15uwe_bp']
[2025-06-18T14:04:24.001+0000] {standard_task_runner.py:91} INFO - Job 856: Subtask fetch_inflation
[2025-06-18T14:04:24.040+0000] {task_command.py:426} INFO - Running <TaskInstance: usdpkr_forecasting_modular.fetch_inflation manual__2025-06-18T14:02:12.371521+00:00 [running]> on host 696a0d4d4a7c
[2025-06-18T14:04:24.111+0000] {taskinstance.py:2648} INFO - Exporting env vars: AIRFLOW_CTX_DAG_OWNER='***' AIRFLOW_CTX_DAG_ID='usdpkr_forecasting_modular' AIRFLOW_CTX_TASK_ID='fetch_inflation' AIRFLOW_CTX_EXECUTION_DATE='2025-06-18T14:02:12.371521+00:00' AIRFLOW_CTX_TRY_NUMBER='2' AIRFLOW_CTX_DAG_RUN_ID='manual__2025-06-18T14:02:12.371521+00:00'
[2025-06-18T14:04:24.112+0000] {taskinstance.py:430} INFO - ::endgroup::
[2025-06-18T14:04:24.123+0000] {ingest.py:130} INFO - Fetching 'INFLATION_YOY' from IMF (ID: PCPI_IX)...
[2025-06-18T14:04:25.036+0000] {ingest.py:171} INFO - Saved INFLATION_YOY data to /opt/***/data/raw/INFLATION.csv
[2025-06-18T14:04:25.037+0000] {ingest.py:172} INFO - Date range: 1957-01-01 to 2025-05-01
[2025-06-18T14:04:25.038+0000] {python.py:237} INFO - Done. Returned value was: /opt/***/data/raw/INFLATION.csv
[2025-06-18T14:04:25.038+0000] {taskinstance.py:441} INFO - ::group::Post task execution logs
[2025-06-18T14:04:25.059+0000] {taskinstance.py:1206} INFO - Marking task as SUCCESS. dag_id=usdpkr_forecasting_modular, task_id=fetch_inflation, run_id=manual__2025-06-18T14:02:12.371521+00:00, execution_date=20250618T140212, start_date=20250618T140423, end_date=20250618T140425
[2025-06-18T14:04:25.096+0000] {local_task_job_runner.py:240} INFO - Task exited with return code 0
[2025-06-18T14:04:25.123+0000] {taskinstance.py:3498} INFO - 1 downstream tasks scheduled from follow-on schedule check
[2025-06-18T14:04:25.127+0000] {local_task_job_runner.py:222} INFO - ::endgroup::
