[2025-06-19T09:09:56.786+0000] {local_task_job_runner.py:120} INFO - ::group::Pre task execution logs
[2025-06-19T09:09:56.821+0000] {taskinstance.py:2076} INFO - Dependencies all met for dep_context=non-requeueable deps ti=<TaskInstance: kse100_forecasting.fetch_kse100 manual__2025-06-19T09:09:50.730380+00:00 [queued]>
[2025-06-19T09:09:56.832+0000] {taskinstance.py:2076} INFO - Dependencies all met for dep_context=requeueable deps ti=<TaskInstance: kse100_forecasting.fetch_kse100 manual__2025-06-19T09:09:50.730380+00:00 [queued]>
[2025-06-19T09:09:56.832+0000] {taskinstance.py:2306} INFO - Starting attempt 1 of 6
[2025-06-19T09:09:56.852+0000] {taskinstance.py:2330} INFO - Executing <Task(PythonOperator): fetch_kse100> on 2025-06-19 09:09:50.730380+00:00
[2025-06-19T09:09:56.858+0000] {standard_task_runner.py:63} INFO - Started process 821 to run task
[2025-06-19T09:09:56.863+0000] {standard_task_runner.py:90} INFO - Running: ['***', 'tasks', 'run', 'kse100_forecasting', 'fetch_kse100', 'manual__2025-06-19T09:09:50.730380+00:00', '--job-id', '1109', '--raw', '--subdir', 'DAGS_FOLDER/kse100_forecasting_dag.py', '--cfg-path', '/tmp/tmprqtl65qb']
[2025-06-19T09:09:56.868+0000] {standard_task_runner.py:91} INFO - Job 1109: Subtask fetch_kse100
[2025-06-19T09:09:56.948+0000] {task_command.py:426} INFO - Running <TaskInstance: kse100_forecasting.fetch_kse100 manual__2025-06-19T09:09:50.730380+00:00 [running]> on host fb048d2dbcb2
[2025-06-19T09:09:57.072+0000] {taskinstance.py:2648} INFO - Exporting env vars: AIRFLOW_CTX_DAG_OWNER='***' AIRFLOW_CTX_DAG_ID='kse100_forecasting' AIRFLOW_CTX_TASK_ID='fetch_kse100' AIRFLOW_CTX_EXECUTION_DATE='2025-06-19T09:09:50.730380+00:00' AIRFLOW_CTX_TRY_NUMBER='1' AIRFLOW_CTX_DAG_RUN_ID='manual__2025-06-19T09:09:50.730380+00:00'
[2025-06-19T09:09:57.075+0000] {taskinstance.py:430} INFO - ::endgroup::
[2025-06-19T09:09:57.092+0000] {ingest.py:65} INFO - Fetching ^KSE from Yahoo Finance...
[2025-06-19T09:10:00.044+0000] {ingest.py:106} INFO - Saved ^KSE data to /opt/***/dataKse/raw/KSE100.csv
[2025-06-19T09:10:00.045+0000] {ingest.py:107} INFO - Date range: 1997-07-31 to 2021-09-30
[2025-06-19T09:10:00.045+0000] {python.py:237} INFO - Done. Returned value was: /opt/***/dataKse/raw/KSE100.csv
[2025-06-19T09:10:00.049+0000] {taskinstance.py:441} INFO - ::group::Post task execution logs
[2025-06-19T09:10:00.067+0000] {taskinstance.py:1206} INFO - Marking task as SUCCESS. dag_id=kse100_forecasting, task_id=fetch_kse100, run_id=manual__2025-06-19T09:09:50.730380+00:00, execution_date=20250619T090950, start_date=20250619T090956, end_date=20250619T091000
[2025-06-19T09:10:00.115+0000] {local_task_job_runner.py:240} INFO - Task exited with return code 0
[2025-06-19T09:10:00.138+0000] {taskinstance.py:3498} INFO - 0 downstream tasks scheduled from follow-on schedule check
[2025-06-19T09:10:00.141+0000] {local_task_job_runner.py:222} INFO - ::endgroup::
